#
# A fatal error has been detected by the Java Runtime Environment:
#
#  SIGSEGV (0xb) at pc=0x00007f49cdb91fcd, pid=84187, tid=84187
#
# JRE version: OpenJDK Runtime Environment (11.0.11+9) (build 11.0.11+9-Ubuntu-0ubuntu2.20.04)
# Java VM: OpenJDK 64-Bit Server VM (11.0.11+9-Ubuntu-0ubuntu2.20.04, mixed mode, sharing, tiered, compressed oops, g1 gc, linux-amd64)
# Problematic frame:
# V  [libjvm.so+0xbd0fcd]
#
# Core dump will be written. Default location: Core dumps may be processed with "/usr/share/apport/apport %p %s %c %d %P %E" (or dumping to /home/jadson/Projects/repositories/demo/core.84187)
#
# If you would like to submit a bug report, please visit:
#   https://bugs.launchpad.net/ubuntu/+source/openjdk-lts
#

---------------  S U M M A R Y ------------

Command Line: ./target/demo-0.0.1-SNAPSHOT.jar

Host: Intel(R) Core(TM) i5-8250U CPU @ 1.60GHz, 8 cores, 7G, Ubuntu 20.04.2 LTS
Time: Wed Jul 28 19:45:08 2021 -03 elapsed time: 5.571197 seconds (0d 0h 0m 5s)

---------------  T H R E A D  ---------------

Current thread is native thread

Stack: [0x00007ffe4058c000,0x00007ffe40d8b000],  sp=0x00007ffe40d85b40,  free space=8166k
Native frames: (J=compiled Java code, A=aot compiled Java code, j=interpreted, Vv=VM code, C=native code)
V  [libjvm.so+0xbd0fcd]
C  [libc.so.6+0x46210]


siginfo: si_signo: 11 (SIGSEGV), si_code: 1 (SEGV_MAPERR), si_addr: 0x00000000000000d0

Register to memory mapping:

RAX=0x0 is NULL
RBX=
[error occurred during error reporting (printing register info), id 0xb, SIGSEGV (0xb) at pc=0x00007f49cdde9a2c]

Registers:
RAX=0x0000000000000000, RBX=0x00007f49ce26b3c0, RCX=0x00007f49ce276cd7, RDX=0x00007f49ce26b440
RSP=0x00007ffe40d85b40, RBP=0x00007ffe40d85bf0, RSI=0x00007ffe40d85d30, RDI=0x0000000000000001
R8 =0x0000000000000000, R9 =0x00007f49ccc74700, R10=0x0000000000000000, R11=0x0000000000000246
R12=0x00007ffe40d85d30, R13=0x00007ffe40d85c00, R14=0x0000000000000000, R15=0x00007f49ccc74700
RIP=0x00007f49cdb91fcd, EFLAGS=0x0000000000010246, CSGSFS=0x002b000000000033, ERR=0x0000000000000004
  TRAPNO=0x000000000000000e

Top of Stack: (sp=0x00007ffe40d85b40)
0x00007ffe40d85b40:   0000000000000020 0000200000000000
0x00007ffe40d85b50:   0000000000000000 0000000000000000
0x00007ffe40d85b60:   0000000000000000 0000000000000000
0x00007ffe40d85b70:   0000000000000000 0000000000000000 

Instructions: (pc=0x00007f49cdb91fcd)
0x00007f49cdb91ecd:   ff 48 85 c0 74 03 c6 00 00 4c 89 f7 4c 89 fa 4c
0x00007f49cdb91edd:   89 ee e8 3c 92 6a ff 4c 89 e7 e8 a4 95 6a ff 48
0x00007f49cdb91eed:   81 c4 08 01 00 00 5b 41 5c 41 5d 41 5e 41 5f 5d
0x00007f49cdb91efd:   c3 66 90 4c 89 e2 be 00 01 00 00 4c 89 ef e8 f0
0x00007f49cdb91f0d:   97 6a ff 48 85 c0 74 ac 48 8d 35 cb 80 3a 00 4c
0x00007f49cdb91f1d:   89 ef e8 dc 95 6a ff 48 85 c0 75 17 48 8d 35 cc
0x00007f49cdb91f2d:   80 3a 00 4c 89 ef e8 c8 95 6a ff 48 85 c0 74 84
0x00007f49cdb91f3d:   0f 1f 00 be 22 00 00 00 4c 89 ef e8 43 96 6a ff
0x00007f49cdb91f4d:   48 85 c0 74 26 4c 8d 68 01 be 22 00 00 00 4c 89
0x00007f49cdb91f5d:   ef e8 2d 96 6a ff 48 85 c0 0f 85 67 ff ff ff e9
0x00007f49cdb91f6d:   65 ff ff ff 0f 1f 80 00 00 00 00 4c 89 ef be 3d
0x00007f49cdb91f7d:   00 00 00 e8 0b 96 6a ff 4c 8d 68 01 e9 33 ff ff
0x00007f49cdb91f8d:   ff 66 90 f3 0f 1e fa 55 48 89 e5 41 57 41 56 41
0x00007f49cdb91f9d:   55 49 89 d5 41 54 49 89 f4 53 48 81 ec 88 00 00
0x00007f49cdb91fad:   00 e8 0d 9d 6a ff 44 8b 30 48 89 c3 e8 22 63 25
0x00007f49cdb91fbd:   00 41 89 c0 31 c0 45 84 c0 74 05 e8 23 63 25 00
0x00007f49cdb91fcd:   48 83 b8 d0 00 00 00 00 74 16 4c 8b b8 70 02 00
0x00007f49cdb91fdd:   00 41 8b 87 a8 00 00 00 83 f8 01 74 16 44 89 33
0x00007f49cdb91fed:   48 81 c4 88 00 00 00 5b 41 5c 41 5d 41 5e 41 5f
0x00007f49cdb91ffd:   5d c3 90 66 49 0f 6e c4 66 49 0f 6e cd ba 02 00
0x00007f49cdb9200d:   00 00 be 01 00 00 00 66 0f 6c c1 4d 8d a7 a8 00
0x00007f49cdb9201d:   00 00 41 0f 11 87 b0 00 00 00 4c 89 e7 e8 d1 bc
0x00007f49cdb9202d:   ff ff 83 f8 02 74 3c 85 c0 75 18 66 0f ef c0 41
0x00007f49cdb9203d:   0f 11 87 b0 00 00 00 eb a4 66 2e 0f 1f 84 00 00
0x00007f49cdb9204d:   00 00 00 48 8d 05 51 aa 64 00 be d8 11 00 00 48
0x00007f49cdb9205d:   8d 3d 75 8a 3a 00 48 8b 00 c6 00 58 e8 f2 af a9
0x00007f49cdb9206d:   ff eb c8 4c 8d ad 50 ff ff ff 4c 89 ef e8 a1 98
0x00007f49cdb9207d:   6a ff 4c 89 ea 31 f6 31 ff e8 b5 99 6a ff 8b 35
0x00007f49cdb9208d:   9f 56 66 00 4c 89 ef e8 57 95 6a ff be 01 00 00
0x00007f49cdb9209d:   00 48 8d 3d db a2 6a 00 e8 16 a1 0c 00 66 0f 1f
0x00007f49cdb920ad:   44 00 00 4c 89 ef e8 68 9c 6a ff 31 d2 be 03 00
0x00007f49cdb920bd:   00 00 4c 89 e7 e8 39 bc ff ff 85 c0 75 e5 be 01 


Stack slot to memory mapping:
stack at sp + 0 slots: 
[error occurred during error reporting (inspecting top of stack), id 0xb, SIGSEGV (0xb) at pc=0x00007f49cdde9a2c]


---------------  P R O C E S S  ---------------

VM state:not at safepoint (normal execution)

VM Mutex/Monitor currently owned by a thread:  ([mutex/lock_event])
[0x00007f49c8013cd0] MethodCompileQueue_lock - owner thread: 0x00007f497808e800

Heap address: 0x0000000085000000, size: 1968 MB, Compressed Oops mode: 32-bit
Narrow klass base: 0x0000000800000000, Narrow klass shift: 3
Compressed class space size: 1073741824 Address: 0x0000000840000000

Heap:
 garbage-first heap   total 187392K, used 106948K [0x0000000085000000, 0x0000000100000000)
  region size 1024K, 101 young (103424K), 9 survivors (9216K)
 Metaspace       used 43807K, capacity 45082K, committed 45568K, reserved 1089536K
  class space    used 5635K, capacity 6116K, committed 6144K, reserved 1048576K
Heap Regions: E=young(eden), S=young(survivor), O=old, HS=humongous(starts), HC=humongous(continues), CS=collection set, F=free, A=archive, TAMS=top-at-mark-start (previous, next)
|   0|0x0000000085000000, 0x0000000085100000, 0x0000000085100000|100%| O|  |TAMS 0x0000000085100000, 0x0000000085000000| Untracked 
|   1|0x0000000085100000, 0x0000000085200000, 0x0000000085200000|100%| O|  |TAMS 0x0000000085200000, 0x0000000085100000| Untracked 
|   2|0x0000000085200000, 0x0000000085300000, 0x0000000085300000|100%| O|  |TAMS 0x0000000085300000, 0x0000000085200000| Untracked 
|   3|0x0000000085300000, 0x0000000085400000, 0x0000000085400000|100%| O|  |TAMS 0x0000000085400000, 0x0000000085300000| Untracked 
|   4|0x0000000085400000, 0x000000008548a000, 0x0000000085500000| 53%| O|  |TAMS 0x000000008548a000, 0x0000000085400000| Untracked 
|   5|0x0000000085500000, 0x0000000085500000, 0x0000000085600000|  0%| F|  |TAMS 0x0000000085500000, 0x0000000085500000| Untracked 
|   6|0x0000000085600000, 0x0000000085600000, 0x0000000085700000|  0%| F|  |TAMS 0x0000000085600000, 0x0000000085600000| Untracked 
|   7|0x0000000085700000, 0x0000000085700000, 0x0000000085800000|  0%| F|  |TAMS 0x0000000085700000, 0x0000000085700000| Untracked 
|   8|0x0000000085800000, 0x0000000085800000, 0x0000000085900000|  0%| F|  |TAMS 0x0000000085800000, 0x0000000085800000| Untracked 
|   9|0x0000000085900000, 0x0000000085900000, 0x0000000085a00000|  0%| F|  |TAMS 0x0000000085900000, 0x0000000085900000| Untracked 
|  10|0x0000000085a00000, 0x0000000085a00000, 0x0000000085b00000|  0%| F|  |TAMS 0x0000000085a00000, 0x0000000085a00000| Untracked 
|  11|0x0000000085b00000, 0x0000000085b00000, 0x0000000085c00000|  0%| F|  |TAMS 0x0000000085b00000, 0x0000000085b00000| Untracked 
|  12|0x0000000085c00000, 0x0000000085c00000, 0x0000000085d00000|  0%| F|  |TAMS 0x0000000085c00000, 0x0000000085c00000| Untracked 
|  13|0x0000000085d00000, 0x0000000085d00000, 0x0000000085e00000|  0%| F|  |TAMS 0x0000000085d00000, 0x0000000085d00000| Untracked 
|  14|0x0000000085e00000, 0x0000000085e00000, 0x0000000085f00000|  0%| F|  |TAMS 0x0000000085e00000, 0x0000000085e00000| Untracked 
|  15|0x0000000085f00000, 0x0000000085f00000, 0x0000000086000000|  0%| F|  |TAMS 0x0000000085f00000, 0x0000000085f00000| Untracked 
|  16|0x0000000086000000, 0x0000000086000000, 0x0000000086100000|  0%| F|  |TAMS 0x0000000086000000, 0x0000000086000000| Untracked 
|  17|0x0000000086100000, 0x0000000086100000, 0x0000000086200000|  0%| F|  |TAMS 0x0000000086100000, 0x0000000086100000| Untracked 
|  18|0x0000000086200000, 0x0000000086200000, 0x0000000086300000|  0%| F|  |TAMS 0x0000000086200000, 0x0000000086200000| Untracked 
|  19|0x0000000086300000, 0x0000000086300000, 0x0000000086400000|  0%| F|  |TAMS 0x0000000086300000, 0x0000000086300000| Untracked 
|  20|0x0000000086400000, 0x0000000086400000, 0x0000000086500000|  0%| F|  |TAMS 0x0000000086400000, 0x0000000086400000| Untracked 
|  21|0x0000000086500000, 0x0000000086500000, 0x0000000086600000|  0%| F|  |TAMS 0x0000000086500000, 0x0000000086500000| Untracked 
|  22|0x0000000086600000, 0x0000000086600000, 0x0000000086700000|  0%| F|  |TAMS 0x0000000086600000, 0x0000000086600000| Untracked 
|  23|0x0000000086700000, 0x0000000086700000, 0x0000000086800000|  0%| F|  |TAMS 0x0000000086700000, 0x0000000086700000| Untracked 
|  24|0x0000000086800000, 0x0000000086800000, 0x0000000086900000|  0%| F|  |TAMS 0x0000000086800000, 0x0000000086800000| Untracked 
|  25|0x0000000086900000, 0x0000000086900000, 0x0000000086a00000|  0%| F|  |TAMS 0x0000000086900000, 0x0000000086900000| Untracked 
|  26|0x0000000086a00000, 0x0000000086a00000, 0x0000000086b00000|  0%| F|  |TAMS 0x0000000086a00000, 0x0000000086a00000| Untracked 
|  27|0x0000000086b00000, 0x0000000086b00000, 0x0000000086c00000|  0%| F|  |TAMS 0x0000000086b00000, 0x0000000086b00000| Untracked 
|  28|0x0000000086c00000, 0x0000000086c00000, 0x0000000086d00000|  0%| F|  |TAMS 0x0000000086c00000, 0x0000000086c00000| Untracked 
|  29|0x0000000086d00000, 0x0000000086d00000, 0x0000000086e00000|  0%| F|  |TAMS 0x0000000086d00000, 0x0000000086d00000| Untracked 
|  30|0x0000000086e00000, 0x0000000086e00000, 0x0000000086f00000|  0%| F|  |TAMS 0x0000000086e00000, 0x0000000086e00000| Untracked 
|  31|0x0000000086f00000, 0x0000000086f00000, 0x0000000087000000|  0%| F|  |TAMS 0x0000000086f00000, 0x0000000086f00000| Untracked 
|  32|0x0000000087000000, 0x0000000087000000, 0x0000000087100000|  0%| F|  |TAMS 0x0000000087000000, 0x0000000087000000| Untracked 
|  33|0x0000000087100000, 0x0000000087100000, 0x0000000087200000|  0%| F|  |TAMS 0x0000000087100000, 0x0000000087100000| Untracked 
|  34|0x0000000087200000, 0x0000000087200000, 0x0000000087300000|  0%| F|  |TAMS 0x0000000087200000, 0x0000000087200000| Untracked 
|  35|0x0000000087300000, 0x0000000087300000, 0x0000000087400000|  0%| F|  |TAMS 0x0000000087300000, 0x0000000087300000| Untracked 
|  36|0x0000000087400000, 0x0000000087400000, 0x0000000087500000|  0%| F|  |TAMS 0x0000000087400000, 0x0000000087400000| Untracked 
|  37|0x0000000087500000, 0x0000000087500000, 0x0000000087600000|  0%| F|  |TAMS 0x0000000087500000, 0x0000000087500000| Untracked 
|  38|0x0000000087600000, 0x0000000087600000, 0x0000000087700000|  0%| F|  |TAMS 0x0000000087600000, 0x0000000087600000| Untracked 
|  39|0x0000000087700000, 0x0000000087700000, 0x0000000087800000|  0%| F|  |TAMS 0x0000000087700000, 0x0000000087700000| Untracked 
|  40|0x0000000087800000, 0x0000000087800000, 0x0000000087900000|  0%| F|  |TAMS 0x0000000087800000, 0x0000000087800000| Untracked 
|  41|0x0000000087900000, 0x0000000087900000, 0x0000000087a00000|  0%| F|  |TAMS 0x0000000087900000, 0x0000000087900000| Untracked 
|  42|0x0000000087a00000, 0x0000000087a00000, 0x0000000087b00000|  0%| F|  |TAMS 0x0000000087a00000, 0x0000000087a00000| Untracked 
|  43|0x0000000087b00000, 0x0000000087b00000, 0x0000000087c00000|  0%| F|  |TAMS 0x0000000087b00000, 0x0000000087b00000| Untracked 
|  44|0x0000000087c00000, 0x0000000087c00000, 0x0000000087d00000|  0%| F|  |TAMS 0x0000000087c00000, 0x0000000087c00000| Untracked 
|  45|0x0000000087d00000, 0x0000000087d00000, 0x0000000087e00000|  0%| F|  |TAMS 0x0000000087d00000, 0x0000000087d00000| Untracked 
|  46|0x0000000087e00000, 0x0000000087e00000, 0x0000000087f00000|  0%| F|  |TAMS 0x0000000087e00000, 0x0000000087e00000| Untracked 
|  47|0x0000000087f00000, 0x0000000087f00000, 0x0000000088000000|  0%| F|  |TAMS 0x0000000087f00000, 0x0000000087f00000| Untracked 
|  48|0x0000000088000000, 0x0000000088000000, 0x0000000088100000|  0%| F|  |TAMS 0x0000000088000000, 0x0000000088000000| Untracked 
|  49|0x0000000088100000, 0x0000000088100000, 0x0000000088200000|  0%| F|  |TAMS 0x0000000088100000, 0x0000000088100000| Untracked 
|  50|0x0000000088200000, 0x0000000088200000, 0x0000000088300000|  0%| F|  |TAMS 0x0000000088200000, 0x0000000088200000| Untracked 
|  51|0x0000000088300000, 0x0000000088300000, 0x0000000088400000|  0%| F|  |TAMS 0x0000000088300000, 0x0000000088300000| Untracked 
|  52|0x0000000088400000, 0x0000000088400000, 0x0000000088500000|  0%| F|  |TAMS 0x0000000088400000, 0x0000000088400000| Untracked 
|  53|0x0000000088500000, 0x0000000088500000, 0x0000000088600000|  0%| F|  |TAMS 0x0000000088500000, 0x0000000088500000| Untracked 
|  54|0x0000000088600000, 0x0000000088600000, 0x0000000088700000|  0%| F|  |TAMS 0x0000000088600000, 0x0000000088600000| Untracked 
|  55|0x0000000088700000, 0x0000000088700000, 0x0000000088800000|  0%| F|  |TAMS 0x0000000088700000, 0x0000000088700000| Untracked 
|  56|0x0000000088800000, 0x0000000088800000, 0x0000000088900000|  0%| F|  |TAMS 0x0000000088800000, 0x0000000088800000| Untracked 
|  57|0x0000000088900000, 0x0000000088900000, 0x0000000088a00000|  0%| F|  |TAMS 0x0000000088900000, 0x0000000088900000| Untracked 
|  58|0x0000000088a00000, 0x0000000088a00000, 0x0000000088b00000|  0%| F|  |TAMS 0x0000000088a00000, 0x0000000088a00000| Untracked 
|  59|0x0000000088b00000, 0x0000000088b00000, 0x0000000088c00000|  0%| F|  |TAMS 0x0000000088b00000, 0x0000000088b00000| Untracked 
|  60|0x0000000088c00000, 0x0000000088c00000, 0x0000000088d00000|  0%| F|  |TAMS 0x0000000088c00000, 0x0000000088c00000| Untracked 
|  61|0x0000000088d00000, 0x0000000088d00000, 0x0000000088e00000|  0%| F|  |TAMS 0x0000000088d00000, 0x0000000088d00000| Untracked 
|  62|0x0000000088e00000, 0x0000000088e00000, 0x0000000088f00000|  0%| F|  |TAMS 0x0000000088e00000, 0x0000000088e00000| Untracked 
|  63|0x0000000088f00000, 0x0000000088f00000, 0x0000000089000000|  0%| F|  |TAMS 0x0000000088f00000, 0x0000000088f00000| Untracked 
|  64|0x0000000089000000, 0x0000000089000000, 0x0000000089100000|  0%| F|  |TAMS 0x0000000089000000, 0x0000000089000000| Untracked 
|  65|0x0000000089100000, 0x0000000089100000, 0x0000000089200000|  0%| F|  |TAMS 0x0000000089100000, 0x0000000089100000| Untracked 
|  66|0x0000000089200000, 0x0000000089200000, 0x0000000089300000|  0%| F|  |TAMS 0x0000000089200000, 0x0000000089200000| Untracked 
|  67|0x0000000089300000, 0x0000000089300000, 0x0000000089400000|  0%| F|  |TAMS 0x0000000089300000, 0x0000000089300000| Untracked 
|  68|0x0000000089400000, 0x0000000089400000, 0x0000000089500000|  0%| F|  |TAMS 0x0000000089400000, 0x0000000089400000| Untracked 
|  69|0x0000000089500000, 0x0000000089500000, 0x0000000089600000|  0%| F|  |TAMS 0x0000000089500000, 0x0000000089500000| Untracked 
|  70|0x0000000089600000, 0x0000000089600000, 0x0000000089700000|  0%| F|  |TAMS 0x0000000089600000, 0x0000000089600000| Untracked 
|  71|0x0000000089700000, 0x0000000089700000, 0x0000000089800000|  0%| F|  |TAMS 0x0000000089700000, 0x0000000089700000| Untracked 
|  72|0x0000000089800000, 0x0000000089800000, 0x0000000089900000|  0%| F|  |TAMS 0x0000000089800000, 0x0000000089800000| Untracked 
|  73|0x0000000089900000, 0x0000000089900000, 0x0000000089a00000|  0%| F|  |TAMS 0x0000000089900000, 0x0000000089900000| Untracked 
|  74|0x0000000089a00000, 0x0000000089a00000, 0x0000000089b00000|  0%| F|  |TAMS 0x0000000089a00000, 0x0000000089a00000| Untracked 
|  75|0x0000000089b00000, 0x0000000089b00000, 0x0000000089c00000|  0%| F|  |TAMS 0x0000000089b00000, 0x0000000089b00000| Untracked 
|  76|0x0000000089c00000, 0x0000000089c00000, 0x0000000089d00000|  0%| F|  |TAMS 0x0000000089c00000, 0x0000000089c00000| Untracked 
|  77|0x0000000089d00000, 0x0000000089d00000, 0x0000000089e00000|  0%| F|  |TAMS 0x0000000089d00000, 0x0000000089d00000| Untracked 
|  78|0x0000000089e00000, 0x0000000089e00000, 0x0000000089f00000|  0%| F|  |TAMS 0x0000000089e00000, 0x0000000089e00000| Untracked 
|  79|0x0000000089f00000, 0x0000000089f00000, 0x000000008a000000|  0%| F|  |TAMS 0x0000000089f00000, 0x0000000089f00000| Untracked 
|  80|0x000000008a000000, 0x000000008a080800, 0x000000008a100000| 50%| E|  |TAMS 0x000000008a000000, 0x000000008a000000| Complete 
|  81|0x000000008a100000, 0x000000008a200000, 0x000000008a200000|100%| E|CS|TAMS 0x000000008a100000, 0x000000008a100000| Complete 
|  82|0x000000008a200000, 0x000000008a300000, 0x000000008a300000|100%| E|CS|TAMS 0x000000008a200000, 0x000000008a200000| Complete 
|  83|0x000000008a300000, 0x000000008a400000, 0x000000008a400000|100%| E|CS|TAMS 0x000000008a300000, 0x000000008a300000| Complete 
|  84|0x000000008a400000, 0x000000008a500000, 0x000000008a500000|100%| E|CS|TAMS 0x000000008a400000, 0x000000008a400000| Complete 
|  85|0x000000008a500000, 0x000000008a600000, 0x000000008a600000|100%| E|CS|TAMS 0x000000008a500000, 0x000000008a500000| Complete 
|  86|0x000000008a600000, 0x000000008a700000, 0x000000008a700000|100%| E|CS|TAMS 0x000000008a600000, 0x000000008a600000| Complete 
|  87|0x000000008a700000, 0x000000008a800000, 0x000000008a800000|100%| E|CS|TAMS 0x000000008a700000, 0x000000008a700000| Complete 
|  88|0x000000008a800000, 0x000000008a900000, 0x000000008a900000|100%| E|CS|TAMS 0x000000008a800000, 0x000000008a800000| Complete 
|  89|0x000000008a900000, 0x000000008aa00000, 0x000000008aa00000|100%| E|CS|TAMS 0x000000008a900000, 0x000000008a900000| Complete 
|  90|0x000000008aa00000, 0x000000008ab00000, 0x000000008ab00000|100%| E|CS|TAMS 0x000000008aa00000, 0x000000008aa00000| Complete 
|  91|0x000000008ab00000, 0x000000008ac00000, 0x000000008ac00000|100%| E|CS|TAMS 0x000000008ab00000, 0x000000008ab00000| Complete 
|  92|0x000000008ac00000, 0x000000008ad00000, 0x000000008ad00000|100%| E|CS|TAMS 0x000000008ac00000, 0x000000008ac00000| Complete 
|  93|0x000000008ad00000, 0x000000008ae00000, 0x000000008ae00000|100%| E|CS|TAMS 0x000000008ad00000, 0x000000008ad00000| Complete 
|  94|0x000000008ae00000, 0x000000008af00000, 0x000000008af00000|100%| E|CS|TAMS 0x000000008ae00000, 0x000000008ae00000| Complete 
|  95|0x000000008af00000, 0x000000008b000000, 0x000000008b000000|100%| E|CS|TAMS 0x000000008af00000, 0x000000008af00000| Complete 
|  96|0x000000008b000000, 0x000000008b100000, 0x000000008b100000|100%| E|CS|TAMS 0x000000008b000000, 0x000000008b000000| Complete 
|  97|0x000000008b100000, 0x000000008b200000, 0x000000008b200000|100%| E|CS|TAMS 0x000000008b100000, 0x000000008b100000| Complete 
|  98|0x000000008b200000, 0x000000008b300000, 0x000000008b300000|100%| E|CS|TAMS 0x000000008b200000, 0x000000008b200000| Complete 
|  99|0x000000008b300000, 0x000000008b400000, 0x000000008b400000|100%| E|CS|TAMS 0x000000008b300000, 0x000000008b300000| Complete 
| 100|0x000000008b400000, 0x000000008b500000, 0x000000008b500000|100%| E|CS|TAMS 0x000000008b400000, 0x000000008b400000| Complete 
| 101|0x000000008b500000, 0x000000008b600000, 0x000000008b600000|100%| E|CS|TAMS 0x000000008b500000, 0x000000008b500000| Complete 
| 102|0x000000008b600000, 0x000000008b700000, 0x000000008b700000|100%| E|CS|TAMS 0x000000008b600000, 0x000000008b600000| Complete 
| 103|0x000000008b700000, 0x000000008b800000, 0x000000008b800000|100%| E|CS|TAMS 0x000000008b700000, 0x000000008b700000| Complete 
| 104|0x000000008b800000, 0x000000008b900000, 0x000000008b900000|100%| E|CS|TAMS 0x000000008b800000, 0x000000008b800000| Complete 
| 105|0x000000008b900000, 0x000000008ba00000, 0x000000008ba00000|100%| E|CS|TAMS 0x000000008b900000, 0x000000008b900000| Complete 
| 106|0x000000008ba00000, 0x000000008bb00000, 0x000000008bb00000|100%| E|CS|TAMS 0x000000008ba00000, 0x000000008ba00000| Complete 
| 107|0x000000008bb00000, 0x000000008bc00000, 0x000000008bc00000|100%| E|CS|TAMS 0x000000008bb00000, 0x000000008bb00000| Complete 
| 108|0x000000008bc00000, 0x000000008bd00000, 0x000000008bd00000|100%| E|CS|TAMS 0x000000008bc00000, 0x000000008bc00000| Complete 
| 109|0x000000008bd00000, 0x000000008be00000, 0x000000008be00000|100%| E|CS|TAMS 0x000000008bd00000, 0x000000008bd00000| Complete 
| 110|0x000000008be00000, 0x000000008bf00000, 0x000000008bf00000|100%| E|CS|TAMS 0x000000008be00000, 0x000000008be00000| Complete 
| 111|0x000000008bf00000, 0x000000008c000000, 0x000000008c000000|100%| E|CS|TAMS 0x000000008bf00000, 0x000000008bf00000| Complete 
| 112|0x000000008c000000, 0x000000008c100000, 0x000000008c100000|100%| E|CS|TAMS 0x000000008c000000, 0x000000008c000000| Complete 
| 113|0x000000008c100000, 0x000000008c200000, 0x000000008c200000|100%| E|CS|TAMS 0x000000008c100000, 0x000000008c100000| Complete 
| 114|0x000000008c200000, 0x000000008c300000, 0x000000008c300000|100%| E|CS|TAMS 0x000000008c200000, 0x000000008c200000| Complete 
| 115|0x000000008c300000, 0x000000008c400000, 0x000000008c400000|100%| E|CS|TAMS 0x000000008c300000, 0x000000008c300000| Complete 
| 116|0x000000008c400000, 0x000000008c500000, 0x000000008c500000|100%| E|CS|TAMS 0x000000008c400000, 0x000000008c400000| Complete 
| 117|0x000000008c500000, 0x000000008c600000, 0x000000008c600000|100%| E|CS|TAMS 0x000000008c500000, 0x000000008c500000| Complete 
| 118|0x000000008c600000, 0x000000008c700000, 0x000000008c700000|100%| E|CS|TAMS 0x000000008c600000, 0x000000008c600000| Complete 
| 119|0x000000008c700000, 0x000000008c800000, 0x000000008c800000|100%| E|CS|TAMS 0x000000008c700000, 0x000000008c700000| Complete 
| 120|0x000000008c800000, 0x000000008c900000, 0x000000008c900000|100%| E|CS|TAMS 0x000000008c800000, 0x000000008c800000| Complete 
| 121|0x000000008c900000, 0x000000008ca00000, 0x000000008ca00000|100%| E|CS|TAMS 0x000000008c900000, 0x000000008c900000| Complete 
| 122|0x000000008ca00000, 0x000000008cb00000, 0x000000008cb00000|100%| E|CS|TAMS 0x000000008ca00000, 0x000000008ca00000| Complete 
| 123|0x000000008cb00000, 0x000000008cb35190, 0x000000008cc00000| 20%| S|CS|TAMS 0x000000008cb00000, 0x000000008cb00000| Complete 
| 124|0x000000008cc00000, 0x000000008cd00000, 0x000000008cd00000|100%| S|CS|TAMS 0x000000008cc00000, 0x000000008cc00000| Complete 
| 125|0x000000008cd00000, 0x000000008ce00000, 0x000000008ce00000|100%| S|CS|TAMS 0x000000008cd00000, 0x000000008cd00000| Complete 
| 126|0x000000008ce00000, 0x000000008cf00000, 0x000000008cf00000|100%| S|CS|TAMS 0x000000008ce00000, 0x000000008ce00000| Complete 
| 127|0x000000008cf00000, 0x000000008d000000, 0x000000008d000000|100%| S|CS|TAMS 0x000000008cf00000, 0x000000008cf00000| Complete 
| 128|0x000000008d000000, 0x000000008d100000, 0x000000008d100000|100%| S|CS|TAMS 0x000000008d000000, 0x000000008d000000| Complete 
| 129|0x000000008d100000, 0x000000008d200000, 0x000000008d200000|100%| S|CS|TAMS 0x000000008d100000, 0x000000008d100000| Complete 
| 130|0x000000008d200000, 0x000000008d300000, 0x000000008d300000|100%| S|CS|TAMS 0x000000008d200000, 0x000000008d200000| Complete 
| 131|0x000000008d300000, 0x000000008d400000, 0x000000008d400000|100%| S|CS|TAMS 0x000000008d300000, 0x000000008d300000| Complete 
| 132|0x000000008d400000, 0x000000008d500000, 0x000000008d500000|100%| E|CS|TAMS 0x000000008d400000, 0x000000008d400000| Complete 
| 133|0x000000008d500000, 0x000000008d600000, 0x000000008d600000|100%| E|CS|TAMS 0x000000008d500000, 0x000000008d500000| Complete 
| 134|0x000000008d600000, 0x000000008d700000, 0x000000008d700000|100%| E|CS|TAMS 0x000000008d600000, 0x000000008d600000| Complete 
| 135|0x000000008d700000, 0x000000008d800000, 0x000000008d800000|100%| E|CS|TAMS 0x000000008d700000, 0x000000008d700000| Complete 
| 136|0x000000008d800000, 0x000000008d900000, 0x000000008d900000|100%| E|CS|TAMS 0x000000008d800000, 0x000000008d800000| Complete 
| 137|0x000000008d900000, 0x000000008da00000, 0x000000008da00000|100%| E|CS|TAMS 0x000000008d900000, 0x000000008d900000| Complete 
| 138|0x000000008da00000, 0x000000008db00000, 0x000000008db00000|100%| E|CS|TAMS 0x000000008da00000, 0x000000008da00000| Complete 
| 139|0x000000008db00000, 0x000000008dc00000, 0x000000008dc00000|100%| E|CS|TAMS 0x000000008db00000, 0x000000008db00000| Complete 
| 140|0x000000008dc00000, 0x000000008dd00000, 0x000000008dd00000|100%| E|CS|TAMS 0x000000008dc00000, 0x000000008dc00000| Complete 
| 141|0x000000008dd00000, 0x000000008de00000, 0x000000008de00000|100%| E|CS|TAMS 0x000000008dd00000, 0x000000008dd00000| Complete 
| 142|0x000000008de00000, 0x000000008df00000, 0x000000008df00000|100%| E|CS|TAMS 0x000000008de00000, 0x000000008de00000| Complete 
| 143|0x000000008df00000, 0x000000008e000000, 0x000000008e000000|100%| E|CS|TAMS 0x000000008df00000, 0x000000008df00000| Complete 
| 144|0x000000008e000000, 0x000000008e100000, 0x000000008e100000|100%| E|CS|TAMS 0x000000008e000000, 0x000000008e000000| Complete 
| 145|0x000000008e100000, 0x000000008e200000, 0x000000008e200000|100%| E|CS|TAMS 0x000000008e100000, 0x000000008e100000| Complete 
| 146|0x000000008e200000, 0x000000008e300000, 0x000000008e300000|100%| E|CS|TAMS 0x000000008e200000, 0x000000008e200000| Complete 
| 147|0x000000008e300000, 0x000000008e400000, 0x000000008e400000|100%| E|CS|TAMS 0x000000008e300000, 0x000000008e300000| Complete 
| 148|0x000000008e400000, 0x000000008e500000, 0x000000008e500000|100%| E|CS|TAMS 0x000000008e400000, 0x000000008e400000| Complete 
| 149|0x000000008e500000, 0x000000008e600000, 0x000000008e600000|100%| E|CS|TAMS 0x000000008e500000, 0x000000008e500000| Complete 
| 150|0x000000008e600000, 0x000000008e700000, 0x000000008e700000|100%| E|CS|TAMS 0x000000008e600000, 0x000000008e600000| Complete 
| 151|0x000000008e700000, 0x000000008e800000, 0x000000008e800000|100%| E|CS|TAMS 0x000000008e700000, 0x000000008e700000| Complete 
| 152|0x000000008e800000, 0x000000008e900000, 0x000000008e900000|100%| E|CS|TAMS 0x000000008e800000, 0x000000008e800000| Complete 
| 153|0x000000008e900000, 0x000000008ea00000, 0x000000008ea00000|100%| E|CS|TAMS 0x000000008e900000, 0x000000008e900000| Complete 
| 154|0x000000008ea00000, 0x000000008eb00000, 0x000000008eb00000|100%| E|CS|TAMS 0x000000008ea00000, 0x000000008ea00000| Complete 
| 155|0x000000008eb00000, 0x000000008ec00000, 0x000000008ec00000|100%| E|CS|TAMS 0x000000008eb00000, 0x000000008eb00000| Complete 
| 156|0x000000008ec00000, 0x000000008ed00000, 0x000000008ed00000|100%| E|CS|TAMS 0x000000008ec00000, 0x000000008ec00000| Complete 
| 157|0x000000008ed00000, 0x000000008ee00000, 0x000000008ee00000|100%| E|CS|TAMS 0x000000008ed00000, 0x000000008ed00000| Complete 
| 158|0x000000008ee00000, 0x000000008ef00000, 0x000000008ef00000|100%| E|CS|TAMS 0x000000008ee00000, 0x000000008ee00000| Complete 
| 159|0x000000008ef00000, 0x000000008f000000, 0x000000008f000000|100%| E|CS|TAMS 0x000000008ef00000, 0x000000008ef00000| Complete 
| 160|0x000000008f000000, 0x000000008f100000, 0x000000008f100000|100%| E|CS|TAMS 0x000000008f000000, 0x000000008f000000| Complete 
| 161|0x000000008f100000, 0x000000008f200000, 0x000000008f200000|100%| E|CS|TAMS 0x000000008f100000, 0x000000008f100000| Complete 
| 162|0x000000008f200000, 0x000000008f300000, 0x000000008f300000|100%| E|CS|TAMS 0x000000008f200000, 0x000000008f200000| Complete 
| 163|0x000000008f300000, 0x000000008f400000, 0x000000008f400000|100%| E|CS|TAMS 0x000000008f300000, 0x000000008f300000| Complete 
| 164|0x000000008f400000, 0x000000008f500000, 0x000000008f500000|100%| E|CS|TAMS 0x000000008f400000, 0x000000008f400000| Complete 
| 165|0x000000008f500000, 0x000000008f600000, 0x000000008f600000|100%| E|CS|TAMS 0x000000008f500000, 0x000000008f500000| Complete 
| 166|0x000000008f600000, 0x000000008f700000, 0x000000008f700000|100%| E|CS|TAMS 0x000000008f600000, 0x000000008f600000| Complete 
| 167|0x000000008f700000, 0x000000008f800000, 0x000000008f800000|100%| E|CS|TAMS 0x000000008f700000, 0x000000008f700000| Complete 
| 168|0x000000008f800000, 0x000000008f900000, 0x000000008f900000|100%| E|CS|TAMS 0x000000008f800000, 0x000000008f800000| Complete 
| 169|0x000000008f900000, 0x000000008fa00000, 0x000000008fa00000|100%| E|CS|TAMS 0x000000008f900000, 0x000000008f900000| Complete 
| 170|0x000000008fa00000, 0x000000008fb00000, 0x000000008fb00000|100%| E|CS|TAMS 0x000000008fa00000, 0x000000008fa00000| Complete 
| 171|0x000000008fb00000, 0x000000008fc00000, 0x000000008fc00000|100%| E|CS|TAMS 0x000000008fb00000, 0x000000008fb00000| Complete 
| 172|0x000000008fc00000, 0x000000008fd00000, 0x000000008fd00000|100%| E|CS|TAMS 0x000000008fc00000, 0x000000008fc00000| Complete 
| 173|0x000000008fd00000, 0x000000008fe00000, 0x000000008fe00000|100%| E|CS|TAMS 0x000000008fd00000, 0x000000008fd00000| Complete 
| 174|0x000000008fe00000, 0x000000008ff00000, 0x000000008ff00000|100%| E|CS|TAMS 0x000000008fe00000, 0x000000008fe00000| Complete 
| 175|0x000000008ff00000, 0x0000000090000000, 0x0000000090000000|100%| E|CS|TAMS 0x000000008ff00000, 0x000000008ff00000| Complete 
| 176|0x0000000090000000, 0x0000000090100000, 0x0000000090100000|100%| E|CS|TAMS 0x0000000090000000, 0x0000000090000000| Complete 
| 177|0x0000000090100000, 0x0000000090200000, 0x0000000090200000|100%| E|CS|TAMS 0x0000000090100000, 0x0000000090100000| Complete 
| 178|0x0000000090200000, 0x0000000090300000, 0x0000000090300000|100%| E|CS|TAMS 0x0000000090200000, 0x0000000090200000| Complete 
| 179|0x0000000090300000, 0x0000000090400000, 0x0000000090400000|100%| E|CS|TAMS 0x0000000090300000, 0x0000000090300000| Complete 
| 180|0x0000000090400000, 0x0000000090500000, 0x0000000090500000|100%| E|CS|TAMS 0x0000000090400000, 0x0000000090400000| Complete 
|1966|0x00000000ffe00000, 0x00000000ffe47000, 0x00000000fff00000| 27%|OA|  |TAMS 0x00000000ffe47000, 0x00000000ffe00000| Untracked 
|1967|0x00000000fff00000, 0x00000000fff6b000, 0x0000000100000000| 41%|CA|  |TAMS 0x00000000fff6b000, 0x00000000fff00000| Untracked 

Card table byte_map: [0x00007f49b00c8000,0x00007f49b04a0000] _byte_map_base: 0x00007f49afca0000

Marking Bits (Prev, Next): (CMBitMap*) 0x00007f49c8056ee8, (CMBitMap*) 0x00007f49c8056f20
 Prev Bits: [0x00007f49a9d68000, 0x00007f49abc28000)
 Next Bits: [0x00007f49a7ea8000, 0x00007f49a9d68000)

Polling page: 0x00007f49ce4a8000

Metaspace:

Usage:
  Non-class:     38,05 MB capacity,    37,29 MB ( 98%) used,   642,24 KB (  2%) free+waste,   143,38 KB ( <1%) overhead. 
      Class:      5,97 MB capacity,     5,51 MB ( 92%) used,   410,12 KB (  7%) free+waste,    68,62 KB (  1%) overhead. 
       Both:     44,03 MB capacity,    42,79 MB ( 97%) used,     1,03 MB (  2%) free+waste,   212,00 KB ( <1%) overhead. 

Virtual space:
  Non-class space:       40,00 MB reserved,      38,50 MB ( 96%) committed 
      Class space:        1,00 GB reserved,       6,00 MB ( <1%) committed 
             Both:        1,04 GB reserved,      44,50 MB (  4%) committed 

Chunk freelists:
   Non-Class:  226,00 KB
       Class:  28,00 KB
        Both:  254,00 KB

MaxMetaspaceSize: unlimited
CompressedClassSpaceSize: 1,00 GB

CodeHeap 'non-profiled nmethods': size=120032Kb used=2275Kb max_used=2275Kb free=117756Kb
 bounds [0x00007f49b8340000, 0x00007f49b85b0000, 0x00007f49bf878000]
CodeHeap 'profiled nmethods': size=120028Kb used=8445Kb max_used=8445Kb free=111582Kb
 bounds [0x00007f49b0e09000, 0x00007f49b1649000, 0x00007f49b8340000]
CodeHeap 'non-nmethods': size=5700Kb used=1197Kb max_used=1292Kb free=4502Kb
 bounds [0x00007f49b0878000, 0x00007f49b0ae8000, 0x00007f49b0e09000]
 total_blobs=5011 nmethods=4446 adapters=477
 compilation: enabled
              stopped_count=0, restarted_count=0
 full_count=0

Compilation events (20 events):
Event: 5,524 Thread 0x00007f49c8196800 nmethod 4521 0x00007f49b163dc10 code [0x00007f49b163de80, 0x00007f49b163e440]
Event: 5,524 Thread 0x00007f49c8196800 4520       2       org.springframework.beans.factory.annotation.InjectionMetadata::forElements (33 bytes)
Event: 5,525 Thread 0x00007f49c8196800 nmethod 4520 0x00007f49b163e810 code [0x00007f49b163e9e0, 0x00007f49b163ed60]
Event: 5,532 Thread 0x00007f49c8196800 4525       2       org.springframework.boot.context.properties.source.ConfigurationPropertyName::buildToString (138 bytes)
Event: 5,534 Thread 0x00007f49c8196800 nmethod 4525 0x00007f49b163ee90 code [0x00007f49b163f100, 0x00007f49b163f6d0]
Event: 5,534 Thread 0x00007f49c8196800 4524       2       org.springframework.boot.env.OriginTrackedMapPropertySource::getProperty (23 bytes)
Event: 5,534 Thread 0x00007f49c8196800 nmethod 4524 0x00007f49b163fb10 code [0x00007f49b163fce0, 0x00007f49b163ff50]
Event: 5,534 Thread 0x00007f49c8196800 4523   !   2       org.springframework.boot.context.properties.bind.Binder::bind (74 bytes)
Event: 5,535 Thread 0x00007f49c8196800 nmethod 4523 0x00007f49b1640090 code [0x00007f49b1640280, 0x00007f49b1640580]
Event: 5,535 Thread 0x00007f49c8196800 4522   !   2       jdk.internal.reflect.GeneratedMethodAccessor8::invoke (63 bytes)
Event: 5,536 Thread 0x00007f49c8196800 nmethod 4522 0x00007f49b1640790 code [0x00007f49b16409e0, 0x00007f49b16410e0]
Event: 5,537 Thread 0x00007f49c8196800 4526       2       org.apache.catalina.security.SecurityUtil::isPackageProtectionEnabled (16 bytes)
Event: 5,537 Thread 0x00007f49c8196800 nmethod 4526 0x00007f49b1641590 code [0x00007f49b1641740, 0x00007f49b1641810]
Event: 5,538 Thread 0x00007f49c8196800 4527       2       java.util.Arrays$ArrayList::get (7 bytes)
Event: 5,538 Thread 0x00007f49c8196800 nmethod 4527 0x00007f49b1641890 code [0x00007f49b1641a40, 0x00007f49b1641b70]
Event: 5,539 Thread 0x00007f49c8196800 4528       2       java.util.HashMap::afterNodeRemoval (1 bytes)
Event: 5,540 Thread 0x00007f49c8196800 nmethod 4528 0x00007f49b1641c90 code [0x00007f49b1641e40, 0x00007f49b1641f50]
Event: 5,543 Thread 0x00007f497808e800 nmethod 4429 0x00007f49b8571f10 code [0x00007f49b85722a0, 0x00007f49b8575128]
Event: 5,543 Thread 0x00007f497808e800 4479       4       org.springframework.asm.ClassReader::readUtf (161 bytes)
Event: 5,545 Thread 0x00007f49c8196800 4529       2       org.springframework.beans.factory.support.AbstractBeanFactory::isTypeMatch (607 bytes)

GC Heap History (14 events):
Event: 0,259 GC heap before
{Heap before GC invocations=0 (full 0):
 garbage-first heap   total 129024K, used 25288K [0x0000000085000000, 0x0000000100000000)
  region size 1024K, 24 young (24576K), 0 survivors (0K)
 Metaspace       used 1834K, capacity 5271K, committed 5376K, reserved 1056768K
  class space    used 168K, capacity 483K, committed 512K, reserved 1048576K
}
Event: 0,267 GC heap after
{Heap after GC invocations=1 (full 0):
 garbage-first heap   total 129024K, used 2227K [0x0000000085000000, 0x0000000100000000)
  region size 1024K, 2 young (2048K), 2 survivors (2048K)
 Metaspace       used 1834K, capacity 5271K, committed 5376K, reserved 1056768K
  class space    used 168K, capacity 483K, committed 512K, reserved 1048576K
}
Event: 0,796 GC heap before
{Heap before GC invocations=1 (full 0):
 garbage-first heap   total 129024K, used 74931K [0x0000000085000000, 0x0000000100000000)
  region size 1024K, 74 young (75776K), 2 survivors (2048K)
 Metaspace       used 8284K, capacity 9515K, committed 9728K, reserved 1058816K
  class space    used 1031K, capacity 1232K, committed 1280K, reserved 1048576K
}
Event: 0,804 GC heap after
{Heap after GC invocations=2 (full 0):
 garbage-first heap   total 129024K, used 4756K [0x0000000085000000, 0x0000000100000000)
  region size 1024K, 4 young (4096K), 4 survivors (4096K)
 Metaspace       used 8284K, capacity 9515K, committed 9728K, reserved 1058816K
  class space    used 1031K, capacity 1232K, committed 1280K, reserved 1048576K
}
Event: 1,047 GC heap before
{Heap before GC invocations=2 (full 0):
 garbage-first heap   total 129024K, used 75412K [0x0000000085000000, 0x0000000100000000)
  region size 1024K, 74 young (75776K), 4 survivors (4096K)
 Metaspace       used 14285K, capacity 14833K, committed 15104K, reserved 1062912K
  class space    used 1745K, capacity 1984K, committed 2048K, reserved 1048576K
}
Event: 1,055 GC heap after
{Heap after GC invocations=3 (full 0):
 garbage-first heap   total 129024K, used 5986K [0x0000000085000000, 0x0000000100000000)
  region size 1024K, 6 young (6144K), 6 survivors (6144K)
 Metaspace       used 14285K, capacity 14833K, committed 15104K, reserved 1062912K
  class space    used 1745K, capacity 1984K, committed 2048K, reserved 1048576K
}
Event: 1,450 GC heap before
{Heap before GC invocations=3 (full 0):
 garbage-first heap   total 129024K, used 74594K [0x0000000085000000, 0x0000000100000000)
  region size 1024K, 74 young (75776K), 6 survivors (6144K)
 Metaspace       used 17401K, capacity 18045K, committed 18304K, reserved 1064960K
  class space    used 2129K, capacity 2396K, committed 2432K, reserved 1048576K
}
Event: 1,468 GC heap after
{Heap after GC invocations=4 (full 0):
 garbage-first heap   total 129024K, used 7443K [0x0000000085000000, 0x0000000100000000)
  region size 1024K, 7 young (7168K), 7 survivors (7168K)
 Metaspace       used 17401K, capacity 18045K, committed 18304K, reserved 1064960K
  class space    used 2129K, capacity 2396K, committed 2432K, reserved 1048576K
}
Event: 2,032 GC heap before
{Heap before GC invocations=4 (full 0):
 garbage-first heap   total 129024K, used 45331K [0x0000000085000000, 0x0000000100000000)
  region size 1024K, 45 young (46080K), 7 survivors (7168K)
 Metaspace       used 20453K, capacity 21167K, committed 21248K, reserved 1067008K
  class space    used 2519K, capacity 2812K, committed 2816K, reserved 1048576K
}
Event: 2,059 GC heap after
{Heap after GC invocations=5 (full 0):
 garbage-first heap   total 187392K, used 8658K [0x0000000085000000, 0x0000000100000000)
  region size 1024K, 7 young (7168K), 7 survivors (7168K)
 Metaspace       used 20453K, capacity 21167K, committed 21248K, reserved 1067008K
  class space    used 2519K, capacity 2812K, committed 2816K, reserved 1048576K
}
Event: 3,547 GC heap before
{Heap before GC invocations=6 (full 0):
 garbage-first heap   total 187392K, used 109010K [0x0000000085000000, 0x0000000100000000)
  region size 1024K, 105 young (107520K), 7 survivors (7168K)
 Metaspace       used 29704K, capacity 30780K, committed 31104K, reserved 1077248K
  class space    used 3750K, capacity 4193K, committed 4224K, reserved 1048576K
}
Event: 3,559 GC heap after
{Heap after GC invocations=7 (full 0):
 garbage-first heap   total 187392K, used 12096K [0x0000000085000000, 0x0000000100000000)
  region size 1024K, 10 young (10240K), 10 survivors (10240K)
 Metaspace       used 29704K, capacity 30780K, committed 31104K, reserved 1077248K
  class space    used 3750K, capacity 4193K, committed 4224K, reserved 1048576K
}
Event: 4,109 GC heap before
{Heap before GC invocations=7 (full 0):
 garbage-first heap   total 187392K, used 61248K [0x0000000085000000, 0x0000000100000000)
  region size 1024K, 59 young (60416K), 10 survivors (10240K)
 Metaspace       used 34446K, capacity 35501K, committed 35840K, reserved 1081344K
  class space    used 4449K, capacity 4870K, committed 4992K, reserved 1048576K
}
Event: 4,131 GC heap after
{Heap after GC invocations=8 (full 0):
 garbage-first heap   total 187392K, used 13764K [0x0000000085000000, 0x0000000100000000)
  region size 1024K, 9 young (9216K), 9 survivors (9216K)
 Metaspace       used 34446K, capacity 35501K, committed 35840K, reserved 1081344K
  class space    used 4449K, capacity 4870K, committed 4992K, reserved 1048576K
}

Deoptimization events (20 events):
Event: 5,092 Thread 0x00007f4930001000 DEOPT PACKING pc=0x00007f49b15721a3 sp=0x00007f4984ed8020
Event: 5,092 Thread 0x00007f4930001000 DEOPT UNPACKING pc=0x00007f49b089e0ca sp=0x00007f4984ed74c0 mode 0
Event: 5,104 Thread 0x00007f4930001000 DEOPT PACKING pc=0x00007f49b153a5c7 sp=0x00007f4984ed7e60
Event: 5,104 Thread 0x00007f4930001000 DEOPT UNPACKING pc=0x00007f49b089e0ca sp=0x00007f4984ed72f8 mode 0
Event: 5,145 Thread 0x00007f4930001000 DEOPT PACKING pc=0x00007f49b157f4a6 sp=0x00007f4984ed7d40
Event: 5,145 Thread 0x00007f4930001000 DEOPT UNPACKING pc=0x00007f49b089e0ca sp=0x00007f4984ed71f8 mode 0
Event: 5,148 Thread 0x00007f4930001000 DEOPT PACKING pc=0x00007f49b157f4a6 sp=0x00007f4984ed8290
Event: 5,148 Thread 0x00007f4930001000 DEOPT UNPACKING pc=0x00007f49b089e0ca sp=0x00007f4984ed7748 mode 0
Event: 5,150 Thread 0x00007f4930001000 DEOPT PACKING pc=0x00007f49b157260b sp=0x00007f4984ed8670
Event: 5,150 Thread 0x00007f4930001000 DEOPT UNPACKING pc=0x00007f49b089e0ca sp=0x00007f4984ed7b28 mode 0
Event: 5,386 Thread 0x00007f49c8016000 DEOPT PACKING pc=0x00007f49b11e965e sp=0x00007f49ccc70c00
Event: 5,386 Thread 0x00007f49c8016000 DEOPT UNPACKING pc=0x00007f49b089e0ca sp=0x00007f49ccc70100 mode 0
Event: 5,449 Thread 0x00007f49c8016000 DEOPT PACKING pc=0x00007f49b11e965e sp=0x00007f49ccc71970
Event: 5,449 Thread 0x00007f49c8016000 DEOPT UNPACKING pc=0x00007f49b089e0ca sp=0x00007f49ccc70e70 mode 0
Event: 5,452 Thread 0x00007f49c8016000 DEOPT PACKING pc=0x00007f49b11e965e sp=0x00007f49ccc71970
Event: 5,452 Thread 0x00007f49c8016000 DEOPT UNPACKING pc=0x00007f49b089e0ca sp=0x00007f49ccc70e70 mode 0
Event: 5,545 Thread 0x00007f49c8016000 Uncommon trap: trap_request=0xffffff4d fr.pc=0x00007f49b85743cc relative=0x000000000000212c
Event: 5,545 Thread 0x00007f49c8016000 Uncommon trap: reason=unstable_if action=reinterpret pc=0x00007f49b85743cc method=org.springframework.beans.factory.support.AbstractBeanFactory.isTypeMatch(Ljava/lang/String;Lorg/springframework/core/ResolvableType;Z)Z @ 559 c2
Event: 5,545 Thread 0x00007f49c8016000 DEOPT PACKING pc=0x00007f49b85743cc sp=0x00007f49ccc6d3e0
Event: 5,545 Thread 0x00007f49c8016000 DEOPT UNPACKING pc=0x00007f49b089d925 sp=0x00007f49ccc6d388 mode 2

Classes redefined (0 events):
No events

Internal exceptions (20 events):
Event: 4,649 Thread 0x00007f49c8016000 Exception <a 'java/io/IOException'{0x000000008f6e82f8}> (0x000000008f6e82f8) thrown at [src/hotspot/share/prims/jni.cpp, line 615]
Event: 4,767 Thread 0x00007f49c8016000 Exception <a 'java/lang/NoSuchMethodError'{0x000000008ed0bda0}: 'java.lang.Object java.lang.invoke.DirectMethodHandle$Holder.invokeStaticInit(java.lang.Object, java.lang.Object, java.lang.Object, java.lang.Object)'> (0x000000008ed0bda0) thrown at [src/hotspot/share/interpreter/linkResolver.cpp, line 772]
Event: 4,961 Thread 0x00007f49c8016000 Exception <a 'java/lang/NoSuchMethodError'{0x000000008d9e4508}: 'java.lang.Object java.lang.invoke.DirectMethodHandle$Holder.newInvokeSpecial(java.lang.Object, java.lang.Object, int, java.lang.Object, java.lang.Object)'> (0x000000008d9e4508) thrown at [src/hotspot/share/interpreter/linkResolver.cpp, line 772]
Event: 5,179 Thread 0x00007f49c8016000 Exception <a 'java/lang/NoSuchMethodError'{0x000000008b8ca308}: 'void java.lang.invoke.DirectMethodHandle$Holder.invokeInterface(java.lang.Object, java.lang.Object)'> (0x000000008b8ca308) thrown at [src/hotspot/share/interpreter/linkResolver.cpp, line 772]
Event: 5,251 Thread 0x00007f49c8016000 Exception <a 'java/io/IOException'{0x000000008b2e49c8}> (0x000000008b2e49c8) thrown at [src/hotspot/share/prims/jni.cpp, line 615]
Event: 5,251 Thread 0x00007f49c8016000 Exception <a 'java/io/IOException'{0x000000008b2e5228}> (0x000000008b2e5228) thrown at [src/hotspot/share/prims/jni.cpp, line 615]
Event: 5,271 Thread 0x00007f49c8016000 Exception <a 'java/io/IOException'{0x000000008b09de80}> (0x000000008b09de80) thrown at [src/hotspot/share/prims/jni.cpp, line 615]
Event: 5,271 Thread 0x00007f49c8016000 Exception <a 'java/io/IOException'{0x000000008b09e438}> (0x000000008b09e438) thrown at [src/hotspot/share/prims/jni.cpp, line 615]
Event: 5,355 Thread 0x00007f49c8016000 Exception <a 'java/lang/ClassNotFoundException'{0x000000008ab4e5c8}: java/lang/ObjectCustomizer> (0x000000008ab4e5c8) thrown at [src/hotspot/share/classfile/systemDictionary.cpp, line 231]
Event: 5,357 Thread 0x00007f49c8016000 Exception <a 'java/lang/ClassNotFoundException'{0x000000008ab74450}: org/springframework/web/servlet/config/annotation/WebMvcConfigurationSupportCustomizer> (0x000000008ab74450) thrown at [src/hotspot/share/classfile/systemDictionary.cpp, line 231]
Event: 5,359 Thread 0x00007f49c8016000 Exception <a 'java/lang/ClassNotFoundException'{0x000000008aba6df8}: org/springframework/web/servlet/config/annotation/DelegatingWebMvcConfigurationCustomizer> (0x000000008aba6df8) thrown at [src/hotspot/share/classfile/systemDictionary.cpp, line 231]
Event: 5,360 Thread 0x00007f49c8016000 Exception <a 'java/lang/ClassNotFoundException'{0x000000008abd13a0}: org/springframework/boot/autoconfigure/web/servlet/WebMvcAutoConfiguration$EnableWebMvcConfigurationCustomizer> (0x000000008abd13a0) thrown at [src/hotspot/share/classfile/systemDictionary.cpp, line 231]
Event: 5,362 Thread 0x00007f49c8016000 Exception <a 'java/lang/ClassNotFoundException'{0x000000008abff480}: org/springframework/context/ResourceLoaderAwareCustomizer> (0x000000008abff480) thrown at [src/hotspot/share/classfile/systemDictionary.cpp, line 231]
Event: 5,362 Thread 0x00007f49c8016000 Exception <a 'java/lang/ClassNotFoundException'{0x000000008aa1e988}: org/springframework/beans/factory/AwareCustomizer> (0x000000008aa1e988) thrown at [src/hotspot/share/classfile/systemDictionary.cpp, line 231]
Event: 5,363 Thread 0x00007f49c8016000 Exception <a 'java/lang/ClassNotFoundException'{0x000000008aa3df08}: org/springframework/context/ApplicationContextAwareCustomizer> (0x000000008aa3df08) thrown at [src/hotspot/share/classfile/systemDictionary.cpp, line 231]
Event: 5,363 Thread 0x00007f49c8016000 Exception <a 'java/lang/ClassNotFoundException'{0x000000008aa5d0d8}: org/springframework/beans/factory/AwareCustomizer> (0x000000008aa5d0d8) thrown at [src/hotspot/share/classfile/systemDictionary.cpp, line 231]
Event: 5,364 Thread 0x00007f49c8016000 Exception <a 'java/lang/ClassNotFoundException'{0x000000008aa7c630}: org/springframework/web/context/ServletContextAwareCustomizer> (0x000000008aa7c630) thrown at [src/hotspot/share/classfile/systemDictionary.cpp, line 231]
Event: 5,364 Thread 0x00007f49c8016000 Exception <a 'java/lang/ClassNotFoundException'{0x000000008aa9b568}: org/springframework/beans/factory/AwareCustomizer> (0x000000008aa9b568) thrown at [src/hotspot/share/classfile/systemDictionary.cpp, line 231]
Event: 5,372 Thread 0x00007f49c8016000 Exception <a 'java/io/IOException'{0x000000008aacacc0}> (0x000000008aacacc0) thrown at [src/hotspot/share/prims/jni.cpp, line 615]
Event: 5,372 Thread 0x00007f49c8016000 Exception <a 'java/io/IOException'{0x000000008aacb520}> (0x000000008aacb520) thrown at [src/hotspot/share/prims/jni.cpp, line 615]

Events (20 events):
Event: 5,507 loading class org/springframework/boot/context/properties/bind/Bindable
Event: 5,507 loading class org/springframework/boot/context/properties/bind/Bindable done
Event: 5,507 loading class org/springframework/http/HttpHeaders
Event: 5,507 loading class org/springframework/http/HttpHeaders done
Event: 5,543 loading class org/springframework/http/converter/json/Jackson2ObjectMapperBuilder
Event: 5,543 loading class org/springframework/http/converter/json/Jackson2ObjectMapperBuilder done
Event: 5,543 loading class org/springframework/http/converter/json/Jackson2ObjectMapperBuilder
Event: 5,543 loading class org/springframework/http/converter/json/Jackson2ObjectMapperBuilder done
Event: 5,543 loading class com/fasterxml/jackson/annotation/PropertyAccessor
Event: 5,543 loading class com/fasterxml/jackson/annotation/PropertyAccessor done
Event: 5,543 loading class com/fasterxml/jackson/annotation/PropertyAccessor
Event: 5,543 loading class com/fasterxml/jackson/annotation/PropertyAccessor done
Event: 5,543 loading class org/springframework/http/converter/json/Jackson2ObjectMapperBuilder
Event: 5,543 loading class org/springframework/http/converter/json/Jackson2ObjectMapperBuilder done
Event: 5,544 loading class java/util/EnumMap$EntrySet
Event: 5,544 loading class java/util/EnumMap$EntrySet done
Event: 5,544 loading class java/util/EnumMap$EntryIterator
Event: 5,544 loading class java/util/EnumMap$EnumMapIterator
Event: 5,544 loading class java/util/EnumMap$EnumMapIterator done
Event: 5,544 loading class java/util/EnumMap$EntryIterator done


Dynamic libraries:
85000000-90500000 rw-p 00000000 00:00 0 
90500000-ffe00000 ---p 00000000 00:00 0 
ffe00000-ffe47000 rw-p 01111000 08:02 8526583                            /usr/lib/jvm/java-11-openjdk-amd64/lib/server/classes.jsa
ffe47000-fff00000 rw-p 00000000 00:00 0 
fff00000-fff6b000 rw-p 010a6000 08:02 8526583                            /usr/lib/jvm/java-11-openjdk-amd64/lib/server/classes.jsa
fff6b000-100000000 rw-p 00000000 00:00 0 
800000000-800002000 rwxp 00001000 08:02 8526583                          /usr/lib/jvm/java-11-openjdk-amd64/lib/server/classes.jsa
800002000-8003b9000 rw-p 00003000 08:02 8526583                          /usr/lib/jvm/java-11-openjdk-amd64/lib/server/classes.jsa
8003b9000-800a96000 r--p 003ba000 08:02 8526583                          /usr/lib/jvm/java-11-openjdk-amd64/lib/server/classes.jsa
800a96000-800a97000 rw-p 00a97000 08:02 8526583                          /usr/lib/jvm/java-11-openjdk-amd64/lib/server/classes.jsa
800a97000-8010a5000 r--p 00a98000 08:02 8526583                          /usr/lib/jvm/java-11-openjdk-amd64/lib/server/classes.jsa
840000000-840600000 rw-p 00000000 00:00 0 
840600000-880000000 ---p 00000000 00:00 0 
5628d301f000-5628d3020000 r--p 00000000 08:02 8519956                    /usr/lib/jvm/java-11-openjdk-amd64/bin/java
5628d3020000-5628d3021000 r-xp 00001000 08:02 8519956                    /usr/lib/jvm/java-11-openjdk-amd64/bin/java
5628d3021000-5628d3022000 r--p 00002000 08:02 8519956                    /usr/lib/jvm/java-11-openjdk-amd64/bin/java
5628d3022000-5628d3023000 r--p 00002000 08:02 8519956                    /usr/lib/jvm/java-11-openjdk-amd64/bin/java
5628d3023000-5628d3024000 rw-p 00003000 08:02 8519956                    /usr/lib/jvm/java-11-openjdk-amd64/bin/java
5628d390b000-5628d395a000 rw-p 00000000 00:00 0                          [heap]
7f4924000000-7f4924025000 rw-p 00000000 00:00 0 
7f4924025000-7f4928000000 ---p 00000000 00:00 0 
7f492c000000-7f492c021000 rw-p 00000000 00:00 0 
7f492c021000-7f4930000000 ---p 00000000 00:00 0 
7f4930000000-7f4930021000 rw-p 00000000 00:00 0 
7f4930021000-7f4934000000 ---p 00000000 00:00 0 
7f4934000000-7f4934021000 rw-p 00000000 00:00 0 
7f4934021000-7f4938000000 ---p 00000000 00:00 0 
7f4938000000-7f4938021000 rw-p 00000000 00:00 0 
7f4938021000-7f493c000000 ---p 00000000 00:00 0 
7f493c000000-7f493c021000 rw-p 00000000 00:00 0 
7f493c021000-7f4940000000 ---p 00000000 00:00 0 
7f4940000000-7f4940021000 rw-p 00000000 00:00 0 
7f4940021000-7f4944000000 ---p 00000000 00:00 0 
7f4944000000-7f4944021000 rw-p 00000000 00:00 0 
7f4944021000-7f4948000000 ---p 00000000 00:00 0 
7f4948000000-7f4948021000 rw-p 00000000 00:00 0 
7f4948021000-7f494c000000 ---p 00000000 00:00 0 
7f494c000000-7f494c021000 rw-p 00000000 00:00 0 
7f494c021000-7f4950000000 ---p 00000000 00:00 0 
7f4950000000-7f495005e000 rw-p 00000000 00:00 0 
7f495005e000-7f4954000000 ---p 00000000 00:00 0 
7f4954000000-7f4954021000 rw-p 00000000 00:00 0 
7f4954021000-7f4958000000 ---p 00000000 00:00 0 
7f4958000000-7f495841e000 rw-p 00000000 00:00 0 
7f495841e000-7f495c000000 ---p 00000000 00:00 0 
7f495c000000-7f495d62d000 rw-p 00000000 00:00 0 
7f495d62d000-7f4960000000 ---p 00000000 00:00 0 
7f4960000000-7f4960021000 rw-p 00000000 00:00 0 
7f4960021000-7f4964000000 ---p 00000000 00:00 0 
7f4964000000-7f4964021000 rw-p 00000000 00:00 0 
7f4964021000-7f4968000000 ---p 00000000 00:00 0 
7f4968000000-7f4969449000 rw-p 00000000 00:00 0 
7f4969449000-7f496c000000 ---p 00000000 00:00 0 
7f496c000000-7f496c021000 rw-p 00000000 00:00 0 
7f496c021000-7f4970000000 ---p 00000000 00:00 0 
7f4970000000-7f4970021000 rw-p 00000000 00:00 0 
7f4970021000-7f4974000000 ---p 00000000 00:00 0 
7f4974000000-7f4975c06000 rw-p 00000000 00:00 0 
7f4975c06000-7f4978000000 ---p 00000000 00:00 0 
7f4978000000-7f497910e000 rw-p 00000000 00:00 0 
7f497910e000-7f497c000000 ---p 00000000 00:00 0 
7f497c000000-7f497c021000 rw-p 00000000 00:00 0 
7f497c021000-7f4980000000 ---p 00000000 00:00 0 
7f4980000000-7f4980021000 rw-p 00000000 00:00 0 
7f4980021000-7f4984000000 ---p 00000000 00:00 0 
7f49849da000-7f4984a5a000 rw-p 00000000 00:00 0 
7f4984a5a000-7f4984bda000 ---p 00000000 00:00 0 
7f4984bda000-7f4984dda000 rw-p 00000000 00:00 0 
7f4984dda000-7f4984dde000 ---p 00000000 00:00 0 
7f4984dde000-7f49850db000 rw-p 00000000 00:00 0 
7f49850db000-7f49850df000 ---p 00000000 00:00 0 
7f49850df000-7f49853dc000 rw-p 00000000 00:00 0 
7f49853dc000-7f49855dc000 rw-p 00000000 00:00 0 
7f49855dc000-7f49857dc000 rw-p 00000000 00:00 0 
7f49857dc000-7f49857dd000 ---p 00000000 00:00 0 
7f49857dd000-7f49858de000 rw-p 00000000 00:00 0 
7f49858de000-7f49858df000 ---p 00000000 00:00 0 
7f49858df000-7f49859e0000 rw-p 00000000 00:00 0 
7f49859e0000-7f49859e1000 ---p 00000000 00:00 0 
7f49859e1000-7f4985ae2000 rw-p 00000000 00:00 0 
7f4985ae2000-7f4985ae3000 ---p 00000000 00:00 0 
7f4985ae3000-7f4985de4000 rw-p 00000000 00:00 0 
7f4985de4000-7f4985fe4000 rw-p 00000000 00:00 0 
7f4985fe4000-7f4985fe8000 ---p 00000000 00:00 0 
7f4985fe8000-7f49860e5000 rw-p 00000000 00:00 0 
7f49860e5000-7f49860e6000 ---p 00000000 00:00 0 
7f49860e6000-7f49863e7000 rw-p 00000000 00:00 0 
7f49863ee000-7f49863f2000 ---p 00000000 00:00 0 
7f49863f2000-7f49866ef000 rw-p 00000000 00:00 0 
7f49866ef000-7f49868ef000 rw-p 00000000 00:00 0 
7f49868ef000-7f4986aef000 rw-p 00000000 00:00 0 
7f4986aef000-7f4986cef000 rw-p 00000000 00:00 0 
7f4986cef000-7f4986cf3000 ---p 00000000 00:00 0 
7f4986cf3000-7f4986ff0000 rw-p 00000000 00:00 0 
7f4986ff0000-7f49871f0000 rw-p 00000000 00:00 0 
7f49871f0000-7f49871f1000 ---p 00000000 00:00 0 
7f49871f1000-7f49872f2000 rw-p 00000000 00:00 0 
7f49872f2000-7f49872f6000 ---p 00000000 00:00 0 
7f49872f6000-7f49875f3000 rw-p 00000000 00:00 0 
7f49875f3000-7f49875f4000 ---p 00000000 00:00 0 
7f49875f4000-7f49876f5000 rw-p 00000000 00:00 0 
7f49876f5000-7f49876f6000 ---p 00000000 00:00 0 
7f49876f6000-7f49877f7000 rw-p 00000000 00:00 0 
7f49877f7000-7f49877fb000 ---p 00000000 00:00 0 
7f49877fb000-7f49878f8000 rw-p 00000000 00:00 0 
7f49878f8000-7f49878fc000 ---p 00000000 00:00 0 
7f49878fc000-7f49879f9000 rw-p 00000000 00:00 0 
7f49879f9000-7f49879fd000 ---p 00000000 00:00 0 
7f49879fd000-7f4987afa000 rw-p 00000000 00:00 0 
7f4987afa000-7f4987afb000 ---p 00000000 00:00 0 
7f4987afb000-7f4987bfc000 rw-p 00000000 00:00 0 
7f4987bfc000-7f4987c00000 ---p 00000000 00:00 0 
7f4987c00000-7f4987cfd000 rw-p 00000000 00:00 0 
7f4987cfd000-7f4987d01000 ---p 00000000 00:00 0 
7f4987d01000-7f4987dfe000 rw-p 00000000 00:00 0 
7f4987dfe000-7f4987e02000 ---p 00000000 00:00 0 
7f4987e02000-7f4987eff000 rw-p 00000000 00:00 0 
7f4987eff000-7f4987f03000 ---p 00000000 00:00 0 
7f4987f03000-7f4988000000 rw-p 00000000 00:00 0 
7f4988000000-7f4988021000 rw-p 00000000 00:00 0 
7f4988021000-7f498c000000 ---p 00000000 00:00 0 
7f498c000000-7f498c021000 rw-p 00000000 00:00 0 
7f498c021000-7f4990000000 ---p 00000000 00:00 0 
7f4990000000-7f4990021000 rw-p 00000000 00:00 0 
7f4990021000-7f4994000000 ---p 00000000 00:00 0 
7f4994000000-7f49942d5000 rw-p 00000000 00:00 0 
7f49942d5000-7f4998000000 ---p 00000000 00:00 0 
7f4998000000-7f4998021000 rw-p 00000000 00:00 0 
7f4998021000-7f499c000000 ---p 00000000 00:00 0 
7f499c000000-7f499c021000 rw-p 00000000 00:00 0 
7f499c021000-7f49a0000000 ---p 00000000 00:00 0 
7f49a0000000-7f49a0021000 rw-p 00000000 00:00 0 
7f49a0021000-7f49a4000000 ---p 00000000 00:00 0 
7f49a4014000-7f49a401c000 r--p 00000000 08:02 8520875                    /usr/lib/jvm/java-11-openjdk-amd64/lib/libsunec.so
7f49a401c000-7f49a4035000 r-xp 00008000 08:02 8520875                    /usr/lib/jvm/java-11-openjdk-amd64/lib/libsunec.so
7f49a4035000-7f49a403f000 r--p 00021000 08:02 8520875                    /usr/lib/jvm/java-11-openjdk-amd64/lib/libsunec.so
7f49a403f000-7f49a4040000 ---p 0002b000 08:02 8520875                    /usr/lib/jvm/java-11-openjdk-amd64/lib/libsunec.so
7f49a4040000-7f49a4044000 r--p 0002b000 08:02 8520875                    /usr/lib/jvm/java-11-openjdk-amd64/lib/libsunec.so
7f49a4044000-7f49a4046000 rw-p 0002f000 08:02 8520875                    /usr/lib/jvm/java-11-openjdk-amd64/lib/libsunec.so
7f49a4046000-7f49a404a000 ---p 00000000 00:00 0 
7f49a404a000-7f49a4147000 rw-p 00000000 00:00 0 
7f49a4147000-7f49a46b8000 r--p 00000000 08:02 8390692                    /usr/lib/locale/locale-archive
7f49a46b8000-7f49a46bc000 ---p 00000000 00:00 0 
7f49a46bc000-7f49a47b9000 rw-p 00000000 00:00 0 
7f49a47b9000-7f49a47bd000 ---p 00000000 00:00 0 
7f49a47bd000-7f49a48ba000 rw-p 00000000 00:00 0 
7f49a48ba000-7f49a48bb000 ---p 00000000 00:00 0 
7f49a48bb000-7f49a5298000 rw-p 00000000 00:00 0 
7f49a5298000-7f49a5299000 ---p 00000000 00:00 0 
7f49a5299000-7f49a539a000 rw-p 00000000 00:00 0 
7f49a539a000-7f49a539b000 ---p 00000000 00:00 0 
7f49a539b000-7f49a7ca4000 rw-p 00000000 00:00 0 
7f49a7ca4000-7f49a7ca5000 ---p 00000000 00:00 0 
7f49a7ca5000-7f49a7da6000 rw-p 00000000 00:00 0 
7f49a7da6000-7f49a7da7000 ---p 00000000 00:00 0 
7f49a7da7000-7f49a817c000 rw-p 00000000 00:00 0 
7f49a817c000-7f49a9d60000 ---p 00000000 00:00 0 
7f49a9d60000-7f49aa03c000 rw-p 00000000 00:00 0 
7f49aa03c000-7f49abc20000 ---p 00000000 00:00 0 
7f49abc20000-7f49abc83000 rw-p 00000000 00:00 0 
7f49abc83000-7f49abfff000 ---p 00000000 00:00 0 
7f49abfff000-7f49ac000000 rw-p 00000000 00:00 0 
7f49ac000000-7f49ac021000 rw-p 00000000 00:00 0 
7f49ac021000-7f49b0000000 ---p 00000000 00:00 0 
7f49b0027000-7f49b0029000 r--p 00000000 08:02 8520866                    /usr/lib/jvm/java-11-openjdk-amd64/lib/libmanagement_ext.so
7f49b0029000-7f49b002c000 r-xp 00002000 08:02 8520866                    /usr/lib/jvm/java-11-openjdk-amd64/lib/libmanagement_ext.so
7f49b002c000-7f49b002d000 r--p 00005000 08:02 8520866                    /usr/lib/jvm/java-11-openjdk-amd64/lib/libmanagement_ext.so
7f49b002d000-7f49b002e000 ---p 00006000 08:02 8520866                    /usr/lib/jvm/java-11-openjdk-amd64/lib/libmanagement_ext.so
7f49b002e000-7f49b002f000 r--p 00006000 08:02 8520866                    /usr/lib/jvm/java-11-openjdk-amd64/lib/libmanagement_ext.so
7f49b002f000-7f49b0030000 rw-p 00007000 08:02 8520866                    /usr/lib/jvm/java-11-openjdk-amd64/lib/libmanagement_ext.so
7f49b0030000-7f49b0034000 r--p 00000000 08:02 8520868                    /usr/lib/jvm/java-11-openjdk-amd64/lib/libnet.so
7f49b0034000-7f49b0043000 r-xp 00004000 08:02 8520868                    /usr/lib/jvm/java-11-openjdk-amd64/lib/libnet.so
7f49b0043000-7f49b0047000 r--p 00013000 08:02 8520868                    /usr/lib/jvm/java-11-openjdk-amd64/lib/libnet.so
7f49b0047000-7f49b0048000 r--p 00016000 08:02 8520868                    /usr/lib/jvm/java-11-openjdk-amd64/lib/libnet.so
7f49b0048000-7f49b0049000 rw-p 00017000 08:02 8520868                    /usr/lib/jvm/java-11-openjdk-amd64/lib/libnet.so
7f49b0049000-7f49b0123000 rw-p 00000000 00:00 0 
7f49b0123000-7f49b049f000 ---p 00000000 00:00 0 
7f49b049f000-7f49b04fb000 rw-p 00000000 00:00 0 
7f49b04fb000-7f49b0877000 ---p 00000000 00:00 0 
7f49b0877000-7f49b0878000 rw-p 00000000 00:00 0 
7f49b0878000-7f49b0ae8000 rwxp 00000000 00:00 0 
7f49b0ae8000-7f49b0e09000 ---p 00000000 00:00 0 
7f49b0e09000-7f49b1649000 rwxp 00000000 00:00 0 
7f49b1649000-7f49b8340000 ---p 00000000 00:00 0 
7f49b8340000-7f49b85b0000 rwxp 00000000 00:00 0 
7f49b85b0000-7f49bf878000 ---p 00000000 00:00 0 
7f49bf878000-7f49c8000000 r--s 00000000 08:02 8520887                    /usr/lib/jvm/java-11-openjdk-amd64/lib/modules
7f49c8000000-7f49c99ed000 rw-p 00000000 00:00 0 
7f49c99ed000-7f49cc000000 ---p 00000000 00:00 0 
7f49cc000000-7f49cc001000 r--p 00000000 08:02 8520850                    /usr/lib/jvm/java-11-openjdk-amd64/lib/libextnet.so
7f49cc001000-7f49cc002000 r-xp 00001000 08:02 8520850                    /usr/lib/jvm/java-11-openjdk-amd64/lib/libextnet.so
7f49cc002000-7f49cc003000 r--p 00002000 08:02 8520850                    /usr/lib/jvm/java-11-openjdk-amd64/lib/libextnet.so
7f49cc003000-7f49cc004000 r--p 00002000 08:02 8520850                    /usr/lib/jvm/java-11-openjdk-amd64/lib/libextnet.so
7f49cc004000-7f49cc005000 rw-p 00003000 08:02 8520850                    /usr/lib/jvm/java-11-openjdk-amd64/lib/libextnet.so
7f49cc005000-7f49cc00c000 r--p 00000000 08:02 8520869                    /usr/lib/jvm/java-11-openjdk-amd64/lib/libnio.so
7f49cc00c000-7f49cc014000 r-xp 00007000 08:02 8520869                    /usr/lib/jvm/java-11-openjdk-amd64/lib/libnio.so
7f49cc014000-7f49cc017000 r--p 0000f000 08:02 8520869                    /usr/lib/jvm/java-11-openjdk-amd64/lib/libnio.so
7f49cc017000-7f49cc018000 r--p 00011000 08:02 8520869                    /usr/lib/jvm/java-11-openjdk-amd64/lib/libnio.so
7f49cc018000-7f49cc019000 rw-p 00012000 08:02 8520869                    /usr/lib/jvm/java-11-openjdk-amd64/lib/libnio.so
7f49cc019000-7f49cc821000 rw-p 00000000 00:00 0 
7f49cc821000-7f49cc822000 ---p 00000000 00:00 0 
7f49cc822000-7f49cc928000 rw-p 00000000 00:00 0 
7f49cc928000-7f49cca0e000 ---p 00000000 00:00 0 
7f49cca0e000-7f49cca1f000 rw-p 00000000 00:00 0 
7f49cca1f000-7f49ccaf9000 ---p 00000000 00:00 0 
7f49ccaf9000-7f49ccafe000 rw-p 00000000 00:00 0 
7f49ccafe000-7f49ccb05000 ---p 00000000 00:00 0 
7f49ccb05000-7f49ccb08000 r--p 00000000 08:02 8394178                    /usr/lib/x86_64-linux-gnu/libnss_files-2.31.so
7f49ccb08000-7f49ccb0f000 r-xp 00003000 08:02 8394178                    /usr/lib/x86_64-linux-gnu/libnss_files-2.31.so
7f49ccb0f000-7f49ccb11000 r--p 0000a000 08:02 8394178                    /usr/lib/x86_64-linux-gnu/libnss_files-2.31.so
7f49ccb11000-7f49ccb12000 r--p 0000b000 08:02 8394178                    /usr/lib/x86_64-linux-gnu/libnss_files-2.31.so
7f49ccb12000-7f49ccb13000 rw-p 0000c000 08:02 8394178                    /usr/lib/x86_64-linux-gnu/libnss_files-2.31.so
7f49ccb13000-7f49ccb19000 rw-p 00000000 00:00 0 
7f49ccb19000-7f49ccb1c000 r--p 00000000 08:02 8520864                    /usr/lib/jvm/java-11-openjdk-amd64/lib/libmanagement.so
7f49ccb1c000-7f49ccb1d000 r-xp 00003000 08:02 8520864                    /usr/lib/jvm/java-11-openjdk-amd64/lib/libmanagement.so
7f49ccb1d000-7f49ccb1e000 r--p 00004000 08:02 8520864                    /usr/lib/jvm/java-11-openjdk-amd64/lib/libmanagement.so
7f49ccb1e000-7f49ccb1f000 r--p 00004000 08:02 8520864                    /usr/lib/jvm/java-11-openjdk-amd64/lib/libmanagement.so
7f49ccb1f000-7f49ccb20000 rw-p 00005000 08:02 8520864                    /usr/lib/jvm/java-11-openjdk-amd64/lib/libmanagement.so
7f49ccb20000-7f49ccb22000 r--p 00000000 08:02 8520885                    /usr/lib/jvm/java-11-openjdk-amd64/lib/libzip.so
7f49ccb22000-7f49ccb26000 r-xp 00002000 08:02 8520885                    /usr/lib/jvm/java-11-openjdk-amd64/lib/libzip.so
7f49ccb26000-7f49ccb28000 r--p 00006000 08:02 8520885                    /usr/lib/jvm/java-11-openjdk-amd64/lib/libzip.so
7f49ccb28000-7f49ccb29000 r--p 00007000 08:02 8520885                    /usr/lib/jvm/java-11-openjdk-amd64/lib/libzip.so
7f49ccb29000-7f49ccb2a000 rw-p 00008000 08:02 8520885                    /usr/lib/jvm/java-11-openjdk-amd64/lib/libzip.so
7f49ccb2a000-7f49ccb32000 rw-s 00000000 08:02 9963587                    /tmp/hsperfdata_jadson/84187
7f49ccb32000-7f49ccb34000 r--p 00000000 08:02 8520860                    /usr/lib/jvm/java-11-openjdk-amd64/lib/libjimage.so
7f49ccb34000-7f49ccb37000 r-xp 00002000 08:02 8520860                    /usr/lib/jvm/java-11-openjdk-amd64/lib/libjimage.so
7f49ccb37000-7f49ccb38000 r--p 00005000 08:02 8520860                    /usr/lib/jvm/java-11-openjdk-amd64/lib/libjimage.so
7f49ccb38000-7f49ccb39000 ---p 00006000 08:02 8520860                    /usr/lib/jvm/java-11-openjdk-amd64/lib/libjimage.so
7f49ccb39000-7f49ccb3a000 r--p 00006000 08:02 8520860                    /usr/lib/jvm/java-11-openjdk-amd64/lib/libjimage.so
7f49ccb3a000-7f49ccb3b000 rw-p 00007000 08:02 8520860                    /usr/lib/jvm/java-11-openjdk-amd64/lib/libjimage.so
7f49ccb3b000-7f49ccb49000 r--p 00000000 08:02 8520857                    /usr/lib/jvm/java-11-openjdk-amd64/lib/libjava.so
7f49ccb49000-7f49ccb5f000 r-xp 0000e000 08:02 8520857                    /usr/lib/jvm/java-11-openjdk-amd64/lib/libjava.so
7f49ccb5f000-7f49ccb66000 r--p 00024000 08:02 8520857                    /usr/lib/jvm/java-11-openjdk-amd64/lib/libjava.so
7f49ccb66000-7f49ccb67000 r--p 0002a000 08:02 8520857                    /usr/lib/jvm/java-11-openjdk-amd64/lib/libjava.so
7f49ccb67000-7f49ccb68000 rw-p 0002b000 08:02 8520857                    /usr/lib/jvm/java-11-openjdk-amd64/lib/libjava.so
7f49ccb68000-7f49ccb69000 rw-p 00000000 00:00 0 
7f49ccb69000-7f49ccb6c000 r--p 00000000 08:02 8394208                    /usr/lib/x86_64-linux-gnu/librt-2.31.so
7f49ccb6c000-7f49ccb70000 r-xp 00003000 08:02 8394208                    /usr/lib/x86_64-linux-gnu/librt-2.31.so
7f49ccb70000-7f49ccb71000 r--p 00007000 08:02 8394208                    /usr/lib/x86_64-linux-gnu/librt-2.31.so
7f49ccb71000-7f49ccb72000 ---p 00008000 08:02 8394208                    /usr/lib/x86_64-linux-gnu/librt-2.31.so
7f49ccb72000-7f49ccb73000 r--p 00008000 08:02 8394208                    /usr/lib/x86_64-linux-gnu/librt-2.31.so
7f49ccb73000-7f49ccb74000 rw-p 00009000 08:02 8394208                    /usr/lib/x86_64-linux-gnu/librt-2.31.so
7f49ccb74000-7f49ccb78000 ---p 00000000 00:00 0 
7f49ccb78000-7f49ccc75000 rw-p 00000000 00:00 0 
7f49ccc75000-7f49ccc78000 r--p 00000000 08:02 8394940                    /usr/lib/x86_64-linux-gnu/libgcc_s.so.1
7f49ccc78000-7f49ccc8a000 r-xp 00003000 08:02 8394940                    /usr/lib/x86_64-linux-gnu/libgcc_s.so.1
7f49ccc8a000-7f49ccc8e000 r--p 00015000 08:02 8394940                    /usr/lib/x86_64-linux-gnu/libgcc_s.so.1
7f49ccc8e000-7f49ccc8f000 r--p 00018000 08:02 8394940                    /usr/lib/x86_64-linux-gnu/libgcc_s.so.1
7f49ccc8f000-7f49ccc90000 rw-p 00019000 08:02 8394940                    /usr/lib/x86_64-linux-gnu/libgcc_s.so.1
7f49ccc90000-7f49ccc9f000 r--p 00000000 08:02 8393823                    /usr/lib/x86_64-linux-gnu/libm-2.31.so
7f49ccc9f000-7f49ccd46000 r-xp 0000f000 08:02 8393823                    /usr/lib/x86_64-linux-gnu/libm-2.31.so
7f49ccd46000-7f49ccddd000 r--p 000b6000 08:02 8393823                    /usr/lib/x86_64-linux-gnu/libm-2.31.so
7f49ccddd000-7f49ccdde000 r--p 0014c000 08:02 8393823                    /usr/lib/x86_64-linux-gnu/libm-2.31.so
7f49ccdde000-7f49ccddf000 rw-p 0014d000 08:02 8393823                    /usr/lib/x86_64-linux-gnu/libm-2.31.so
7f49ccddf000-7f49cce75000 r--p 00000000 08:02 8389090                    /usr/lib/x86_64-linux-gnu/libstdc++.so.6.0.28
7f49cce75000-7f49ccf66000 r-xp 00096000 08:02 8389090                    /usr/lib/x86_64-linux-gnu/libstdc++.so.6.0.28
7f49ccf66000-7f49ccfaf000 r--p 00187000 08:02 8389090                    /usr/lib/x86_64-linux-gnu/libstdc++.so.6.0.28
7f49ccfaf000-7f49ccfb0000 ---p 001d0000 08:02 8389090                    /usr/lib/x86_64-linux-gnu/libstdc++.so.6.0.28
7f49ccfb0000-7f49ccfbb000 r--p 001d0000 08:02 8389090                    /usr/lib/x86_64-linux-gnu/libstdc++.so.6.0.28
7f49ccfbb000-7f49ccfbe000 rw-p 001db000 08:02 8389090                    /usr/lib/x86_64-linux-gnu/libstdc++.so.6.0.28
7f49ccfbe000-7f49ccfc1000 rw-p 00000000 00:00 0 
7f49ccfc1000-7f49cd23b000 r--p 00000000 08:02 8520897                    /usr/lib/jvm/java-11-openjdk-amd64/lib/server/libjvm.so
7f49cd23b000-7f49cdec0000 r-xp 0027a000 08:02 8520897                    /usr/lib/jvm/java-11-openjdk-amd64/lib/server/libjvm.so
7f49cdec0000-7f49ce117000 r--p 00eff000 08:02 8520897                    /usr/lib/jvm/java-11-openjdk-amd64/lib/server/libjvm.so
7f49ce117000-7f49ce1d8000 r--p 01155000 08:02 8520897                    /usr/lib/jvm/java-11-openjdk-amd64/lib/server/libjvm.so
7f49ce1d8000-7f49ce213000 rw-p 01216000 08:02 8520897                    /usr/lib/jvm/java-11-openjdk-amd64/lib/server/libjvm.so
7f49ce213000-7f49ce26c000 rw-p 00000000 00:00 0 
7f49ce26c000-7f49ce273000 r--p 00000000 08:02 8394197                    /usr/lib/x86_64-linux-gnu/libpthread-2.31.so
7f49ce273000-7f49ce284000 r-xp 00007000 08:02 8394197                    /usr/lib/x86_64-linux-gnu/libpthread-2.31.so
7f49ce284000-7f49ce289000 r--p 00018000 08:02 8394197                    /usr/lib/x86_64-linux-gnu/libpthread-2.31.so
7f49ce289000-7f49ce28a000 r--p 0001c000 08:02 8394197                    /usr/lib/x86_64-linux-gnu/libpthread-2.31.so
7f49ce28a000-7f49ce28b000 rw-p 0001d000 08:02 8394197                    /usr/lib/x86_64-linux-gnu/libpthread-2.31.so
7f49ce28b000-7f49ce28f000 rw-p 00000000 00:00 0 
7f49ce28f000-7f49ce290000 r--p 00000000 08:02 8393820                    /usr/lib/x86_64-linux-gnu/libdl-2.31.so
7f49ce290000-7f49ce292000 r-xp 00001000 08:02 8393820                    /usr/lib/x86_64-linux-gnu/libdl-2.31.so
7f49ce292000-7f49ce293000 r--p 00003000 08:02 8393820                    /usr/lib/x86_64-linux-gnu/libdl-2.31.so
7f49ce293000-7f49ce294000 r--p 00003000 08:02 8393820                    /usr/lib/x86_64-linux-gnu/libdl-2.31.so
7f49ce294000-7f49ce295000 rw-p 00004000 08:02 8393820                    /usr/lib/x86_64-linux-gnu/libdl-2.31.so
7f49ce295000-7f49ce297000 r--p 00000000 08:02 8391100                    /usr/lib/x86_64-linux-gnu/libz.so.1.2.11
7f49ce297000-7f49ce2a8000 r-xp 00002000 08:02 8391100                    /usr/lib/x86_64-linux-gnu/libz.so.1.2.11
7f49ce2a8000-7f49ce2ae000 r--p 00013000 08:02 8391100                    /usr/lib/x86_64-linux-gnu/libz.so.1.2.11
7f49ce2ae000-7f49ce2af000 ---p 00019000 08:02 8391100                    /usr/lib/x86_64-linux-gnu/libz.so.1.2.11
7f49ce2af000-7f49ce2b0000 r--p 00019000 08:02 8391100                    /usr/lib/x86_64-linux-gnu/libz.so.1.2.11
7f49ce2b0000-7f49ce2b1000 rw-p 0001a000 08:02 8391100                    /usr/lib/x86_64-linux-gnu/libz.so.1.2.11
7f49ce2b1000-7f49ce2d6000 r--p 00000000 08:02 8393814                    /usr/lib/x86_64-linux-gnu/libc-2.31.so
7f49ce2d6000-7f49ce44e000 r-xp 00025000 08:02 8393814                    /usr/lib/x86_64-linux-gnu/libc-2.31.so
7f49ce44e000-7f49ce498000 r--p 0019d000 08:02 8393814                    /usr/lib/x86_64-linux-gnu/libc-2.31.so
7f49ce498000-7f49ce499000 ---p 001e7000 08:02 8393814                    /usr/lib/x86_64-linux-gnu/libc-2.31.so
7f49ce499000-7f49ce49c000 r--p 001e7000 08:02 8393814                    /usr/lib/x86_64-linux-gnu/libc-2.31.so
7f49ce49c000-7f49ce49f000 rw-p 001ea000 08:02 8393814                    /usr/lib/x86_64-linux-gnu/libc-2.31.so
7f49ce49f000-7f49ce4a3000 rw-p 00000000 00:00 0 
7f49ce4a6000-7f49ce4a8000 r--s 0000c000 08:02 9189263                    /usr/share/java/java-atk-wrapper.jar
7f49ce4a8000-7f49ce4a9000 ---p 00000000 00:00 0 
7f49ce4a9000-7f49ce4aa000 r--p 00000000 00:00 0 
7f49ce4aa000-7f49ce4af000 r--p 00000000 08:02 8520879                    /usr/lib/jvm/java-11-openjdk-amd64/lib/libverify.so
7f49ce4af000-7f49ce4b6000 r-xp 00005000 08:02 8520879                    /usr/lib/jvm/java-11-openjdk-amd64/lib/libverify.so
7f49ce4b6000-7f49ce4b8000 r--p 0000c000 08:02 8520879                    /usr/lib/jvm/java-11-openjdk-amd64/lib/libverify.so
7f49ce4b8000-7f49ce4b9000 ---p 0000e000 08:02 8520879                    /usr/lib/jvm/java-11-openjdk-amd64/lib/libverify.so
7f49ce4b9000-7f49ce4bb000 r--p 0000e000 08:02 8520879                    /usr/lib/jvm/java-11-openjdk-amd64/lib/libverify.so
7f49ce4bb000-7f49ce4bc000 rw-p 00010000 08:02 8520879                    /usr/lib/jvm/java-11-openjdk-amd64/lib/libverify.so
7f49ce4bc000-7f49ce4bf000 r--p 00000000 08:02 8520842                    /usr/lib/jvm/java-11-openjdk-amd64/lib/jli/libjli.so
7f49ce4bf000-7f49ce4c9000 r-xp 00003000 08:02 8520842                    /usr/lib/jvm/java-11-openjdk-amd64/lib/jli/libjli.so
7f49ce4c9000-7f49ce4cc000 r--p 0000d000 08:02 8520842                    /usr/lib/jvm/java-11-openjdk-amd64/lib/jli/libjli.so
7f49ce4cc000-7f49ce4cd000 ---p 00010000 08:02 8520842                    /usr/lib/jvm/java-11-openjdk-amd64/lib/jli/libjli.so
7f49ce4cd000-7f49ce4ce000 r--p 00010000 08:02 8520842                    /usr/lib/jvm/java-11-openjdk-amd64/lib/jli/libjli.so
7f49ce4ce000-7f49ce4cf000 rw-p 00011000 08:02 8520842                    /usr/lib/jvm/java-11-openjdk-amd64/lib/jli/libjli.so
7f49ce4cf000-7f49ce4d1000 rw-p 00000000 00:00 0 
7f49ce4d1000-7f49ce4d2000 r--p 00000000 08:02 8390785                    /usr/lib/x86_64-linux-gnu/ld-2.31.so
7f49ce4d2000-7f49ce4f5000 r-xp 00001000 08:02 8390785                    /usr/lib/x86_64-linux-gnu/ld-2.31.so
7f49ce4f5000-7f49ce4fd000 r--p 00024000 08:02 8390785                    /usr/lib/x86_64-linux-gnu/ld-2.31.so
7f49ce4fe000-7f49ce4ff000 r--p 0002c000 08:02 8390785                    /usr/lib/x86_64-linux-gnu/ld-2.31.so
7f49ce4ff000-7f49ce500000 rw-p 0002d000 08:02 8390785                    /usr/lib/x86_64-linux-gnu/ld-2.31.so
7f49ce500000-7f49ce501000 rw-p 00000000 00:00 0 
7ffe40d6a000-7ffe40d8c000 rw-p 00000000 00:00 0                          [stack]
7ffe40dd6000-7ffe40dda000 r--p 00000000 00:00 0                          [vvar]
7ffe40dda000-7ffe40ddc000 r-xp 00000000 00:00 0                          [vdso]
ffffffffff600000-ffffffffff601000 --xp 00000000 00:00 0                  [vsyscall]


VM Arguments:
java_command: ./target/demo-0.0.1-SNAPSHOT.jar
java_class_path (initial): ./target/demo-0.0.1-SNAPSHOT.jar
Launcher Type: SUN_STANDARD

[Global flags]
     intx CICompilerCount                          = 4                                         {product} {ergonomic}
     uint ConcGCThreads                            = 2                                         {product} {ergonomic}
     uint G1ConcRefinementThreads                  = 8                                         {product} {ergonomic}
   size_t G1HeapRegionSize                         = 1048576                                   {product} {ergonomic}
    uintx GCDrainStackTargetSize                   = 64                                        {product} {ergonomic}
   size_t InitialHeapSize                          = 130023424                                 {product} {ergonomic}
   size_t MarkStackSize                            = 4194304                                   {product} {ergonomic}
   size_t MaxHeapSize                              = 2063597568                                {product} {ergonomic}
   size_t MaxNewSize                               = 1237319680                                {product} {ergonomic}
   size_t MinHeapDeltaBytes                        = 1048576                                   {product} {ergonomic}
    uintx NonNMethodCodeHeapSize                   = 5836300                                {pd product} {ergonomic}
    uintx NonProfiledCodeHeapSize                  = 122910970                              {pd product} {ergonomic}
    uintx ProfiledCodeHeapSize                     = 122910970                              {pd product} {ergonomic}
    uintx ReservedCodeCacheSize                    = 251658240                              {pd product} {ergonomic}
     bool SegmentedCodeCache                       = true                                      {product} {ergonomic}
     bool UseCompressedClassPointers               = true                                 {lp64_product} {ergonomic}
     bool UseCompressedOops                        = true                                 {lp64_product} {ergonomic}
     bool UseG1GC                                  = true                                      {product} {ergonomic}

Logging:
Log output configuration:
 #0: stdout all=warning uptime,level,tags
 #1: stderr all=off uptime,level,tags

Environment Variables:
PATH=/home/jadson/Projects/repositories/demo/node_modules/.bin:/home/jadson/.deno/bin:/home/jadson/.zinit/polaris/sbin:/home/jadson/.zinit/polaris/bin:/home/jadson/.nvm/versions/node/v15.8.0/bin:/home/jadson/.local/bin:/usr/local/sbin:/usr/local/bin:/usr/sbin:/usr/bin:/sbin:/bin:/usr/games:/usr/local/games:/snap/bin:/home/jadson/.yarn/bin
USERNAME=jadson
SHELL=/usr/bin/zsh
DISPLAY=:0
LANG=en_US.UTF-8
LC_CTYPE=pt_BR.UTF-8

Signal Handlers:
SIGSEGV: [libjvm.so+0xe8ba00], sa_mask[0]=11111111011111111101111111111110, sa_flags=SA_RESTART|SA_SIGINFO
SIGBUS: [libjvm.so+0xe8ba00], sa_mask[0]=11111111011111111101111111111110, sa_flags=SA_RESTART|SA_SIGINFO
SIGFPE: [libjvm.so+0xe8ba00], sa_mask[0]=11111111011111111101111111111110, sa_flags=SA_RESTART|SA_SIGINFO
SIGPIPE: [libjvm.so+0xbd10f0], sa_mask[0]=11111111011111111101111111111110, sa_flags=SA_RESTART|SA_SIGINFO
SIGXFSZ: [libjvm.so+0xbd10f0], sa_mask[0]=11111111011111111101111111111110, sa_flags=SA_RESTART|SA_SIGINFO
SIGILL: [libjvm.so+0xe8ba00], sa_mask[0]=11111111011111111101111111111110, sa_flags=SA_RESTART|SA_SIGINFO
SIGUSR2: [libjvm.so+0xbd0f90], sa_mask[0]=00000000000000000000000000000000, sa_flags=SA_RESTART|SA_SIGINFO
SIGHUP: [libjvm.so+0xbd1430], sa_mask[0]=11111111011111111101111111111110, sa_flags=SA_RESTART|SA_SIGINFO
SIGINT: [libjvm.so+0xbd1430], sa_mask[0]=11111111011111111101111111111110, sa_flags=SA_RESTART|SA_SIGINFO
SIGTERM: [libjvm.so+0xbd1430], sa_mask[0]=11111111011111111101111111111110, sa_flags=SA_RESTART|SA_SIGINFO
SIGQUIT: [libjvm.so+0xbd1430], sa_mask[0]=11111111011111111101111111111110, sa_flags=SA_RESTART|SA_SIGINFO


---------------  S Y S T E M  ---------------

OS:DISTRIB_ID=Ubuntu
DISTRIB_RELEASE=20.04
DISTRIB_CODENAME=focal
DISTRIB_DESCRIPTION="Ubuntu 20.04.2 LTS"
uname:Linux 5.8.0-63-generic #71~20.04.1-Ubuntu SMP Thu Jul 15 17:46:08 UTC 2021 x86_64
OS uptime: 2 days 0:49 hours
libc:glibc 2.31 NPTL 2.31 
rlimit (soft/hard): STACK 8192k/infinity , CORE 0k/infinity , NPROC 31242/31242 , NOFILE 1048576/1048576 , AS infinity/infinity , CPU infinity/infinity , DATA infinity/infinity , FSIZE infinity/infinity , MEMLOCK 65536k/65536k
load average:7,46 9,10 5,57

/proc/meminfo:
MemTotal:        8058248 kB
MemFree:         1191136 kB
MemAvailable:    3023788 kB
Buffers:          251532 kB
Cached:          2088224 kB
SwapCached:         6656 kB
Active:          4907008 kB
Inactive:        1324140 kB
Active(anon):    3543576 kB
Inactive(anon):   749324 kB
Active(file):    1363432 kB
Inactive(file):   574816 kB
Unevictable:       55812 kB
Mlocked:             112 kB
SwapTotal:       2097148 kB
SwapFree:        1854356 kB
Dirty:             39288 kB
Writeback:             0 kB
AnonPages:       3943428 kB
Mapped:           734704 kB
Shmem:            412140 kB
KReclaimable:     203204 kB
Slab:             425532 kB
SReclaimable:     203204 kB
SUnreclaim:       222328 kB
KernelStack:       20480 kB
PageTables:        41084 kB
NFS_Unstable:          0 kB
Bounce:                0 kB
WritebackTmp:          0 kB
CommitLimit:     6126272 kB
Committed_AS:   13603012 kB
VmallocTotal:   34359738367 kB
VmallocUsed:       43688 kB
VmallocChunk:          0 kB
Percpu:             9888 kB
HardwareCorrupted:     0 kB
AnonHugePages:      2048 kB
ShmemHugePages:        0 kB
ShmemPmdMapped:        0 kB
FileHugePages:         0 kB
FilePmdMapped:         0 kB
HugePages_Total:       0
HugePages_Free:        0
HugePages_Rsvd:        0
HugePages_Surp:        0
Hugepagesize:       2048 kB
Hugetlb:               0 kB
DirectMap4k:      661108 kB
DirectMap2M:     7634944 kB
DirectMap1G:           0 kB

/sys/kernel/mm/transparent_hugepage/enabled:
always [madvise] never
/sys/kernel/mm/transparent_hugepage/defrag (defrag/compaction efforts parameter):
always defer defer+madvise [madvise] never

Process Memory:
Virtual Size: 5795848K (peak: 13454268K)
Resident Set Size: 361132K (peak: 361132K) (anon: 331252K, file: 29880K, shmem: 0K)
Swapped out: 0K
C-Heap outstanding allocations: 77157K

/proc/sys/kernel/threads-max (system-wide limit on the number of threads):
62484
/proc/sys/vm/max_map_count (maximum number of memory map areas a process may have):
65530
/proc/sys/kernel/pid_max (system-wide limit on number of process identifiers):
4194304

container (cgroup) information:
container_type: cgroupv1
cpu_cpuset_cpus: 0-7
cpu_memory_nodes: 0
active_processor_count: 8
cpu_quota: -1
cpu_period: 100000
cpu_shares: -1
memory_limit_in_bytes: -1
memory_and_swap_limit_in_bytes: -1
memory_soft_limit_in_bytes: -1
memory_usage_in_bytes: 5087862784
memory_max_usage_in_bytes: 6611283968

Steal ticks since vm start: 0
Steal ticks percentage since vm start:  0,000

CPU:total 8 (initial active 8) (4 cores per cpu, 2 threads per core) family 6 model 142 stepping 10 microcode 0xea, cmov, cx8, fxsr, mmx, sse, sse2, sse3, ssse3, sse4.1, sse4.2, popcnt, avx, avx2, aes, clmul, erms, 3dnowpref, lzcnt, ht, tsc, tscinvbit, bmi1, bmi2, adx, fma
CPU Model and flags from /proc/cpuinfo:
model name	: Intel(R) Core(TM) i5-8250U CPU @ 1.60GHz
flags		: fpu vme de pse tsc msr pae mce cx8 apic sep mtrr pge mca cmov pat pse36 clflush dts acpi mmx fxsr sse sse2 ss ht tm pbe syscall nx pdpe1gb rdtscp lm constant_tsc art arch_perfmon pebs bts rep_good nopl xtopology nonstop_tsc cpuid aperfmperf pni pclmulqdq dtes64 monitor ds_cpl vmx est tm2 ssse3 sdbg fma cx16 xtpr pdcm pcid sse4_1 sse4_2 x2apic movbe popcnt tsc_deadline_timer aes xsave avx f16c rdrand lahf_lm abm 3dnowprefetch cpuid_fault invpcid_single pti ssbd ibrs ibpb stibp tpr_shadow vnmi flexpriority ept vpid ept_ad fsgsbase tsc_adjust bmi1 avx2 smep bmi2 erms invpcid mpx rdseed adx smap clflushopt intel_pt xsaveopt xsavec xgetbv1 xsaves dtherm ida arat pln pts hwp hwp_notify hwp_act_window hwp_epp md_clear flush_l1d
Online cpus:
0-7
Offline cpus:

BIOS frequency limitation:
<Not Available>
Frequency switch latency (ns):
0
Available cpu frequencies:
<Not Available>
Current governor:
powersave
Core performance/turbo boost:
<Not Available>

Memory: 4k page, physical 8058248k(1191136k free), swap 2097148k(1854356k free)

vm_info: OpenJDK 64-Bit Server VM (11.0.11+9-Ubuntu-0ubuntu2.20.04) for linux-amd64 JRE (11.0.11+9-Ubuntu-0ubuntu2.20.04), built on Apr 21 2021 09:15:32 by "unknown" with gcc 9.3.0

END.
