#
# A fatal error has been detected by the Java Runtime Environment:
#
#  SIGSEGV (0xb) at pc=0x00007fcf16b2afcd, pid=82304, tid=82304
#
# JRE version: OpenJDK Runtime Environment (11.0.11+9) (build 11.0.11+9-Ubuntu-0ubuntu2.20.04)
# Java VM: OpenJDK 64-Bit Server VM (11.0.11+9-Ubuntu-0ubuntu2.20.04, mixed mode, sharing, tiered, compressed oops, g1 gc, linux-amd64)
# Problematic frame:
# V  [libjvm.so+0xbd0fcd]
#
# Core dump will be written. Default location: Core dumps may be processed with "/usr/share/apport/apport %p %s %c %d %P %E" (or dumping to /home/jadson/Projects/repositories/demo/core.82304)
#
# If you would like to submit a bug report, please visit:
#   https://bugs.launchpad.net/ubuntu/+source/openjdk-lts
#

---------------  S U M M A R Y ------------

Command Line: ./target/demo-0.0.1-SNAPSHOT.jar

Host: Intel(R) Core(TM) i5-8250U CPU @ 1.60GHz, 8 cores, 7G, Ubuntu 20.04.2 LTS
Time: Wed Jul 28 19:42:14 2021 -03 elapsed time: 28.725624 seconds (0d 0h 0m 28s)

---------------  T H R E A D  ---------------

Current thread is native thread

Stack: [0x00007ffe2e9c8000,0x00007ffe2f1c7000],  sp=0x00007ffe2f1c1800,  free space=8166k
Native frames: (J=compiled Java code, A=aot compiled Java code, j=interpreted, Vv=VM code, C=native code)
V  [libjvm.so+0xbd0fcd]
C  [libc.so.6+0x46210]


siginfo: si_signo: 11 (SIGSEGV), si_code: 1 (SEGV_MAPERR), si_addr: 0x00000000000000d0

Register to memory mapping:

RAX=0x0 is NULL
RBX=
[error occurred during error reporting (printing register info), id 0xb, SIGSEGV (0xb) at pc=0x00007fcf16d82a2c]

Registers:
RAX=0x0000000000000000, RBX=0x00007fcf172043c0, RCX=0x00007fcf1720fcd7, RDX=0x00007fcf17204440
RSP=0x00007ffe2f1c1800, RBP=0x00007ffe2f1c18b0, RSI=0x00007ffe2f1c19f0, RDI=0x0000000000000001
R8 =0x0000000000000000, R9 =0x00007fcf15c0d700, R10=0x0000000000000000, R11=0x0000000000000246
R12=0x00007ffe2f1c19f0, R13=0x00007ffe2f1c18c0, R14=0x0000000000000000, R15=0x00007fcf15c0d700
RIP=0x00007fcf16b2afcd, EFLAGS=0x0000000000010246, CSGSFS=0x002b000000000033, ERR=0x0000000000000004
  TRAPNO=0x000000000000000e

Top of Stack: (sp=0x00007ffe2f1c1800)
0x00007ffe2f1c1800:   0000000000000020 0000200000000000
0x00007ffe2f1c1810:   0000000000000000 0000000000000000
0x00007ffe2f1c1820:   0000000000000000 0000000000000000
0x00007ffe2f1c1830:   0000000000000000 0000000000000000 

Instructions: (pc=0x00007fcf16b2afcd)
0x00007fcf16b2aecd:   ff 48 85 c0 74 03 c6 00 00 4c 89 f7 4c 89 fa 4c
0x00007fcf16b2aedd:   89 ee e8 3c 92 6a ff 4c 89 e7 e8 a4 95 6a ff 48
0x00007fcf16b2aeed:   81 c4 08 01 00 00 5b 41 5c 41 5d 41 5e 41 5f 5d
0x00007fcf16b2aefd:   c3 66 90 4c 89 e2 be 00 01 00 00 4c 89 ef e8 f0
0x00007fcf16b2af0d:   97 6a ff 48 85 c0 74 ac 48 8d 35 cb 80 3a 00 4c
0x00007fcf16b2af1d:   89 ef e8 dc 95 6a ff 48 85 c0 75 17 48 8d 35 cc
0x00007fcf16b2af2d:   80 3a 00 4c 89 ef e8 c8 95 6a ff 48 85 c0 74 84
0x00007fcf16b2af3d:   0f 1f 00 be 22 00 00 00 4c 89 ef e8 43 96 6a ff
0x00007fcf16b2af4d:   48 85 c0 74 26 4c 8d 68 01 be 22 00 00 00 4c 89
0x00007fcf16b2af5d:   ef e8 2d 96 6a ff 48 85 c0 0f 85 67 ff ff ff e9
0x00007fcf16b2af6d:   65 ff ff ff 0f 1f 80 00 00 00 00 4c 89 ef be 3d
0x00007fcf16b2af7d:   00 00 00 e8 0b 96 6a ff 4c 8d 68 01 e9 33 ff ff
0x00007fcf16b2af8d:   ff 66 90 f3 0f 1e fa 55 48 89 e5 41 57 41 56 41
0x00007fcf16b2af9d:   55 49 89 d5 41 54 49 89 f4 53 48 81 ec 88 00 00
0x00007fcf16b2afad:   00 e8 0d 9d 6a ff 44 8b 30 48 89 c3 e8 22 63 25
0x00007fcf16b2afbd:   00 41 89 c0 31 c0 45 84 c0 74 05 e8 23 63 25 00
0x00007fcf16b2afcd:   48 83 b8 d0 00 00 00 00 74 16 4c 8b b8 70 02 00
0x00007fcf16b2afdd:   00 41 8b 87 a8 00 00 00 83 f8 01 74 16 44 89 33
0x00007fcf16b2afed:   48 81 c4 88 00 00 00 5b 41 5c 41 5d 41 5e 41 5f
0x00007fcf16b2affd:   5d c3 90 66 49 0f 6e c4 66 49 0f 6e cd ba 02 00
0x00007fcf16b2b00d:   00 00 be 01 00 00 00 66 0f 6c c1 4d 8d a7 a8 00
0x00007fcf16b2b01d:   00 00 41 0f 11 87 b0 00 00 00 4c 89 e7 e8 d1 bc
0x00007fcf16b2b02d:   ff ff 83 f8 02 74 3c 85 c0 75 18 66 0f ef c0 41
0x00007fcf16b2b03d:   0f 11 87 b0 00 00 00 eb a4 66 2e 0f 1f 84 00 00
0x00007fcf16b2b04d:   00 00 00 48 8d 05 51 aa 64 00 be d8 11 00 00 48
0x00007fcf16b2b05d:   8d 3d 75 8a 3a 00 48 8b 00 c6 00 58 e8 f2 af a9
0x00007fcf16b2b06d:   ff eb c8 4c 8d ad 50 ff ff ff 4c 89 ef e8 a1 98
0x00007fcf16b2b07d:   6a ff 4c 89 ea 31 f6 31 ff e8 b5 99 6a ff 8b 35
0x00007fcf16b2b08d:   9f 56 66 00 4c 89 ef e8 57 95 6a ff be 01 00 00
0x00007fcf16b2b09d:   00 48 8d 3d db a2 6a 00 e8 16 a1 0c 00 66 0f 1f
0x00007fcf16b2b0ad:   44 00 00 4c 89 ef e8 68 9c 6a ff 31 d2 be 03 00
0x00007fcf16b2b0bd:   00 00 4c 89 e7 e8 39 bc ff ff 85 c0 75 e5 be 01 


Stack slot to memory mapping:
stack at sp + 0 slots: 
[error occurred during error reporting (inspecting top of stack), id 0xb, SIGSEGV (0xb) at pc=0x00007fcf16d82a2c]


---------------  P R O C E S S  ---------------

VM state:not at safepoint (normal execution)

VM Mutex/Monitor currently owned by a thread: None

Heap address: 0x0000000085000000, size: 1968 MB, Compressed Oops mode: 32-bit
Narrow klass base: 0x0000000800000000, Narrow klass shift: 3
Compressed class space size: 1073741824 Address: 0x0000000840000000

Heap:
 garbage-first heap   total 179200K, used 24751K [0x0000000085000000, 0x0000000100000000)
  region size 1024K, 19 young (19456K), 11 survivors (11264K)
 Metaspace       used 44730K, capacity 45998K, committed 46332K, reserved 1089536K
  class space    used 5758K, capacity 6270K, committed 6396K, reserved 1048576K
Heap Regions: E=young(eden), S=young(survivor), O=old, HS=humongous(starts), HC=humongous(continues), CS=collection set, F=free, A=archive, TAMS=top-at-mark-start (previous, next)
|   0|0x0000000085000000, 0x0000000085100000, 0x0000000085100000|100%| O|  |TAMS 0x0000000085100000, 0x0000000085000000| Untracked 
|   1|0x0000000085100000, 0x0000000085200000, 0x0000000085200000|100%| O|  |TAMS 0x0000000085200000, 0x0000000085100000| Untracked 
|   2|0x0000000085200000, 0x0000000085300000, 0x0000000085300000|100%| O|  |TAMS 0x0000000085300000, 0x0000000085200000| Untracked 
|   3|0x0000000085300000, 0x0000000085400000, 0x0000000085400000|100%| O|  |TAMS 0x0000000085400000, 0x0000000085300000| Untracked 
|   4|0x0000000085400000, 0x0000000085500000, 0x0000000085500000|100%| O|  |TAMS 0x0000000085492800, 0x0000000085400000| Untracked 
|   5|0x0000000085500000, 0x00000000855c9c00, 0x0000000085600000| 78%| O|  |TAMS 0x0000000085500000, 0x0000000085500000| Untracked 
|   6|0x0000000085600000, 0x0000000085600000, 0x0000000085700000|  0%| F|  |TAMS 0x0000000085600000, 0x0000000085600000| Untracked 
|   7|0x0000000085700000, 0x0000000085700000, 0x0000000085800000|  0%| F|  |TAMS 0x0000000085700000, 0x0000000085700000| Untracked 
|   8|0x0000000085800000, 0x0000000085800000, 0x0000000085900000|  0%| F|  |TAMS 0x0000000085800000, 0x0000000085800000| Untracked 
|   9|0x0000000085900000, 0x0000000085900000, 0x0000000085a00000|  0%| F|  |TAMS 0x0000000085900000, 0x0000000085900000| Untracked 
|  10|0x0000000085a00000, 0x0000000085a00000, 0x0000000085b00000|  0%| F|  |TAMS 0x0000000085a00000, 0x0000000085a00000| Untracked 
|  11|0x0000000085b00000, 0x0000000085b00000, 0x0000000085c00000|  0%| F|  |TAMS 0x0000000085b00000, 0x0000000085b00000| Untracked 
|  12|0x0000000085c00000, 0x0000000085c00000, 0x0000000085d00000|  0%| F|  |TAMS 0x0000000085c00000, 0x0000000085c00000| Untracked 
|  13|0x0000000085d00000, 0x0000000085d00000, 0x0000000085e00000|  0%| F|  |TAMS 0x0000000085d00000, 0x0000000085d00000| Untracked 
|  14|0x0000000085e00000, 0x0000000085e00000, 0x0000000085f00000|  0%| F|  |TAMS 0x0000000085e00000, 0x0000000085e00000| Untracked 
|  15|0x0000000085f00000, 0x0000000085f00000, 0x0000000086000000|  0%| F|  |TAMS 0x0000000085f00000, 0x0000000085f00000| Untracked 
|  16|0x0000000086000000, 0x0000000086000000, 0x0000000086100000|  0%| F|  |TAMS 0x0000000086000000, 0x0000000086000000| Untracked 
|  17|0x0000000086100000, 0x0000000086100000, 0x0000000086200000|  0%| F|  |TAMS 0x0000000086100000, 0x0000000086100000| Untracked 
|  18|0x0000000086200000, 0x0000000086200000, 0x0000000086300000|  0%| F|  |TAMS 0x0000000086200000, 0x0000000086200000| Untracked 
|  19|0x0000000086300000, 0x0000000086300000, 0x0000000086400000|  0%| F|  |TAMS 0x0000000086300000, 0x0000000086300000| Untracked 
|  20|0x0000000086400000, 0x0000000086400000, 0x0000000086500000|  0%| F|  |TAMS 0x0000000086400000, 0x0000000086400000| Untracked 
|  21|0x0000000086500000, 0x0000000086500000, 0x0000000086600000|  0%| F|  |TAMS 0x0000000086500000, 0x0000000086500000| Untracked 
|  22|0x0000000086600000, 0x0000000086600000, 0x0000000086700000|  0%| F|  |TAMS 0x0000000086600000, 0x0000000086600000| Untracked 
|  23|0x0000000086700000, 0x0000000086700000, 0x0000000086800000|  0%| F|  |TAMS 0x0000000086700000, 0x0000000086700000| Untracked 
|  24|0x0000000086800000, 0x0000000086800000, 0x0000000086900000|  0%| F|  |TAMS 0x0000000086800000, 0x0000000086800000| Untracked 
|  25|0x0000000086900000, 0x0000000086900000, 0x0000000086a00000|  0%| F|  |TAMS 0x0000000086900000, 0x0000000086900000| Untracked 
|  26|0x0000000086a00000, 0x0000000086a00000, 0x0000000086b00000|  0%| F|  |TAMS 0x0000000086a00000, 0x0000000086a00000| Untracked 
|  27|0x0000000086b00000, 0x0000000086b00000, 0x0000000086c00000|  0%| F|  |TAMS 0x0000000086b00000, 0x0000000086b00000| Untracked 
|  28|0x0000000086c00000, 0x0000000086c00000, 0x0000000086d00000|  0%| F|  |TAMS 0x0000000086c00000, 0x0000000086c00000| Untracked 
|  29|0x0000000086d00000, 0x0000000086d00000, 0x0000000086e00000|  0%| F|  |TAMS 0x0000000086d00000, 0x0000000086d00000| Untracked 
|  30|0x0000000086e00000, 0x0000000086e00000, 0x0000000086f00000|  0%| F|  |TAMS 0x0000000086e00000, 0x0000000086e00000| Untracked 
|  31|0x0000000086f00000, 0x0000000086f00000, 0x0000000087000000|  0%| F|  |TAMS 0x0000000086f00000, 0x0000000086f00000| Untracked 
|  32|0x0000000087000000, 0x0000000087000000, 0x0000000087100000|  0%| F|  |TAMS 0x0000000087000000, 0x0000000087000000| Untracked 
|  33|0x0000000087100000, 0x0000000087100000, 0x0000000087200000|  0%| F|  |TAMS 0x0000000087100000, 0x0000000087100000| Untracked 
|  34|0x0000000087200000, 0x0000000087200000, 0x0000000087300000|  0%| F|  |TAMS 0x0000000087200000, 0x0000000087200000| Untracked 
|  35|0x0000000087300000, 0x0000000087300000, 0x0000000087400000|  0%| F|  |TAMS 0x0000000087300000, 0x0000000087300000| Untracked 
|  36|0x0000000087400000, 0x0000000087400000, 0x0000000087500000|  0%| F|  |TAMS 0x0000000087400000, 0x0000000087400000| Untracked 
|  37|0x0000000087500000, 0x0000000087500000, 0x0000000087600000|  0%| F|  |TAMS 0x0000000087500000, 0x0000000087500000| Untracked 
|  38|0x0000000087600000, 0x0000000087600000, 0x0000000087700000|  0%| F|  |TAMS 0x0000000087600000, 0x0000000087600000| Untracked 
|  39|0x0000000087700000, 0x0000000087700000, 0x0000000087800000|  0%| F|  |TAMS 0x0000000087700000, 0x0000000087700000| Untracked 
|  40|0x0000000087800000, 0x0000000087800000, 0x0000000087900000|  0%| F|  |TAMS 0x0000000087800000, 0x0000000087800000| Untracked 
|  41|0x0000000087900000, 0x0000000087900000, 0x0000000087a00000|  0%| F|  |TAMS 0x0000000087900000, 0x0000000087900000| Untracked 
|  42|0x0000000087a00000, 0x0000000087a00000, 0x0000000087b00000|  0%| F|  |TAMS 0x0000000087a00000, 0x0000000087a00000| Untracked 
|  43|0x0000000087b00000, 0x0000000087b00000, 0x0000000087c00000|  0%| F|  |TAMS 0x0000000087b00000, 0x0000000087b00000| Untracked 
|  44|0x0000000087c00000, 0x0000000087c00000, 0x0000000087d00000|  0%| F|  |TAMS 0x0000000087c00000, 0x0000000087c00000| Untracked 
|  45|0x0000000087d00000, 0x0000000087d00000, 0x0000000087e00000|  0%| F|  |TAMS 0x0000000087d00000, 0x0000000087d00000| Untracked 
|  46|0x0000000087e00000, 0x0000000087e00000, 0x0000000087f00000|  0%| F|  |TAMS 0x0000000087e00000, 0x0000000087e00000| Untracked 
|  47|0x0000000087f00000, 0x0000000087f00000, 0x0000000088000000|  0%| F|  |TAMS 0x0000000087f00000, 0x0000000087f00000| Untracked 
|  48|0x0000000088000000, 0x0000000088000000, 0x0000000088100000|  0%| F|  |TAMS 0x0000000088000000, 0x0000000088000000| Untracked 
|  49|0x0000000088100000, 0x0000000088100000, 0x0000000088200000|  0%| F|  |TAMS 0x0000000088100000, 0x0000000088100000| Untracked 
|  50|0x0000000088200000, 0x0000000088200000, 0x0000000088300000|  0%| F|  |TAMS 0x0000000088200000, 0x0000000088200000| Untracked 
|  51|0x0000000088300000, 0x0000000088300000, 0x0000000088400000|  0%| F|  |TAMS 0x0000000088300000, 0x0000000088300000| Untracked 
|  52|0x0000000088400000, 0x0000000088400000, 0x0000000088500000|  0%| F|  |TAMS 0x0000000088400000, 0x0000000088400000| Untracked 
|  53|0x0000000088500000, 0x0000000088500000, 0x0000000088600000|  0%| F|  |TAMS 0x0000000088500000, 0x0000000088500000| Untracked 
|  54|0x0000000088600000, 0x0000000088600000, 0x0000000088700000|  0%| F|  |TAMS 0x0000000088600000, 0x0000000088600000| Untracked 
|  55|0x0000000088700000, 0x0000000088700000, 0x0000000088800000|  0%| F|  |TAMS 0x0000000088700000, 0x0000000088700000| Untracked 
|  56|0x0000000088800000, 0x0000000088800000, 0x0000000088900000|  0%| F|  |TAMS 0x0000000088800000, 0x0000000088800000| Untracked 
|  57|0x0000000088900000, 0x00000000889b0220, 0x0000000088a00000| 68%| S|CS|TAMS 0x0000000088900000, 0x0000000088900000| Complete 
|  58|0x0000000088a00000, 0x0000000088b00000, 0x0000000088b00000|100%| S|CS|TAMS 0x0000000088a00000, 0x0000000088a00000| Complete 
|  59|0x0000000088b00000, 0x0000000088c00000, 0x0000000088c00000|100%| S|CS|TAMS 0x0000000088b00000, 0x0000000088b00000| Complete 
|  60|0x0000000088c00000, 0x0000000088d00000, 0x0000000088d00000|100%| S|CS|TAMS 0x0000000088c00000, 0x0000000088c00000| Complete 
|  61|0x0000000088d00000, 0x0000000088e00000, 0x0000000088e00000|100%| S|CS|TAMS 0x0000000088d00000, 0x0000000088d00000| Complete 
|  62|0x0000000088e00000, 0x0000000088f00000, 0x0000000088f00000|100%| S|CS|TAMS 0x0000000088e00000, 0x0000000088e00000| Complete 
|  63|0x0000000088f00000, 0x0000000089000000, 0x0000000089000000|100%| S|CS|TAMS 0x0000000088f00000, 0x0000000088f00000| Complete 
|  64|0x0000000089000000, 0x0000000089100000, 0x0000000089100000|100%| S|CS|TAMS 0x0000000089000000, 0x0000000089000000| Complete 
|  65|0x0000000089100000, 0x0000000089200000, 0x0000000089200000|100%| S|CS|TAMS 0x0000000089100000, 0x0000000089100000| Complete 
|  66|0x0000000089200000, 0x0000000089300000, 0x0000000089300000|100%| S|CS|TAMS 0x0000000089200000, 0x0000000089200000| Complete 
|  67|0x0000000089300000, 0x0000000089400000, 0x0000000089400000|100%| S|CS|TAMS 0x0000000089300000, 0x0000000089300000| Complete 
|  68|0x0000000089400000, 0x0000000089400000, 0x0000000089500000|  0%| F|  |TAMS 0x0000000089400000, 0x0000000089400000| Untracked 
|  69|0x0000000089500000, 0x0000000089500000, 0x0000000089600000|  0%| F|  |TAMS 0x0000000089500000, 0x0000000089500000| Untracked 
|  70|0x0000000089600000, 0x0000000089600000, 0x0000000089700000|  0%| F|  |TAMS 0x0000000089600000, 0x0000000089600000| Untracked 
|  71|0x0000000089700000, 0x0000000089700000, 0x0000000089800000|  0%| F|  |TAMS 0x0000000089700000, 0x0000000089700000| Untracked 
|  72|0x0000000089800000, 0x0000000089800000, 0x0000000089900000|  0%| F|  |TAMS 0x0000000089800000, 0x0000000089800000| Untracked 
|  73|0x0000000089900000, 0x0000000089900000, 0x0000000089a00000|  0%| F|  |TAMS 0x0000000089900000, 0x0000000089900000| Untracked 
|  74|0x0000000089a00000, 0x0000000089a00000, 0x0000000089b00000|  0%| F|  |TAMS 0x0000000089a00000, 0x0000000089a00000| Untracked 
|  75|0x0000000089b00000, 0x0000000089b00000, 0x0000000089c00000|  0%| F|  |TAMS 0x0000000089b00000, 0x0000000089b00000| Untracked 
|  76|0x0000000089c00000, 0x0000000089c00000, 0x0000000089d00000|  0%| F|  |TAMS 0x0000000089c00000, 0x0000000089c00000| Untracked 
|  77|0x0000000089d00000, 0x0000000089d00000, 0x0000000089e00000|  0%| F|  |TAMS 0x0000000089d00000, 0x0000000089d00000| Untracked 
|  78|0x0000000089e00000, 0x0000000089e00000, 0x0000000089f00000|  0%| F|  |TAMS 0x0000000089e00000, 0x0000000089e00000| Untracked 
|  79|0x0000000089f00000, 0x0000000089f00000, 0x000000008a000000|  0%| F|  |TAMS 0x0000000089f00000, 0x0000000089f00000| Untracked 
|  80|0x000000008a000000, 0x000000008a000000, 0x000000008a100000|  0%| F|  |TAMS 0x000000008a000000, 0x000000008a000000| Untracked 
|  81|0x000000008a100000, 0x000000008a100000, 0x000000008a200000|  0%| F|  |TAMS 0x000000008a100000, 0x000000008a100000| Untracked 
|  82|0x000000008a200000, 0x000000008a200000, 0x000000008a300000|  0%| F|  |TAMS 0x000000008a200000, 0x000000008a200000| Untracked 
|  83|0x000000008a300000, 0x000000008a300000, 0x000000008a400000|  0%| F|  |TAMS 0x000000008a300000, 0x000000008a300000| Untracked 
|  84|0x000000008a400000, 0x000000008a400000, 0x000000008a500000|  0%| F|  |TAMS 0x000000008a400000, 0x000000008a400000| Untracked 
|  85|0x000000008a500000, 0x000000008a500000, 0x000000008a600000|  0%| F|  |TAMS 0x000000008a500000, 0x000000008a500000| Untracked 
|  86|0x000000008a600000, 0x000000008a600000, 0x000000008a700000|  0%| F|  |TAMS 0x000000008a600000, 0x000000008a600000| Untracked 
|  87|0x000000008a700000, 0x000000008a700000, 0x000000008a800000|  0%| F|  |TAMS 0x000000008a700000, 0x000000008a700000| Untracked 
|  88|0x000000008a800000, 0x000000008a800000, 0x000000008a900000|  0%| F|  |TAMS 0x000000008a800000, 0x000000008a800000| Untracked 
|  89|0x000000008a900000, 0x000000008a900000, 0x000000008aa00000|  0%| F|  |TAMS 0x000000008a900000, 0x000000008a900000| Untracked 
|  90|0x000000008aa00000, 0x000000008aa00000, 0x000000008ab00000|  0%| F|  |TAMS 0x000000008aa00000, 0x000000008aa00000| Untracked 
|  91|0x000000008ab00000, 0x000000008ab00000, 0x000000008ac00000|  0%| F|  |TAMS 0x000000008ab00000, 0x000000008ab00000| Untracked 
|  92|0x000000008ac00000, 0x000000008ac00000, 0x000000008ad00000|  0%| F|  |TAMS 0x000000008ac00000, 0x000000008ac00000| Untracked 
|  93|0x000000008ad00000, 0x000000008ad00000, 0x000000008ae00000|  0%| F|  |TAMS 0x000000008ad00000, 0x000000008ad00000| Untracked 
|  94|0x000000008ae00000, 0x000000008ae00000, 0x000000008af00000|  0%| F|  |TAMS 0x000000008ae00000, 0x000000008ae00000| Untracked 
|  95|0x000000008af00000, 0x000000008af00000, 0x000000008b000000|  0%| F|  |TAMS 0x000000008af00000, 0x000000008af00000| Untracked 
|  96|0x000000008b000000, 0x000000008b000000, 0x000000008b100000|  0%| F|  |TAMS 0x000000008b000000, 0x000000008b000000| Untracked 
|  97|0x000000008b100000, 0x000000008b100000, 0x000000008b200000|  0%| F|  |TAMS 0x000000008b100000, 0x000000008b100000| Untracked 
|  98|0x000000008b200000, 0x000000008b200000, 0x000000008b300000|  0%| F|  |TAMS 0x000000008b200000, 0x000000008b200000| Untracked 
|  99|0x000000008b300000, 0x000000008b300000, 0x000000008b400000|  0%| F|  |TAMS 0x000000008b300000, 0x000000008b300000| Untracked 
| 100|0x000000008b400000, 0x000000008b400000, 0x000000008b500000|  0%| F|  |TAMS 0x000000008b400000, 0x000000008b400000| Untracked 
| 101|0x000000008b500000, 0x000000008b500000, 0x000000008b600000|  0%| F|  |TAMS 0x000000008b500000, 0x000000008b500000| Untracked 
| 102|0x000000008b600000, 0x000000008b600000, 0x000000008b700000|  0%| F|  |TAMS 0x000000008b600000, 0x000000008b600000| Untracked 
| 103|0x000000008b700000, 0x000000008b700000, 0x000000008b800000|  0%| F|  |TAMS 0x000000008b700000, 0x000000008b700000| Untracked 
| 104|0x000000008b800000, 0x000000008b800000, 0x000000008b900000|  0%| F|  |TAMS 0x000000008b800000, 0x000000008b800000| Untracked 
| 105|0x000000008b900000, 0x000000008b900000, 0x000000008ba00000|  0%| F|  |TAMS 0x000000008b900000, 0x000000008b900000| Untracked 
| 106|0x000000008ba00000, 0x000000008ba00000, 0x000000008bb00000|  0%| F|  |TAMS 0x000000008ba00000, 0x000000008ba00000| Untracked 
| 107|0x000000008bb00000, 0x000000008bb00000, 0x000000008bc00000|  0%| F|  |TAMS 0x000000008bb00000, 0x000000008bb00000| Untracked 
| 108|0x000000008bc00000, 0x000000008bc00000, 0x000000008bd00000|  0%| F|  |TAMS 0x000000008bc00000, 0x000000008bc00000| Untracked 
| 109|0x000000008bd00000, 0x000000008bd00000, 0x000000008be00000|  0%| F|  |TAMS 0x000000008bd00000, 0x000000008bd00000| Untracked 
| 110|0x000000008be00000, 0x000000008be00000, 0x000000008bf00000|  0%| F|  |TAMS 0x000000008be00000, 0x000000008be00000| Untracked 
| 111|0x000000008bf00000, 0x000000008bf00000, 0x000000008c000000|  0%| F|  |TAMS 0x000000008bf00000, 0x000000008bf00000| Untracked 
| 112|0x000000008c000000, 0x000000008c000000, 0x000000008c100000|  0%| F|  |TAMS 0x000000008c000000, 0x000000008c000000| Untracked 
| 113|0x000000008c100000, 0x000000008c100000, 0x000000008c200000|  0%| F|  |TAMS 0x000000008c100000, 0x000000008c100000| Untracked 
| 114|0x000000008c200000, 0x000000008c200000, 0x000000008c300000|  0%| F|  |TAMS 0x000000008c200000, 0x000000008c200000| Untracked 
| 115|0x000000008c300000, 0x000000008c300000, 0x000000008c400000|  0%| F|  |TAMS 0x000000008c300000, 0x000000008c300000| Untracked 
| 116|0x000000008c400000, 0x000000008c400000, 0x000000008c500000|  0%| F|  |TAMS 0x000000008c400000, 0x000000008c400000| Untracked 
| 117|0x000000008c500000, 0x000000008c500000, 0x000000008c600000|  0%| F|  |TAMS 0x000000008c500000, 0x000000008c500000| Untracked 
| 118|0x000000008c600000, 0x000000008c600000, 0x000000008c700000|  0%| F|  |TAMS 0x000000008c600000, 0x000000008c600000| Untracked 
| 119|0x000000008c700000, 0x000000008c700000, 0x000000008c800000|  0%| F|  |TAMS 0x000000008c700000, 0x000000008c700000| Untracked 
| 120|0x000000008c800000, 0x000000008c800000, 0x000000008c900000|  0%| F|  |TAMS 0x000000008c800000, 0x000000008c800000| Untracked 
| 121|0x000000008c900000, 0x000000008c900000, 0x000000008ca00000|  0%| F|  |TAMS 0x000000008c900000, 0x000000008c900000| Untracked 
| 122|0x000000008ca00000, 0x000000008ca00000, 0x000000008cb00000|  0%| F|  |TAMS 0x000000008ca00000, 0x000000008ca00000| Untracked 
| 123|0x000000008cb00000, 0x000000008cb00000, 0x000000008cc00000|  0%| F|  |TAMS 0x000000008cb00000, 0x000000008cb00000| Untracked 
| 124|0x000000008cc00000, 0x000000008cc00000, 0x000000008cd00000|  0%| F|  |TAMS 0x000000008cc00000, 0x000000008cc00000| Untracked 
| 125|0x000000008cd00000, 0x000000008cd00000, 0x000000008ce00000|  0%| F|  |TAMS 0x000000008cd00000, 0x000000008cd00000| Untracked 
| 126|0x000000008ce00000, 0x000000008ce00000, 0x000000008cf00000|  0%| F|  |TAMS 0x000000008ce00000, 0x000000008ce00000| Untracked 
| 127|0x000000008cf00000, 0x000000008cf00000, 0x000000008d000000|  0%| F|  |TAMS 0x000000008cf00000, 0x000000008cf00000| Untracked 
| 128|0x000000008d000000, 0x000000008d000000, 0x000000008d100000|  0%| F|  |TAMS 0x000000008d000000, 0x000000008d000000| Untracked 
| 129|0x000000008d100000, 0x000000008d100000, 0x000000008d200000|  0%| F|  |TAMS 0x000000008d100000, 0x000000008d100000| Untracked 
| 130|0x000000008d200000, 0x000000008d200000, 0x000000008d300000|  0%| F|  |TAMS 0x000000008d200000, 0x000000008d200000| Untracked 
| 131|0x000000008d300000, 0x000000008d300000, 0x000000008d400000|  0%| F|  |TAMS 0x000000008d300000, 0x000000008d300000| Untracked 
| 132|0x000000008d400000, 0x000000008d400000, 0x000000008d500000|  0%| F|  |TAMS 0x000000008d400000, 0x000000008d400000| Untracked 
| 133|0x000000008d500000, 0x000000008d500000, 0x000000008d600000|  0%| F|  |TAMS 0x000000008d500000, 0x000000008d500000| Untracked 
| 134|0x000000008d600000, 0x000000008d600000, 0x000000008d700000|  0%| F|  |TAMS 0x000000008d600000, 0x000000008d600000| Untracked 
| 135|0x000000008d700000, 0x000000008d700000, 0x000000008d800000|  0%| F|  |TAMS 0x000000008d700000, 0x000000008d700000| Untracked 
| 136|0x000000008d800000, 0x000000008d800000, 0x000000008d900000|  0%| F|  |TAMS 0x000000008d800000, 0x000000008d800000| Untracked 
| 137|0x000000008d900000, 0x000000008d900000, 0x000000008da00000|  0%| F|  |TAMS 0x000000008d900000, 0x000000008d900000| Untracked 
| 138|0x000000008da00000, 0x000000008da00000, 0x000000008db00000|  0%| F|  |TAMS 0x000000008da00000, 0x000000008da00000| Untracked 
| 139|0x000000008db00000, 0x000000008db00000, 0x000000008dc00000|  0%| F|  |TAMS 0x000000008db00000, 0x000000008db00000| Untracked 
| 140|0x000000008dc00000, 0x000000008dc00000, 0x000000008dd00000|  0%| F|  |TAMS 0x000000008dc00000, 0x000000008dc00000| Untracked 
| 141|0x000000008dd00000, 0x000000008dd00000, 0x000000008de00000|  0%| F|  |TAMS 0x000000008dd00000, 0x000000008dd00000| Untracked 
| 142|0x000000008de00000, 0x000000008de00000, 0x000000008df00000|  0%| F|  |TAMS 0x000000008de00000, 0x000000008de00000| Untracked 
| 143|0x000000008df00000, 0x000000008df00000, 0x000000008e000000|  0%| F|  |TAMS 0x000000008df00000, 0x000000008df00000| Untracked 
| 144|0x000000008e000000, 0x000000008e000000, 0x000000008e100000|  0%| F|  |TAMS 0x000000008e000000, 0x000000008e000000| Untracked 
| 145|0x000000008e100000, 0x000000008e100000, 0x000000008e200000|  0%| F|  |TAMS 0x000000008e100000, 0x000000008e100000| Untracked 
| 146|0x000000008e200000, 0x000000008e200000, 0x000000008e300000|  0%| F|  |TAMS 0x000000008e200000, 0x000000008e200000| Untracked 
| 147|0x000000008e300000, 0x000000008e300000, 0x000000008e400000|  0%| F|  |TAMS 0x000000008e300000, 0x000000008e300000| Untracked 
| 148|0x000000008e400000, 0x000000008e400000, 0x000000008e500000|  0%| F|  |TAMS 0x000000008e400000, 0x000000008e400000| Untracked 
| 149|0x000000008e500000, 0x000000008e500000, 0x000000008e600000|  0%| F|  |TAMS 0x000000008e500000, 0x000000008e500000| Untracked 
| 150|0x000000008e600000, 0x000000008e600000, 0x000000008e700000|  0%| F|  |TAMS 0x000000008e600000, 0x000000008e600000| Untracked 
| 151|0x000000008e700000, 0x000000008e700000, 0x000000008e800000|  0%| F|  |TAMS 0x000000008e700000, 0x000000008e700000| Untracked 
| 152|0x000000008e800000, 0x000000008e800000, 0x000000008e900000|  0%| F|  |TAMS 0x000000008e800000, 0x000000008e800000| Untracked 
| 153|0x000000008e900000, 0x000000008e900000, 0x000000008ea00000|  0%| F|  |TAMS 0x000000008e900000, 0x000000008e900000| Untracked 
| 154|0x000000008ea00000, 0x000000008ea00000, 0x000000008eb00000|  0%| F|  |TAMS 0x000000008ea00000, 0x000000008ea00000| Untracked 
| 155|0x000000008eb00000, 0x000000008eb00000, 0x000000008ec00000|  0%| F|  |TAMS 0x000000008eb00000, 0x000000008eb00000| Untracked 
| 156|0x000000008ec00000, 0x000000008ec00000, 0x000000008ed00000|  0%| F|  |TAMS 0x000000008ec00000, 0x000000008ec00000| Untracked 
| 157|0x000000008ed00000, 0x000000008ed00000, 0x000000008ee00000|  0%| F|  |TAMS 0x000000008ed00000, 0x000000008ed00000| Untracked 
| 158|0x000000008ee00000, 0x000000008ee00000, 0x000000008ef00000|  0%| F|  |TAMS 0x000000008ee00000, 0x000000008ee00000| Untracked 
| 159|0x000000008ef00000, 0x000000008ef00000, 0x000000008f000000|  0%| F|  |TAMS 0x000000008ef00000, 0x000000008ef00000| Untracked 
| 160|0x000000008f000000, 0x000000008f000000, 0x000000008f100000|  0%| F|  |TAMS 0x000000008f000000, 0x000000008f000000| Untracked 
| 161|0x000000008f100000, 0x000000008f100000, 0x000000008f200000|  0%| F|  |TAMS 0x000000008f100000, 0x000000008f100000| Untracked 
| 162|0x000000008f200000, 0x000000008f200000, 0x000000008f300000|  0%| F|  |TAMS 0x000000008f200000, 0x000000008f200000| Untracked 
| 163|0x000000008f300000, 0x000000008f300000, 0x000000008f400000|  0%| F|  |TAMS 0x000000008f300000, 0x000000008f300000| Untracked 
| 164|0x000000008f400000, 0x000000008f400000, 0x000000008f500000|  0%| F|  |TAMS 0x000000008f400000, 0x000000008f400000| Untracked 
| 165|0x000000008f500000, 0x000000008f5c2968, 0x000000008f600000| 76%| E|  |TAMS 0x000000008f500000, 0x000000008f500000| Complete 
| 166|0x000000008f600000, 0x000000008f700000, 0x000000008f700000|100%| E|CS|TAMS 0x000000008f600000, 0x000000008f600000| Complete 
| 167|0x000000008f700000, 0x000000008f800000, 0x000000008f800000|100%| E|CS|TAMS 0x000000008f700000, 0x000000008f700000| Complete 
| 168|0x000000008f800000, 0x000000008f900000, 0x000000008f900000|100%| E|CS|TAMS 0x000000008f800000, 0x000000008f800000| Complete 
| 169|0x000000008f900000, 0x000000008fa00000, 0x000000008fa00000|100%| E|CS|TAMS 0x000000008f900000, 0x000000008f900000| Complete 
| 170|0x000000008fa00000, 0x000000008fb00000, 0x000000008fb00000|100%| E|CS|TAMS 0x000000008fa00000, 0x000000008fa00000| Complete 
| 171|0x000000008fb00000, 0x000000008fc00000, 0x000000008fc00000|100%| E|CS|TAMS 0x000000008fb00000, 0x000000008fb00000| Complete 
| 172|0x000000008fc00000, 0x000000008fd00000, 0x000000008fd00000|100%| E|CS|TAMS 0x000000008fc00000, 0x000000008fc00000| Complete 
|1966|0x00000000ffe00000, 0x00000000ffe47000, 0x00000000fff00000| 27%|OA|  |TAMS 0x00000000ffe47000, 0x00000000ffe00000| Untracked 
|1967|0x00000000fff00000, 0x00000000fff6b000, 0x0000000100000000| 41%|CA|  |TAMS 0x00000000fff6b000, 0x00000000fff00000| Untracked 

Card table byte_map: [0x00007fcf14802000,0x00007fcf14bda000] _byte_map_base: 0x00007fcf143da000

Marking Bits (Prev, Next): (CMBitMap*) 0x00007fcf10056ee8, (CMBitMap*) 0x00007fcf10056f20
 Prev Bits: [0x00007fcef2140000, 0x00007fcef4000000)
 Next Bits: [0x00007fcef0280000, 0x00007fcef2140000)

Polling page: 0x00007fcf17441000

Metaspace:

Usage:
  Non-class:     38,80 MB capacity,    38,06 MB ( 98%) used,   608,60 KB (  2%) free+waste,   147,69 KB ( <1%) overhead. 
      Class:      6,12 MB capacity,     5,62 MB ( 92%) used,   440,81 KB (  7%) free+waste,    70,50 KB (  1%) overhead. 
       Both:     44,92 MB capacity,    43,68 MB ( 97%) used,     1,02 MB (  2%) free+waste,   218,19 KB ( <1%) overhead. 

Virtual space:
  Non-class space:       40,00 MB reserved,      39,00 MB ( 98%) committed 
      Class space:        1,00 GB reserved,       6,25 MB ( <1%) committed 
             Both:        1,04 GB reserved,      45,25 MB (  4%) committed 

Chunk freelists:
   Non-Class:  196,00 KB
       Class:  2,00 KB
        Both:  198,00 KB

MaxMetaspaceSize: unlimited
CompressedClassSpaceSize: 1,00 GB

CodeHeap 'non-profiled nmethods': size=120032Kb used=2286Kb max_used=2286Kb free=117745Kb
 bounds [0x00007fcf00340000, 0x00007fcf005b0000, 0x00007fcf07878000]
CodeHeap 'profiled nmethods': size=120028Kb used=8656Kb max_used=8656Kb free=111371Kb
 bounds [0x00007fcef8e09000, 0x00007fcef9689000, 0x00007fcf00340000]
CodeHeap 'non-nmethods': size=5700Kb used=1196Kb max_used=1250Kb free=4503Kb
 bounds [0x00007fcef8878000, 0x00007fcef8ae8000, 0x00007fcef8e09000]
 total_blobs=5089 nmethods=4524 adapters=477
 compilation: enabled
              stopped_count=0, restarted_count=0
 full_count=0

Compilation events (20 events):
Event: 9,611 Thread 0x00007fcec009e000 nmethod 4452 0x00007fcf0056cb10 code [0x00007fcf0056ccc0, 0x00007fcf0056cde8]
Event: 9,867 Thread 0x00007fcf10194800 nmethod 4445% 0x00007fcf0056d010 code [0x00007fcf0056d620, 0x00007fcf005769b8]
Event: 10,440 Thread 0x00007fcf10196800 4620       3       java.util.zip.ZipUtils::CENEXT (9 bytes)
Event: 10,440 Thread 0x00007fcf10196800 nmethod 4620 0x00007fcef967b310 code [0x00007fcef967b4c0, 0x00007fcef967b650]
Event: 10,440 Thread 0x00007fcf10196800 4621       3       java.util.zip.ZipUtils::CENCOM (9 bytes)
Event: 10,440 Thread 0x00007fcf10196800 nmethod 4621 0x00007fcef967b790 code [0x00007fcef967b940, 0x00007fcef967bad0]
Event: 10,440 Thread 0x00007fcf10196800 4622       3       java.util.zip.ZipUtils::CENFLG (9 bytes)
Event: 10,441 Thread 0x00007fcf10196800 nmethod 4622 0x00007fcef967bc10 code [0x00007fcef967bdc0, 0x00007fcef967bf50]
Event: 10,441 Thread 0x00007fcf10196800 4623       3       java.util.zip.ZipUtils::CENSIG (8 bytes)
Event: 10,441 Thread 0x00007fcf10196800 nmethod 4623 0x00007fcef967c090 code [0x00007fcef967c260, 0x00007fcef967c510]
Event: 10,441 Thread 0x00007fcf10196800 4624       3       java.util.zip.ZipFile$Source::addEntry (33 bytes)
Event: 10,441 Thread 0x00007fcf10196800 nmethod 4624 0x00007fcef967c690 code [0x00007fcef967c840, 0x00007fcef967c9d0]
Event: 10,441 Thread 0x00007fcf10196800 4625       3       java.util.zip.ZipFile$Source::isMetaName (141 bytes)
Event: 10,442 Thread 0x00007fcf10196800 nmethod 4625 0x00007fcef967cb10 code [0x00007fcef967cce0, 0x00007fcef967d1d0]
Event: 15,284 Thread 0x00007fcf10194800 4626   !   4       org.springframework.boot.loader.jar.Handler::openConnection (46 bytes)
Event: 15,285 Thread 0x00007fcf10196800 4627       1       java.lang.Module::getName (5 bytes)
Event: 15,285 Thread 0x00007fcf10196800 nmethod 4627 0x00007fcf0057a510 code [0x00007fcf0057a6c0, 0x00007fcf0057a790]
Event: 15,312 Thread 0x00007fcf10194800 nmethod 4626 0x00007fcf0057a810 code [0x00007fcf0057aa00, 0x00007fcf0057b070]
Event: 25,442 Thread 0x00007fcf10194800 4628   !   4       java.util.zip.ZipFile$Source::checkUTF8 (43 bytes)
Event: 25,445 Thread 0x00007fcf10194800 nmethod 4628 0x00007fcf0057b610 code [0x00007fcf0057b7a0, 0x00007fcf0057b978]

GC Heap History (16 events):
Event: 0,386 GC heap before
{Heap before GC invocations=0 (full 0):
 garbage-first heap   total 129024K, used 25288K [0x0000000085000000, 0x0000000100000000)
  region size 1024K, 24 young (24576K), 0 survivors (0K)
 Metaspace       used 1814K, capacity 5271K, committed 5376K, reserved 1056768K
  class space    used 168K, capacity 483K, committed 512K, reserved 1048576K
}
Event: 0,399 GC heap after
{Heap after GC invocations=1 (full 0):
 garbage-first heap   total 129024K, used 2232K [0x0000000085000000, 0x0000000100000000)
  region size 1024K, 2 young (2048K), 2 survivors (2048K)
 Metaspace       used 1814K, capacity 5271K, committed 5376K, reserved 1056768K
  class space    used 168K, capacity 483K, committed 512K, reserved 1048576K
}
Event: 1,586 GC heap before
{Heap before GC invocations=1 (full 0):
 garbage-first heap   total 129024K, used 74936K [0x0000000085000000, 0x0000000100000000)
  region size 1024K, 74 young (75776K), 2 survivors (2048K)
 Metaspace       used 8308K, capacity 9580K, committed 9728K, reserved 1058816K
  class space    used 1032K, capacity 1232K, committed 1280K, reserved 1048576K
}
Event: 1,600 GC heap after
{Heap after GC invocations=2 (full 0):
 garbage-first heap   total 129024K, used 4800K [0x0000000085000000, 0x0000000100000000)
  region size 1024K, 4 young (4096K), 4 survivors (4096K)
 Metaspace       used 8308K, capacity 9580K, committed 9728K, reserved 1058816K
  class space    used 1032K, capacity 1232K, committed 1280K, reserved 1048576K
}
Event: 2,074 GC heap before
{Heap before GC invocations=2 (full 0):
 garbage-first heap   total 129024K, used 75456K [0x0000000085000000, 0x0000000100000000)
  region size 1024K, 74 young (75776K), 4 survivors (4096K)
 Metaspace       used 14308K, capacity 14955K, committed 15104K, reserved 1062912K
  class space    used 1746K, capacity 1982K, committed 2048K, reserved 1048576K
}
Event: 2,089 GC heap after
{Heap after GC invocations=3 (full 0):
 garbage-first heap   total 129024K, used 5806K [0x0000000085000000, 0x0000000100000000)
  region size 1024K, 5 young (5120K), 5 survivors (5120K)
 Metaspace       used 14308K, capacity 14955K, committed 15104K, reserved 1062912K
  class space    used 1746K, capacity 1982K, committed 2048K, reserved 1048576K
}
Event: 3,042 GC heap before
{Heap before GC invocations=3 (full 0):
 garbage-first heap   total 129024K, used 75438K [0x0000000085000000, 0x0000000100000000)
  region size 1024K, 74 young (75776K), 5 survivors (5120K)
 Metaspace       used 17488K, capacity 18177K, committed 18304K, reserved 1064960K
  class space    used 2130K, capacity 2396K, committed 2432K, reserved 1048576K
}
Event: 3,062 GC heap after
{Heap after GC invocations=4 (full 0):
 garbage-first heap   total 129024K, used 7732K [0x0000000085000000, 0x0000000100000000)
  region size 1024K, 7 young (7168K), 7 survivors (7168K)
 Metaspace       used 17488K, capacity 18177K, committed 18304K, reserved 1064960K
  class space    used 2130K, capacity 2396K, committed 2432K, reserved 1048576K
}
Event: 3,903 GC heap before
{Heap before GC invocations=4 (full 0):
 garbage-first heap   total 129024K, used 42548K [0x0000000085000000, 0x0000000100000000)
  region size 1024K, 42 young (43008K), 7 survivors (7168K)
 Metaspace       used 20542K, capacity 21237K, committed 21248K, reserved 1067008K
  class space    used 2524K, capacity 2812K, committed 2816K, reserved 1048576K
}
Event: 3,937 GC heap after
{Heap after GC invocations=5 (full 0):
 garbage-first heap   total 179200K, used 8515K [0x0000000085000000, 0x0000000100000000)
  region size 1024K, 4 young (4096K), 4 survivors (4096K)
 Metaspace       used 20542K, capacity 21237K, committed 21248K, reserved 1067008K
  class space    used 2524K, capacity 2812K, committed 2816K, reserved 1048576K
}
Event: 6,161 GC heap before
{Heap before GC invocations=6 (full 0):
 garbage-first heap   total 179200K, used 103747K [0x0000000085000000, 0x0000000100000000)
  region size 1024K, 97 young (99328K), 4 survivors (4096K)
 Metaspace       used 29390K, capacity 30464K, committed 30844K, reserved 1075200K
  class space    used 3693K, capacity 4128K, committed 4220K, reserved 1048576K
}
Event: 6,192 GC heap after
{Heap after GC invocations=7 (full 0):
 garbage-first heap   total 179200K, used 12107K [0x0000000085000000, 0x0000000100000000)
  region size 1024K, 8 young (8192K), 8 survivors (8192K)
 Metaspace       used 29390K, capacity 30464K, committed 30844K, reserved 1075200K
  class space    used 3693K, capacity 4128K, committed 4220K, reserved 1048576K
}
Event: 7,386 GC heap before
{Heap before GC invocations=7 (full 0):
 garbage-first heap   total 179200K, used 65355K [0x0000000085000000, 0x0000000100000000)
  region size 1024K, 61 young (62464K), 8 survivors (8192K)
 Metaspace       used 34575K, capacity 35635K, committed 35964K, reserved 1081344K
  class space    used 4457K, capacity 4870K, committed 4988K, reserved 1048576K
}
Event: 7,411 GC heap after
{Heap after GC invocations=8 (full 0):
 garbage-first heap   total 179200K, used 13378K [0x0000000085000000, 0x0000000100000000)
  region size 1024K, 8 young (8192K), 8 survivors (8192K)
 Metaspace       used 34575K, capacity 35635K, committed 35964K, reserved 1081344K
  class space    used 4457K, capacity 4870K, committed 4988K, reserved 1048576K
}
Event: 9,341 GC heap before
{Heap before GC invocations=9 (full 0):
 garbage-first heap   total 179200K, used 112706K [0x0000000085000000, 0x0000000100000000)
  region size 1024K, 105 young (107520K), 8 survivors (8192K)
 Metaspace       used 44170K, capacity 45387K, committed 45948K, reserved 1089536K
  class space    used 5674K, capacity 6151K, committed 6268K, reserved 1048576K
}
Event: 9,383 GC heap after
{Heap after GC invocations=10 (full 0):
 garbage-first heap   total 179200K, used 17583K [0x0000000085000000, 0x0000000100000000)
  region size 1024K, 11 young (11264K), 11 survivors (11264K)
 Metaspace       used 44170K, capacity 45387K, committed 45948K, reserved 1089536K
  class space    used 5674K, capacity 6151K, committed 6268K, reserved 1048576K
}

Deoptimization events (20 events):
Event: 9,490 Thread 0x00007fcf10016000 Uncommon trap: trap_request=0xffffff4d fr.pc=0x00007fcf0037f3b0 relative=0x00000000000010d0
Event: 9,490 Thread 0x00007fcf10016000 Uncommon trap: reason=unstable_if action=reinterpret pc=0x00007fcf0037f3b0 method=org.springframework.boot.loader.jar.JarFileEntries.getEntry(ILjava/lang/CharSequence;CLjava/lang/Class;ZLorg/springframework/boot/loader/jar/AsciiBytes;)Lorg/springframework
Event: 9,490 Thread 0x00007fcf10016000 DEOPT PACKING pc=0x00007fcf0037f3b0 sp=0x00007fcf15c06160
Event: 9,490 Thread 0x00007fcf10016000 DEOPT UNPACKING pc=0x00007fcef889d925 sp=0x00007fcf15c06158 mode 2
Event: 10,439 Thread 0x00007fcf10c73800 Uncommon trap: trap_request=0xfffffff4 fr.pc=0x00007fcf00490c08 relative=0x0000000000006268
Event: 10,439 Thread 0x00007fcf10c73800 Uncommon trap: reason=null_check action=make_not_entrant pc=0x00007fcf00490c08 method=java.util.zip.ZipFile$Source.get(Ljava/io/File;ZLjava/util/zip/ZipCoder;)Ljava/util/zip/ZipFile$Source; @ 51 c2
Event: 10,439 Thread 0x00007fcf10c73800 DEOPT PACKING pc=0x00007fcf00490c08 sp=0x00007fce9effae20
Event: 10,439 Thread 0x00007fcf10c73800 DEOPT UNPACKING pc=0x00007fcef889d925 sp=0x00007fce9effa910 mode 2
Event: 10,440 Thread 0x00007fcf10c73800 Uncommon trap: trap_request=0xffffff4d fr.pc=0x00007fcf00448fa8 relative=0x0000000000000a28
Event: 10,440 Thread 0x00007fcf10c73800 Uncommon trap: reason=unstable_if action=reinterpret pc=0x00007fcf00448fa8 method=java.util.zip.ZipFile$Source.release(Ljava/util/zip/ZipFile$Source;)V @ 21 c2
Event: 10,440 Thread 0x00007fcf10c73800 DEOPT PACKING pc=0x00007fcf00448fa8 sp=0x00007fce9effacd0
Event: 10,440 Thread 0x00007fcf10c73800 DEOPT UNPACKING pc=0x00007fcef889d925 sp=0x00007fce9effabd0 mode 2
Event: 15,441 Thread 0x00007fcf10c73800 Uncommon trap: trap_request=0xfffffff4 fr.pc=0x00007fcf004a64fc relative=0x00000000000070fc
Event: 15,441 Thread 0x00007fcf10c73800 Uncommon trap: reason=null_check action=make_not_entrant pc=0x00007fcf004a64fc method=java.util.zip.ZipFile$Source.get(Ljava/io/File;ZLjava/util/zip/ZipCoder;)Ljava/util/zip/ZipFile$Source; @ 51 c2
Event: 15,441 Thread 0x00007fcf10c73800 DEOPT PACKING pc=0x00007fcf004a64fc sp=0x00007fce9effadb0
Event: 15,441 Thread 0x00007fcf10c73800 DEOPT UNPACKING pc=0x00007fcef889d925 sp=0x00007fce9effa930 mode 2
Event: 15,441 Thread 0x00007fcf10c73800 Uncommon trap: trap_request=0xffffff4d fr.pc=0x00007fcf00413168 relative=0x0000000000000228
Event: 15,441 Thread 0x00007fcf10c73800 Uncommon trap: reason=unstable_if action=reinterpret pc=0x00007fcf00413168 method=java.util.zip.ZipFile$Source.release(Ljava/util/zip/ZipFile$Source;)V @ 21 c2
Event: 15,441 Thread 0x00007fcf10c73800 DEOPT PACKING pc=0x00007fcf00413168 sp=0x00007fce9effac40
Event: 15,441 Thread 0x00007fcf10c73800 DEOPT UNPACKING pc=0x00007fcef889d925 sp=0x00007fce9effabe0 mode 2

Classes redefined (0 events):
No events

Internal exceptions (20 events):
Event: 9,540 Thread 0x00007fcf10016000 Exception <a 'java/io/IOException'{0x000000008f653490}> (0x000000008f653490) thrown at [src/hotspot/share/prims/jni.cpp, line 615]
Event: 9,540 Thread 0x00007fcf10016000 Exception <a 'java/io/IOException'{0x000000008f653be8}> (0x000000008f653be8) thrown at [src/hotspot/share/prims/jni.cpp, line 615]
Event: 9,540 Thread 0x00007fcf10016000 Exception <a 'java/io/IOException'{0x000000008f653f28}> (0x000000008f653f28) thrown at [src/hotspot/share/prims/jni.cpp, line 615]
Event: 9,540 Thread 0x00007fcf10016000 Exception <a 'java/io/IOException'{0x000000008f654238}> (0x000000008f654238) thrown at [src/hotspot/share/prims/jni.cpp, line 615]
Event: 9,540 Thread 0x00007fcf10016000 Exception <a 'java/io/IOException'{0x000000008f654980}> (0x000000008f654980) thrown at [src/hotspot/share/prims/jni.cpp, line 615]
Event: 9,540 Thread 0x00007fcf10016000 Exception <a 'java/io/IOException'{0x000000008f654cc0}> (0x000000008f654cc0) thrown at [src/hotspot/share/prims/jni.cpp, line 615]
Event: 9,540 Thread 0x00007fcf10016000 Exception <a 'java/io/IOException'{0x000000008f654fd0}> (0x000000008f654fd0) thrown at [src/hotspot/share/prims/jni.cpp, line 615]
Event: 9,540 Thread 0x00007fcf10016000 Exception <a 'java/io/IOException'{0x000000008f655698}> (0x000000008f655698) thrown at [src/hotspot/share/prims/jni.cpp, line 615]
Event: 9,540 Thread 0x00007fcf10016000 Exception <a 'java/io/IOException'{0x000000008f6559d8}> (0x000000008f6559d8) thrown at [src/hotspot/share/prims/jni.cpp, line 615]
Event: 9,540 Thread 0x00007fcf10016000 Exception <a 'java/io/IOException'{0x000000008f655ce8}> (0x000000008f655ce8) thrown at [src/hotspot/share/prims/jni.cpp, line 615]
Event: 9,540 Thread 0x00007fcf10016000 Exception <a 'java/io/IOException'{0x000000008f656430}> (0x000000008f656430) thrown at [src/hotspot/share/prims/jni.cpp, line 615]
Event: 9,540 Thread 0x00007fcf10016000 Exception <a 'java/io/IOException'{0x000000008f656770}> (0x000000008f656770) thrown at [src/hotspot/share/prims/jni.cpp, line 615]
Event: 9,540 Thread 0x00007fcf10016000 Exception <a 'java/io/IOException'{0x000000008f656a80}> (0x000000008f656a80) thrown at [src/hotspot/share/prims/jni.cpp, line 615]
Event: 9,540 Thread 0x00007fcf10016000 Exception <a 'java/io/IOException'{0x000000008f656e30}> (0x000000008f656e30) thrown at [src/hotspot/share/prims/jni.cpp, line 615]
Event: 9,540 Thread 0x00007fcf10016000 Exception <a 'java/io/IOException'{0x000000008f657170}> (0x000000008f657170) thrown at [src/hotspot/share/prims/jni.cpp, line 615]
Event: 9,540 Thread 0x00007fcf10016000 Exception <a 'java/io/IOException'{0x000000008f657480}> (0x000000008f657480) thrown at [src/hotspot/share/prims/jni.cpp, line 615]
Event: 15,284 Thread 0x00007fce98004000 Exception <a 'java/lang/NoClassDefFoundError'{0x000000008f590820}: org/apache/catalina/webresources/Cache$EvictionOrder> (0x000000008f590820) thrown at [src/hotspot/share/classfile/systemDictionary.cpp, line 220]
Event: 15,284 Thread 0x00007fce98004000 Exception <a 'java/lang/NoClassDefFoundError'{0x000000008f591728}: ch/qos/logback/classic/spi/ThrowableProxy> (0x000000008f591728) thrown at [src/hotspot/share/oops/constantPool.cpp, line 775]
Event: 15,285 Thread 0x00007fce98004000 Exception <a 'java/lang/NoClassDefFoundError'{0x000000008f5920a0}: ch/qos/logback/classic/spi/ThrowableProxy> (0x000000008f5920a0) thrown at [src/hotspot/share/oops/constantPool.cpp, line 775]
Event: 15,285 Thread 0x00007fce98004000 Exception <a 'java/lang/NoClassDefFoundError'{0x000000008f5929e8}: ch/qos/logback/classic/spi/ThrowableProxy> (0x000000008f5929e8) thrown at [src/hotspot/share/oops/constantPool.cpp, line 775]

Events (20 events):
Event: 9,535 loading class ch/qos/logback/classic/spi/ThrowableProxy
Event: 9,535 loading class ch/qos/logback/classic/spi/ThrowableProxy done
Event: 9,535 loading class java/lang/Throwable$WrappedPrintStream
Event: 9,535 loading class java/lang/Throwable$PrintStreamOrWriter
Event: 9,535 loading class java/lang/Throwable$PrintStreamOrWriter done
Event: 9,535 loading class java/lang/Throwable$WrappedPrintStream done
Event: 9,541 Thread 0x00007fcf10016000 Thread exited: 0x00007fcf10016000
Event: 9,541 Protecting memory [0x00007fcf15b0d000,0x00007fcf15b11000] with protection modes 0
Event: 9,541 Thread 0x00007fcf10016000 Thread added: 0x00007fcf10016000
Event: 10,440 Thread 0x00007fcec009e000 Thread exited: 0x00007fcec009e000
Event: 10,440 Executing VM operation: RevokeBias
Event: 10,440 Executing VM operation: RevokeBias done
Event: 15,283 Executing VM operation: RevokeBias
Event: 15,283 Executing VM operation: RevokeBias done
Event: 15,283 Executing VM operation: RevokeBias
Event: 15,283 Executing VM operation: RevokeBias done
Event: 15,283 loading class org/apache/catalina/webresources/Cache$EvictionOrder
Event: 15,283 loading class org/apache/catalina/webresources/Cache$EvictionOrder done
Event: 15,284 Executing VM operation: RevokeBias
Event: 15,284 Executing VM operation: RevokeBias done


Dynamic libraries:
85000000-8fd00000 rw-p 00000000 00:00 0 
8fd00000-ffe00000 ---p 00000000 00:00 0 
ffe00000-ffe47000 rw-p 01111000 08:02 8526583                            /usr/lib/jvm/java-11-openjdk-amd64/lib/server/classes.jsa
ffe47000-fff00000 rw-p 00000000 00:00 0 
fff00000-fff6b000 rw-p 010a6000 08:02 8526583                            /usr/lib/jvm/java-11-openjdk-amd64/lib/server/classes.jsa
fff6b000-100000000 rw-p 00000000 00:00 0 
800000000-800002000 rwxp 00001000 08:02 8526583                          /usr/lib/jvm/java-11-openjdk-amd64/lib/server/classes.jsa
800002000-8003b9000 rw-p 00003000 08:02 8526583                          /usr/lib/jvm/java-11-openjdk-amd64/lib/server/classes.jsa
8003b9000-800a96000 r--p 003ba000 08:02 8526583                          /usr/lib/jvm/java-11-openjdk-amd64/lib/server/classes.jsa
800a96000-800a97000 rw-p 00a97000 08:02 8526583                          /usr/lib/jvm/java-11-openjdk-amd64/lib/server/classes.jsa
800a97000-8010a5000 r--p 00a98000 08:02 8526583                          /usr/lib/jvm/java-11-openjdk-amd64/lib/server/classes.jsa
840000000-84063f000 rw-p 00000000 00:00 0 
84063f000-880000000 ---p 00000000 00:00 0 
5618f0f3c000-5618f0f3d000 r--p 00000000 08:02 8519956                    /usr/lib/jvm/java-11-openjdk-amd64/bin/java
5618f0f3d000-5618f0f3e000 r-xp 00001000 08:02 8519956                    /usr/lib/jvm/java-11-openjdk-amd64/bin/java
5618f0f3e000-5618f0f3f000 r--p 00002000 08:02 8519956                    /usr/lib/jvm/java-11-openjdk-amd64/bin/java
5618f0f3f000-5618f0f40000 r--p 00002000 08:02 8519956                    /usr/lib/jvm/java-11-openjdk-amd64/bin/java
5618f0f40000-5618f0f41000 rw-p 00003000 08:02 8519956                    /usr/lib/jvm/java-11-openjdk-amd64/bin/java
5618f24ab000-5618f24fa000 rw-p 00000000 00:00 0                          [heap]
7fce70000000-7fce70021000 rw-p 00000000 00:00 0 
7fce70021000-7fce74000000 ---p 00000000 00:00 0 
7fce74000000-7fce74021000 rw-p 00000000 00:00 0 
7fce74021000-7fce78000000 ---p 00000000 00:00 0 
7fce78000000-7fce78021000 rw-p 00000000 00:00 0 
7fce78021000-7fce7c000000 ---p 00000000 00:00 0 
7fce7c000000-7fce7c021000 rw-p 00000000 00:00 0 
7fce7c021000-7fce80000000 ---p 00000000 00:00 0 
7fce80000000-7fce80021000 rw-p 00000000 00:00 0 
7fce80021000-7fce84000000 ---p 00000000 00:00 0 
7fce84000000-7fce84021000 rw-p 00000000 00:00 0 
7fce84021000-7fce88000000 ---p 00000000 00:00 0 
7fce88000000-7fce88021000 rw-p 00000000 00:00 0 
7fce88021000-7fce8c000000 ---p 00000000 00:00 0 
7fce8c000000-7fce8c021000 rw-p 00000000 00:00 0 
7fce8c021000-7fce90000000 ---p 00000000 00:00 0 
7fce90000000-7fce90021000 rw-p 00000000 00:00 0 
7fce90021000-7fce94000000 ---p 00000000 00:00 0 
7fce94000000-7fce94021000 rw-p 00000000 00:00 0 
7fce94021000-7fce98000000 ---p 00000000 00:00 0 
7fce98000000-7fce98021000 rw-p 00000000 00:00 0 
7fce98021000-7fce9c000000 ---p 00000000 00:00 0 
7fce9d7f2000-7fce9d7f6000 ---p 00000000 00:00 0 
7fce9d7f6000-7fce9d9f3000 rw-p 00000000 00:00 0 
7fce9d9f3000-7fce9daf3000 ---p 00000000 00:00 0 
7fce9daf3000-7fce9dcf3000 rw-p 00000000 00:00 0 
7fce9dcf3000-7fce9dcf7000 ---p 00000000 00:00 0 
7fce9dcf7000-7fce9dff4000 rw-p 00000000 00:00 0 
7fce9dff4000-7fce9dff8000 ---p 00000000 00:00 0 
7fce9dff8000-7fce9e2f5000 rw-p 00000000 00:00 0 
7fce9e2f5000-7fce9e4f5000 rw-p 00000000 00:00 0 
7fce9e4f5000-7fce9e6f5000 rw-p 00000000 00:00 0 
7fce9e6f5000-7fce9e8f5000 rw-p 00000000 00:00 0 
7fce9e8f5000-7fce9e8f6000 ---p 00000000 00:00 0 
7fce9e8f6000-7fce9e9f7000 rw-p 00000000 00:00 0 
7fce9e9f7000-7fce9e9f8000 ---p 00000000 00:00 0 
7fce9e9f8000-7fce9eaf9000 rw-p 00000000 00:00 0 
7fce9eaf9000-7fce9eafa000 ---p 00000000 00:00 0 
7fce9eafa000-7fce9ebfb000 rw-p 00000000 00:00 0 
7fce9ebfb000-7fce9ebfc000 ---p 00000000 00:00 0 
7fce9ebfc000-7fce9eefd000 rw-p 00000000 00:00 0 
7fce9eefd000-7fce9ef01000 ---p 00000000 00:00 0 
7fce9ef01000-7fce9effe000 rw-p 00000000 00:00 0 
7fce9effe000-7fce9f002000 ---p 00000000 00:00 0 
7fce9f002000-7fce9f0ff000 rw-p 00000000 00:00 0 
7fce9f0ff000-7fce9f103000 ---p 00000000 00:00 0 
7fce9f103000-7fce9f400000 rw-p 00000000 00:00 0 
7fce9f400000-7fce9f600000 rw-p 00000000 00:00 0 
7fce9f600000-7fce9f800000 rw-p 00000000 00:00 0 
7fce9f800000-7fce9fa00000 rw-p 00000000 00:00 0 
7fce9fa00000-7fce9fc00000 rw-p 00000000 00:00 0 
7fce9fc00000-7fce9fe00000 rw-p 00000000 00:00 0 
7fce9fe00000-7fcea0000000 rw-p 00000000 00:00 0 
7fcea0000000-7fcea044a000 rw-p 00000000 00:00 0 
7fcea044a000-7fcea4000000 ---p 00000000 00:00 0 
7fcea4000000-7fcea4021000 rw-p 00000000 00:00 0 
7fcea4021000-7fcea8000000 ---p 00000000 00:00 0 
7fcea8000000-7fcea8021000 rw-p 00000000 00:00 0 
7fcea8021000-7fceac000000 ---p 00000000 00:00 0 
7fceac000000-7fceac021000 rw-p 00000000 00:00 0 
7fceac021000-7fceb0000000 ---p 00000000 00:00 0 
7fceb0000000-7fceb0021000 rw-p 00000000 00:00 0 
7fceb0021000-7fceb4000000 ---p 00000000 00:00 0 
7fceb4000000-7fceb5342000 rw-p 00000000 00:00 0 
7fceb5342000-7fceb8000000 ---p 00000000 00:00 0 
7fceb8000000-7fceb8021000 rw-p 00000000 00:00 0 
7fceb8021000-7fcebc000000 ---p 00000000 00:00 0 
7fcebc000000-7fcebc021000 rw-p 00000000 00:00 0 
7fcebc021000-7fcec0000000 ---p 00000000 00:00 0 
7fcec0000000-7fcec1552000 rw-p 00000000 00:00 0 
7fcec1552000-7fcec4000000 ---p 00000000 00:00 0 
7fcec4000000-7fcec4b27000 rw-p 00000000 00:00 0 
7fcec4b27000-7fcec8000000 ---p 00000000 00:00 0 
7fcec8000000-7fcec8021000 rw-p 00000000 00:00 0 
7fcec8021000-7fcecc000000 ---p 00000000 00:00 0 
7fcecc000000-7fcecc021000 rw-p 00000000 00:00 0 
7fcecc021000-7fced0000000 ---p 00000000 00:00 0 
7fced0000000-7fced0021000 rw-p 00000000 00:00 0 
7fced0021000-7fced4000000 ---p 00000000 00:00 0 
7fced4000000-7fced4021000 rw-p 00000000 00:00 0 
7fced4021000-7fced8000000 ---p 00000000 00:00 0 
7fced8000000-7fced8021000 rw-p 00000000 00:00 0 
7fced8021000-7fcedc000000 ---p 00000000 00:00 0 
7fcedc000000-7fcedc29f000 rw-p 00000000 00:00 0 
7fcedc29f000-7fcee0000000 ---p 00000000 00:00 0 
7fcee0000000-7fcee0021000 rw-p 00000000 00:00 0 
7fcee0021000-7fcee4000000 ---p 00000000 00:00 0 
7fcee4000000-7fcee4021000 rw-p 00000000 00:00 0 
7fcee4021000-7fcee8000000 ---p 00000000 00:00 0 
7fcee8079000-7fcee807a000 ---p 00000000 00:00 0 
7fcee807a000-7fcee817b000 rw-p 00000000 00:00 0 
7fcee817b000-7fcee817c000 ---p 00000000 00:00 0 
7fcee817c000-7fcee827d000 rw-p 00000000 00:00 0 
7fcee827d000-7fcee8281000 ---p 00000000 00:00 0 
7fcee8281000-7fcee857e000 rw-p 00000000 00:00 0 
7fcee857e000-7fcee857f000 ---p 00000000 00:00 0 
7fcee857f000-7fcee8680000 rw-p 00000000 00:00 0 
7fcee8680000-7fcee8681000 ---p 00000000 00:00 0 
7fcee8681000-7fcee8782000 rw-p 00000000 00:00 0 
7fcee8782000-7fcee8786000 ---p 00000000 00:00 0 
7fcee8786000-7fcee8883000 rw-p 00000000 00:00 0 
7fcee8883000-7fcee8887000 ---p 00000000 00:00 0 
7fcee8887000-7fcee8984000 rw-p 00000000 00:00 0 
7fcee8984000-7fcee8985000 ---p 00000000 00:00 0 
7fcee8985000-7fcee8a86000 rw-p 00000000 00:00 0 
7fcee8a86000-7fcee8a8a000 ---p 00000000 00:00 0 
7fcee8a8a000-7fcee8b87000 rw-p 00000000 00:00 0 
7fcee8b87000-7fcee8b8b000 ---p 00000000 00:00 0 
7fcee8b8b000-7fcee8c88000 rw-p 00000000 00:00 0 
7fcee8c88000-7fcee8c8c000 ---p 00000000 00:00 0 
7fcee8c8c000-7fcee8d89000 rw-p 00000000 00:00 0 
7fcee8d89000-7fcee8d8d000 ---p 00000000 00:00 0 
7fcee8d8d000-7fcee8e8a000 rw-p 00000000 00:00 0 
7fcee8e8a000-7fcee8e8e000 ---p 00000000 00:00 0 
7fcee8e8e000-7fcee8f8b000 rw-p 00000000 00:00 0 
7fcee8f8b000-7fcee94fc000 r--p 00000000 08:02 8390692                    /usr/lib/locale/locale-archive
7fcee94fc000-7fcee9500000 ---p 00000000 00:00 0 
7fcee9500000-7fcee95fd000 rw-p 00000000 00:00 0 
7fcee95fd000-7fcee9601000 ---p 00000000 00:00 0 
7fcee9601000-7fcee96fe000 rw-p 00000000 00:00 0 
7fcee96fe000-7fcee96ff000 ---p 00000000 00:00 0 
7fcee96ff000-7fceec000000 rw-p 00000000 00:00 0 
7fceec000000-7fceec021000 rw-p 00000000 00:00 0 
7fceec021000-7fcef0000000 ---p 00000000 00:00 0 
7fcef00fd000-7fcef017e000 rw-p 00000000 00:00 0 
7fcef017e000-7fcef017f000 ---p 00000000 00:00 0 
7fcef017f000-7fcef0534000 rw-p 00000000 00:00 0 
7fcef0534000-7fcef2138000 ---p 00000000 00:00 0 
7fcef2138000-7fcef23f4000 rw-p 00000000 00:00 0 
7fcef23f4000-7fcef3ff8000 ---p 00000000 00:00 0 
7fcef3ff8000-7fcef4000000 rw-p 00000000 00:00 0 
7fcef4000000-7fcef4021000 rw-p 00000000 00:00 0 
7fcef4021000-7fcef8000000 ---p 00000000 00:00 0 
7fcef803d000-7fcef8045000 r--p 00000000 08:02 8520875                    /usr/lib/jvm/java-11-openjdk-amd64/lib/libsunec.so
7fcef8045000-7fcef805e000 r-xp 00008000 08:02 8520875                    /usr/lib/jvm/java-11-openjdk-amd64/lib/libsunec.so
7fcef805e000-7fcef8068000 r--p 00021000 08:02 8520875                    /usr/lib/jvm/java-11-openjdk-amd64/lib/libsunec.so
7fcef8068000-7fcef8069000 ---p 0002b000 08:02 8520875                    /usr/lib/jvm/java-11-openjdk-amd64/lib/libsunec.so
7fcef8069000-7fcef806d000 r--p 0002b000 08:02 8520875                    /usr/lib/jvm/java-11-openjdk-amd64/lib/libsunec.so
7fcef806d000-7fcef806f000 rw-p 0002f000 08:02 8520875                    /usr/lib/jvm/java-11-openjdk-amd64/lib/libsunec.so
7fcef806f000-7fcef8070000 ---p 00000000 00:00 0 
7fcef8070000-7fcef8878000 rw-p 00000000 00:00 0 
7fcef8878000-7fcef8ae8000 rwxp 00000000 00:00 0 
7fcef8ae8000-7fcef8e09000 ---p 00000000 00:00 0 
7fcef8e09000-7fcef9689000 rwxp 00000000 00:00 0 
7fcef9689000-7fcf00340000 ---p 00000000 00:00 0 
7fcf00340000-7fcf005b0000 rwxp 00000000 00:00 0 
7fcf005b0000-7fcf07878000 ---p 00000000 00:00 0 
7fcf07878000-7fcf10000000 r--s 00000000 08:02 8520887                    /usr/lib/jvm/java-11-openjdk-amd64/lib/modules
7fcf10000000-7fcf11899000 rw-p 00000000 00:00 0 
7fcf11899000-7fcf14000000 ---p 00000000 00:00 0 
7fcf14010000-7fcf14011000 r--p 00000000 08:02 8520850                    /usr/lib/jvm/java-11-openjdk-amd64/lib/libextnet.so
7fcf14011000-7fcf14012000 r-xp 00001000 08:02 8520850                    /usr/lib/jvm/java-11-openjdk-amd64/lib/libextnet.so
7fcf14012000-7fcf14013000 r--p 00002000 08:02 8520850                    /usr/lib/jvm/java-11-openjdk-amd64/lib/libextnet.so
7fcf14013000-7fcf14014000 r--p 00002000 08:02 8520850                    /usr/lib/jvm/java-11-openjdk-amd64/lib/libextnet.so
7fcf14014000-7fcf14015000 rw-p 00003000 08:02 8520850                    /usr/lib/jvm/java-11-openjdk-amd64/lib/libextnet.so
7fcf14015000-7fcf14017000 r--p 00000000 08:02 8520866                    /usr/lib/jvm/java-11-openjdk-amd64/lib/libmanagement_ext.so
7fcf14017000-7fcf1401a000 r-xp 00002000 08:02 8520866                    /usr/lib/jvm/java-11-openjdk-amd64/lib/libmanagement_ext.so
7fcf1401a000-7fcf1401b000 r--p 00005000 08:02 8520866                    /usr/lib/jvm/java-11-openjdk-amd64/lib/libmanagement_ext.so
7fcf1401b000-7fcf1401c000 ---p 00006000 08:02 8520866                    /usr/lib/jvm/java-11-openjdk-amd64/lib/libmanagement_ext.so
7fcf1401c000-7fcf1401d000 r--p 00006000 08:02 8520866                    /usr/lib/jvm/java-11-openjdk-amd64/lib/libmanagement_ext.so
7fcf1401d000-7fcf1401e000 rw-p 00007000 08:02 8520866                    /usr/lib/jvm/java-11-openjdk-amd64/lib/libmanagement_ext.so
7fcf1401e000-7fcf14022000 r--p 00000000 08:02 8520868                    /usr/lib/jvm/java-11-openjdk-amd64/lib/libnet.so
7fcf14022000-7fcf14031000 r-xp 00004000 08:02 8520868                    /usr/lib/jvm/java-11-openjdk-amd64/lib/libnet.so
7fcf14031000-7fcf14035000 r--p 00013000 08:02 8520868                    /usr/lib/jvm/java-11-openjdk-amd64/lib/libnet.so
7fcf14035000-7fcf14036000 r--p 00016000 08:02 8520868                    /usr/lib/jvm/java-11-openjdk-amd64/lib/libnet.so
7fcf14036000-7fcf14037000 rw-p 00017000 08:02 8520868                    /usr/lib/jvm/java-11-openjdk-amd64/lib/libnet.so
7fcf14037000-7fcf1403e000 r--p 00000000 08:02 8520869                    /usr/lib/jvm/java-11-openjdk-amd64/lib/libnio.so
7fcf1403e000-7fcf14046000 r-xp 00007000 08:02 8520869                    /usr/lib/jvm/java-11-openjdk-amd64/lib/libnio.so
7fcf14046000-7fcf14049000 r--p 0000f000 08:02 8520869                    /usr/lib/jvm/java-11-openjdk-amd64/lib/libnio.so
7fcf14049000-7fcf1404a000 r--p 00011000 08:02 8520869                    /usr/lib/jvm/java-11-openjdk-amd64/lib/libnio.so
7fcf1404a000-7fcf1404b000 rw-p 00012000 08:02 8520869                    /usr/lib/jvm/java-11-openjdk-amd64/lib/libnio.so
7fcf1404b000-7fcf141a7000 rw-p 00000000 00:00 0 
7fcf141a7000-7fcf141a8000 ---p 00000000 00:00 0 
7fcf141a8000-7fcf142a9000 rw-p 00000000 00:00 0 
7fcf142a9000-7fcf142aa000 ---p 00000000 00:00 0 
7fcf142aa000-7fcf14481000 rw-p 00000000 00:00 0 
7fcf14481000-7fcf14801000 ---p 00000000 00:00 0 
7fcf14801000-7fcf14859000 rw-p 00000000 00:00 0 
7fcf14859000-7fcf14bd9000 ---p 00000000 00:00 0 
7fcf14bd9000-7fcf14c31000 rw-p 00000000 00:00 0 
7fcf14c31000-7fcf14fb1000 ---p 00000000 00:00 0 
7fcf14fb1000-7fcf157ba000 rw-p 00000000 00:00 0 
7fcf157ba000-7fcf157bb000 ---p 00000000 00:00 0 
7fcf157bb000-7fcf158c1000 rw-p 00000000 00:00 0 
7fcf158c1000-7fcf159a7000 ---p 00000000 00:00 0 
7fcf159a7000-7fcf159b8000 rw-p 00000000 00:00 0 
7fcf159b8000-7fcf15a92000 ---p 00000000 00:00 0 
7fcf15a92000-7fcf15a97000 rw-p 00000000 00:00 0 
7fcf15a97000-7fcf15a9e000 ---p 00000000 00:00 0 
7fcf15a9e000-7fcf15aa1000 r--p 00000000 08:02 8394178                    /usr/lib/x86_64-linux-gnu/libnss_files-2.31.so
7fcf15aa1000-7fcf15aa8000 r-xp 00003000 08:02 8394178                    /usr/lib/x86_64-linux-gnu/libnss_files-2.31.so
7fcf15aa8000-7fcf15aaa000 r--p 0000a000 08:02 8394178                    /usr/lib/x86_64-linux-gnu/libnss_files-2.31.so
7fcf15aaa000-7fcf15aab000 r--p 0000b000 08:02 8394178                    /usr/lib/x86_64-linux-gnu/libnss_files-2.31.so
7fcf15aab000-7fcf15aac000 rw-p 0000c000 08:02 8394178                    /usr/lib/x86_64-linux-gnu/libnss_files-2.31.so
7fcf15aac000-7fcf15ab2000 rw-p 00000000 00:00 0 
7fcf15ab2000-7fcf15ab5000 r--p 00000000 08:02 8520864                    /usr/lib/jvm/java-11-openjdk-amd64/lib/libmanagement.so
7fcf15ab5000-7fcf15ab6000 r-xp 00003000 08:02 8520864                    /usr/lib/jvm/java-11-openjdk-amd64/lib/libmanagement.so
7fcf15ab6000-7fcf15ab7000 r--p 00004000 08:02 8520864                    /usr/lib/jvm/java-11-openjdk-amd64/lib/libmanagement.so
7fcf15ab7000-7fcf15ab8000 r--p 00004000 08:02 8520864                    /usr/lib/jvm/java-11-openjdk-amd64/lib/libmanagement.so
7fcf15ab8000-7fcf15ab9000 rw-p 00005000 08:02 8520864                    /usr/lib/jvm/java-11-openjdk-amd64/lib/libmanagement.so
7fcf15ab9000-7fcf15abb000 r--p 00000000 08:02 8520885                    /usr/lib/jvm/java-11-openjdk-amd64/lib/libzip.so
7fcf15abb000-7fcf15abf000 r-xp 00002000 08:02 8520885                    /usr/lib/jvm/java-11-openjdk-amd64/lib/libzip.so
7fcf15abf000-7fcf15ac1000 r--p 00006000 08:02 8520885                    /usr/lib/jvm/java-11-openjdk-amd64/lib/libzip.so
7fcf15ac1000-7fcf15ac2000 r--p 00007000 08:02 8520885                    /usr/lib/jvm/java-11-openjdk-amd64/lib/libzip.so
7fcf15ac2000-7fcf15ac3000 rw-p 00008000 08:02 8520885                    /usr/lib/jvm/java-11-openjdk-amd64/lib/libzip.so
7fcf15ac3000-7fcf15acb000 rw-s 00000000 08:02 9961981                    /tmp/hsperfdata_jadson/82304
7fcf15acb000-7fcf15acd000 r--p 00000000 08:02 8520860                    /usr/lib/jvm/java-11-openjdk-amd64/lib/libjimage.so
7fcf15acd000-7fcf15ad0000 r-xp 00002000 08:02 8520860                    /usr/lib/jvm/java-11-openjdk-amd64/lib/libjimage.so
7fcf15ad0000-7fcf15ad1000 r--p 00005000 08:02 8520860                    /usr/lib/jvm/java-11-openjdk-amd64/lib/libjimage.so
7fcf15ad1000-7fcf15ad2000 ---p 00006000 08:02 8520860                    /usr/lib/jvm/java-11-openjdk-amd64/lib/libjimage.so
7fcf15ad2000-7fcf15ad3000 r--p 00006000 08:02 8520860                    /usr/lib/jvm/java-11-openjdk-amd64/lib/libjimage.so
7fcf15ad3000-7fcf15ad4000 rw-p 00007000 08:02 8520860                    /usr/lib/jvm/java-11-openjdk-amd64/lib/libjimage.so
7fcf15ad4000-7fcf15ae2000 r--p 00000000 08:02 8520857                    /usr/lib/jvm/java-11-openjdk-amd64/lib/libjava.so
7fcf15ae2000-7fcf15af8000 r-xp 0000e000 08:02 8520857                    /usr/lib/jvm/java-11-openjdk-amd64/lib/libjava.so
7fcf15af8000-7fcf15aff000 r--p 00024000 08:02 8520857                    /usr/lib/jvm/java-11-openjdk-amd64/lib/libjava.so
7fcf15aff000-7fcf15b00000 r--p 0002a000 08:02 8520857                    /usr/lib/jvm/java-11-openjdk-amd64/lib/libjava.so
7fcf15b00000-7fcf15b01000 rw-p 0002b000 08:02 8520857                    /usr/lib/jvm/java-11-openjdk-amd64/lib/libjava.so
7fcf15b01000-7fcf15b02000 rw-p 00000000 00:00 0 
7fcf15b02000-7fcf15b05000 r--p 00000000 08:02 8394208                    /usr/lib/x86_64-linux-gnu/librt-2.31.so
7fcf15b05000-7fcf15b09000 r-xp 00003000 08:02 8394208                    /usr/lib/x86_64-linux-gnu/librt-2.31.so
7fcf15b09000-7fcf15b0a000 r--p 00007000 08:02 8394208                    /usr/lib/x86_64-linux-gnu/librt-2.31.so
7fcf15b0a000-7fcf15b0b000 ---p 00008000 08:02 8394208                    /usr/lib/x86_64-linux-gnu/librt-2.31.so
7fcf15b0b000-7fcf15b0c000 r--p 00008000 08:02 8394208                    /usr/lib/x86_64-linux-gnu/librt-2.31.so
7fcf15b0c000-7fcf15b0d000 rw-p 00009000 08:02 8394208                    /usr/lib/x86_64-linux-gnu/librt-2.31.so
7fcf15b0d000-7fcf15b11000 ---p 00000000 00:00 0 
7fcf15b11000-7fcf15c0e000 rw-p 00000000 00:00 0 
7fcf15c0e000-7fcf15c11000 r--p 00000000 08:02 8394940                    /usr/lib/x86_64-linux-gnu/libgcc_s.so.1
7fcf15c11000-7fcf15c23000 r-xp 00003000 08:02 8394940                    /usr/lib/x86_64-linux-gnu/libgcc_s.so.1
7fcf15c23000-7fcf15c27000 r--p 00015000 08:02 8394940                    /usr/lib/x86_64-linux-gnu/libgcc_s.so.1
7fcf15c27000-7fcf15c28000 r--p 00018000 08:02 8394940                    /usr/lib/x86_64-linux-gnu/libgcc_s.so.1
7fcf15c28000-7fcf15c29000 rw-p 00019000 08:02 8394940                    /usr/lib/x86_64-linux-gnu/libgcc_s.so.1
7fcf15c29000-7fcf15c38000 r--p 00000000 08:02 8393823                    /usr/lib/x86_64-linux-gnu/libm-2.31.so
7fcf15c38000-7fcf15cdf000 r-xp 0000f000 08:02 8393823                    /usr/lib/x86_64-linux-gnu/libm-2.31.so
7fcf15cdf000-7fcf15d76000 r--p 000b6000 08:02 8393823                    /usr/lib/x86_64-linux-gnu/libm-2.31.so
7fcf15d76000-7fcf15d77000 r--p 0014c000 08:02 8393823                    /usr/lib/x86_64-linux-gnu/libm-2.31.so
7fcf15d77000-7fcf15d78000 rw-p 0014d000 08:02 8393823                    /usr/lib/x86_64-linux-gnu/libm-2.31.so
7fcf15d78000-7fcf15e0e000 r--p 00000000 08:02 8389090                    /usr/lib/x86_64-linux-gnu/libstdc++.so.6.0.28
7fcf15e0e000-7fcf15eff000 r-xp 00096000 08:02 8389090                    /usr/lib/x86_64-linux-gnu/libstdc++.so.6.0.28
7fcf15eff000-7fcf15f48000 r--p 00187000 08:02 8389090                    /usr/lib/x86_64-linux-gnu/libstdc++.so.6.0.28
7fcf15f48000-7fcf15f49000 ---p 001d0000 08:02 8389090                    /usr/lib/x86_64-linux-gnu/libstdc++.so.6.0.28
7fcf15f49000-7fcf15f54000 r--p 001d0000 08:02 8389090                    /usr/lib/x86_64-linux-gnu/libstdc++.so.6.0.28
7fcf15f54000-7fcf15f57000 rw-p 001db000 08:02 8389090                    /usr/lib/x86_64-linux-gnu/libstdc++.so.6.0.28
7fcf15f57000-7fcf15f5a000 rw-p 00000000 00:00 0 
7fcf15f5a000-7fcf161d4000 r--p 00000000 08:02 8520897                    /usr/lib/jvm/java-11-openjdk-amd64/lib/server/libjvm.so
7fcf161d4000-7fcf16e59000 r-xp 0027a000 08:02 8520897                    /usr/lib/jvm/java-11-openjdk-amd64/lib/server/libjvm.so
7fcf16e59000-7fcf170b0000 r--p 00eff000 08:02 8520897                    /usr/lib/jvm/java-11-openjdk-amd64/lib/server/libjvm.so
7fcf170b0000-7fcf17171000 r--p 01155000 08:02 8520897                    /usr/lib/jvm/java-11-openjdk-amd64/lib/server/libjvm.so
7fcf17171000-7fcf171ac000 rw-p 01216000 08:02 8520897                    /usr/lib/jvm/java-11-openjdk-amd64/lib/server/libjvm.so
7fcf171ac000-7fcf17205000 rw-p 00000000 00:00 0 
7fcf17205000-7fcf1720c000 r--p 00000000 08:02 8394197                    /usr/lib/x86_64-linux-gnu/libpthread-2.31.so
7fcf1720c000-7fcf1721d000 r-xp 00007000 08:02 8394197                    /usr/lib/x86_64-linux-gnu/libpthread-2.31.so
7fcf1721d000-7fcf17222000 r--p 00018000 08:02 8394197                    /usr/lib/x86_64-linux-gnu/libpthread-2.31.so
7fcf17222000-7fcf17223000 r--p 0001c000 08:02 8394197                    /usr/lib/x86_64-linux-gnu/libpthread-2.31.so
7fcf17223000-7fcf17224000 rw-p 0001d000 08:02 8394197                    /usr/lib/x86_64-linux-gnu/libpthread-2.31.so
7fcf17224000-7fcf17228000 rw-p 00000000 00:00 0 
7fcf17228000-7fcf17229000 r--p 00000000 08:02 8393820                    /usr/lib/x86_64-linux-gnu/libdl-2.31.so
7fcf17229000-7fcf1722b000 r-xp 00001000 08:02 8393820                    /usr/lib/x86_64-linux-gnu/libdl-2.31.so
7fcf1722b000-7fcf1722c000 r--p 00003000 08:02 8393820                    /usr/lib/x86_64-linux-gnu/libdl-2.31.so
7fcf1722c000-7fcf1722d000 r--p 00003000 08:02 8393820                    /usr/lib/x86_64-linux-gnu/libdl-2.31.so
7fcf1722d000-7fcf1722e000 rw-p 00004000 08:02 8393820                    /usr/lib/x86_64-linux-gnu/libdl-2.31.so
7fcf1722e000-7fcf17230000 r--p 00000000 08:02 8391100                    /usr/lib/x86_64-linux-gnu/libz.so.1.2.11
7fcf17230000-7fcf17241000 r-xp 00002000 08:02 8391100                    /usr/lib/x86_64-linux-gnu/libz.so.1.2.11
7fcf17241000-7fcf17247000 r--p 00013000 08:02 8391100                    /usr/lib/x86_64-linux-gnu/libz.so.1.2.11
7fcf17247000-7fcf17248000 ---p 00019000 08:02 8391100                    /usr/lib/x86_64-linux-gnu/libz.so.1.2.11
7fcf17248000-7fcf17249000 r--p 00019000 08:02 8391100                    /usr/lib/x86_64-linux-gnu/libz.so.1.2.11
7fcf17249000-7fcf1724a000 rw-p 0001a000 08:02 8391100                    /usr/lib/x86_64-linux-gnu/libz.so.1.2.11
7fcf1724a000-7fcf1726f000 r--p 00000000 08:02 8393814                    /usr/lib/x86_64-linux-gnu/libc-2.31.so
7fcf1726f000-7fcf173e7000 r-xp 00025000 08:02 8393814                    /usr/lib/x86_64-linux-gnu/libc-2.31.so
7fcf173e7000-7fcf17431000 r--p 0019d000 08:02 8393814                    /usr/lib/x86_64-linux-gnu/libc-2.31.so
7fcf17431000-7fcf17432000 ---p 001e7000 08:02 8393814                    /usr/lib/x86_64-linux-gnu/libc-2.31.so
7fcf17432000-7fcf17435000 r--p 001e7000 08:02 8393814                    /usr/lib/x86_64-linux-gnu/libc-2.31.so
7fcf17435000-7fcf17438000 rw-p 001ea000 08:02 8393814                    /usr/lib/x86_64-linux-gnu/libc-2.31.so
7fcf17438000-7fcf1743c000 rw-p 00000000 00:00 0 
7fcf1743f000-7fcf17441000 r--s 0000c000 08:02 9189263                    /usr/share/java/java-atk-wrapper.jar
7fcf17441000-7fcf17442000 ---p 00000000 00:00 0 
7fcf17442000-7fcf17443000 r--p 00000000 00:00 0 
7fcf17443000-7fcf17448000 r--p 00000000 08:02 8520879                    /usr/lib/jvm/java-11-openjdk-amd64/lib/libverify.so
7fcf17448000-7fcf1744f000 r-xp 00005000 08:02 8520879                    /usr/lib/jvm/java-11-openjdk-amd64/lib/libverify.so
7fcf1744f000-7fcf17451000 r--p 0000c000 08:02 8520879                    /usr/lib/jvm/java-11-openjdk-amd64/lib/libverify.so
7fcf17451000-7fcf17452000 ---p 0000e000 08:02 8520879                    /usr/lib/jvm/java-11-openjdk-amd64/lib/libverify.so
7fcf17452000-7fcf17454000 r--p 0000e000 08:02 8520879                    /usr/lib/jvm/java-11-openjdk-amd64/lib/libverify.so
7fcf17454000-7fcf17455000 rw-p 00010000 08:02 8520879                    /usr/lib/jvm/java-11-openjdk-amd64/lib/libverify.so
7fcf17455000-7fcf17458000 r--p 00000000 08:02 8520842                    /usr/lib/jvm/java-11-openjdk-amd64/lib/jli/libjli.so
7fcf17458000-7fcf17462000 r-xp 00003000 08:02 8520842                    /usr/lib/jvm/java-11-openjdk-amd64/lib/jli/libjli.so
7fcf17462000-7fcf17465000 r--p 0000d000 08:02 8520842                    /usr/lib/jvm/java-11-openjdk-amd64/lib/jli/libjli.so
7fcf17465000-7fcf17466000 ---p 00010000 08:02 8520842                    /usr/lib/jvm/java-11-openjdk-amd64/lib/jli/libjli.so
7fcf17466000-7fcf17467000 r--p 00010000 08:02 8520842                    /usr/lib/jvm/java-11-openjdk-amd64/lib/jli/libjli.so
7fcf17467000-7fcf17468000 rw-p 00011000 08:02 8520842                    /usr/lib/jvm/java-11-openjdk-amd64/lib/jli/libjli.so
7fcf17468000-7fcf1746a000 rw-p 00000000 00:00 0 
7fcf1746a000-7fcf1746b000 r--p 00000000 08:02 8390785                    /usr/lib/x86_64-linux-gnu/ld-2.31.so
7fcf1746b000-7fcf1748e000 r-xp 00001000 08:02 8390785                    /usr/lib/x86_64-linux-gnu/ld-2.31.so
7fcf1748e000-7fcf17496000 r--p 00024000 08:02 8390785                    /usr/lib/x86_64-linux-gnu/ld-2.31.so
7fcf17497000-7fcf17498000 r--p 0002c000 08:02 8390785                    /usr/lib/x86_64-linux-gnu/ld-2.31.so
7fcf17498000-7fcf17499000 rw-p 0002d000 08:02 8390785                    /usr/lib/x86_64-linux-gnu/ld-2.31.so
7fcf17499000-7fcf1749a000 rw-p 00000000 00:00 0 
7ffe2f1a6000-7ffe2f1c8000 rw-p 00000000 00:00 0                          [stack]
7ffe2f1f5000-7ffe2f1f9000 r--p 00000000 00:00 0                          [vvar]
7ffe2f1f9000-7ffe2f1fb000 r-xp 00000000 00:00 0                          [vdso]
ffffffffff600000-ffffffffff601000 --xp 00000000 00:00 0                  [vsyscall]


VM Arguments:
java_command: ./target/demo-0.0.1-SNAPSHOT.jar
java_class_path (initial): ./target/demo-0.0.1-SNAPSHOT.jar
Launcher Type: SUN_STANDARD

[Global flags]
     intx CICompilerCount                          = 4                                         {product} {ergonomic}
     uint ConcGCThreads                            = 2                                         {product} {ergonomic}
     uint G1ConcRefinementThreads                  = 8                                         {product} {ergonomic}
   size_t G1HeapRegionSize                         = 1048576                                   {product} {ergonomic}
    uintx GCDrainStackTargetSize                   = 64                                        {product} {ergonomic}
   size_t InitialHeapSize                          = 130023424                                 {product} {ergonomic}
   size_t MarkStackSize                            = 4194304                                   {product} {ergonomic}
   size_t MaxHeapSize                              = 2063597568                                {product} {ergonomic}
   size_t MaxNewSize                               = 1237319680                                {product} {ergonomic}
   size_t MinHeapDeltaBytes                        = 1048576                                   {product} {ergonomic}
    uintx NonNMethodCodeHeapSize                   = 5836300                                {pd product} {ergonomic}
    uintx NonProfiledCodeHeapSize                  = 122910970                              {pd product} {ergonomic}
    uintx ProfiledCodeHeapSize                     = 122910970                              {pd product} {ergonomic}
    uintx ReservedCodeCacheSize                    = 251658240                              {pd product} {ergonomic}
     bool SegmentedCodeCache                       = true                                      {product} {ergonomic}
     bool UseCompressedClassPointers               = true                                 {lp64_product} {ergonomic}
     bool UseCompressedOops                        = true                                 {lp64_product} {ergonomic}
     bool UseG1GC                                  = true                                      {product} {ergonomic}

Logging:
Log output configuration:
 #0: stdout all=warning uptime,level,tags
 #1: stderr all=off uptime,level,tags

Environment Variables:
PATH=/home/jadson/Projects/repositories/demo/node_modules/.bin:/home/jadson/.deno/bin:/home/jadson/.zinit/polaris/sbin:/home/jadson/.zinit/polaris/bin:/home/jadson/.nvm/versions/node/v15.8.0/bin:/home/jadson/.local/bin:/usr/local/sbin:/usr/local/bin:/usr/sbin:/usr/bin:/sbin:/bin:/usr/games:/usr/local/games:/snap/bin:/home/jadson/.yarn/bin
USERNAME=jadson
SHELL=/usr/bin/zsh
DISPLAY=:0
LANG=en_US.UTF-8
LC_CTYPE=pt_BR.UTF-8

Signal Handlers:
SIGSEGV: [libjvm.so+0xe8ba00], sa_mask[0]=11111111011111111101111111111110, sa_flags=SA_RESTART|SA_SIGINFO
SIGBUS: [libjvm.so+0xe8ba00], sa_mask[0]=11111111011111111101111111111110, sa_flags=SA_RESTART|SA_SIGINFO
SIGFPE: [libjvm.so+0xe8ba00], sa_mask[0]=11111111011111111101111111111110, sa_flags=SA_RESTART|SA_SIGINFO
SIGPIPE: [libjvm.so+0xbd10f0], sa_mask[0]=11111111011111111101111111111110, sa_flags=SA_RESTART|SA_SIGINFO
SIGXFSZ: [libjvm.so+0xbd10f0], sa_mask[0]=11111111011111111101111111111110, sa_flags=SA_RESTART|SA_SIGINFO
SIGILL: [libjvm.so+0xe8ba00], sa_mask[0]=11111111011111111101111111111110, sa_flags=SA_RESTART|SA_SIGINFO
SIGUSR2: [libjvm.so+0xbd0f90], sa_mask[0]=00000000000000000000000000000000, sa_flags=SA_RESTART|SA_SIGINFO
SIGHUP: [libjvm.so+0xbd1430], sa_mask[0]=11111111011111111101111111111110, sa_flags=SA_RESTART|SA_SIGINFO
SIGINT: [libjvm.so+0xbd1430], sa_mask[0]=11111111011111111101111111111110, sa_flags=SA_RESTART|SA_SIGINFO
SIGTERM: [libjvm.so+0xbd1430], sa_mask[0]=11111111011111111101111111111110, sa_flags=SA_RESTART|SA_SIGINFO
SIGQUIT: [libjvm.so+0xbd1430], sa_mask[0]=11111111011111111101111111111110, sa_flags=SA_RESTART|SA_SIGINFO


---------------  S Y S T E M  ---------------

OS:DISTRIB_ID=Ubuntu
DISTRIB_RELEASE=20.04
DISTRIB_CODENAME=focal
DISTRIB_DESCRIPTION="Ubuntu 20.04.2 LTS"
uname:Linux 5.8.0-63-generic #71~20.04.1-Ubuntu SMP Thu Jul 15 17:46:08 UTC 2021 x86_64
OS uptime: 2 days 0:47 hours
libc:glibc 2.31 NPTL 2.31 
rlimit (soft/hard): STACK 8192k/infinity , CORE 0k/infinity , NPROC 31242/31242 , NOFILE 1048576/1048576 , AS infinity/infinity , CPU infinity/infinity , DATA infinity/infinity , FSIZE infinity/infinity , MEMLOCK 65536k/65536k
load average:10,86 5,26 3,48

/proc/meminfo:
MemTotal:        8058248 kB
MemFree:          129576 kB
MemAvailable:    2625784 kB
Buffers:          520244 kB
Cached:          2449324 kB
SwapCached:         5672 kB
Active:          5541896 kB
Inactive:        1685448 kB
Active(anon):    3895212 kB
Inactive(anon):   780756 kB
Active(file):    1646684 kB
Inactive(file):   904692 kB
Unevictable:       63520 kB
Mlocked:             112 kB
SwapTotal:       2097148 kB
SwapFree:        1901460 kB
Dirty:             38536 kB
Writeback:             0 kB
AnonPages:       4318536 kB
Mapped:           823764 kB
Shmem:            423716 kB
KReclaimable:     253632 kB
Slab:             480300 kB
SReclaimable:     253632 kB
SUnreclaim:       226668 kB
KernelStack:       21336 kB
PageTables:        43768 kB
NFS_Unstable:          0 kB
Bounce:                0 kB
WritebackTmp:          0 kB
CommitLimit:     6126272 kB
Committed_AS:   14092180 kB
VmallocTotal:   34359738367 kB
VmallocUsed:       44480 kB
VmallocChunk:          0 kB
Percpu:             9888 kB
HardwareCorrupted:     0 kB
AnonHugePages:      4096 kB
ShmemHugePages:        0 kB
ShmemPmdMapped:        0 kB
FileHugePages:         0 kB
FilePmdMapped:         0 kB
HugePages_Total:       0
HugePages_Free:        0
HugePages_Rsvd:        0
HugePages_Surp:        0
Hugepagesize:       2048 kB
Hugetlb:               0 kB
DirectMap4k:      661108 kB
DirectMap2M:     7634944 kB
DirectMap1G:           0 kB

/sys/kernel/mm/transparent_hugepage/enabled:
always [madvise] never
/sys/kernel/mm/transparent_hugepage/defrag (defrag/compaction efforts parameter):
always defer defer+madvise [madvise] never

Process Memory:
Virtual Size: 5795848K (peak: 13454268K)
Resident Set Size: 323548K (peak: 325844K) (anon: 293856K, file: 29692K, shmem: 0K)
Swapped out: 0K
C-Heap outstanding allocations: 20394K

/proc/sys/kernel/threads-max (system-wide limit on the number of threads):
62484
/proc/sys/vm/max_map_count (maximum number of memory map areas a process may have):
65530
/proc/sys/kernel/pid_max (system-wide limit on number of process identifiers):
4194304

container (cgroup) information:
container_type: cgroupv1
cpu_cpuset_cpus: 0-7
cpu_memory_nodes: 0
active_processor_count: 8
cpu_quota: -1
cpu_period: 100000
cpu_shares: -1
memory_limit_in_bytes: -1
memory_and_swap_limit_in_bytes: -1
memory_soft_limit_in_bytes: -1
memory_usage_in_bytes: 5715636224
memory_max_usage_in_bytes: 6611283968

Steal ticks since vm start: 0
Steal ticks percentage since vm start:  0,000

CPU:total 8 (initial active 8) (4 cores per cpu, 2 threads per core) family 6 model 142 stepping 10 microcode 0xea, cmov, cx8, fxsr, mmx, sse, sse2, sse3, ssse3, sse4.1, sse4.2, popcnt, avx, avx2, aes, clmul, erms, 3dnowpref, lzcnt, ht, tsc, tscinvbit, bmi1, bmi2, adx, fma
CPU Model and flags from /proc/cpuinfo:
model name	: Intel(R) Core(TM) i5-8250U CPU @ 1.60GHz
flags		: fpu vme de pse tsc msr pae mce cx8 apic sep mtrr pge mca cmov pat pse36 clflush dts acpi mmx fxsr sse sse2 ss ht tm pbe syscall nx pdpe1gb rdtscp lm constant_tsc art arch_perfmon pebs bts rep_good nopl xtopology nonstop_tsc cpuid aperfmperf pni pclmulqdq dtes64 monitor ds_cpl vmx est tm2 ssse3 sdbg fma cx16 xtpr pdcm pcid sse4_1 sse4_2 x2apic movbe popcnt tsc_deadline_timer aes xsave avx f16c rdrand lahf_lm abm 3dnowprefetch cpuid_fault invpcid_single pti ssbd ibrs ibpb stibp tpr_shadow vnmi flexpriority ept vpid ept_ad fsgsbase tsc_adjust bmi1 avx2 smep bmi2 erms invpcid mpx rdseed adx smap clflushopt intel_pt xsaveopt xsavec xgetbv1 xsaves dtherm ida arat pln pts hwp hwp_notify hwp_act_window hwp_epp md_clear flush_l1d
Online cpus:
0-7
Offline cpus:

BIOS frequency limitation:
<Not Available>
Frequency switch latency (ns):
0
Available cpu frequencies:
<Not Available>
Current governor:
powersave
Core performance/turbo boost:
<Not Available>

Memory: 4k page, physical 8058248k(129064k free), swap 2097148k(1901460k free)

vm_info: OpenJDK 64-Bit Server VM (11.0.11+9-Ubuntu-0ubuntu2.20.04) for linux-amd64 JRE (11.0.11+9-Ubuntu-0ubuntu2.20.04), built on Apr 21 2021 09:15:32 by "unknown" with gcc 9.3.0

END.
