#
# A fatal error has been detected by the Java Runtime Environment:
#
#  SIGSEGV (0xb) at pc=0x00007f0ece035fcd, pid=81893, tid=81893
#
# JRE version: OpenJDK Runtime Environment (11.0.11+9) (build 11.0.11+9-Ubuntu-0ubuntu2.20.04)
# Java VM: OpenJDK 64-Bit Server VM (11.0.11+9-Ubuntu-0ubuntu2.20.04, mixed mode, sharing, tiered, compressed oops, g1 gc, linux-amd64)
# Problematic frame:
# V  [libjvm.so+0xbd0fcd]
#
# Core dump will be written. Default location: Core dumps may be processed with "/usr/share/apport/apport %p %s %c %d %P %E" (or dumping to /home/jadson/Projects/repositories/demo/core.81893)
#
# If you would like to submit a bug report, please visit:
#   https://bugs.launchpad.net/ubuntu/+source/openjdk-lts
#

---------------  S U M M A R Y ------------

Command Line: ./target/demo-0.0.1-SNAPSHOT.jar

Host: Intel(R) Core(TM) i5-8250U CPU @ 1.60GHz, 8 cores, 7G, Ubuntu 20.04.2 LTS
Time: Wed Jul 28 19:41:11 2021 -03 elapsed time: 25.515949 seconds (0d 0h 0m 25s)

---------------  T H R E A D  ---------------

Current thread is native thread

Stack: [0x00007ffe2757e000,0x00007ffe27d7d000],  sp=0x00007ffe27d77600,  free space=8165k
Native frames: (J=compiled Java code, A=aot compiled Java code, j=interpreted, Vv=VM code, C=native code)
V  [libjvm.so+0xbd0fcd]
C  [libc.so.6+0x46210]


siginfo: si_signo: 11 (SIGSEGV), si_code: 1 (SEGV_MAPERR), si_addr: 0x00000000000000d0

Register to memory mapping:

RAX=0x0 is NULL
RBX=
[error occurred during error reporting (printing register info), id 0xb, SIGSEGV (0xb) at pc=0x00007f0ece28da2c]

Registers:
RAX=0x0000000000000000, RBX=0x00007f0ece70f3c0, RCX=0x00007f0ece71acd7, RDX=0x00007f0ece70f440
RSP=0x00007ffe27d77600, RBP=0x00007ffe27d776b0, RSI=0x00007ffe27d777f0, RDI=0x0000000000000001
R8 =0x0000000000000000, R9 =0x00007f0ecd118700, R10=0x0000000000000000, R11=0x0000000000000246
R12=0x00007ffe27d777f0, R13=0x00007ffe27d776c0, R14=0x0000000000000000, R15=0x00007f0ecd118700
RIP=0x00007f0ece035fcd, EFLAGS=0x0000000000010246, CSGSFS=0x002b000000000033, ERR=0x0000000000000004
  TRAPNO=0x000000000000000e

Top of Stack: (sp=0x00007ffe27d77600)
0x00007ffe27d77600:   0000000000000020 0000200000000000
0x00007ffe27d77610:   0000000000000000 0000000000000000
0x00007ffe27d77620:   0000000000000000 0000000000000000
0x00007ffe27d77630:   0000000000000000 0000000000000000 

Instructions: (pc=0x00007f0ece035fcd)
0x00007f0ece035ecd:   ff 48 85 c0 74 03 c6 00 00 4c 89 f7 4c 89 fa 4c
0x00007f0ece035edd:   89 ee e8 3c 92 6a ff 4c 89 e7 e8 a4 95 6a ff 48
0x00007f0ece035eed:   81 c4 08 01 00 00 5b 41 5c 41 5d 41 5e 41 5f 5d
0x00007f0ece035efd:   c3 66 90 4c 89 e2 be 00 01 00 00 4c 89 ef e8 f0
0x00007f0ece035f0d:   97 6a ff 48 85 c0 74 ac 48 8d 35 cb 80 3a 00 4c
0x00007f0ece035f1d:   89 ef e8 dc 95 6a ff 48 85 c0 75 17 48 8d 35 cc
0x00007f0ece035f2d:   80 3a 00 4c 89 ef e8 c8 95 6a ff 48 85 c0 74 84
0x00007f0ece035f3d:   0f 1f 00 be 22 00 00 00 4c 89 ef e8 43 96 6a ff
0x00007f0ece035f4d:   48 85 c0 74 26 4c 8d 68 01 be 22 00 00 00 4c 89
0x00007f0ece035f5d:   ef e8 2d 96 6a ff 48 85 c0 0f 85 67 ff ff ff e9
0x00007f0ece035f6d:   65 ff ff ff 0f 1f 80 00 00 00 00 4c 89 ef be 3d
0x00007f0ece035f7d:   00 00 00 e8 0b 96 6a ff 4c 8d 68 01 e9 33 ff ff
0x00007f0ece035f8d:   ff 66 90 f3 0f 1e fa 55 48 89 e5 41 57 41 56 41
0x00007f0ece035f9d:   55 49 89 d5 41 54 49 89 f4 53 48 81 ec 88 00 00
0x00007f0ece035fad:   00 e8 0d 9d 6a ff 44 8b 30 48 89 c3 e8 22 63 25
0x00007f0ece035fbd:   00 41 89 c0 31 c0 45 84 c0 74 05 e8 23 63 25 00
0x00007f0ece035fcd:   48 83 b8 d0 00 00 00 00 74 16 4c 8b b8 70 02 00
0x00007f0ece035fdd:   00 41 8b 87 a8 00 00 00 83 f8 01 74 16 44 89 33
0x00007f0ece035fed:   48 81 c4 88 00 00 00 5b 41 5c 41 5d 41 5e 41 5f
0x00007f0ece035ffd:   5d c3 90 66 49 0f 6e c4 66 49 0f 6e cd ba 02 00
0x00007f0ece03600d:   00 00 be 01 00 00 00 66 0f 6c c1 4d 8d a7 a8 00
0x00007f0ece03601d:   00 00 41 0f 11 87 b0 00 00 00 4c 89 e7 e8 d1 bc
0x00007f0ece03602d:   ff ff 83 f8 02 74 3c 85 c0 75 18 66 0f ef c0 41
0x00007f0ece03603d:   0f 11 87 b0 00 00 00 eb a4 66 2e 0f 1f 84 00 00
0x00007f0ece03604d:   00 00 00 48 8d 05 51 aa 64 00 be d8 11 00 00 48
0x00007f0ece03605d:   8d 3d 75 8a 3a 00 48 8b 00 c6 00 58 e8 f2 af a9
0x00007f0ece03606d:   ff eb c8 4c 8d ad 50 ff ff ff 4c 89 ef e8 a1 98
0x00007f0ece03607d:   6a ff 4c 89 ea 31 f6 31 ff e8 b5 99 6a ff 8b 35
0x00007f0ece03608d:   9f 56 66 00 4c 89 ef e8 57 95 6a ff be 01 00 00
0x00007f0ece03609d:   00 48 8d 3d db a2 6a 00 e8 16 a1 0c 00 66 0f 1f
0x00007f0ece0360ad:   44 00 00 4c 89 ef e8 68 9c 6a ff 31 d2 be 03 00
0x00007f0ece0360bd:   00 00 4c 89 e7 e8 39 bc ff ff 85 c0 75 e5 be 01 


Stack slot to memory mapping:
stack at sp + 0 slots: 
[error occurred during error reporting (inspecting top of stack), id 0xb, SIGSEGV (0xb) at pc=0x00007f0ece28da2c]


---------------  P R O C E S S  ---------------

VM state:not at safepoint (normal execution)

VM Mutex/Monitor currently owned by a thread: None

Heap address: 0x0000000085000000, size: 1968 MB, Compressed Oops mode: 32-bit
Narrow klass base: 0x0000000800000000, Narrow klass shift: 3
Compressed class space size: 1073741824 Address: 0x0000000840000000

Heap:
 garbage-first heap   total 177152K, used 96468K [0x0000000085000000, 0x0000000100000000)
  region size 1024K, 89 young (91136K), 10 survivors (10240K)
 Metaspace       used 49501K, capacity 50846K, committed 51200K, reserved 1093632K
  class space    used 6302K, capacity 6816K, committed 6912K, reserved 1048576K
Heap Regions: E=young(eden), S=young(survivor), O=old, HS=humongous(starts), HC=humongous(continues), CS=collection set, F=free, A=archive, TAMS=top-at-mark-start (previous, next)
|   0|0x0000000085000000, 0x0000000085100000, 0x0000000085100000|100%| O|  |TAMS 0x0000000085100000, 0x0000000085000000| Untracked 
|   1|0x0000000085100000, 0x0000000085200000, 0x0000000085200000|100%| O|  |TAMS 0x0000000085200000, 0x0000000085100000| Untracked 
|   2|0x0000000085200000, 0x0000000085300000, 0x0000000085300000|100%| O|  |TAMS 0x0000000085300000, 0x0000000085200000| Untracked 
|   3|0x0000000085300000, 0x0000000085400000, 0x0000000085400000|100%| O|  |TAMS 0x0000000085400000, 0x0000000085300000| Untracked 
|   4|0x0000000085400000, 0x0000000085500000, 0x0000000085500000|100%| O|  |TAMS 0x00000000854a4e00, 0x0000000085400000| Untracked 
|   5|0x0000000085500000, 0x00000000855d3800, 0x0000000085600000| 82%| O|  |TAMS 0x0000000085500000, 0x0000000085500000| Untracked 
|   6|0x0000000085600000, 0x0000000085600000, 0x0000000085700000|  0%| F|  |TAMS 0x0000000085600000, 0x0000000085600000| Untracked 
|   7|0x0000000085700000, 0x0000000085700000, 0x0000000085800000|  0%| F|  |TAMS 0x0000000085700000, 0x0000000085700000| Untracked 
|   8|0x0000000085800000, 0x0000000085800000, 0x0000000085900000|  0%| F|  |TAMS 0x0000000085800000, 0x0000000085800000| Untracked 
|   9|0x0000000085900000, 0x0000000085900000, 0x0000000085a00000|  0%| F|  |TAMS 0x0000000085900000, 0x0000000085900000| Untracked 
|  10|0x0000000085a00000, 0x0000000085a00000, 0x0000000085b00000|  0%| F|  |TAMS 0x0000000085a00000, 0x0000000085a00000| Untracked 
|  11|0x0000000085b00000, 0x0000000085b00000, 0x0000000085c00000|  0%| F|  |TAMS 0x0000000085b00000, 0x0000000085b00000| Untracked 
|  12|0x0000000085c00000, 0x0000000085c00000, 0x0000000085d00000|  0%| F|  |TAMS 0x0000000085c00000, 0x0000000085c00000| Untracked 
|  13|0x0000000085d00000, 0x0000000085d00000, 0x0000000085e00000|  0%| F|  |TAMS 0x0000000085d00000, 0x0000000085d00000| Untracked 
|  14|0x0000000085e00000, 0x0000000085e00000, 0x0000000085f00000|  0%| F|  |TAMS 0x0000000085e00000, 0x0000000085e00000| Untracked 
|  15|0x0000000085f00000, 0x0000000085f00000, 0x0000000086000000|  0%| F|  |TAMS 0x0000000085f00000, 0x0000000085f00000| Untracked 
|  16|0x0000000086000000, 0x0000000086000000, 0x0000000086100000|  0%| F|  |TAMS 0x0000000086000000, 0x0000000086000000| Untracked 
|  17|0x0000000086100000, 0x0000000086100000, 0x0000000086200000|  0%| F|  |TAMS 0x0000000086100000, 0x0000000086100000| Untracked 
|  18|0x0000000086200000, 0x0000000086200000, 0x0000000086300000|  0%| F|  |TAMS 0x0000000086200000, 0x0000000086200000| Untracked 
|  19|0x0000000086300000, 0x0000000086300000, 0x0000000086400000|  0%| F|  |TAMS 0x0000000086300000, 0x0000000086300000| Untracked 
|  20|0x0000000086400000, 0x0000000086400000, 0x0000000086500000|  0%| F|  |TAMS 0x0000000086400000, 0x0000000086400000| Untracked 
|  21|0x0000000086500000, 0x0000000086500000, 0x0000000086600000|  0%| F|  |TAMS 0x0000000086500000, 0x0000000086500000| Untracked 
|  22|0x0000000086600000, 0x0000000086600000, 0x0000000086700000|  0%| F|  |TAMS 0x0000000086600000, 0x0000000086600000| Untracked 
|  23|0x0000000086700000, 0x0000000086700000, 0x0000000086800000|  0%| F|  |TAMS 0x0000000086700000, 0x0000000086700000| Untracked 
|  24|0x0000000086800000, 0x0000000086800000, 0x0000000086900000|  0%| F|  |TAMS 0x0000000086800000, 0x0000000086800000| Untracked 
|  25|0x0000000086900000, 0x0000000086900000, 0x0000000086a00000|  0%| F|  |TAMS 0x0000000086900000, 0x0000000086900000| Untracked 
|  26|0x0000000086a00000, 0x0000000086a00000, 0x0000000086b00000|  0%| F|  |TAMS 0x0000000086a00000, 0x0000000086a00000| Untracked 
|  27|0x0000000086b00000, 0x0000000086b00000, 0x0000000086c00000|  0%| F|  |TAMS 0x0000000086b00000, 0x0000000086b00000| Untracked 
|  28|0x0000000086c00000, 0x0000000086c00000, 0x0000000086d00000|  0%| F|  |TAMS 0x0000000086c00000, 0x0000000086c00000| Untracked 
|  29|0x0000000086d00000, 0x0000000086d00000, 0x0000000086e00000|  0%| F|  |TAMS 0x0000000086d00000, 0x0000000086d00000| Untracked 
|  30|0x0000000086e00000, 0x0000000086e00000, 0x0000000086f00000|  0%| F|  |TAMS 0x0000000086e00000, 0x0000000086e00000| Untracked 
|  31|0x0000000086f00000, 0x0000000086f00000, 0x0000000087000000|  0%| F|  |TAMS 0x0000000086f00000, 0x0000000086f00000| Untracked 
|  32|0x0000000087000000, 0x0000000087000000, 0x0000000087100000|  0%| F|  |TAMS 0x0000000087000000, 0x0000000087000000| Untracked 
|  33|0x0000000087100000, 0x0000000087100000, 0x0000000087200000|  0%| F|  |TAMS 0x0000000087100000, 0x0000000087100000| Untracked 
|  34|0x0000000087200000, 0x0000000087200000, 0x0000000087300000|  0%| F|  |TAMS 0x0000000087200000, 0x0000000087200000| Untracked 
|  35|0x0000000087300000, 0x0000000087300000, 0x0000000087400000|  0%| F|  |TAMS 0x0000000087300000, 0x0000000087300000| Untracked 
|  36|0x0000000087400000, 0x0000000087400000, 0x0000000087500000|  0%| F|  |TAMS 0x0000000087400000, 0x0000000087400000| Untracked 
|  37|0x0000000087500000, 0x0000000087500000, 0x0000000087600000|  0%| F|  |TAMS 0x0000000087500000, 0x0000000087500000| Untracked 
|  38|0x0000000087600000, 0x0000000087600000, 0x0000000087700000|  0%| F|  |TAMS 0x0000000087600000, 0x0000000087600000| Untracked 
|  39|0x0000000087700000, 0x0000000087700000, 0x0000000087800000|  0%| F|  |TAMS 0x0000000087700000, 0x0000000087700000| Untracked 
|  40|0x0000000087800000, 0x0000000087800000, 0x0000000087900000|  0%| F|  |TAMS 0x0000000087800000, 0x0000000087800000| Untracked 
|  41|0x0000000087900000, 0x0000000087900000, 0x0000000087a00000|  0%| F|  |TAMS 0x0000000087900000, 0x0000000087900000| Untracked 
|  42|0x0000000087a00000, 0x0000000087a00000, 0x0000000087b00000|  0%| F|  |TAMS 0x0000000087a00000, 0x0000000087a00000| Untracked 
|  43|0x0000000087b00000, 0x0000000087b00000, 0x0000000087c00000|  0%| F|  |TAMS 0x0000000087b00000, 0x0000000087b00000| Untracked 
|  44|0x0000000087c00000, 0x0000000087c00000, 0x0000000087d00000|  0%| F|  |TAMS 0x0000000087c00000, 0x0000000087c00000| Untracked 
|  45|0x0000000087d00000, 0x0000000087d00000, 0x0000000087e00000|  0%| F|  |TAMS 0x0000000087d00000, 0x0000000087d00000| Untracked 
|  46|0x0000000087e00000, 0x0000000087e00000, 0x0000000087f00000|  0%| F|  |TAMS 0x0000000087e00000, 0x0000000087e00000| Untracked 
|  47|0x0000000087f00000, 0x0000000087f00000, 0x0000000088000000|  0%| F|  |TAMS 0x0000000087f00000, 0x0000000087f00000| Untracked 
|  48|0x0000000088000000, 0x0000000088000000, 0x0000000088100000|  0%| F|  |TAMS 0x0000000088000000, 0x0000000088000000| Untracked 
|  49|0x0000000088100000, 0x0000000088100000, 0x0000000088200000|  0%| F|  |TAMS 0x0000000088100000, 0x0000000088100000| Untracked 
|  50|0x0000000088200000, 0x0000000088200000, 0x0000000088300000|  0%| F|  |TAMS 0x0000000088200000, 0x0000000088200000| Untracked 
|  51|0x0000000088300000, 0x0000000088300000, 0x0000000088400000|  0%| F|  |TAMS 0x0000000088300000, 0x0000000088300000| Untracked 
|  52|0x0000000088400000, 0x0000000088400000, 0x0000000088500000|  0%| F|  |TAMS 0x0000000088400000, 0x0000000088400000| Untracked 
|  53|0x0000000088500000, 0x0000000088500000, 0x0000000088600000|  0%| F|  |TAMS 0x0000000088500000, 0x0000000088500000| Untracked 
|  54|0x0000000088600000, 0x0000000088600000, 0x0000000088700000|  0%| F|  |TAMS 0x0000000088600000, 0x0000000088600000| Untracked 
|  55|0x0000000088700000, 0x0000000088700000, 0x0000000088800000|  0%| F|  |TAMS 0x0000000088700000, 0x0000000088700000| Untracked 
|  56|0x0000000088800000, 0x0000000088800000, 0x0000000088900000|  0%| F|  |TAMS 0x0000000088800000, 0x0000000088800000| Untracked 
|  57|0x0000000088900000, 0x0000000088900000, 0x0000000088a00000|  0%| F|  |TAMS 0x0000000088900000, 0x0000000088900000| Untracked 
|  58|0x0000000088a00000, 0x0000000088aaf908, 0x0000000088b00000| 68%| S|CS|TAMS 0x0000000088a00000, 0x0000000088a00000| Complete 
|  59|0x0000000088b00000, 0x0000000088c00000, 0x0000000088c00000|100%| S|CS|TAMS 0x0000000088b00000, 0x0000000088b00000| Complete 
|  60|0x0000000088c00000, 0x0000000088d00000, 0x0000000088d00000|100%| S|CS|TAMS 0x0000000088c00000, 0x0000000088c00000| Complete 
|  61|0x0000000088d00000, 0x0000000088e00000, 0x0000000088e00000|100%| S|CS|TAMS 0x0000000088d00000, 0x0000000088d00000| Complete 
|  62|0x0000000088e00000, 0x0000000088f00000, 0x0000000088f00000|100%| S|CS|TAMS 0x0000000088e00000, 0x0000000088e00000| Complete 
|  63|0x0000000088f00000, 0x0000000089000000, 0x0000000089000000|100%| S|CS|TAMS 0x0000000088f00000, 0x0000000088f00000| Complete 
|  64|0x0000000089000000, 0x0000000089100000, 0x0000000089100000|100%| S|CS|TAMS 0x0000000089000000, 0x0000000089000000| Complete 
|  65|0x0000000089100000, 0x0000000089200000, 0x0000000089200000|100%| S|CS|TAMS 0x0000000089100000, 0x0000000089100000| Complete 
|  66|0x0000000089200000, 0x0000000089300000, 0x0000000089300000|100%| S|CS|TAMS 0x0000000089200000, 0x0000000089200000| Complete 
|  67|0x0000000089300000, 0x0000000089400000, 0x0000000089400000|100%| S|CS|TAMS 0x0000000089300000, 0x0000000089300000| Complete 
|  68|0x0000000089400000, 0x0000000089400000, 0x0000000089500000|  0%| F|  |TAMS 0x0000000089400000, 0x0000000089400000| Untracked 
|  69|0x0000000089500000, 0x0000000089500000, 0x0000000089600000|  0%| F|  |TAMS 0x0000000089500000, 0x0000000089500000| Untracked 
|  70|0x0000000089600000, 0x0000000089600000, 0x0000000089700000|  0%| F|  |TAMS 0x0000000089600000, 0x0000000089600000| Untracked 
|  71|0x0000000089700000, 0x0000000089700000, 0x0000000089800000|  0%| F|  |TAMS 0x0000000089700000, 0x0000000089700000| Untracked 
|  72|0x0000000089800000, 0x0000000089800000, 0x0000000089900000|  0%| F|  |TAMS 0x0000000089800000, 0x0000000089800000| Untracked 
|  73|0x0000000089900000, 0x0000000089900000, 0x0000000089a00000|  0%| F|  |TAMS 0x0000000089900000, 0x0000000089900000| Untracked 
|  74|0x0000000089a00000, 0x0000000089a00000, 0x0000000089b00000|  0%| F|  |TAMS 0x0000000089a00000, 0x0000000089a00000| Untracked 
|  75|0x0000000089b00000, 0x0000000089b00000, 0x0000000089c00000|  0%| F|  |TAMS 0x0000000089b00000, 0x0000000089b00000| Untracked 
|  76|0x0000000089c00000, 0x0000000089c00000, 0x0000000089d00000|  0%| F|  |TAMS 0x0000000089c00000, 0x0000000089c00000| Untracked 
|  77|0x0000000089d00000, 0x0000000089d00000, 0x0000000089e00000|  0%| F|  |TAMS 0x0000000089d00000, 0x0000000089d00000| Untracked 
|  78|0x0000000089e00000, 0x0000000089e00000, 0x0000000089f00000|  0%| F|  |TAMS 0x0000000089e00000, 0x0000000089e00000| Untracked 
|  79|0x0000000089f00000, 0x0000000089f00000, 0x000000008a000000|  0%| F|  |TAMS 0x0000000089f00000, 0x0000000089f00000| Untracked 
|  80|0x000000008a000000, 0x000000008a000000, 0x000000008a100000|  0%| F|  |TAMS 0x000000008a000000, 0x000000008a000000| Untracked 
|  81|0x000000008a100000, 0x000000008a100000, 0x000000008a200000|  0%| F|  |TAMS 0x000000008a100000, 0x000000008a100000| Untracked 
|  82|0x000000008a200000, 0x000000008a200000, 0x000000008a300000|  0%| F|  |TAMS 0x000000008a200000, 0x000000008a200000| Untracked 
|  83|0x000000008a300000, 0x000000008a300000, 0x000000008a400000|  0%| F|  |TAMS 0x000000008a300000, 0x000000008a300000| Untracked 
|  84|0x000000008a400000, 0x000000008a400000, 0x000000008a500000|  0%| F|  |TAMS 0x000000008a400000, 0x000000008a400000| Untracked 
|  85|0x000000008a500000, 0x000000008a500000, 0x000000008a600000|  0%| F|  |TAMS 0x000000008a500000, 0x000000008a500000| Untracked 
|  86|0x000000008a600000, 0x000000008a600000, 0x000000008a700000|  0%| F|  |TAMS 0x000000008a600000, 0x000000008a600000| Untracked 
|  87|0x000000008a700000, 0x000000008a700000, 0x000000008a800000|  0%| F|  |TAMS 0x000000008a700000, 0x000000008a700000| Untracked 
|  88|0x000000008a800000, 0x000000008a800000, 0x000000008a900000|  0%| F|  |TAMS 0x000000008a800000, 0x000000008a800000| Untracked 
|  89|0x000000008a900000, 0x000000008a900000, 0x000000008aa00000|  0%| F|  |TAMS 0x000000008a900000, 0x000000008a900000| Untracked 
|  90|0x000000008aa00000, 0x000000008aa00000, 0x000000008ab00000|  0%| F|  |TAMS 0x000000008aa00000, 0x000000008aa00000| Untracked 
|  91|0x000000008ab00000, 0x000000008ab00000, 0x000000008ac00000|  0%| F|  |TAMS 0x000000008ab00000, 0x000000008ab00000| Untracked 
|  92|0x000000008ac00000, 0x000000008ac80800, 0x000000008ad00000| 50%| E|  |TAMS 0x000000008ac00000, 0x000000008ac00000| Complete 
|  93|0x000000008ad00000, 0x000000008ae00000, 0x000000008ae00000|100%| E|CS|TAMS 0x000000008ad00000, 0x000000008ad00000| Complete 
|  94|0x000000008ae00000, 0x000000008af00000, 0x000000008af00000|100%| E|CS|TAMS 0x000000008ae00000, 0x000000008ae00000| Complete 
|  95|0x000000008af00000, 0x000000008b000000, 0x000000008b000000|100%| E|CS|TAMS 0x000000008af00000, 0x000000008af00000| Complete 
|  96|0x000000008b000000, 0x000000008b100000, 0x000000008b100000|100%| E|CS|TAMS 0x000000008b000000, 0x000000008b000000| Complete 
|  97|0x000000008b100000, 0x000000008b200000, 0x000000008b200000|100%| E|CS|TAMS 0x000000008b100000, 0x000000008b100000| Complete 
|  98|0x000000008b200000, 0x000000008b300000, 0x000000008b300000|100%| E|CS|TAMS 0x000000008b200000, 0x000000008b200000| Complete 
|  99|0x000000008b300000, 0x000000008b400000, 0x000000008b400000|100%| E|CS|TAMS 0x000000008b300000, 0x000000008b300000| Complete 
| 100|0x000000008b400000, 0x000000008b500000, 0x000000008b500000|100%| E|CS|TAMS 0x000000008b400000, 0x000000008b400000| Complete 
| 101|0x000000008b500000, 0x000000008b600000, 0x000000008b600000|100%| E|CS|TAMS 0x000000008b500000, 0x000000008b500000| Complete 
| 102|0x000000008b600000, 0x000000008b700000, 0x000000008b700000|100%| E|CS|TAMS 0x000000008b600000, 0x000000008b600000| Complete 
| 103|0x000000008b700000, 0x000000008b800000, 0x000000008b800000|100%| E|CS|TAMS 0x000000008b700000, 0x000000008b700000| Complete 
| 104|0x000000008b800000, 0x000000008b900000, 0x000000008b900000|100%| E|CS|TAMS 0x000000008b800000, 0x000000008b800000| Complete 
| 105|0x000000008b900000, 0x000000008ba00000, 0x000000008ba00000|100%| E|CS|TAMS 0x000000008b900000, 0x000000008b900000| Complete 
| 106|0x000000008ba00000, 0x000000008bb00000, 0x000000008bb00000|100%| E|CS|TAMS 0x000000008ba00000, 0x000000008ba00000| Complete 
| 107|0x000000008bb00000, 0x000000008bc00000, 0x000000008bc00000|100%| E|CS|TAMS 0x000000008bb00000, 0x000000008bb00000| Complete 
| 108|0x000000008bc00000, 0x000000008bd00000, 0x000000008bd00000|100%| E|CS|TAMS 0x000000008bc00000, 0x000000008bc00000| Complete 
| 109|0x000000008bd00000, 0x000000008be00000, 0x000000008be00000|100%| E|CS|TAMS 0x000000008bd00000, 0x000000008bd00000| Complete 
| 110|0x000000008be00000, 0x000000008bf00000, 0x000000008bf00000|100%| E|CS|TAMS 0x000000008be00000, 0x000000008be00000| Complete 
| 111|0x000000008bf00000, 0x000000008c000000, 0x000000008c000000|100%| E|CS|TAMS 0x000000008bf00000, 0x000000008bf00000| Complete 
| 112|0x000000008c000000, 0x000000008c100000, 0x000000008c100000|100%| E|CS|TAMS 0x000000008c000000, 0x000000008c000000| Complete 
| 113|0x000000008c100000, 0x000000008c200000, 0x000000008c200000|100%| E|CS|TAMS 0x000000008c100000, 0x000000008c100000| Complete 
| 114|0x000000008c200000, 0x000000008c300000, 0x000000008c300000|100%| E|CS|TAMS 0x000000008c200000, 0x000000008c200000| Complete 
| 115|0x000000008c300000, 0x000000008c400000, 0x000000008c400000|100%| E|CS|TAMS 0x000000008c300000, 0x000000008c300000| Complete 
| 116|0x000000008c400000, 0x000000008c500000, 0x000000008c500000|100%| E|CS|TAMS 0x000000008c400000, 0x000000008c400000| Complete 
| 117|0x000000008c500000, 0x000000008c600000, 0x000000008c600000|100%| E|CS|TAMS 0x000000008c500000, 0x000000008c500000| Complete 
| 118|0x000000008c600000, 0x000000008c700000, 0x000000008c700000|100%| E|CS|TAMS 0x000000008c600000, 0x000000008c600000| Complete 
| 119|0x000000008c700000, 0x000000008c800000, 0x000000008c800000|100%| E|CS|TAMS 0x000000008c700000, 0x000000008c700000| Complete 
| 120|0x000000008c800000, 0x000000008c900000, 0x000000008c900000|100%| E|CS|TAMS 0x000000008c800000, 0x000000008c800000| Complete 
| 121|0x000000008c900000, 0x000000008ca00000, 0x000000008ca00000|100%| E|CS|TAMS 0x000000008c900000, 0x000000008c900000| Complete 
| 122|0x000000008ca00000, 0x000000008cb00000, 0x000000008cb00000|100%| E|CS|TAMS 0x000000008ca00000, 0x000000008ca00000| Complete 
| 123|0x000000008cb00000, 0x000000008cc00000, 0x000000008cc00000|100%| E|CS|TAMS 0x000000008cb00000, 0x000000008cb00000| Complete 
| 124|0x000000008cc00000, 0x000000008cd00000, 0x000000008cd00000|100%| E|CS|TAMS 0x000000008cc00000, 0x000000008cc00000| Complete 
| 125|0x000000008cd00000, 0x000000008ce00000, 0x000000008ce00000|100%| E|CS|TAMS 0x000000008cd00000, 0x000000008cd00000| Complete 
| 126|0x000000008ce00000, 0x000000008cf00000, 0x000000008cf00000|100%| E|CS|TAMS 0x000000008ce00000, 0x000000008ce00000| Complete 
| 127|0x000000008cf00000, 0x000000008d000000, 0x000000008d000000|100%| E|CS|TAMS 0x000000008cf00000, 0x000000008cf00000| Complete 
| 128|0x000000008d000000, 0x000000008d100000, 0x000000008d100000|100%| E|CS|TAMS 0x000000008d000000, 0x000000008d000000| Complete 
| 129|0x000000008d100000, 0x000000008d200000, 0x000000008d200000|100%| E|CS|TAMS 0x000000008d100000, 0x000000008d100000| Complete 
| 130|0x000000008d200000, 0x000000008d300000, 0x000000008d300000|100%| E|CS|TAMS 0x000000008d200000, 0x000000008d200000| Complete 
| 131|0x000000008d300000, 0x000000008d400000, 0x000000008d400000|100%| E|CS|TAMS 0x000000008d300000, 0x000000008d300000| Complete 
| 132|0x000000008d400000, 0x000000008d500000, 0x000000008d500000|100%| E|CS|TAMS 0x000000008d400000, 0x000000008d400000| Complete 
| 133|0x000000008d500000, 0x000000008d600000, 0x000000008d600000|100%| E|CS|TAMS 0x000000008d500000, 0x000000008d500000| Complete 
| 134|0x000000008d600000, 0x000000008d700000, 0x000000008d700000|100%| E|CS|TAMS 0x000000008d600000, 0x000000008d600000| Complete 
| 135|0x000000008d700000, 0x000000008d800000, 0x000000008d800000|100%| E|CS|TAMS 0x000000008d700000, 0x000000008d700000| Complete 
| 136|0x000000008d800000, 0x000000008d900000, 0x000000008d900000|100%| E|CS|TAMS 0x000000008d800000, 0x000000008d800000| Complete 
| 137|0x000000008d900000, 0x000000008da00000, 0x000000008da00000|100%| E|CS|TAMS 0x000000008d900000, 0x000000008d900000| Complete 
| 138|0x000000008da00000, 0x000000008db00000, 0x000000008db00000|100%| E|CS|TAMS 0x000000008da00000, 0x000000008da00000| Complete 
| 139|0x000000008db00000, 0x000000008dc00000, 0x000000008dc00000|100%| E|CS|TAMS 0x000000008db00000, 0x000000008db00000| Complete 
| 140|0x000000008dc00000, 0x000000008dd00000, 0x000000008dd00000|100%| E|CS|TAMS 0x000000008dc00000, 0x000000008dc00000| Complete 
| 141|0x000000008dd00000, 0x000000008de00000, 0x000000008de00000|100%| E|CS|TAMS 0x000000008dd00000, 0x000000008dd00000| Complete 
| 142|0x000000008de00000, 0x000000008df00000, 0x000000008df00000|100%| E|CS|TAMS 0x000000008de00000, 0x000000008de00000| Complete 
| 143|0x000000008df00000, 0x000000008e000000, 0x000000008e000000|100%| E|CS|TAMS 0x000000008df00000, 0x000000008df00000| Complete 
| 144|0x000000008e000000, 0x000000008e100000, 0x000000008e100000|100%| E|CS|TAMS 0x000000008e000000, 0x000000008e000000| Complete 
| 145|0x000000008e100000, 0x000000008e200000, 0x000000008e200000|100%| E|CS|TAMS 0x000000008e100000, 0x000000008e100000| Complete 
| 146|0x000000008e200000, 0x000000008e300000, 0x000000008e300000|100%| E|CS|TAMS 0x000000008e200000, 0x000000008e200000| Complete 
| 147|0x000000008e300000, 0x000000008e400000, 0x000000008e400000|100%| E|CS|TAMS 0x000000008e300000, 0x000000008e300000| Complete 
| 148|0x000000008e400000, 0x000000008e500000, 0x000000008e500000|100%| E|CS|TAMS 0x000000008e400000, 0x000000008e400000| Complete 
| 149|0x000000008e500000, 0x000000008e600000, 0x000000008e600000|100%| E|CS|TAMS 0x000000008e500000, 0x000000008e500000| Complete 
| 150|0x000000008e600000, 0x000000008e700000, 0x000000008e700000|100%| E|CS|TAMS 0x000000008e600000, 0x000000008e600000| Complete 
| 151|0x000000008e700000, 0x000000008e800000, 0x000000008e800000|100%| E|CS|TAMS 0x000000008e700000, 0x000000008e700000| Complete 
| 152|0x000000008e800000, 0x000000008e900000, 0x000000008e900000|100%| E|CS|TAMS 0x000000008e800000, 0x000000008e800000| Complete 
| 153|0x000000008e900000, 0x000000008ea00000, 0x000000008ea00000|100%| E|CS|TAMS 0x000000008e900000, 0x000000008e900000| Complete 
| 154|0x000000008ea00000, 0x000000008eb00000, 0x000000008eb00000|100%| E|CS|TAMS 0x000000008ea00000, 0x000000008ea00000| Complete 
| 155|0x000000008eb00000, 0x000000008ec00000, 0x000000008ec00000|100%| E|CS|TAMS 0x000000008eb00000, 0x000000008eb00000| Complete 
| 156|0x000000008ec00000, 0x000000008ed00000, 0x000000008ed00000|100%| E|CS|TAMS 0x000000008ec00000, 0x000000008ec00000| Complete 
| 157|0x000000008ed00000, 0x000000008ee00000, 0x000000008ee00000|100%| E|CS|TAMS 0x000000008ed00000, 0x000000008ed00000| Complete 
| 158|0x000000008ee00000, 0x000000008ef00000, 0x000000008ef00000|100%| E|CS|TAMS 0x000000008ee00000, 0x000000008ee00000| Complete 
| 159|0x000000008ef00000, 0x000000008f000000, 0x000000008f000000|100%| E|CS|TAMS 0x000000008ef00000, 0x000000008ef00000| Complete 
| 160|0x000000008f000000, 0x000000008f100000, 0x000000008f100000|100%| E|CS|TAMS 0x000000008f000000, 0x000000008f000000| Complete 
| 161|0x000000008f100000, 0x000000008f200000, 0x000000008f200000|100%| E|CS|TAMS 0x000000008f100000, 0x000000008f100000| Complete 
| 162|0x000000008f200000, 0x000000008f300000, 0x000000008f300000|100%| E|CS|TAMS 0x000000008f200000, 0x000000008f200000| Complete 
| 163|0x000000008f300000, 0x000000008f400000, 0x000000008f400000|100%| E|CS|TAMS 0x000000008f300000, 0x000000008f300000| Complete 
| 164|0x000000008f400000, 0x000000008f500000, 0x000000008f500000|100%| E|CS|TAMS 0x000000008f400000, 0x000000008f400000| Complete 
| 165|0x000000008f500000, 0x000000008f600000, 0x000000008f600000|100%| E|CS|TAMS 0x000000008f500000, 0x000000008f500000| Complete 
| 166|0x000000008f600000, 0x000000008f700000, 0x000000008f700000|100%| E|CS|TAMS 0x000000008f600000, 0x000000008f600000| Complete 
| 167|0x000000008f700000, 0x000000008f800000, 0x000000008f800000|100%| E|CS|TAMS 0x000000008f700000, 0x000000008f700000| Complete 
| 168|0x000000008f800000, 0x000000008f900000, 0x000000008f900000|100%| E|CS|TAMS 0x000000008f800000, 0x000000008f800000| Complete 
| 169|0x000000008f900000, 0x000000008fa00000, 0x000000008fa00000|100%| E|CS|TAMS 0x000000008f900000, 0x000000008f900000| Complete 
| 170|0x000000008fa00000, 0x000000008fb00000, 0x000000008fb00000|100%| E|CS|TAMS 0x000000008fa00000, 0x000000008fa00000| Complete 
|1966|0x00000000ffe00000, 0x00000000ffe47000, 0x00000000fff00000| 27%|OA|  |TAMS 0x00000000ffe47000, 0x00000000ffe00000| Untracked 
|1967|0x00000000fff00000, 0x00000000fff6b000, 0x0000000100000000| 41%|CA|  |TAMS 0x00000000fff6b000, 0x00000000fff00000| Untracked 

Card table byte_map: [0x00007f0eb04a0000,0x00007f0eb0878000] _byte_map_base: 0x00007f0eb0078000

Marking Bits (Prev, Next): (CMBitMap*) 0x00007f0ec8056ee8, (CMBitMap*) 0x00007f0ec8056f20
 Prev Bits: [0x00007f0eaa140000, 0x00007f0eac000000)
 Next Bits: [0x00007f0ea8280000, 0x00007f0eaa140000)

Polling page: 0x00007f0ece94c000

Metaspace:

Usage:
  Non-class:     43,00 MB capacity,    42,19 MB ( 98%) used,   667,24 KB (  2%) free+waste,   164,00 KB ( <1%) overhead. 
      Class:      6,66 MB capacity,     6,16 MB ( 92%) used,   435,74 KB (  6%) free+waste,    77,50 KB (  1%) overhead. 
       Both:     49,65 MB capacity,    48,34 MB ( 97%) used,     1,08 MB (  2%) free+waste,   241,50 KB ( <1%) overhead. 

Virtual space:
  Non-class space:       44,00 MB reserved,      43,25 MB ( 98%) committed 
      Class space:        1,00 GB reserved,       6,75 MB ( <1%) committed 
             Both:        1,04 GB reserved,      50,00 MB (  5%) committed 

Chunk freelists:
   Non-Class:  66,00 KB
       Class:  0 bytes
        Both:  66,00 KB

MaxMetaspaceSize: unlimited
CompressedClassSpaceSize: 1,00 GB

CodeHeap 'non-profiled nmethods': size=120032Kb used=1607Kb max_used=1607Kb free=118424Kb
 bounds [0x00007f0eb8340000, 0x00007f0eb85b0000, 0x00007f0ebf878000]
CodeHeap 'profiled nmethods': size=120028Kb used=8127Kb max_used=8127Kb free=111901Kb
 bounds [0x00007f0eb0e09000, 0x00007f0eb15f9000, 0x00007f0eb8340000]
CodeHeap 'non-nmethods': size=5700Kb used=1207Kb max_used=1256Kb free=4492Kb
 bounds [0x00007f0eb0878000, 0x00007f0eb0ae8000, 0x00007f0eb0e09000]
 total_blobs=5116 nmethods=4535 adapters=493
 compilation: enabled
              stopped_count=0, restarted_count=0
 full_count=0

Compilation events (20 events):
Event: 14,626 Thread 0x00007f0ec8194800 4639   !   4       org.springframework.boot.loader.data.RandomAccessDataFile$FileAccess::openIfNecessary (56 bytes)
Event: 14,626 Thread 0x00007f0ec8194800 nmethod 4639 0x00007f0eb84caa90 code [0x00007f0eb84cac20, 0x00007f0eb84cacb8]
Event: 14,626 Thread 0x00007f0ec8194800 4593       4       java.nio.Buffer::<init> (99 bytes)
Event: 14,627 Thread 0x00007f0ec8194800 nmethod 4593 0x00007f0eb84cad90 code [0x00007f0eb84caf20, 0x00007f0eb84cb038]
Event: 14,627 Thread 0x00007f0ec8194800 4642   !   4       org.springframework.boot.loader.data.RandomAccessDataFile$FileAccess::read (44 bytes)
Event: 14,629 Thread 0x00007f0ec8194800 nmethod 4642 0x00007f0eb84cb190 code [0x00007f0eb84cb340, 0x00007f0eb84cb798]
Event: 14,629 Thread 0x00007f0ec8194800 4609       4       java.util.concurrent.ConcurrentHashMap::put (8 bytes)
Event: 14,629 Thread 0x00007f0ec8194800 nmethod 4609 0x00007f0eb84cba10 code [0x00007f0eb84cbba0, 0x00007f0eb84cbc48]
Event: 14,629 Thread 0x00007f0ec8194800 4645       4       java.lang.reflect.Modifier::isStatic (13 bytes)
Event: 14,629 Thread 0x00007f0ec8194800 nmethod 4645 0x00007f0eb84cbd10 code [0x00007f0eb84cbea0, 0x00007f0eb84cbef8]
Event: 14,629 Thread 0x00007f0ec8194800 4638       4       java.util.concurrent.ConcurrentHashMap::putIfAbsent (8 bytes)
Event: 14,630 Thread 0x00007f0ec8194800 nmethod 4638 0x00007f0eb84cbf90 code [0x00007f0eb84cc120, 0x00007f0eb84cc1c8]
Event: 14,630 Thread 0x00007f0ec8194800 4590       4       jdk.internal.loader.BuiltinClassLoader::moduleReaderFor (45 bytes)
Event: 14,632 Thread 0x00007f0ec8194800 nmethod 4590 0x00007f0eb84cc290 code [0x00007f0eb84cc460, 0x00007f0eb84cc758]
Event: 14,632 Thread 0x00007f0ec8194800 4591       4       jdk.internal.module.SystemModuleFinders$SystemModuleReader::findImageLocation (42 bytes)
Event: 14,691 Thread 0x00007f0ec8194800 nmethod 4591 0x00007f0eb84ccb10 code [0x00007f0eb84ccde0, 0x00007f0eb84cfb00]
Event: 16,370 Thread 0x00007f0ec8196800 4653       3       java.util.logging.Logger::isLoggable (27 bytes)
Event: 16,371 Thread 0x00007f0ec8196800 nmethod 4653 0x00007f0eb15f8790 code [0x00007f0eb15f8940, 0x00007f0eb15f8b10]
Event: 23,184 Thread 0x00007f0ec8196800 4654       1       java.util.concurrent.locks.ReentrantReadWriteLock::readLock (5 bytes)
Event: 23,184 Thread 0x00007f0ec8196800 nmethod 4654 0x00007f0eb84d1990 code [0x00007f0eb84d1b40, 0x00007f0eb84d1c10]

GC Heap History (16 events):
Event: 0,220 GC heap before
{Heap before GC invocations=0 (full 0):
 garbage-first heap   total 129024K, used 25288K [0x0000000085000000, 0x0000000100000000)
  region size 1024K, 24 young (24576K), 0 survivors (0K)
 Metaspace       used 1843K, capacity 5271K, committed 5376K, reserved 1056768K
  class space    used 169K, capacity 483K, committed 512K, reserved 1048576K
}
Event: 0,226 GC heap after
{Heap after GC invocations=1 (full 0):
 garbage-first heap   total 129024K, used 2240K [0x0000000085000000, 0x0000000100000000)
  region size 1024K, 2 young (2048K), 2 survivors (2048K)
 Metaspace       used 1843K, capacity 5271K, committed 5376K, reserved 1056768K
  class space    used 169K, capacity 483K, committed 512K, reserved 1048576K
}
Event: 0,755 GC heap before
{Heap before GC invocations=1 (full 0):
 garbage-first heap   total 129024K, used 74944K [0x0000000085000000, 0x0000000100000000)
  region size 1024K, 74 young (75776K), 2 survivors (2048K)
 Metaspace       used 8529K, capacity 9746K, committed 9984K, reserved 1058816K
  class space    used 1055K, capacity 1266K, committed 1280K, reserved 1048576K
}
Event: 0,761 GC heap after
{Heap after GC invocations=2 (full 0):
 garbage-first heap   total 129024K, used 4919K [0x0000000085000000, 0x0000000100000000)
  region size 1024K, 5 young (5120K), 5 survivors (5120K)
 Metaspace       used 8529K, capacity 9746K, committed 9984K, reserved 1058816K
  class space    used 1055K, capacity 1266K, committed 1280K, reserved 1048576K
}
Event: 1,021 GC heap before
{Heap before GC invocations=2 (full 0):
 garbage-first heap   total 129024K, used 74551K [0x0000000085000000, 0x0000000100000000)
  region size 1024K, 75 young (76800K), 5 survivors (5120K)
 Metaspace       used 14351K, capacity 14945K, committed 15104K, reserved 1062912K
  class space    used 1753K, capacity 1984K, committed 2048K, reserved 1048576K
}
Event: 1,028 GC heap after
{Heap after GC invocations=3 (full 0):
 garbage-first heap   total 129024K, used 5991K [0x0000000085000000, 0x0000000100000000)
  region size 1024K, 6 young (6144K), 6 survivors (6144K)
 Metaspace       used 14351K, capacity 14945K, committed 15104K, reserved 1062912K
  class space    used 1753K, capacity 1984K, committed 2048K, reserved 1048576K
}
Event: 1,439 GC heap before
{Heap before GC invocations=3 (full 0):
 garbage-first heap   total 129024K, used 74599K [0x0000000085000000, 0x0000000100000000)
  region size 1024K, 74 young (75776K), 6 survivors (6144K)
 Metaspace       used 17441K, capacity 18113K, committed 18304K, reserved 1064960K
  class space    used 2127K, capacity 2396K, committed 2432K, reserved 1048576K
}
Event: 1,450 GC heap after
{Heap after GC invocations=4 (full 0):
 garbage-first heap   total 129024K, used 7749K [0x0000000085000000, 0x0000000100000000)
  region size 1024K, 7 young (7168K), 7 survivors (7168K)
 Metaspace       used 17441K, capacity 18113K, committed 18304K, reserved 1064960K
  class space    used 2127K, capacity 2396K, committed 2432K, reserved 1048576K
}
Event: 2,101 GC heap before
{Heap before GC invocations=4 (full 0):
 garbage-first heap   total 129024K, used 46661K [0x0000000085000000, 0x0000000100000000)
  region size 1024K, 46 young (47104K), 7 survivors (7168K)
 Metaspace       used 20424K, capacity 21174K, committed 21248K, reserved 1067008K
  class space    used 2514K, capacity 2812K, committed 2816K, reserved 1048576K
}
Event: 2,123 GC heap after
{Heap after GC invocations=5 (full 0):
 garbage-first heap   total 177152K, used 8608K [0x0000000085000000, 0x0000000100000000)
  region size 1024K, 4 young (4096K), 4 survivors (4096K)
 Metaspace       used 20424K, capacity 21174K, committed 21248K, reserved 1067008K
  class space    used 2514K, capacity 2812K, committed 2816K, reserved 1048576K
}
Event: 3,641 GC heap before
{Heap before GC invocations=6 (full 0):
 garbage-first heap   total 177152K, used 107936K [0x0000000085000000, 0x0000000100000000)
  region size 1024K, 101 young (103424K), 4 survivors (4096K)
 Metaspace       used 28760K, capacity 29857K, committed 30208K, reserved 1075200K
  class space    used 3591K, capacity 4032K, committed 4096K, reserved 1048576K
}
Event: 3,650 GC heap after
{Heap after GC invocations=7 (full 0):
 garbage-first heap   total 177152K, used 11884K [0x0000000085000000, 0x0000000100000000)
  region size 1024K, 8 young (8192K), 8 survivors (8192K)
 Metaspace       used 28760K, capacity 29857K, committed 30208K, reserved 1075200K
  class space    used 3591K, capacity 4032K, committed 4096K, reserved 1048576K
}
Event: 4,106 GC heap before
{Heap before GC invocations=7 (full 0):
 garbage-first heap   total 177152K, used 90732K [0x0000000085000000, 0x0000000100000000)
  region size 1024K, 86 young (88064K), 8 survivors (8192K)
 Metaspace       used 34447K, capacity 35508K, committed 35840K, reserved 1081344K
  class space    used 4444K, capacity 4870K, committed 4992K, reserved 1048576K
}
Event: 4,116 GC heap after
{Heap after GC invocations=8 (full 0):
 garbage-first heap   total 177152K, used 13413K [0x0000000085000000, 0x0000000100000000)
  region size 1024K, 8 young (8192K), 8 survivors (8192K)
 Metaspace       used 34447K, capacity 35508K, committed 35840K, reserved 1081344K
  class space    used 4444K, capacity 4870K, committed 4992K, reserved 1048576K
}
Event: 4,688 GC heap before
{Heap before GC invocations=9 (full 0):
 garbage-first heap   total 177152K, used 110693K [0x0000000085000000, 0x0000000100000000)
  region size 1024K, 103 young (105472K), 8 survivors (8192K)
 Metaspace       used 43403K, capacity 44572K, committed 45056K, reserved 1087488K
  class space    used 5573K, capacity 6031K, committed 6144K, reserved 1048576K
}
Event: 4,696 GC heap after
{Heap after GC invocations=10 (full 0):
 garbage-first heap   total 177152K, used 16596K [0x0000000085000000, 0x0000000100000000)
  region size 1024K, 10 young (10240K), 10 survivors (10240K)
 Metaspace       used 43403K, capacity 44572K, committed 45056K, reserved 1087488K
  class space    used 5573K, capacity 6031K, committed 6144K, reserved 1048576K
}

Deoptimization events (20 events):
Event: 4,916 Thread 0x00007f0ec8016000 Uncommon trap: trap_request=0xffffff4d fr.pc=0x00007f0eb837ead4 relative=0x0000000000000314
Event: 4,916 Thread 0x00007f0ec8016000 Uncommon trap: reason=unstable_if action=reinterpret pc=0x00007f0eb837ead4 method=java.lang.String.indexOf([BBILjava/lang/String;I)I @ 54 c2
Event: 4,916 Thread 0x00007f0ec8016000 DEOPT PACKING pc=0x00007f0eb837ead4 sp=0x00007f0ecd115980
Event: 4,916 Thread 0x00007f0ec8016000 DEOPT UNPACKING pc=0x00007f0eb089d925 sp=0x00007f0ecd115908 mode 2
Event: 5,001 Thread 0x00007f0ec8016000 DEOPT PACKING pc=0x00007f0eb112f940 sp=0x00007f0ecd113330
Event: 5,001 Thread 0x00007f0ec8016000 DEOPT UNPACKING pc=0x00007f0eb089e0ca sp=0x00007f0ecd112838 mode 0
Event: 5,008 Thread 0x00007f0ec8016000 DEOPT PACKING pc=0x00007f0eb11c8929 sp=0x00007f0ecd115c10
Event: 5,008 Thread 0x00007f0ec8016000 DEOPT UNPACKING pc=0x00007f0eb089e0ca sp=0x00007f0ecd115138 mode 3
Event: 5,008 Thread 0x00007f0ec8016000 Uncommon trap: trap_request=0xffffff4d fr.pc=0x00007f0eb84786e8 relative=0x0000000000001088
Event: 5,009 Thread 0x00007f0ec8016000 Uncommon trap: reason=unstable_if action=reinterpret pc=0x00007f0eb84786e8 method=java.util.concurrent.ConcurrentHashMap.transfer([Ljava/util/concurrent/ConcurrentHashMap$Node;[Ljava/util/concurrent/ConcurrentHashMap$Node;)V @ 352 c2
Event: 5,009 Thread 0x00007f0ec8016000 DEOPT PACKING pc=0x00007f0eb84786e8 sp=0x00007f0ecd115cd0
Event: 5,009 Thread 0x00007f0ec8016000 DEOPT UNPACKING pc=0x00007f0eb089d925 sp=0x00007f0ecd115c48 mode 2
Event: 13,960 Thread 0x00007f0ec9024000 DEOPT PACKING pc=0x00007f0eb0e1dd0b sp=0x00007f0e74ee0260
Event: 13,960 Thread 0x00007f0ec9024000 DEOPT UNPACKING pc=0x00007f0eb089e0ca sp=0x00007f0e74edf708 mode 0
Event: 14,290 Thread 0x00007f0ec8f35000 Uncommon trap: trap_request=0xffffff7e fr.pc=0x00007f0eb84bfa44 relative=0x0000000000000944
Event: 14,290 Thread 0x00007f0ec8f35000 Uncommon trap: reason=predicate action=maybe_recompile pc=0x00007f0eb84bfa44 method=java.util.AbstractCollection.toArray([Ljava/lang/Object;)[Ljava/lang/Object; @ 43 c2
Event: 14,290 Thread 0x00007f0ec8f35000 DEOPT PACKING pc=0x00007f0eb84bfa44 sp=0x00007f0e74de1710
Event: 14,290 Thread 0x00007f0ec8f35000 DEOPT UNPACKING pc=0x00007f0eb089d925 sp=0x00007f0e74de16d8 mode 2
Event: 14,343 Thread 0x00007f0ec8f35000 DEOPT PACKING pc=0x00007f0eb0fd37ac sp=0x00007f0e74de0790
Event: 14,343 Thread 0x00007f0ec8f35000 DEOPT UNPACKING pc=0x00007f0eb089e0ca sp=0x00007f0e74ddfd28 mode 0

Classes redefined (0 events):
No events

Internal exceptions (20 events):
Event: 4,400 Thread 0x00007f0ec8016000 Exception <a 'java/lang/NoSuchMethodError'{0x000000008e146a10}: 'java.lang.Object java.lang.invoke.DirectMethodHandle$Holder.invokeStaticInit(java.lang.Object, java.lang.Object, java.lang.Object, java.lang.Object)'> (0x000000008e146a10) thrown at [src/hotspot/share/interpreter/linkResolver.cpp, line 772]
Event: 4,492 Thread 0x00007f0ec8016000 Exception <a 'java/lang/NoSuchMethodError'{0x000000008cc96cb8}: 'java.lang.Object java.lang.invoke.DirectMethodHandle$Holder.newInvokeSpecial(java.lang.Object, java.lang.Object, int, java.lang.Object, java.lang.Object)'> (0x000000008cc96cb8) thrown at [src/hotspot/share/interpreter/linkResolver.cpp, line 772]
Event: 4,580 Thread 0x00007f0ec8016000 Exception <a 'java/lang/NoSuchMethodError'{0x000000008b1f0ef0}: 'void java.lang.invoke.DirectMethodHandle$Holder.invokeInterface(java.lang.Object, java.lang.Object)'> (0x000000008b1f0ef0) thrown at [src/hotspot/share/interpreter/linkResolver.cpp, line 772]
Event: 4,700 Thread 0x00007f0ec8016000 Exception <a 'java/lang/ClassNotFoundException'{0x000000008fabb6c0}: java/lang/ObjectCustomizer> (0x000000008fabb6c0) thrown at [src/hotspot/share/classfile/systemDictionary.cpp, line 231]
Event: 4,701 Thread 0x00007f0ec8016000 Exception <a 'java/lang/ClassNotFoundException'{0x000000008faed918}: org/springframework/web/servlet/config/annotation/WebMvcConfigurationSupportCustomizer> (0x000000008faed918) thrown at [src/hotspot/share/classfile/systemDictionary.cpp, line 231]
Event: 4,701 Thread 0x00007f0ec8016000 Exception <a 'java/lang/ClassNotFoundException'{0x000000008f92c930}: org/springframework/web/servlet/config/annotation/DelegatingWebMvcConfigurationCustomizer> (0x000000008f92c930) thrown at [src/hotspot/share/classfile/systemDictionary.cpp, line 231]
Event: 4,702 Thread 0x00007f0ec8016000 Exception <a 'java/lang/ClassNotFoundException'{0x000000008f963358}: org/springframework/boot/autoconfigure/web/servlet/WebMvcAutoConfiguration$EnableWebMvcConfigurationCustomizer> (0x000000008f963358) thrown at [src/hotspot/share/classfile/systemDictionary.cpp, line 231]
Event: 4,703 Thread 0x00007f0ec8016000 Exception <a 'java/lang/ClassNotFoundException'{0x000000008f99da90}: org/springframework/context/ResourceLoaderAwareCustomizer> (0x000000008f99da90) thrown at [src/hotspot/share/classfile/systemDictionary.cpp, line 231]
Event: 4,704 Thread 0x00007f0ec8016000 Exception <a 'java/lang/ClassNotFoundException'{0x000000008f9c86a0}: org/springframework/beans/factory/AwareCustomizer> (0x000000008f9c86a0) thrown at [src/hotspot/share/classfile/systemDictionary.cpp, line 231]
Event: 4,704 Thread 0x00007f0ec8016000 Exception <a 'java/lang/ClassNotFoundException'{0x000000008f9f3ff0}: org/springframework/context/ApplicationContextAwareCustomizer> (0x000000008f9f3ff0) thrown at [src/hotspot/share/classfile/systemDictionary.cpp, line 231]
Event: 4,705 Thread 0x00007f0ec8016000 Exception <a 'java/lang/ClassNotFoundException'{0x000000008f81fb30}: org/springframework/beans/factory/AwareCustomizer> (0x000000008f81fb30) thrown at [src/hotspot/share/classfile/systemDictionary.cpp, line 231]
Event: 4,705 Thread 0x00007f0ec8016000 Exception <a 'java/lang/ClassNotFoundException'{0x000000008f84b458}: org/springframework/web/context/ServletContextAwareCustomizer> (0x000000008f84b458) thrown at [src/hotspot/share/classfile/systemDictionary.cpp, line 231]
Event: 4,705 Thread 0x00007f0ec8016000 Exception <a 'java/lang/ClassNotFoundException'{0x000000008f8764d0}: org/springframework/beans/factory/AwareCustomizer> (0x000000008f8764d0) thrown at [src/hotspot/share/classfile/systemDictionary.cpp, line 231]
Event: 4,841 Thread 0x00007f0ec8016000 Exception <a 'java/lang/NoSuchMethodError'{0x000000008e5d1b90}: 'void java.lang.invoke.DirectMethodHandle$Holder.invokeVirtual(java.lang.Object, java.lang.Object, int)'> (0x000000008e5d1b90) thrown at [src/hotspot/share/interpreter/linkResolver.cpp, line 772]
Event: 4,842 Thread 0x00007f0ec8016000 Exception <a 'java/lang/NoSuchMethodError'{0x000000008e5eb568}: 'void java.lang.invoke.DirectMethodHandle$Holder.invokeVirtual(java.lang.Object, java.lang.Object, long)'> (0x000000008e5eb568) thrown at [src/hotspot/share/interpreter/linkResolver.cpp, line 772]
Event: 4,958 Thread 0x00007f0ec8016000 Exception <a 'java/lang/IncompatibleClassChangeError'{0x000000008d94ca70}: Found class java.lang.Object, but interface was expected> (0x000000008d94ca70) thrown at [src/hotspot/share/interpreter/linkResolver.cpp, line 839]
Event: 5,048 Thread 0x00007f0ec8016000 Exception <a 'java/lang/NoSuchMethodError'{0x000000008d0c5d10}: 'java.lang.Object java.lang.invoke.DirectMethodHandle$Holder.invokeSpecial(java.lang.Object, java.lang.Object, int, java.lang.Object, int, java.lang.Object)'> (0x000000008d0c5d10) thrown at [src/hotspot/share/interpreter/linkResolver.cpp, line 772]
Event: 5,048 Thread 0x00007f0ec8016000 Exception <a 'java/lang/NoSuchMethodError'{0x000000008d0cd4a0}: 'java.lang.Object java.lang.invoke.DirectMethodHandle$Holder.invokeStatic(java.lang.Object, java.lang.Object, int, java.lang.Object, int)'> (0x000000008d0cd4a0) thrown at [src/hotspot/share/interpreter/linkResolver.cpp, line 772]
Event: 5,049 Thread 0x00007f0ec8016000 Exception <a 'java/lang/NoSuchMethodError'{0x000000008d0d0c80}: 'java.lang.Object java.lang.invoke.DirectMethodHandle$Holder.invokeSpecial(java.lang.Object, java.lang.Object, java.lang.Object, int, java.lang.Object, int)'> (0x000000008d0d0c80) thrown at [src/hotspot/share/interpreter/linkResolver.cpp, line 772]
Event: 5,049 Thread 0x00007f0ec8016000 Exception <a 'java/lang/NoSuchMethodError'{0x000000008d0dfaa8}: 'void java.lang.invoke.DirectMethodHandle$Holder.invokeVirtual(java.lang.Object, java.lang.Object)'> (0x000000008d0dfaa8) thrown at [src/hotspot/share/interpreter/linkResolver.cpp, line 772]

Events (20 events):
Event: 14,362 loading class com/fasterxml/jackson/databind/PropertyMetadata
Event: 14,362 loading class com/fasterxml/jackson/databind/PropertyMetadata done
Event: 14,362 loading class com/fasterxml/jackson/databind/ser/impl/PropertySerializerMap$SerializerAndMapResult
Event: 14,362 loading class com/fasterxml/jackson/databind/ser/impl/PropertySerializerMap$SerializerAndMapResult done
Event: 14,363 loading class com/fasterxml/jackson/databind/ser/impl/PropertySerializerMap$Double
Event: 14,363 loading class com/fasterxml/jackson/databind/ser/impl/PropertySerializerMap$Double done
Event: 14,363 loading class com/fasterxml/jackson/databind/ser/std/NumberSerializers$1
Event: 14,363 loading class com/fasterxml/jackson/databind/ser/std/NumberSerializers$1 done
Event: 14,364 loading class com/fasterxml/jackson/databind/ser/impl/PropertySerializerMap$Multi
Event: 14,364 loading class com/fasterxml/jackson/databind/ser/impl/PropertySerializerMap$Multi done
Event: 14,364 loading class com/fasterxml/jackson/core/io/NumberOutput
Event: 14,364 loading class com/fasterxml/jackson/core/io/NumberOutput done
Event: 14,365 loading class com/fasterxml/jackson/databind/ser/impl/PropertySerializerMap$TypeAndSerializer
Event: 14,365 loading class com/fasterxml/jackson/databind/ser/impl/PropertySerializerMap$TypeAndSerializer done
Event: 14,366 Executing VM operation: RevokeBias
Event: 14,366 Executing VM operation: RevokeBias done
Event: 14,367 Executing VM operation: RevokeBias
Event: 14,367 Executing VM operation: RevokeBias done
Event: 14,367 Executing VM operation: RevokeBias
Event: 14,367 Executing VM operation: RevokeBias done


Dynamic libraries:
85000000-8fb00000 rw-p 00000000 00:00 0 
8fb00000-ffe00000 ---p 00000000 00:00 0 
ffe00000-ffe47000 rw-p 01111000 08:02 8526583                            /usr/lib/jvm/java-11-openjdk-amd64/lib/server/classes.jsa
ffe47000-fff00000 rw-p 00000000 00:00 0 
fff00000-fff6b000 rw-p 010a6000 08:02 8526583                            /usr/lib/jvm/java-11-openjdk-amd64/lib/server/classes.jsa
fff6b000-100000000 rw-p 00000000 00:00 0 
800000000-800002000 rwxp 00001000 08:02 8526583                          /usr/lib/jvm/java-11-openjdk-amd64/lib/server/classes.jsa
800002000-8003b9000 rw-p 00003000 08:02 8526583                          /usr/lib/jvm/java-11-openjdk-amd64/lib/server/classes.jsa
8003b9000-800a96000 r--p 003ba000 08:02 8526583                          /usr/lib/jvm/java-11-openjdk-amd64/lib/server/classes.jsa
800a96000-800a97000 rw-p 00a97000 08:02 8526583                          /usr/lib/jvm/java-11-openjdk-amd64/lib/server/classes.jsa
800a97000-8010a5000 r--p 00a98000 08:02 8526583                          /usr/lib/jvm/java-11-openjdk-amd64/lib/server/classes.jsa
840000000-8406c0000 rw-p 00000000 00:00 0 
8406c0000-880000000 ---p 00000000 00:00 0 
556cf6338000-556cf6339000 r--p 00000000 08:02 8519956                    /usr/lib/jvm/java-11-openjdk-amd64/bin/java
556cf6339000-556cf633a000 r-xp 00001000 08:02 8519956                    /usr/lib/jvm/java-11-openjdk-amd64/bin/java
556cf633a000-556cf633b000 r--p 00002000 08:02 8519956                    /usr/lib/jvm/java-11-openjdk-amd64/bin/java
556cf633b000-556cf633c000 r--p 00002000 08:02 8519956                    /usr/lib/jvm/java-11-openjdk-amd64/bin/java
556cf633c000-556cf633d000 rw-p 00003000 08:02 8519956                    /usr/lib/jvm/java-11-openjdk-amd64/bin/java
556cf73ae000-556cf73fd000 rw-p 00000000 00:00 0                          [heap]
7f0dfbe00000-7f0dfbf40000 rw-p 00000000 00:00 0 
7f0dfbf40000-7f0dfc000000 ---p 00000000 00:00 0 
7f0dfc000000-7f0dfc021000 rw-p 00000000 00:00 0 
7f0dfc021000-7f0e00000000 ---p 00000000 00:00 0 
7f0e00000000-7f0e00029000 rw-p 00000000 00:00 0 
7f0e00029000-7f0e04000000 ---p 00000000 00:00 0 
7f0e04000000-7f0e04021000 rw-p 00000000 00:00 0 
7f0e04021000-7f0e08000000 ---p 00000000 00:00 0 
7f0e08000000-7f0e08021000 rw-p 00000000 00:00 0 
7f0e08021000-7f0e0c000000 ---p 00000000 00:00 0 
7f0e0c000000-7f0e0c021000 rw-p 00000000 00:00 0 
7f0e0c021000-7f0e10000000 ---p 00000000 00:00 0 
7f0e10000000-7f0e10021000 rw-p 00000000 00:00 0 
7f0e10021000-7f0e14000000 ---p 00000000 00:00 0 
7f0e14000000-7f0e14021000 rw-p 00000000 00:00 0 
7f0e14021000-7f0e18000000 ---p 00000000 00:00 0 
7f0e18000000-7f0e18021000 rw-p 00000000 00:00 0 
7f0e18021000-7f0e1c000000 ---p 00000000 00:00 0 
7f0e1c000000-7f0e1c021000 rw-p 00000000 00:00 0 
7f0e1c021000-7f0e20000000 ---p 00000000 00:00 0 
7f0e20000000-7f0e20021000 rw-p 00000000 00:00 0 
7f0e20021000-7f0e24000000 ---p 00000000 00:00 0 
7f0e24000000-7f0e2443c000 rw-p 00000000 00:00 0 
7f0e2443c000-7f0e28000000 ---p 00000000 00:00 0 
7f0e28000000-7f0e28151000 rw-p 00000000 00:00 0 
7f0e28151000-7f0e2c000000 ---p 00000000 00:00 0 
7f0e2c000000-7f0e2c021000 rw-p 00000000 00:00 0 
7f0e2c021000-7f0e30000000 ---p 00000000 00:00 0 
7f0e30000000-7f0e30021000 rw-p 00000000 00:00 0 
7f0e30021000-7f0e34000000 ---p 00000000 00:00 0 
7f0e34000000-7f0e34021000 rw-p 00000000 00:00 0 
7f0e34021000-7f0e38000000 ---p 00000000 00:00 0 
7f0e38000000-7f0e38021000 rw-p 00000000 00:00 0 
7f0e38021000-7f0e3c000000 ---p 00000000 00:00 0 
7f0e3c000000-7f0e3c021000 rw-p 00000000 00:00 0 
7f0e3c021000-7f0e40000000 ---p 00000000 00:00 0 
7f0e40000000-7f0e40021000 rw-p 00000000 00:00 0 
7f0e40021000-7f0e44000000 ---p 00000000 00:00 0 
7f0e44000000-7f0e44021000 rw-p 00000000 00:00 0 
7f0e44021000-7f0e48000000 ---p 00000000 00:00 0 
7f0e48000000-7f0e48021000 rw-p 00000000 00:00 0 
7f0e48021000-7f0e4c000000 ---p 00000000 00:00 0 
7f0e4c000000-7f0e4c021000 rw-p 00000000 00:00 0 
7f0e4c021000-7f0e50000000 ---p 00000000 00:00 0 
7f0e50000000-7f0e50021000 rw-p 00000000 00:00 0 
7f0e50021000-7f0e54000000 ---p 00000000 00:00 0 
7f0e54000000-7f0e54021000 rw-p 00000000 00:00 0 
7f0e54021000-7f0e58000000 ---p 00000000 00:00 0 
7f0e58000000-7f0e58021000 rw-p 00000000 00:00 0 
7f0e58021000-7f0e5c000000 ---p 00000000 00:00 0 
7f0e5c000000-7f0e5c021000 rw-p 00000000 00:00 0 
7f0e5c021000-7f0e60000000 ---p 00000000 00:00 0 
7f0e60000000-7f0e603ba000 rw-p 00000000 00:00 0 
7f0e603ba000-7f0e64000000 ---p 00000000 00:00 0 
7f0e64000000-7f0e64021000 rw-p 00000000 00:00 0 
7f0e64021000-7f0e68000000 ---p 00000000 00:00 0 
7f0e68000000-7f0e68021000 rw-p 00000000 00:00 0 
7f0e68021000-7f0e6c000000 ---p 00000000 00:00 0 
7f0e6c000000-7f0e6c021000 rw-p 00000000 00:00 0 
7f0e6c021000-7f0e70000000 ---p 00000000 00:00 0 
7f0e70000000-7f0e70021000 rw-p 00000000 00:00 0 
7f0e70021000-7f0e74000000 ---p 00000000 00:00 0 
7f0e740da000-7f0e742da000 rw-p 00000000 00:00 0 
7f0e742da000-7f0e742de000 ---p 00000000 00:00 0 
7f0e742de000-7f0e743db000 rw-p 00000000 00:00 0 
7f0e743db000-7f0e743df000 ---p 00000000 00:00 0 
7f0e743df000-7f0e744dc000 rw-p 00000000 00:00 0 
7f0e744dc000-7f0e744e0000 ---p 00000000 00:00 0 
7f0e744e0000-7f0e745dd000 rw-p 00000000 00:00 0 
7f0e745dd000-7f0e745e1000 ---p 00000000 00:00 0 
7f0e745e1000-7f0e746de000 rw-p 00000000 00:00 0 
7f0e746de000-7f0e746e2000 ---p 00000000 00:00 0 
7f0e746e2000-7f0e747df000 rw-p 00000000 00:00 0 
7f0e747df000-7f0e747e3000 ---p 00000000 00:00 0 
7f0e747e3000-7f0e748e0000 rw-p 00000000 00:00 0 
7f0e748e0000-7f0e748e4000 ---p 00000000 00:00 0 
7f0e748e4000-7f0e749e1000 rw-p 00000000 00:00 0 
7f0e749e1000-7f0e749e5000 ---p 00000000 00:00 0 
7f0e749e5000-7f0e74ae2000 rw-p 00000000 00:00 0 
7f0e74ae2000-7f0e74ae6000 ---p 00000000 00:00 0 
7f0e74ae6000-7f0e74be3000 rw-p 00000000 00:00 0 
7f0e74be3000-7f0e74be7000 ---p 00000000 00:00 0 
7f0e74be7000-7f0e74ce4000 rw-p 00000000 00:00 0 
7f0e74ce4000-7f0e74ce8000 ---p 00000000 00:00 0 
7f0e74ce8000-7f0e74de5000 rw-p 00000000 00:00 0 
7f0e74de5000-7f0e74de9000 ---p 00000000 00:00 0 
7f0e74de9000-7f0e74ee6000 rw-p 00000000 00:00 0 
7f0e74ee6000-7f0e74eea000 ---p 00000000 00:00 0 
7f0e74eea000-7f0e751e7000 rw-p 00000000 00:00 0 
7f0e751e7000-7f0e753e7000 rw-p 00000000 00:00 0 
7f0e753e7000-7f0e753eb000 ---p 00000000 00:00 0 
7f0e753eb000-7f0e756e8000 rw-p 00000000 00:00 0 
7f0e756e8000-7f0e756ec000 ---p 00000000 00:00 0 
7f0e756ec000-7f0e759e9000 rw-p 00000000 00:00 0 
7f0e759e9000-7f0e75be9000 rw-p 00000000 00:00 0 
7f0e75be9000-7f0e75de9000 rw-p 00000000 00:00 0 
7f0e75de9000-7f0e75fe9000 rw-p 00000000 00:00 0 
7f0e75fe9000-7f0e75fea000 ---p 00000000 00:00 0 
7f0e75fea000-7f0e760eb000 rw-p 00000000 00:00 0 
7f0e760eb000-7f0e760ec000 ---p 00000000 00:00 0 
7f0e760ec000-7f0e761ed000 rw-p 00000000 00:00 0 
7f0e761ed000-7f0e761ee000 ---p 00000000 00:00 0 
7f0e761ee000-7f0e762ef000 rw-p 00000000 00:00 0 
7f0e762ef000-7f0e762f0000 ---p 00000000 00:00 0 
7f0e762f0000-7f0e765f1000 rw-p 00000000 00:00 0 
7f0e765f1000-7f0e765f5000 ---p 00000000 00:00 0 
7f0e765f5000-7f0e766f2000 rw-p 00000000 00:00 0 
7f0e766f2000-7f0e766f6000 ---p 00000000 00:00 0 
7f0e766f6000-7f0e767f3000 rw-p 00000000 00:00 0 
7f0e767f3000-7f0e767f7000 ---p 00000000 00:00 0 
7f0e767f7000-7f0e76af4000 rw-p 00000000 00:00 0 
7f0e76af4000-7f0e76cf4000 rw-p 00000000 00:00 0 
7f0e76cf4000-7f0e76cf5000 ---p 00000000 00:00 0 
7f0e76cf5000-7f0e76ff6000 rw-p 00000000 00:00 0 
7f0e76ff6000-7f0e771f6000 rw-p 00000000 00:00 0 
7f0e771f6000-7f0e773f6000 rw-p 00000000 00:00 0 
7f0e773f6000-7f0e775f6000 rw-p 00000000 00:00 0 
7f0e775f6000-7f0e777f6000 rw-p 00000000 00:00 0 
7f0e777f6000-7f0e777f7000 ---p 00000000 00:00 0 
7f0e777f7000-7f0e778f8000 rw-p 00000000 00:00 0 
7f0e778f8000-7f0e778fc000 ---p 00000000 00:00 0 
7f0e778fc000-7f0e77bf9000 rw-p 00000000 00:00 0 
7f0e77bf9000-7f0e77bfa000 ---p 00000000 00:00 0 
7f0e77bfa000-7f0e77cfb000 rw-p 00000000 00:00 0 
7f0e77cfb000-7f0e77cfc000 ---p 00000000 00:00 0 
7f0e77cfc000-7f0e77dfd000 rw-p 00000000 00:00 0 
7f0e77dfd000-7f0e77e01000 ---p 00000000 00:00 0 
7f0e77e01000-7f0e77efe000 rw-p 00000000 00:00 0 
7f0e77efe000-7f0e77eff000 ---p 00000000 00:00 0 
7f0e77eff000-7f0e78000000 rw-p 00000000 00:00 0 
7f0e78000000-7f0e79d0e000 rw-p 00000000 00:00 0 
7f0e79d0e000-7f0e7c000000 ---p 00000000 00:00 0 
7f0e7c000000-7f0e7c7a8000 rw-p 00000000 00:00 0 
7f0e7c7a8000-7f0e80000000 ---p 00000000 00:00 0 
7f0e80000000-7f0e80021000 rw-p 00000000 00:00 0 
7f0e80021000-7f0e84000000 ---p 00000000 00:00 0 
7f0e84000000-7f0e84021000 rw-p 00000000 00:00 0 
7f0e84021000-7f0e88000000 ---p 00000000 00:00 0 
7f0e88000000-7f0e88021000 rw-p 00000000 00:00 0 
7f0e88021000-7f0e8c000000 ---p 00000000 00:00 0 
7f0e8c000000-7f0e8c021000 rw-p 00000000 00:00 0 
7f0e8c021000-7f0e90000000 ---p 00000000 00:00 0 
7f0e90000000-7f0e90021000 rw-p 00000000 00:00 0 
7f0e90021000-7f0e94000000 ---p 00000000 00:00 0 
7f0e94000000-7f0e941ad000 rw-p 00000000 00:00 0 
7f0e941ad000-7f0e98000000 ---p 00000000 00:00 0 
7f0e98000000-7f0e98021000 rw-p 00000000 00:00 0 
7f0e98021000-7f0e9c000000 ---p 00000000 00:00 0 
7f0e9c000000-7f0e9c021000 rw-p 00000000 00:00 0 
7f0e9c021000-7f0ea0000000 ---p 00000000 00:00 0 
7f0ea007a000-7f0ea007e000 ---p 00000000 00:00 0 
7f0ea007e000-7f0ea017b000 rw-p 00000000 00:00 0 
7f0ea017b000-7f0ea017f000 ---p 00000000 00:00 0 
7f0ea017f000-7f0ea027c000 rw-p 00000000 00:00 0 
7f0ea027c000-7f0ea0280000 ---p 00000000 00:00 0 
7f0ea0280000-7f0ea037d000 rw-p 00000000 00:00 0 
7f0ea037d000-7f0ea0381000 ---p 00000000 00:00 0 
7f0ea0381000-7f0ea047e000 rw-p 00000000 00:00 0 
7f0ea047e000-7f0ea0482000 ---p 00000000 00:00 0 
7f0ea0482000-7f0ea057f000 rw-p 00000000 00:00 0 
7f0ea057f000-7f0ea0af0000 r--p 00000000 08:02 8390692                    /usr/lib/locale/locale-archive
7f0ea0af0000-7f0ea0af4000 ---p 00000000 00:00 0 
7f0ea0af4000-7f0ea0bf1000 rw-p 00000000 00:00 0 
7f0ea0bf1000-7f0ea0bf5000 ---p 00000000 00:00 0 
7f0ea0bf5000-7f0ea0cf2000 rw-p 00000000 00:00 0 
7f0ea0cf2000-7f0ea0cf3000 ---p 00000000 00:00 0 
7f0ea0cf3000-7f0ea15f4000 rw-p 00000000 00:00 0 
7f0ea15f4000-7f0ea15f5000 ---p 00000000 00:00 0 
7f0ea15f5000-7f0ea16f6000 rw-p 00000000 00:00 0 
7f0ea16f6000-7f0ea16f7000 ---p 00000000 00:00 0 
7f0ea16f7000-7f0ea4000000 rw-p 00000000 00:00 0 
7f0ea4000000-7f0ea4021000 rw-p 00000000 00:00 0 
7f0ea4021000-7f0ea8000000 ---p 00000000 00:00 0 
7f0ea804a000-7f0ea8052000 r--p 00000000 08:02 8520875                    /usr/lib/jvm/java-11-openjdk-amd64/lib/libsunec.so
7f0ea8052000-7f0ea806b000 r-xp 00008000 08:02 8520875                    /usr/lib/jvm/java-11-openjdk-amd64/lib/libsunec.so
7f0ea806b000-7f0ea8075000 r--p 00021000 08:02 8520875                    /usr/lib/jvm/java-11-openjdk-amd64/lib/libsunec.so
7f0ea8075000-7f0ea8076000 ---p 0002b000 08:02 8520875                    /usr/lib/jvm/java-11-openjdk-amd64/lib/libsunec.so
7f0ea8076000-7f0ea807a000 r--p 0002b000 08:02 8520875                    /usr/lib/jvm/java-11-openjdk-amd64/lib/libsunec.so
7f0ea807a000-7f0ea807c000 rw-p 0002f000 08:02 8520875                    /usr/lib/jvm/java-11-openjdk-amd64/lib/libsunec.so
7f0ea807c000-7f0ea807d000 ---p 00000000 00:00 0 
7f0ea807d000-7f0ea817e000 rw-p 00000000 00:00 0 
7f0ea817e000-7f0ea817f000 ---p 00000000 00:00 0 
7f0ea817f000-7f0ea852c000 rw-p 00000000 00:00 0 
7f0ea852c000-7f0eaa138000 ---p 00000000 00:00 0 
7f0eaa138000-7f0eaa3ec000 rw-p 00000000 00:00 0 
7f0eaa3ec000-7f0eabff8000 ---p 00000000 00:00 0 
7f0eabff8000-7f0eac000000 rw-p 00000000 00:00 0 
7f0eac000000-7f0eac021000 rw-p 00000000 00:00 0 
7f0eac021000-7f0eb0000000 ---p 00000000 00:00 0 
7f0eb0015000-7f0eb0016000 r--p 00000000 08:02 8520850                    /usr/lib/jvm/java-11-openjdk-amd64/lib/libextnet.so
7f0eb0016000-7f0eb0017000 r-xp 00001000 08:02 8520850                    /usr/lib/jvm/java-11-openjdk-amd64/lib/libextnet.so
7f0eb0017000-7f0eb0018000 r--p 00002000 08:02 8520850                    /usr/lib/jvm/java-11-openjdk-amd64/lib/libextnet.so
7f0eb0018000-7f0eb0019000 r--p 00002000 08:02 8520850                    /usr/lib/jvm/java-11-openjdk-amd64/lib/libextnet.so
7f0eb0019000-7f0eb001a000 rw-p 00003000 08:02 8520850                    /usr/lib/jvm/java-11-openjdk-amd64/lib/libextnet.so
7f0eb001a000-7f0eb001e000 r--p 00000000 08:02 8520868                    /usr/lib/jvm/java-11-openjdk-amd64/lib/libnet.so
7f0eb001e000-7f0eb002d000 r-xp 00004000 08:02 8520868                    /usr/lib/jvm/java-11-openjdk-amd64/lib/libnet.so
7f0eb002d000-7f0eb0031000 r--p 00013000 08:02 8520868                    /usr/lib/jvm/java-11-openjdk-amd64/lib/libnet.so
7f0eb0031000-7f0eb0032000 r--p 00016000 08:02 8520868                    /usr/lib/jvm/java-11-openjdk-amd64/lib/libnet.so
7f0eb0032000-7f0eb0033000 rw-p 00017000 08:02 8520868                    /usr/lib/jvm/java-11-openjdk-amd64/lib/libnet.so
7f0eb0033000-7f0eb003a000 r--p 00000000 08:02 8520869                    /usr/lib/jvm/java-11-openjdk-amd64/lib/libnio.so
7f0eb003a000-7f0eb0042000 r-xp 00007000 08:02 8520869                    /usr/lib/jvm/java-11-openjdk-amd64/lib/libnio.so
7f0eb0042000-7f0eb0045000 r--p 0000f000 08:02 8520869                    /usr/lib/jvm/java-11-openjdk-amd64/lib/libnio.so
7f0eb0045000-7f0eb0046000 r--p 00011000 08:02 8520869                    /usr/lib/jvm/java-11-openjdk-amd64/lib/libnio.so
7f0eb0046000-7f0eb0047000 rw-p 00012000 08:02 8520869                    /usr/lib/jvm/java-11-openjdk-amd64/lib/libnio.so
7f0eb0047000-7f0eb011e000 rw-p 00000000 00:00 0 
7f0eb011e000-7f0eb049f000 ---p 00000000 00:00 0 
7f0eb049f000-7f0eb04f6000 rw-p 00000000 00:00 0 
7f0eb04f6000-7f0eb0877000 ---p 00000000 00:00 0 
7f0eb0877000-7f0eb0878000 rw-p 00000000 00:00 0 
7f0eb0878000-7f0eb0ae8000 rwxp 00000000 00:00 0 
7f0eb0ae8000-7f0eb0e09000 ---p 00000000 00:00 0 
7f0eb0e09000-7f0eb15f9000 rwxp 00000000 00:00 0 
7f0eb15f9000-7f0eb8340000 ---p 00000000 00:00 0 
7f0eb8340000-7f0eb85b0000 rwxp 00000000 00:00 0 
7f0eb85b0000-7f0ebf878000 ---p 00000000 00:00 0 
7f0ebf878000-7f0ec8000000 r--s 00000000 08:02 8520887                    /usr/lib/jvm/java-11-openjdk-amd64/lib/modules
7f0ec8000000-7f0ec9533000 rw-p 00000000 00:00 0 
7f0ec9533000-7f0ecc000000 ---p 00000000 00:00 0 
7f0ecc002000-7f0ecc004000 r--p 00000000 08:02 8520866                    /usr/lib/jvm/java-11-openjdk-amd64/lib/libmanagement_ext.so
7f0ecc004000-7f0ecc007000 r-xp 00002000 08:02 8520866                    /usr/lib/jvm/java-11-openjdk-amd64/lib/libmanagement_ext.so
7f0ecc007000-7f0ecc008000 r--p 00005000 08:02 8520866                    /usr/lib/jvm/java-11-openjdk-amd64/lib/libmanagement_ext.so
7f0ecc008000-7f0ecc009000 ---p 00006000 08:02 8520866                    /usr/lib/jvm/java-11-openjdk-amd64/lib/libmanagement_ext.so
7f0ecc009000-7f0ecc00a000 r--p 00006000 08:02 8520866                    /usr/lib/jvm/java-11-openjdk-amd64/lib/libmanagement_ext.so
7f0ecc00a000-7f0ecc00b000 rw-p 00007000 08:02 8520866                    /usr/lib/jvm/java-11-openjdk-amd64/lib/libmanagement_ext.so
7f0ecc00b000-7f0ecc13b000 rw-p 00000000 00:00 0 
7f0ecc13b000-7f0ecc4bc000 ---p 00000000 00:00 0 
7f0ecc4bc000-7f0ecccc5000 rw-p 00000000 00:00 0 
7f0ecccc5000-7f0ecccc6000 ---p 00000000 00:00 0 
7f0ecccc6000-7f0eccdcc000 rw-p 00000000 00:00 0 
7f0eccdcc000-7f0ecceb2000 ---p 00000000 00:00 0 
7f0ecceb2000-7f0eccec2000 rw-p 00000000 00:00 0 
7f0eccec2000-7f0eccf9d000 ---p 00000000 00:00 0 
7f0eccf9d000-7f0eccfa2000 rw-p 00000000 00:00 0 
7f0eccfa2000-7f0eccfa9000 ---p 00000000 00:00 0 
7f0eccfa9000-7f0eccfac000 r--p 00000000 08:02 8394178                    /usr/lib/x86_64-linux-gnu/libnss_files-2.31.so
7f0eccfac000-7f0eccfb3000 r-xp 00003000 08:02 8394178                    /usr/lib/x86_64-linux-gnu/libnss_files-2.31.so
7f0eccfb3000-7f0eccfb5000 r--p 0000a000 08:02 8394178                    /usr/lib/x86_64-linux-gnu/libnss_files-2.31.so
7f0eccfb5000-7f0eccfb6000 r--p 0000b000 08:02 8394178                    /usr/lib/x86_64-linux-gnu/libnss_files-2.31.so
7f0eccfb6000-7f0eccfb7000 rw-p 0000c000 08:02 8394178                    /usr/lib/x86_64-linux-gnu/libnss_files-2.31.so
7f0eccfb7000-7f0eccfbd000 rw-p 00000000 00:00 0 
7f0eccfbd000-7f0eccfc0000 r--p 00000000 08:02 8520864                    /usr/lib/jvm/java-11-openjdk-amd64/lib/libmanagement.so
7f0eccfc0000-7f0eccfc1000 r-xp 00003000 08:02 8520864                    /usr/lib/jvm/java-11-openjdk-amd64/lib/libmanagement.so
7f0eccfc1000-7f0eccfc2000 r--p 00004000 08:02 8520864                    /usr/lib/jvm/java-11-openjdk-amd64/lib/libmanagement.so
7f0eccfc2000-7f0eccfc3000 r--p 00004000 08:02 8520864                    /usr/lib/jvm/java-11-openjdk-amd64/lib/libmanagement.so
7f0eccfc3000-7f0eccfc4000 rw-p 00005000 08:02 8520864                    /usr/lib/jvm/java-11-openjdk-amd64/lib/libmanagement.so
7f0eccfc4000-7f0eccfc6000 r--p 00000000 08:02 8520885                    /usr/lib/jvm/java-11-openjdk-amd64/lib/libzip.so
7f0eccfc6000-7f0eccfca000 r-xp 00002000 08:02 8520885                    /usr/lib/jvm/java-11-openjdk-amd64/lib/libzip.so
7f0eccfca000-7f0eccfcc000 r--p 00006000 08:02 8520885                    /usr/lib/jvm/java-11-openjdk-amd64/lib/libzip.so
7f0eccfcc000-7f0eccfcd000 r--p 00007000 08:02 8520885                    /usr/lib/jvm/java-11-openjdk-amd64/lib/libzip.so
7f0eccfcd000-7f0eccfce000 rw-p 00008000 08:02 8520885                    /usr/lib/jvm/java-11-openjdk-amd64/lib/libzip.so
7f0eccfce000-7f0eccfd6000 rw-s 00000000 08:02 9962831                    /tmp/hsperfdata_jadson/81893
7f0eccfd6000-7f0eccfd8000 r--p 00000000 08:02 8520860                    /usr/lib/jvm/java-11-openjdk-amd64/lib/libjimage.so
7f0eccfd8000-7f0eccfdb000 r-xp 00002000 08:02 8520860                    /usr/lib/jvm/java-11-openjdk-amd64/lib/libjimage.so
7f0eccfdb000-7f0eccfdc000 r--p 00005000 08:02 8520860                    /usr/lib/jvm/java-11-openjdk-amd64/lib/libjimage.so
7f0eccfdc000-7f0eccfdd000 ---p 00006000 08:02 8520860                    /usr/lib/jvm/java-11-openjdk-amd64/lib/libjimage.so
7f0eccfdd000-7f0eccfde000 r--p 00006000 08:02 8520860                    /usr/lib/jvm/java-11-openjdk-amd64/lib/libjimage.so
7f0eccfde000-7f0eccfdf000 rw-p 00007000 08:02 8520860                    /usr/lib/jvm/java-11-openjdk-amd64/lib/libjimage.so
7f0eccfdf000-7f0eccfed000 r--p 00000000 08:02 8520857                    /usr/lib/jvm/java-11-openjdk-amd64/lib/libjava.so
7f0eccfed000-7f0ecd003000 r-xp 0000e000 08:02 8520857                    /usr/lib/jvm/java-11-openjdk-amd64/lib/libjava.so
7f0ecd003000-7f0ecd00a000 r--p 00024000 08:02 8520857                    /usr/lib/jvm/java-11-openjdk-amd64/lib/libjava.so
7f0ecd00a000-7f0ecd00b000 r--p 0002a000 08:02 8520857                    /usr/lib/jvm/java-11-openjdk-amd64/lib/libjava.so
7f0ecd00b000-7f0ecd00c000 rw-p 0002b000 08:02 8520857                    /usr/lib/jvm/java-11-openjdk-amd64/lib/libjava.so
7f0ecd00c000-7f0ecd00d000 rw-p 00000000 00:00 0 
7f0ecd00d000-7f0ecd010000 r--p 00000000 08:02 8394208                    /usr/lib/x86_64-linux-gnu/librt-2.31.so
7f0ecd010000-7f0ecd014000 r-xp 00003000 08:02 8394208                    /usr/lib/x86_64-linux-gnu/librt-2.31.so
7f0ecd014000-7f0ecd015000 r--p 00007000 08:02 8394208                    /usr/lib/x86_64-linux-gnu/librt-2.31.so
7f0ecd015000-7f0ecd016000 ---p 00008000 08:02 8394208                    /usr/lib/x86_64-linux-gnu/librt-2.31.so
7f0ecd016000-7f0ecd017000 r--p 00008000 08:02 8394208                    /usr/lib/x86_64-linux-gnu/librt-2.31.so
7f0ecd017000-7f0ecd018000 rw-p 00009000 08:02 8394208                    /usr/lib/x86_64-linux-gnu/librt-2.31.so
7f0ecd018000-7f0ecd01c000 ---p 00000000 00:00 0 
7f0ecd01c000-7f0ecd119000 rw-p 00000000 00:00 0 
7f0ecd119000-7f0ecd11c000 r--p 00000000 08:02 8394940                    /usr/lib/x86_64-linux-gnu/libgcc_s.so.1
7f0ecd11c000-7f0ecd12e000 r-xp 00003000 08:02 8394940                    /usr/lib/x86_64-linux-gnu/libgcc_s.so.1
7f0ecd12e000-7f0ecd132000 r--p 00015000 08:02 8394940                    /usr/lib/x86_64-linux-gnu/libgcc_s.so.1
7f0ecd132000-7f0ecd133000 r--p 00018000 08:02 8394940                    /usr/lib/x86_64-linux-gnu/libgcc_s.so.1
7f0ecd133000-7f0ecd134000 rw-p 00019000 08:02 8394940                    /usr/lib/x86_64-linux-gnu/libgcc_s.so.1
7f0ecd134000-7f0ecd143000 r--p 00000000 08:02 8393823                    /usr/lib/x86_64-linux-gnu/libm-2.31.so
7f0ecd143000-7f0ecd1ea000 r-xp 0000f000 08:02 8393823                    /usr/lib/x86_64-linux-gnu/libm-2.31.so
7f0ecd1ea000-7f0ecd281000 r--p 000b6000 08:02 8393823                    /usr/lib/x86_64-linux-gnu/libm-2.31.so
7f0ecd281000-7f0ecd282000 r--p 0014c000 08:02 8393823                    /usr/lib/x86_64-linux-gnu/libm-2.31.so
7f0ecd282000-7f0ecd283000 rw-p 0014d000 08:02 8393823                    /usr/lib/x86_64-linux-gnu/libm-2.31.so
7f0ecd283000-7f0ecd319000 r--p 00000000 08:02 8389090                    /usr/lib/x86_64-linux-gnu/libstdc++.so.6.0.28
7f0ecd319000-7f0ecd40a000 r-xp 00096000 08:02 8389090                    /usr/lib/x86_64-linux-gnu/libstdc++.so.6.0.28
7f0ecd40a000-7f0ecd453000 r--p 00187000 08:02 8389090                    /usr/lib/x86_64-linux-gnu/libstdc++.so.6.0.28
7f0ecd453000-7f0ecd454000 ---p 001d0000 08:02 8389090                    /usr/lib/x86_64-linux-gnu/libstdc++.so.6.0.28
7f0ecd454000-7f0ecd45f000 r--p 001d0000 08:02 8389090                    /usr/lib/x86_64-linux-gnu/libstdc++.so.6.0.28
7f0ecd45f000-7f0ecd462000 rw-p 001db000 08:02 8389090                    /usr/lib/x86_64-linux-gnu/libstdc++.so.6.0.28
7f0ecd462000-7f0ecd465000 rw-p 00000000 00:00 0 
7f0ecd465000-7f0ecd6df000 r--p 00000000 08:02 8520897                    /usr/lib/jvm/java-11-openjdk-amd64/lib/server/libjvm.so
7f0ecd6df000-7f0ece364000 r-xp 0027a000 08:02 8520897                    /usr/lib/jvm/java-11-openjdk-amd64/lib/server/libjvm.so
7f0ece364000-7f0ece5bb000 r--p 00eff000 08:02 8520897                    /usr/lib/jvm/java-11-openjdk-amd64/lib/server/libjvm.so
7f0ece5bb000-7f0ece67c000 r--p 01155000 08:02 8520897                    /usr/lib/jvm/java-11-openjdk-amd64/lib/server/libjvm.so
7f0ece67c000-7f0ece6b7000 rw-p 01216000 08:02 8520897                    /usr/lib/jvm/java-11-openjdk-amd64/lib/server/libjvm.so
7f0ece6b7000-7f0ece710000 rw-p 00000000 00:00 0 
7f0ece710000-7f0ece717000 r--p 00000000 08:02 8394197                    /usr/lib/x86_64-linux-gnu/libpthread-2.31.so
7f0ece717000-7f0ece728000 r-xp 00007000 08:02 8394197                    /usr/lib/x86_64-linux-gnu/libpthread-2.31.so
7f0ece728000-7f0ece72d000 r--p 00018000 08:02 8394197                    /usr/lib/x86_64-linux-gnu/libpthread-2.31.so
7f0ece72d000-7f0ece72e000 r--p 0001c000 08:02 8394197                    /usr/lib/x86_64-linux-gnu/libpthread-2.31.so
7f0ece72e000-7f0ece72f000 rw-p 0001d000 08:02 8394197                    /usr/lib/x86_64-linux-gnu/libpthread-2.31.so
7f0ece72f000-7f0ece733000 rw-p 00000000 00:00 0 
7f0ece733000-7f0ece734000 r--p 00000000 08:02 8393820                    /usr/lib/x86_64-linux-gnu/libdl-2.31.so
7f0ece734000-7f0ece736000 r-xp 00001000 08:02 8393820                    /usr/lib/x86_64-linux-gnu/libdl-2.31.so
7f0ece736000-7f0ece737000 r--p 00003000 08:02 8393820                    /usr/lib/x86_64-linux-gnu/libdl-2.31.so
7f0ece737000-7f0ece738000 r--p 00003000 08:02 8393820                    /usr/lib/x86_64-linux-gnu/libdl-2.31.so
7f0ece738000-7f0ece739000 rw-p 00004000 08:02 8393820                    /usr/lib/x86_64-linux-gnu/libdl-2.31.so
7f0ece739000-7f0ece73b000 r--p 00000000 08:02 8391100                    /usr/lib/x86_64-linux-gnu/libz.so.1.2.11
7f0ece73b000-7f0ece74c000 r-xp 00002000 08:02 8391100                    /usr/lib/x86_64-linux-gnu/libz.so.1.2.11
7f0ece74c000-7f0ece752000 r--p 00013000 08:02 8391100                    /usr/lib/x86_64-linux-gnu/libz.so.1.2.11
7f0ece752000-7f0ece753000 ---p 00019000 08:02 8391100                    /usr/lib/x86_64-linux-gnu/libz.so.1.2.11
7f0ece753000-7f0ece754000 r--p 00019000 08:02 8391100                    /usr/lib/x86_64-linux-gnu/libz.so.1.2.11
7f0ece754000-7f0ece755000 rw-p 0001a000 08:02 8391100                    /usr/lib/x86_64-linux-gnu/libz.so.1.2.11
7f0ece755000-7f0ece77a000 r--p 00000000 08:02 8393814                    /usr/lib/x86_64-linux-gnu/libc-2.31.so
7f0ece77a000-7f0ece8f2000 r-xp 00025000 08:02 8393814                    /usr/lib/x86_64-linux-gnu/libc-2.31.so
7f0ece8f2000-7f0ece93c000 r--p 0019d000 08:02 8393814                    /usr/lib/x86_64-linux-gnu/libc-2.31.so
7f0ece93c000-7f0ece93d000 ---p 001e7000 08:02 8393814                    /usr/lib/x86_64-linux-gnu/libc-2.31.so
7f0ece93d000-7f0ece940000 r--p 001e7000 08:02 8393814                    /usr/lib/x86_64-linux-gnu/libc-2.31.so
7f0ece940000-7f0ece943000 rw-p 001ea000 08:02 8393814                    /usr/lib/x86_64-linux-gnu/libc-2.31.so
7f0ece943000-7f0ece947000 rw-p 00000000 00:00 0 
7f0ece94a000-7f0ece94c000 r--s 0000c000 08:02 9189263                    /usr/share/java/java-atk-wrapper.jar
7f0ece94c000-7f0ece94d000 ---p 00000000 00:00 0 
7f0ece94d000-7f0ece94e000 r--p 00000000 00:00 0 
7f0ece94e000-7f0ece953000 r--p 00000000 08:02 8520879                    /usr/lib/jvm/java-11-openjdk-amd64/lib/libverify.so
7f0ece953000-7f0ece95a000 r-xp 00005000 08:02 8520879                    /usr/lib/jvm/java-11-openjdk-amd64/lib/libverify.so
7f0ece95a000-7f0ece95c000 r--p 0000c000 08:02 8520879                    /usr/lib/jvm/java-11-openjdk-amd64/lib/libverify.so
7f0ece95c000-7f0ece95d000 ---p 0000e000 08:02 8520879                    /usr/lib/jvm/java-11-openjdk-amd64/lib/libverify.so
7f0ece95d000-7f0ece95f000 r--p 0000e000 08:02 8520879                    /usr/lib/jvm/java-11-openjdk-amd64/lib/libverify.so
7f0ece95f000-7f0ece960000 rw-p 00010000 08:02 8520879                    /usr/lib/jvm/java-11-openjdk-amd64/lib/libverify.so
7f0ece960000-7f0ece963000 r--p 00000000 08:02 8520842                    /usr/lib/jvm/java-11-openjdk-amd64/lib/jli/libjli.so
7f0ece963000-7f0ece96d000 r-xp 00003000 08:02 8520842                    /usr/lib/jvm/java-11-openjdk-amd64/lib/jli/libjli.so
7f0ece96d000-7f0ece970000 r--p 0000d000 08:02 8520842                    /usr/lib/jvm/java-11-openjdk-amd64/lib/jli/libjli.so
7f0ece970000-7f0ece971000 ---p 00010000 08:02 8520842                    /usr/lib/jvm/java-11-openjdk-amd64/lib/jli/libjli.so
7f0ece971000-7f0ece972000 r--p 00010000 08:02 8520842                    /usr/lib/jvm/java-11-openjdk-amd64/lib/jli/libjli.so
7f0ece972000-7f0ece973000 rw-p 00011000 08:02 8520842                    /usr/lib/jvm/java-11-openjdk-amd64/lib/jli/libjli.so
7f0ece973000-7f0ece975000 rw-p 00000000 00:00 0 
7f0ece975000-7f0ece976000 r--p 00000000 08:02 8390785                    /usr/lib/x86_64-linux-gnu/ld-2.31.so
7f0ece976000-7f0ece999000 r-xp 00001000 08:02 8390785                    /usr/lib/x86_64-linux-gnu/ld-2.31.so
7f0ece999000-7f0ece9a1000 r--p 00024000 08:02 8390785                    /usr/lib/x86_64-linux-gnu/ld-2.31.so
7f0ece9a2000-7f0ece9a3000 r--p 0002c000 08:02 8390785                    /usr/lib/x86_64-linux-gnu/ld-2.31.so
7f0ece9a3000-7f0ece9a4000 rw-p 0002d000 08:02 8390785                    /usr/lib/x86_64-linux-gnu/ld-2.31.so
7f0ece9a4000-7f0ece9a5000 rw-p 00000000 00:00 0 
7ffe27d5c000-7ffe27d7e000 rw-p 00000000 00:00 0                          [stack]
7ffe27d8e000-7ffe27d92000 r--p 00000000 00:00 0                          [vvar]
7ffe27d92000-7ffe27d94000 r-xp 00000000 00:00 0                          [vdso]
ffffffffff600000-ffffffffff601000 --xp 00000000 00:00 0                  [vsyscall]


VM Arguments:
java_command: ./target/demo-0.0.1-SNAPSHOT.jar
java_class_path (initial): ./target/demo-0.0.1-SNAPSHOT.jar
Launcher Type: SUN_STANDARD

[Global flags]
     intx CICompilerCount                          = 4                                         {product} {ergonomic}
     uint ConcGCThreads                            = 2                                         {product} {ergonomic}
     uint G1ConcRefinementThreads                  = 8                                         {product} {ergonomic}
   size_t G1HeapRegionSize                         = 1048576                                   {product} {ergonomic}
    uintx GCDrainStackTargetSize                   = 64                                        {product} {ergonomic}
   size_t InitialHeapSize                          = 130023424                                 {product} {ergonomic}
   size_t MarkStackSize                            = 4194304                                   {product} {ergonomic}
   size_t MaxHeapSize                              = 2063597568                                {product} {ergonomic}
   size_t MaxNewSize                               = 1237319680                                {product} {ergonomic}
   size_t MinHeapDeltaBytes                        = 1048576                                   {product} {ergonomic}
    uintx NonNMethodCodeHeapSize                   = 5836300                                {pd product} {ergonomic}
    uintx NonProfiledCodeHeapSize                  = 122910970                              {pd product} {ergonomic}
    uintx ProfiledCodeHeapSize                     = 122910970                              {pd product} {ergonomic}
    uintx ReservedCodeCacheSize                    = 251658240                              {pd product} {ergonomic}
     bool SegmentedCodeCache                       = true                                      {product} {ergonomic}
     bool UseCompressedClassPointers               = true                                 {lp64_product} {ergonomic}
     bool UseCompressedOops                        = true                                 {lp64_product} {ergonomic}
     bool UseG1GC                                  = true                                      {product} {ergonomic}

Logging:
Log output configuration:
 #0: stdout all=warning uptime,level,tags
 #1: stderr all=off uptime,level,tags

Environment Variables:
PATH=/home/jadson/Projects/repositories/demo/node_modules/.bin:/home/jadson/.deno/bin:/home/jadson/.zinit/polaris/sbin:/home/jadson/.zinit/polaris/bin:/home/jadson/.nvm/versions/node/v15.8.0/bin:/home/jadson/.local/bin:/usr/local/sbin:/usr/local/bin:/usr/sbin:/usr/bin:/sbin:/bin:/usr/games:/usr/local/games:/snap/bin:/home/jadson/.yarn/bin
USERNAME=jadson
SHELL=/usr/bin/zsh
DISPLAY=:0
LANG=en_US.UTF-8
LC_CTYPE=pt_BR.UTF-8

Signal Handlers:
SIGSEGV: [libjvm.so+0xe8ba00], sa_mask[0]=11111111011111111101111111111110, sa_flags=SA_RESTART|SA_SIGINFO
SIGBUS: [libjvm.so+0xe8ba00], sa_mask[0]=11111111011111111101111111111110, sa_flags=SA_RESTART|SA_SIGINFO
SIGFPE: [libjvm.so+0xe8ba00], sa_mask[0]=11111111011111111101111111111110, sa_flags=SA_RESTART|SA_SIGINFO
SIGPIPE: [libjvm.so+0xbd10f0], sa_mask[0]=11111111011111111101111111111110, sa_flags=SA_RESTART|SA_SIGINFO
SIGXFSZ: [libjvm.so+0xbd10f0], sa_mask[0]=11111111011111111101111111111110, sa_flags=SA_RESTART|SA_SIGINFO
SIGILL: [libjvm.so+0xe8ba00], sa_mask[0]=11111111011111111101111111111110, sa_flags=SA_RESTART|SA_SIGINFO
SIGUSR2: [libjvm.so+0xbd0f90], sa_mask[0]=00000000000000000000000000000000, sa_flags=SA_RESTART|SA_SIGINFO
SIGHUP: [libjvm.so+0xbd1430], sa_mask[0]=11111111011111111101111111111110, sa_flags=SA_RESTART|SA_SIGINFO
SIGINT: [libjvm.so+0xbd1430], sa_mask[0]=11111111011111111101111111111110, sa_flags=SA_RESTART|SA_SIGINFO
SIGTERM: [libjvm.so+0xbd1430], sa_mask[0]=11111111011111111101111111111110, sa_flags=SA_RESTART|SA_SIGINFO
SIGQUIT: [libjvm.so+0xbd1430], sa_mask[0]=11111111011111111101111111111110, sa_flags=SA_RESTART|SA_SIGINFO


---------------  S Y S T E M  ---------------

OS:DISTRIB_ID=Ubuntu
DISTRIB_RELEASE=20.04
DISTRIB_CODENAME=focal
DISTRIB_DESCRIPTION="Ubuntu 20.04.2 LTS"
uname:Linux 5.8.0-63-generic #71~20.04.1-Ubuntu SMP Thu Jul 15 17:46:08 UTC 2021 x86_64
OS uptime: 2 days 0:46 hours
libc:glibc 2.31 NPTL 2.31 
rlimit (soft/hard): STACK 8192k/infinity , CORE 0k/infinity , NPROC 31242/31242 , NOFILE 1048576/1048576 , AS infinity/infinity , CPU infinity/infinity , DATA infinity/infinity , FSIZE infinity/infinity , MEMLOCK 65536k/65536k
load average:1,36 1,76 2,26

/proc/meminfo:
MemTotal:        8058248 kB
MemFree:          209064 kB
MemAvailable:    3119180 kB
Buffers:          761472 kB
Cached:          2558800 kB
SwapCached:         4376 kB
Active:          5154532 kB
Inactive:        1886888 kB
Active(anon):    3480164 kB
Inactive(anon):   672848 kB
Active(file):    1674368 kB
Inactive(file):  1214040 kB
Unevictable:       98968 kB
Mlocked:             112 kB
SwapTotal:       2097148 kB
SwapFree:        1920148 kB
Dirty:               480 kB
Writeback:           208 kB
AnonPages:       3818608 kB
Mapped:           786424 kB
Shmem:            437224 kB
KReclaimable:     330508 kB
Slab:             552304 kB
SReclaimable:     330508 kB
SUnreclaim:       221796 kB
KernelStack:       20712 kB
PageTables:        41376 kB
NFS_Unstable:          0 kB
Bounce:                0 kB
WritebackTmp:          0 kB
CommitLimit:     6126272 kB
Committed_AS:   13610972 kB
VmallocTotal:   34359738367 kB
VmallocUsed:       43860 kB
VmallocChunk:          0 kB
Percpu:             9888 kB
HardwareCorrupted:     0 kB
AnonHugePages:      4096 kB
ShmemHugePages:        0 kB
ShmemPmdMapped:        0 kB
FileHugePages:         0 kB
FilePmdMapped:         0 kB
HugePages_Total:       0
HugePages_Free:        0
HugePages_Rsvd:        0
HugePages_Surp:        0
Hugepagesize:       2048 kB
Hugetlb:               0 kB
DirectMap4k:      661108 kB
DirectMap2M:     7634944 kB
DirectMap1G:           0 kB

/sys/kernel/mm/transparent_hugepage/enabled:
always [madvise] never
/sys/kernel/mm/transparent_hugepage/defrag (defrag/compaction efforts parameter):
always defer defer+madvise [madvise] never

Process Memory:
Virtual Size: 6532148K (peak: 13454268K)
Resident Set Size: 304212K (peak: 309372K) (anon: 274532K, file: 29680K, shmem: 0K)
Swapped out: 0K
C-Heap outstanding allocations: 26233K

/proc/sys/kernel/threads-max (system-wide limit on the number of threads):
62484
/proc/sys/vm/max_map_count (maximum number of memory map areas a process may have):
65530
/proc/sys/kernel/pid_max (system-wide limit on number of process identifiers):
4194304

container (cgroup) information:
container_type: cgroupv1
cpu_cpuset_cpus: 0-7
cpu_memory_nodes: 0
active_processor_count: 8
cpu_quota: -1
cpu_period: 100000
cpu_shares: -1
memory_limit_in_bytes: -1
memory_and_swap_limit_in_bytes: -1
memory_soft_limit_in_bytes: -1
memory_usage_in_bytes: 5754675200
memory_max_usage_in_bytes: 6611283968

Steal ticks since vm start: 0
Steal ticks percentage since vm start:  0,000

CPU:total 8 (initial active 8) (4 cores per cpu, 2 threads per core) family 6 model 142 stepping 10 microcode 0xea, cmov, cx8, fxsr, mmx, sse, sse2, sse3, ssse3, sse4.1, sse4.2, popcnt, avx, avx2, aes, clmul, erms, 3dnowpref, lzcnt, ht, tsc, tscinvbit, bmi1, bmi2, adx, fma
CPU Model and flags from /proc/cpuinfo:
model name	: Intel(R) Core(TM) i5-8250U CPU @ 1.60GHz
flags		: fpu vme de pse tsc msr pae mce cx8 apic sep mtrr pge mca cmov pat pse36 clflush dts acpi mmx fxsr sse sse2 ss ht tm pbe syscall nx pdpe1gb rdtscp lm constant_tsc art arch_perfmon pebs bts rep_good nopl xtopology nonstop_tsc cpuid aperfmperf pni pclmulqdq dtes64 monitor ds_cpl vmx est tm2 ssse3 sdbg fma cx16 xtpr pdcm pcid sse4_1 sse4_2 x2apic movbe popcnt tsc_deadline_timer aes xsave avx f16c rdrand lahf_lm abm 3dnowprefetch cpuid_fault invpcid_single pti ssbd ibrs ibpb stibp tpr_shadow vnmi flexpriority ept vpid ept_ad fsgsbase tsc_adjust bmi1 avx2 smep bmi2 erms invpcid mpx rdseed adx smap clflushopt intel_pt xsaveopt xsavec xgetbv1 xsaves dtherm ida arat pln pts hwp hwp_notify hwp_act_window hwp_epp md_clear flush_l1d
Online cpus:
0-7
Offline cpus:

BIOS frequency limitation:
<Not Available>
Frequency switch latency (ns):
0
Available cpu frequencies:
<Not Available>
Current governor:
powersave
Core performance/turbo boost:
<Not Available>

Memory: 4k page, physical 8058248k(207804k free), swap 2097148k(1920148k free)

vm_info: OpenJDK 64-Bit Server VM (11.0.11+9-Ubuntu-0ubuntu2.20.04) for linux-amd64 JRE (11.0.11+9-Ubuntu-0ubuntu2.20.04), built on Apr 21 2021 09:15:32 by "unknown" with gcc 9.3.0

END.
