#
# A fatal error has been detected by the Java Runtime Environment:
#
#  SIGSEGV (0xb) at pc=0x00007f81a585cfcd, pid=83765, tid=83765
#
# JRE version: OpenJDK Runtime Environment (11.0.11+9) (build 11.0.11+9-Ubuntu-0ubuntu2.20.04)
# Java VM: OpenJDK 64-Bit Server VM (11.0.11+9-Ubuntu-0ubuntu2.20.04, mixed mode, sharing, tiered, compressed oops, g1 gc, linux-amd64)
# Problematic frame:
# V  [libjvm.so+0xbd0fcd]
#
# Core dump will be written. Default location: Core dumps may be processed with "/usr/share/apport/apport %p %s %c %d %P %E" (or dumping to /home/jadson/Projects/repositories/demo/core.83765)
#
# If you would like to submit a bug report, please visit:
#   https://bugs.launchpad.net/ubuntu/+source/openjdk-lts
#

---------------  S U M M A R Y ------------

Command Line: ./target/demo-0.0.1-SNAPSHOT.jar

Host: Intel(R) Core(TM) i5-8250U CPU @ 1.60GHz, 8 cores, 7G, Ubuntu 20.04.2 LTS
Time: Wed Jul 28 19:44:27 2021 -03 elapsed time: 36.048302 seconds (0d 0h 0m 36s)

---------------  T H R E A D  ---------------

Current thread is native thread

Stack: [0x00007ffc69f12000,0x00007ffc6a710000],  sp=0x00007ffc6a70a840,  free space=8162k
Native frames: (J=compiled Java code, A=aot compiled Java code, j=interpreted, Vv=VM code, C=native code)
V  [libjvm.so+0xbd0fcd]
C  [libc.so.6+0x46210]


siginfo: si_signo: 11 (SIGSEGV), si_code: 1 (SEGV_MAPERR), si_addr: 0x00000000000000d0

Register to memory mapping:

RAX=0x0 is NULL
RBX=
[error occurred during error reporting (printing register info), id 0xb, SIGSEGV (0xb) at pc=0x00007f81a5ab4a2c]

Registers:
RAX=0x0000000000000000, RBX=0x00007f81a5f363c0, RCX=0x00007f81a5f41cd7, RDX=0x00007f81a5f36440
RSP=0x00007ffc6a70a840, RBP=0x00007ffc6a70a8f0, RSI=0x00007ffc6a70aa30, RDI=0x0000000000000001
R8 =0x0000000000000000, R9 =0x00007f81a493f700, R10=0x0000000000000000, R11=0x0000000000000246
R12=0x00007ffc6a70aa30, R13=0x00007ffc6a70a900, R14=0x0000000000000000, R15=0x00007f81a493f700
RIP=0x00007f81a585cfcd, EFLAGS=0x0000000000010246, CSGSFS=0x002b000000000033, ERR=0x0000000000000004
  TRAPNO=0x000000000000000e

Top of Stack: (sp=0x00007ffc6a70a840)
0x00007ffc6a70a840:   00007f81a5ef9320 0000000000000000
0x00007ffc6a70a850:   00007f81a5ef93a0 0000000000000000
0x00007ffc6a70a860:   00007f81a5b9a8a0 0000000000000000
0x00007ffc6a70a870:   00007f81a5b9a820 0000000000000000 

Instructions: (pc=0x00007f81a585cfcd)
0x00007f81a585cecd:   ff 48 85 c0 74 03 c6 00 00 4c 89 f7 4c 89 fa 4c
0x00007f81a585cedd:   89 ee e8 3c 92 6a ff 4c 89 e7 e8 a4 95 6a ff 48
0x00007f81a585ceed:   81 c4 08 01 00 00 5b 41 5c 41 5d 41 5e 41 5f 5d
0x00007f81a585cefd:   c3 66 90 4c 89 e2 be 00 01 00 00 4c 89 ef e8 f0
0x00007f81a585cf0d:   97 6a ff 48 85 c0 74 ac 48 8d 35 cb 80 3a 00 4c
0x00007f81a585cf1d:   89 ef e8 dc 95 6a ff 48 85 c0 75 17 48 8d 35 cc
0x00007f81a585cf2d:   80 3a 00 4c 89 ef e8 c8 95 6a ff 48 85 c0 74 84
0x00007f81a585cf3d:   0f 1f 00 be 22 00 00 00 4c 89 ef e8 43 96 6a ff
0x00007f81a585cf4d:   48 85 c0 74 26 4c 8d 68 01 be 22 00 00 00 4c 89
0x00007f81a585cf5d:   ef e8 2d 96 6a ff 48 85 c0 0f 85 67 ff ff ff e9
0x00007f81a585cf6d:   65 ff ff ff 0f 1f 80 00 00 00 00 4c 89 ef be 3d
0x00007f81a585cf7d:   00 00 00 e8 0b 96 6a ff 4c 8d 68 01 e9 33 ff ff
0x00007f81a585cf8d:   ff 66 90 f3 0f 1e fa 55 48 89 e5 41 57 41 56 41
0x00007f81a585cf9d:   55 49 89 d5 41 54 49 89 f4 53 48 81 ec 88 00 00
0x00007f81a585cfad:   00 e8 0d 9d 6a ff 44 8b 30 48 89 c3 e8 22 63 25
0x00007f81a585cfbd:   00 41 89 c0 31 c0 45 84 c0 74 05 e8 23 63 25 00
0x00007f81a585cfcd:   48 83 b8 d0 00 00 00 00 74 16 4c 8b b8 70 02 00
0x00007f81a585cfdd:   00 41 8b 87 a8 00 00 00 83 f8 01 74 16 44 89 33
0x00007f81a585cfed:   48 81 c4 88 00 00 00 5b 41 5c 41 5d 41 5e 41 5f
0x00007f81a585cffd:   5d c3 90 66 49 0f 6e c4 66 49 0f 6e cd ba 02 00
0x00007f81a585d00d:   00 00 be 01 00 00 00 66 0f 6c c1 4d 8d a7 a8 00
0x00007f81a585d01d:   00 00 41 0f 11 87 b0 00 00 00 4c 89 e7 e8 d1 bc
0x00007f81a585d02d:   ff ff 83 f8 02 74 3c 85 c0 75 18 66 0f ef c0 41
0x00007f81a585d03d:   0f 11 87 b0 00 00 00 eb a4 66 2e 0f 1f 84 00 00
0x00007f81a585d04d:   00 00 00 48 8d 05 51 aa 64 00 be d8 11 00 00 48
0x00007f81a585d05d:   8d 3d 75 8a 3a 00 48 8b 00 c6 00 58 e8 f2 af a9
0x00007f81a585d06d:   ff eb c8 4c 8d ad 50 ff ff ff 4c 89 ef e8 a1 98
0x00007f81a585d07d:   6a ff 4c 89 ea 31 f6 31 ff e8 b5 99 6a ff 8b 35
0x00007f81a585d08d:   9f 56 66 00 4c 89 ef e8 57 95 6a ff be 01 00 00
0x00007f81a585d09d:   00 48 8d 3d db a2 6a 00 e8 16 a1 0c 00 66 0f 1f
0x00007f81a585d0ad:   44 00 00 4c 89 ef e8 68 9c 6a ff 31 d2 be 03 00
0x00007f81a585d0bd:   00 00 4c 89 e7 e8 39 bc ff ff 85 c0 75 e5 be 01 


Stack slot to memory mapping:
stack at sp + 0 slots: 
[error occurred during error reporting (inspecting top of stack), id 0xb, SIGSEGV (0xb) at pc=0x00007f81a5ab4a2c]


---------------  P R O C E S S  ---------------

VM state:not at safepoint (normal execution)

VM Mutex/Monitor currently owned by a thread: None

Heap address: 0x0000000085000000, size: 1968 MB, Compressed Oops mode: 32-bit
Narrow klass base: 0x0000000800000000, Narrow klass shift: 3
Compressed class space size: 1073741824 Address: 0x0000000840000000

Heap:
 garbage-first heap   total 179200K, used 67642K [0x0000000085000000, 0x0000000100000000)
  region size 1024K, 60 young (61440K), 10 survivors (10240K)
 Metaspace       used 48889K, capacity 50203K, committed 50556K, reserved 1093632K
  class space    used 6229K, capacity 6751K, committed 6784K, reserved 1048576K
Heap Regions: E=young(eden), S=young(survivor), O=old, HS=humongous(starts), HC=humongous(continues), CS=collection set, F=free, A=archive, TAMS=top-at-mark-start (previous, next)
|   0|0x0000000085000000, 0x0000000085100000, 0x0000000085100000|100%| O|  |TAMS 0x0000000085100000, 0x0000000085000000| Untracked 
|   1|0x0000000085100000, 0x0000000085200000, 0x0000000085200000|100%| O|  |TAMS 0x0000000085200000, 0x0000000085100000| Untracked 
|   2|0x0000000085200000, 0x0000000085300000, 0x0000000085300000|100%| O|  |TAMS 0x0000000085300000, 0x0000000085200000| Untracked 
|   3|0x0000000085300000, 0x0000000085400000, 0x0000000085400000|100%| O|  |TAMS 0x0000000085400000, 0x0000000085300000| Untracked 
|   4|0x0000000085400000, 0x0000000085500000, 0x0000000085500000|100%| O|  |TAMS 0x00000000854d0c00, 0x0000000085400000| Untracked 
|   5|0x0000000085500000, 0x0000000085600000, 0x0000000085600000|100%| O|  |TAMS 0x0000000085500000, 0x0000000085500000| Untracked 
|   6|0x0000000085600000, 0x000000008565ca00, 0x0000000085700000| 36%| O|  |TAMS 0x0000000085600000, 0x0000000085600000| Untracked 
|   7|0x0000000085700000, 0x0000000085700000, 0x0000000085800000|  0%| F|  |TAMS 0x0000000085700000, 0x0000000085700000| Untracked 
|   8|0x0000000085800000, 0x0000000085800000, 0x0000000085900000|  0%| F|  |TAMS 0x0000000085800000, 0x0000000085800000| Untracked 
|   9|0x0000000085900000, 0x0000000085900000, 0x0000000085a00000|  0%| F|  |TAMS 0x0000000085900000, 0x0000000085900000| Untracked 
|  10|0x0000000085a00000, 0x0000000085a00000, 0x0000000085b00000|  0%| F|  |TAMS 0x0000000085a00000, 0x0000000085a00000| Untracked 
|  11|0x0000000085b00000, 0x0000000085b00000, 0x0000000085c00000|  0%| F|  |TAMS 0x0000000085b00000, 0x0000000085b00000| Untracked 
|  12|0x0000000085c00000, 0x0000000085c00000, 0x0000000085d00000|  0%| F|  |TAMS 0x0000000085c00000, 0x0000000085c00000| Untracked 
|  13|0x0000000085d00000, 0x0000000085d00000, 0x0000000085e00000|  0%| F|  |TAMS 0x0000000085d00000, 0x0000000085d00000| Untracked 
|  14|0x0000000085e00000, 0x0000000085e00000, 0x0000000085f00000|  0%| F|  |TAMS 0x0000000085e00000, 0x0000000085e00000| Untracked 
|  15|0x0000000085f00000, 0x0000000085f00000, 0x0000000086000000|  0%| F|  |TAMS 0x0000000085f00000, 0x0000000085f00000| Untracked 
|  16|0x0000000086000000, 0x0000000086000000, 0x0000000086100000|  0%| F|  |TAMS 0x0000000086000000, 0x0000000086000000| Untracked 
|  17|0x0000000086100000, 0x0000000086100000, 0x0000000086200000|  0%| F|  |TAMS 0x0000000086100000, 0x0000000086100000| Untracked 
|  18|0x0000000086200000, 0x0000000086200000, 0x0000000086300000|  0%| F|  |TAMS 0x0000000086200000, 0x0000000086200000| Untracked 
|  19|0x0000000086300000, 0x0000000086300000, 0x0000000086400000|  0%| F|  |TAMS 0x0000000086300000, 0x0000000086300000| Untracked 
|  20|0x0000000086400000, 0x0000000086400000, 0x0000000086500000|  0%| F|  |TAMS 0x0000000086400000, 0x0000000086400000| Untracked 
|  21|0x0000000086500000, 0x0000000086500000, 0x0000000086600000|  0%| F|  |TAMS 0x0000000086500000, 0x0000000086500000| Untracked 
|  22|0x0000000086600000, 0x0000000086600000, 0x0000000086700000|  0%| F|  |TAMS 0x0000000086600000, 0x0000000086600000| Untracked 
|  23|0x0000000086700000, 0x0000000086700000, 0x0000000086800000|  0%| F|  |TAMS 0x0000000086700000, 0x0000000086700000| Untracked 
|  24|0x0000000086800000, 0x0000000086800000, 0x0000000086900000|  0%| F|  |TAMS 0x0000000086800000, 0x0000000086800000| Untracked 
|  25|0x0000000086900000, 0x0000000086900000, 0x0000000086a00000|  0%| F|  |TAMS 0x0000000086900000, 0x0000000086900000| Untracked 
|  26|0x0000000086a00000, 0x0000000086a00000, 0x0000000086b00000|  0%| F|  |TAMS 0x0000000086a00000, 0x0000000086a00000| Untracked 
|  27|0x0000000086b00000, 0x0000000086b00000, 0x0000000086c00000|  0%| F|  |TAMS 0x0000000086b00000, 0x0000000086b00000| Untracked 
|  28|0x0000000086c00000, 0x0000000086c00000, 0x0000000086d00000|  0%| F|  |TAMS 0x0000000086c00000, 0x0000000086c00000| Untracked 
|  29|0x0000000086d00000, 0x0000000086d00000, 0x0000000086e00000|  0%| F|  |TAMS 0x0000000086d00000, 0x0000000086d00000| Untracked 
|  30|0x0000000086e00000, 0x0000000086e00000, 0x0000000086f00000|  0%| F|  |TAMS 0x0000000086e00000, 0x0000000086e00000| Untracked 
|  31|0x0000000086f00000, 0x0000000086f00000, 0x0000000087000000|  0%| F|  |TAMS 0x0000000086f00000, 0x0000000086f00000| Untracked 
|  32|0x0000000087000000, 0x0000000087000000, 0x0000000087100000|  0%| F|  |TAMS 0x0000000087000000, 0x0000000087000000| Untracked 
|  33|0x0000000087100000, 0x0000000087100000, 0x0000000087200000|  0%| F|  |TAMS 0x0000000087100000, 0x0000000087100000| Untracked 
|  34|0x0000000087200000, 0x0000000087200000, 0x0000000087300000|  0%| F|  |TAMS 0x0000000087200000, 0x0000000087200000| Untracked 
|  35|0x0000000087300000, 0x0000000087300000, 0x0000000087400000|  0%| F|  |TAMS 0x0000000087300000, 0x0000000087300000| Untracked 
|  36|0x0000000087400000, 0x0000000087400000, 0x0000000087500000|  0%| F|  |TAMS 0x0000000087400000, 0x0000000087400000| Untracked 
|  37|0x0000000087500000, 0x0000000087500000, 0x0000000087600000|  0%| F|  |TAMS 0x0000000087500000, 0x0000000087500000| Untracked 
|  38|0x0000000087600000, 0x0000000087600000, 0x0000000087700000|  0%| F|  |TAMS 0x0000000087600000, 0x0000000087600000| Untracked 
|  39|0x0000000087700000, 0x0000000087700000, 0x0000000087800000|  0%| F|  |TAMS 0x0000000087700000, 0x0000000087700000| Untracked 
|  40|0x0000000087800000, 0x0000000087800000, 0x0000000087900000|  0%| F|  |TAMS 0x0000000087800000, 0x0000000087800000| Untracked 
|  41|0x0000000087900000, 0x0000000087900000, 0x0000000087a00000|  0%| F|  |TAMS 0x0000000087900000, 0x0000000087900000| Untracked 
|  42|0x0000000087a00000, 0x0000000087a00000, 0x0000000087b00000|  0%| F|  |TAMS 0x0000000087a00000, 0x0000000087a00000| Untracked 
|  43|0x0000000087b00000, 0x0000000087b00000, 0x0000000087c00000|  0%| F|  |TAMS 0x0000000087b00000, 0x0000000087b00000| Untracked 
|  44|0x0000000087c00000, 0x0000000087c00000, 0x0000000087d00000|  0%| F|  |TAMS 0x0000000087c00000, 0x0000000087c00000| Untracked 
|  45|0x0000000087d00000, 0x0000000087d00000, 0x0000000087e00000|  0%| F|  |TAMS 0x0000000087d00000, 0x0000000087d00000| Untracked 
|  46|0x0000000087e00000, 0x0000000087e00000, 0x0000000087f00000|  0%| F|  |TAMS 0x0000000087e00000, 0x0000000087e00000| Untracked 
|  47|0x0000000087f00000, 0x0000000087f00000, 0x0000000088000000|  0%| F|  |TAMS 0x0000000087f00000, 0x0000000087f00000| Untracked 
|  48|0x0000000088000000, 0x0000000088000000, 0x0000000088100000|  0%| F|  |TAMS 0x0000000088000000, 0x0000000088000000| Untracked 
|  49|0x0000000088100000, 0x0000000088100000, 0x0000000088200000|  0%| F|  |TAMS 0x0000000088100000, 0x0000000088100000| Untracked 
|  50|0x0000000088200000, 0x0000000088200000, 0x0000000088300000|  0%| F|  |TAMS 0x0000000088200000, 0x0000000088200000| Untracked 
|  51|0x0000000088300000, 0x0000000088300000, 0x0000000088400000|  0%| F|  |TAMS 0x0000000088300000, 0x0000000088300000| Untracked 
|  52|0x0000000088400000, 0x0000000088400000, 0x0000000088500000|  0%| F|  |TAMS 0x0000000088400000, 0x0000000088400000| Untracked 
|  53|0x0000000088500000, 0x0000000088500000, 0x0000000088600000|  0%| F|  |TAMS 0x0000000088500000, 0x0000000088500000| Untracked 
|  54|0x0000000088600000, 0x0000000088600000, 0x0000000088700000|  0%| F|  |TAMS 0x0000000088600000, 0x0000000088600000| Untracked 
|  55|0x0000000088700000, 0x0000000088700000, 0x0000000088800000|  0%| F|  |TAMS 0x0000000088700000, 0x0000000088700000| Untracked 
|  56|0x0000000088800000, 0x0000000088800000, 0x0000000088900000|  0%| F|  |TAMS 0x0000000088800000, 0x0000000088800000| Untracked 
|  57|0x0000000088900000, 0x0000000088900000, 0x0000000088a00000|  0%| F|  |TAMS 0x0000000088900000, 0x0000000088900000| Untracked 
|  58|0x0000000088a00000, 0x0000000088a00000, 0x0000000088b00000|  0%| F|  |TAMS 0x0000000088a00000, 0x0000000088a00000| Untracked 
|  59|0x0000000088b00000, 0x0000000088c00000, 0x0000000088c00000|100%| S|CS|TAMS 0x0000000088b00000, 0x0000000088b00000| Complete 
|  60|0x0000000088c00000, 0x0000000088d00000, 0x0000000088d00000|100%| S|CS|TAMS 0x0000000088c00000, 0x0000000088c00000| Complete 
|  61|0x0000000088d00000, 0x0000000088e00000, 0x0000000088e00000|100%| S|CS|TAMS 0x0000000088d00000, 0x0000000088d00000| Complete 
|  62|0x0000000088e00000, 0x0000000088f00000, 0x0000000088f00000|100%| S|CS|TAMS 0x0000000088e00000, 0x0000000088e00000| Complete 
|  63|0x0000000088f00000, 0x0000000089000000, 0x0000000089000000|100%| S|CS|TAMS 0x0000000088f00000, 0x0000000088f00000| Complete 
|  64|0x0000000089000000, 0x0000000089100000, 0x0000000089100000|100%| S|CS|TAMS 0x0000000089000000, 0x0000000089000000| Complete 
|  65|0x0000000089100000, 0x0000000089200000, 0x0000000089200000|100%| S|CS|TAMS 0x0000000089100000, 0x0000000089100000| Complete 
|  66|0x0000000089200000, 0x0000000089300000, 0x0000000089300000|100%| S|CS|TAMS 0x0000000089200000, 0x0000000089200000| Complete 
|  67|0x0000000089300000, 0x0000000089400000, 0x0000000089400000|100%| S|CS|TAMS 0x0000000089300000, 0x0000000089300000| Complete 
|  68|0x0000000089400000, 0x0000000089500000, 0x0000000089500000|100%| S|CS|TAMS 0x0000000089400000, 0x0000000089400000| Complete 
|  69|0x0000000089500000, 0x0000000089500000, 0x0000000089600000|  0%| F|  |TAMS 0x0000000089500000, 0x0000000089500000| Untracked 
|  70|0x0000000089600000, 0x0000000089600000, 0x0000000089700000|  0%| F|  |TAMS 0x0000000089600000, 0x0000000089600000| Untracked 
|  71|0x0000000089700000, 0x0000000089700000, 0x0000000089800000|  0%| F|  |TAMS 0x0000000089700000, 0x0000000089700000| Untracked 
|  72|0x0000000089800000, 0x0000000089800000, 0x0000000089900000|  0%| F|  |TAMS 0x0000000089800000, 0x0000000089800000| Untracked 
|  73|0x0000000089900000, 0x0000000089900000, 0x0000000089a00000|  0%| F|  |TAMS 0x0000000089900000, 0x0000000089900000| Untracked 
|  74|0x0000000089a00000, 0x0000000089a00000, 0x0000000089b00000|  0%| F|  |TAMS 0x0000000089a00000, 0x0000000089a00000| Untracked 
|  75|0x0000000089b00000, 0x0000000089b00000, 0x0000000089c00000|  0%| F|  |TAMS 0x0000000089b00000, 0x0000000089b00000| Untracked 
|  76|0x0000000089c00000, 0x0000000089c00000, 0x0000000089d00000|  0%| F|  |TAMS 0x0000000089c00000, 0x0000000089c00000| Untracked 
|  77|0x0000000089d00000, 0x0000000089d00000, 0x0000000089e00000|  0%| F|  |TAMS 0x0000000089d00000, 0x0000000089d00000| Untracked 
|  78|0x0000000089e00000, 0x0000000089e00000, 0x0000000089f00000|  0%| F|  |TAMS 0x0000000089e00000, 0x0000000089e00000| Untracked 
|  79|0x0000000089f00000, 0x0000000089f00000, 0x000000008a000000|  0%| F|  |TAMS 0x0000000089f00000, 0x0000000089f00000| Untracked 
|  80|0x000000008a000000, 0x000000008a000000, 0x000000008a100000|  0%| F|  |TAMS 0x000000008a000000, 0x000000008a000000| Untracked 
|  81|0x000000008a100000, 0x000000008a100000, 0x000000008a200000|  0%| F|  |TAMS 0x000000008a100000, 0x000000008a100000| Untracked 
|  82|0x000000008a200000, 0x000000008a200000, 0x000000008a300000|  0%| F|  |TAMS 0x000000008a200000, 0x000000008a200000| Untracked 
|  83|0x000000008a300000, 0x000000008a300000, 0x000000008a400000|  0%| F|  |TAMS 0x000000008a300000, 0x000000008a300000| Untracked 
|  84|0x000000008a400000, 0x000000008a400000, 0x000000008a500000|  0%| F|  |TAMS 0x000000008a400000, 0x000000008a400000| Untracked 
|  85|0x000000008a500000, 0x000000008a500000, 0x000000008a600000|  0%| F|  |TAMS 0x000000008a500000, 0x000000008a500000| Untracked 
|  86|0x000000008a600000, 0x000000008a600000, 0x000000008a700000|  0%| F|  |TAMS 0x000000008a600000, 0x000000008a600000| Untracked 
|  87|0x000000008a700000, 0x000000008a700000, 0x000000008a800000|  0%| F|  |TAMS 0x000000008a700000, 0x000000008a700000| Untracked 
|  88|0x000000008a800000, 0x000000008a800000, 0x000000008a900000|  0%| F|  |TAMS 0x000000008a800000, 0x000000008a800000| Untracked 
|  89|0x000000008a900000, 0x000000008a900000, 0x000000008aa00000|  0%| F|  |TAMS 0x000000008a900000, 0x000000008a900000| Untracked 
|  90|0x000000008aa00000, 0x000000008aa00000, 0x000000008ab00000|  0%| F|  |TAMS 0x000000008aa00000, 0x000000008aa00000| Untracked 
|  91|0x000000008ab00000, 0x000000008ab00000, 0x000000008ac00000|  0%| F|  |TAMS 0x000000008ab00000, 0x000000008ab00000| Untracked 
|  92|0x000000008ac00000, 0x000000008ac00000, 0x000000008ad00000|  0%| F|  |TAMS 0x000000008ac00000, 0x000000008ac00000| Untracked 
|  93|0x000000008ad00000, 0x000000008ad00000, 0x000000008ae00000|  0%| F|  |TAMS 0x000000008ad00000, 0x000000008ad00000| Untracked 
|  94|0x000000008ae00000, 0x000000008ae00000, 0x000000008af00000|  0%| F|  |TAMS 0x000000008ae00000, 0x000000008ae00000| Untracked 
|  95|0x000000008af00000, 0x000000008af00000, 0x000000008b000000|  0%| F|  |TAMS 0x000000008af00000, 0x000000008af00000| Untracked 
|  96|0x000000008b000000, 0x000000008b000000, 0x000000008b100000|  0%| F|  |TAMS 0x000000008b000000, 0x000000008b000000| Untracked 
|  97|0x000000008b100000, 0x000000008b100000, 0x000000008b200000|  0%| F|  |TAMS 0x000000008b100000, 0x000000008b100000| Untracked 
|  98|0x000000008b200000, 0x000000008b200000, 0x000000008b300000|  0%| F|  |TAMS 0x000000008b200000, 0x000000008b200000| Untracked 
|  99|0x000000008b300000, 0x000000008b300000, 0x000000008b400000|  0%| F|  |TAMS 0x000000008b300000, 0x000000008b300000| Untracked 
| 100|0x000000008b400000, 0x000000008b400000, 0x000000008b500000|  0%| F|  |TAMS 0x000000008b400000, 0x000000008b400000| Untracked 
| 101|0x000000008b500000, 0x000000008b500000, 0x000000008b600000|  0%| F|  |TAMS 0x000000008b500000, 0x000000008b500000| Untracked 
| 102|0x000000008b600000, 0x000000008b600000, 0x000000008b700000|  0%| F|  |TAMS 0x000000008b600000, 0x000000008b600000| Untracked 
| 103|0x000000008b700000, 0x000000008b700000, 0x000000008b800000|  0%| F|  |TAMS 0x000000008b700000, 0x000000008b700000| Untracked 
| 104|0x000000008b800000, 0x000000008b800000, 0x000000008b900000|  0%| F|  |TAMS 0x000000008b800000, 0x000000008b800000| Untracked 
| 105|0x000000008b900000, 0x000000008b900000, 0x000000008ba00000|  0%| F|  |TAMS 0x000000008b900000, 0x000000008b900000| Untracked 
| 106|0x000000008ba00000, 0x000000008ba00000, 0x000000008bb00000|  0%| F|  |TAMS 0x000000008ba00000, 0x000000008ba00000| Untracked 
| 107|0x000000008bb00000, 0x000000008bb00000, 0x000000008bc00000|  0%| F|  |TAMS 0x000000008bb00000, 0x000000008bb00000| Untracked 
| 108|0x000000008bc00000, 0x000000008bc00000, 0x000000008bd00000|  0%| F|  |TAMS 0x000000008bc00000, 0x000000008bc00000| Untracked 
| 109|0x000000008bd00000, 0x000000008bd00000, 0x000000008be00000|  0%| F|  |TAMS 0x000000008bd00000, 0x000000008bd00000| Untracked 
| 110|0x000000008be00000, 0x000000008be00000, 0x000000008bf00000|  0%| F|  |TAMS 0x000000008be00000, 0x000000008be00000| Untracked 
| 111|0x000000008bf00000, 0x000000008bf00000, 0x000000008c000000|  0%| F|  |TAMS 0x000000008bf00000, 0x000000008bf00000| Untracked 
| 112|0x000000008c000000, 0x000000008c000000, 0x000000008c100000|  0%| F|  |TAMS 0x000000008c000000, 0x000000008c000000| Untracked 
| 113|0x000000008c100000, 0x000000008c100000, 0x000000008c200000|  0%| F|  |TAMS 0x000000008c100000, 0x000000008c100000| Untracked 
| 114|0x000000008c200000, 0x000000008c200000, 0x000000008c300000|  0%| F|  |TAMS 0x000000008c200000, 0x000000008c200000| Untracked 
| 115|0x000000008c300000, 0x000000008c300000, 0x000000008c400000|  0%| F|  |TAMS 0x000000008c300000, 0x000000008c300000| Untracked 
| 116|0x000000008c400000, 0x000000008c400000, 0x000000008c500000|  0%| F|  |TAMS 0x000000008c400000, 0x000000008c400000| Untracked 
| 117|0x000000008c500000, 0x000000008c500000, 0x000000008c600000|  0%| F|  |TAMS 0x000000008c500000, 0x000000008c500000| Untracked 
| 118|0x000000008c600000, 0x000000008c600000, 0x000000008c700000|  0%| F|  |TAMS 0x000000008c600000, 0x000000008c600000| Untracked 
| 119|0x000000008c700000, 0x000000008c700000, 0x000000008c800000|  0%| F|  |TAMS 0x000000008c700000, 0x000000008c700000| Untracked 
| 120|0x000000008c800000, 0x000000008c800000, 0x000000008c900000|  0%| F|  |TAMS 0x000000008c800000, 0x000000008c800000| Untracked 
| 121|0x000000008c900000, 0x000000008c900000, 0x000000008ca00000|  0%| F|  |TAMS 0x000000008c900000, 0x000000008c900000| Untracked 
| 122|0x000000008ca00000, 0x000000008ca00000, 0x000000008cb00000|  0%| F|  |TAMS 0x000000008ca00000, 0x000000008ca00000| Untracked 
| 123|0x000000008cb00000, 0x000000008cbbaf50, 0x000000008cc00000| 73%| E|  |TAMS 0x000000008cb00000, 0x000000008cb00000| Complete 
| 124|0x000000008cc00000, 0x000000008cd00000, 0x000000008cd00000|100%| E|CS|TAMS 0x000000008cc00000, 0x000000008cc00000| Complete 
| 125|0x000000008cd00000, 0x000000008ce00000, 0x000000008ce00000|100%| E|CS|TAMS 0x000000008cd00000, 0x000000008cd00000| Complete 
| 126|0x000000008ce00000, 0x000000008cf00000, 0x000000008cf00000|100%| E|CS|TAMS 0x000000008ce00000, 0x000000008ce00000| Complete 
| 127|0x000000008cf00000, 0x000000008d000000, 0x000000008d000000|100%| E|CS|TAMS 0x000000008cf00000, 0x000000008cf00000| Complete 
| 128|0x000000008d000000, 0x000000008d100000, 0x000000008d100000|100%| E|CS|TAMS 0x000000008d000000, 0x000000008d000000| Complete 
| 129|0x000000008d100000, 0x000000008d200000, 0x000000008d200000|100%| E|CS|TAMS 0x000000008d100000, 0x000000008d100000| Complete 
| 130|0x000000008d200000, 0x000000008d300000, 0x000000008d300000|100%| E|CS|TAMS 0x000000008d200000, 0x000000008d200000| Complete 
| 131|0x000000008d300000, 0x000000008d400000, 0x000000008d400000|100%| E|CS|TAMS 0x000000008d300000, 0x000000008d300000| Complete 
| 132|0x000000008d400000, 0x000000008d500000, 0x000000008d500000|100%| E|CS|TAMS 0x000000008d400000, 0x000000008d400000| Complete 
| 133|0x000000008d500000, 0x000000008d600000, 0x000000008d600000|100%| E|CS|TAMS 0x000000008d500000, 0x000000008d500000| Complete 
| 134|0x000000008d600000, 0x000000008d700000, 0x000000008d700000|100%| E|CS|TAMS 0x000000008d600000, 0x000000008d600000| Complete 
| 135|0x000000008d700000, 0x000000008d800000, 0x000000008d800000|100%| E|CS|TAMS 0x000000008d700000, 0x000000008d700000| Complete 
| 136|0x000000008d800000, 0x000000008d900000, 0x000000008d900000|100%| E|CS|TAMS 0x000000008d800000, 0x000000008d800000| Complete 
| 137|0x000000008d900000, 0x000000008da00000, 0x000000008da00000|100%| E|CS|TAMS 0x000000008d900000, 0x000000008d900000| Complete 
| 138|0x000000008da00000, 0x000000008db00000, 0x000000008db00000|100%| E|CS|TAMS 0x000000008da00000, 0x000000008da00000| Complete 
| 139|0x000000008db00000, 0x000000008dc00000, 0x000000008dc00000|100%| E|CS|TAMS 0x000000008db00000, 0x000000008db00000| Complete 
| 140|0x000000008dc00000, 0x000000008dd00000, 0x000000008dd00000|100%| E|CS|TAMS 0x000000008dc00000, 0x000000008dc00000| Complete 
| 141|0x000000008dd00000, 0x000000008de00000, 0x000000008de00000|100%| E|CS|TAMS 0x000000008dd00000, 0x000000008dd00000| Complete 
| 142|0x000000008de00000, 0x000000008df00000, 0x000000008df00000|100%| E|CS|TAMS 0x000000008de00000, 0x000000008de00000| Complete 
| 143|0x000000008df00000, 0x000000008e000000, 0x000000008e000000|100%| E|CS|TAMS 0x000000008df00000, 0x000000008df00000| Complete 
| 144|0x000000008e000000, 0x000000008e100000, 0x000000008e100000|100%| E|CS|TAMS 0x000000008e000000, 0x000000008e000000| Complete 
| 145|0x000000008e100000, 0x000000008e200000, 0x000000008e200000|100%| E|CS|TAMS 0x000000008e100000, 0x000000008e100000| Complete 
| 146|0x000000008e200000, 0x000000008e300000, 0x000000008e300000|100%| E|CS|TAMS 0x000000008e200000, 0x000000008e200000| Complete 
| 147|0x000000008e300000, 0x000000008e400000, 0x000000008e400000|100%| E|CS|TAMS 0x000000008e300000, 0x000000008e300000| Complete 
| 148|0x000000008e400000, 0x000000008e500000, 0x000000008e500000|100%| E|CS|TAMS 0x000000008e400000, 0x000000008e400000| Complete 
| 149|0x000000008e500000, 0x000000008e600000, 0x000000008e600000|100%| E|CS|TAMS 0x000000008e500000, 0x000000008e500000| Complete 
| 150|0x000000008e600000, 0x000000008e700000, 0x000000008e700000|100%| E|CS|TAMS 0x000000008e600000, 0x000000008e600000| Complete 
| 151|0x000000008e700000, 0x000000008e800000, 0x000000008e800000|100%| E|CS|TAMS 0x000000008e700000, 0x000000008e700000| Complete 
| 152|0x000000008e800000, 0x000000008e900000, 0x000000008e900000|100%| E|CS|TAMS 0x000000008e800000, 0x000000008e800000| Complete 
| 153|0x000000008e900000, 0x000000008ea00000, 0x000000008ea00000|100%| E|CS|TAMS 0x000000008e900000, 0x000000008e900000| Complete 
| 154|0x000000008ea00000, 0x000000008eb00000, 0x000000008eb00000|100%| E|CS|TAMS 0x000000008ea00000, 0x000000008ea00000| Complete 
| 155|0x000000008eb00000, 0x000000008ec00000, 0x000000008ec00000|100%| E|CS|TAMS 0x000000008eb00000, 0x000000008eb00000| Complete 
| 156|0x000000008ec00000, 0x000000008ed00000, 0x000000008ed00000|100%| E|CS|TAMS 0x000000008ec00000, 0x000000008ec00000| Complete 
| 157|0x000000008ed00000, 0x000000008ee00000, 0x000000008ee00000|100%| E|CS|TAMS 0x000000008ed00000, 0x000000008ed00000| Complete 
| 158|0x000000008ee00000, 0x000000008ef00000, 0x000000008ef00000|100%| E|CS|TAMS 0x000000008ee00000, 0x000000008ee00000| Complete 
| 159|0x000000008ef00000, 0x000000008f000000, 0x000000008f000000|100%| E|CS|TAMS 0x000000008ef00000, 0x000000008ef00000| Complete 
| 160|0x000000008f000000, 0x000000008f100000, 0x000000008f100000|100%| E|CS|TAMS 0x000000008f000000, 0x000000008f000000| Complete 
| 161|0x000000008f100000, 0x000000008f200000, 0x000000008f200000|100%| E|CS|TAMS 0x000000008f100000, 0x000000008f100000| Complete 
| 162|0x000000008f200000, 0x000000008f300000, 0x000000008f300000|100%| E|CS|TAMS 0x000000008f200000, 0x000000008f200000| Complete 
| 163|0x000000008f300000, 0x000000008f400000, 0x000000008f400000|100%| E|CS|TAMS 0x000000008f300000, 0x000000008f300000| Complete 
| 164|0x000000008f400000, 0x000000008f500000, 0x000000008f500000|100%| E|CS|TAMS 0x000000008f400000, 0x000000008f400000| Complete 
| 165|0x000000008f500000, 0x000000008f600000, 0x000000008f600000|100%| E|CS|TAMS 0x000000008f500000, 0x000000008f500000| Complete 
| 166|0x000000008f600000, 0x000000008f700000, 0x000000008f700000|100%| E|CS|TAMS 0x000000008f600000, 0x000000008f600000| Complete 
| 167|0x000000008f700000, 0x000000008f800000, 0x000000008f800000|100%| E|CS|TAMS 0x000000008f700000, 0x000000008f700000| Complete 
| 168|0x000000008f800000, 0x000000008f900000, 0x000000008f900000|100%| E|CS|TAMS 0x000000008f800000, 0x000000008f800000| Complete 
| 169|0x000000008f900000, 0x000000008fa00000, 0x000000008fa00000|100%| E|CS|TAMS 0x000000008f900000, 0x000000008f900000| Complete 
| 170|0x000000008fa00000, 0x000000008fb00000, 0x000000008fb00000|100%| E|CS|TAMS 0x000000008fa00000, 0x000000008fa00000| Complete 
| 171|0x000000008fb00000, 0x000000008fc00000, 0x000000008fc00000|100%| E|CS|TAMS 0x000000008fb00000, 0x000000008fb00000| Complete 
| 172|0x000000008fc00000, 0x000000008fd00000, 0x000000008fd00000|100%| E|CS|TAMS 0x000000008fc00000, 0x000000008fc00000| Complete 
|1966|0x00000000ffe00000, 0x00000000ffe47000, 0x00000000fff00000| 27%|OA|  |TAMS 0x00000000ffe47000, 0x00000000ffe00000| Untracked 
|1967|0x00000000fff00000, 0x00000000fff6b000, 0x0000000100000000| 41%|CA|  |TAMS 0x00000000fff6b000, 0x00000000fff00000| Untracked 

Card table byte_map: [0x00007f8183c28000,0x00007f8184000000] _byte_map_base: 0x00007f8183800000

Marking Bits (Prev, Next): (CMBitMap*) 0x00007f81a0056ee8, (CMBitMap*) 0x00007f81a0056f20
 Prev Bits: [0x00007f8181990000, 0x00007f8183850000)
 Next Bits: [0x00007f817fad0000, 0x00007f8181990000)

Polling page: 0x00007f81a6173000

Metaspace:

Usage:
  Non-class:     42,43 MB capacity,    41,66 MB ( 98%) used,   628,98 KB (  1%) free+waste,   162,94 KB ( <1%) overhead. 
      Class:      6,59 MB capacity,     6,08 MB ( 92%) used,   444,09 KB (  7%) free+waste,    77,31 KB (  1%) overhead. 
       Both:     49,03 MB capacity,    47,74 MB ( 97%) used,     1,05 MB (  2%) free+waste,   240,25 KB ( <1%) overhead. 

Virtual space:
  Non-class space:       44,00 MB reserved,      42,75 MB ( 97%) committed 
      Class space:        1,00 GB reserved,       6,62 MB ( <1%) committed 
             Both:        1,04 GB reserved,      49,37 MB (  5%) committed 

Chunk freelists:
   Non-Class:  156,00 KB
       Class:  1,00 KB
        Both:  157,00 KB

MaxMetaspaceSize: unlimited
CompressedClassSpaceSize: 1,00 GB

CodeHeap 'non-profiled nmethods': size=120032Kb used=3144Kb max_used=3144Kb free=116887Kb
 bounds [0x00007f8190340000, 0x00007f8190660000, 0x00007f8197878000]
CodeHeap 'profiled nmethods': size=120028Kb used=10179Kb max_used=10179Kb free=109848Kb
 bounds [0x00007f8188e09000, 0x00007f8189809000, 0x00007f8190340000]
CodeHeap 'non-nmethods': size=5700Kb used=1207Kb max_used=1266Kb free=4492Kb
 bounds [0x00007f8188878000, 0x00007f8188ae8000, 0x00007f8188e09000]
 total_blobs=5384 nmethods=4804 adapters=492
 compilation: enabled
              stopped_count=0, restarted_count=0
 full_count=0

Compilation events (20 events):
Event: 29,007 Thread 0x00007f81a0196800 4854       3       org.apache.tomcat.util.buf.MessageBytes::recycle (40 bytes)
Event: 29,007 Thread 0x00007f81a0196800 nmethod 4854 0x00007f81897f3610 code [0x00007f81897f37e0, 0x00007f81897f3b50]
Event: 29,276 Thread 0x00007f81a0194800 4856   !   4       org.apache.tomcat.util.http.parser.HttpParser::isToken (9 bytes)
Event: 29,277 Thread 0x00007f81a0196800 4857       3       java.lang.ThreadLocal$ThreadLocalMap::expungeStaleEntry (146 bytes)
Event: 29,278 Thread 0x00007f81a0194800 nmethod 4856 0x00007f8190651b10 code [0x00007f8190651ca0, 0x00007f8190651cf8]
Event: 29,279 Thread 0x00007f81a0196800 nmethod 4857 0x00007f81897f3c90 code [0x00007f81897f3ee0, 0x00007f81897f4db0]
Event: 29,279 Thread 0x00007f81a0196800 4858       3       java.util.Arrays$ArrayList::get (7 bytes)
Event: 29,279 Thread 0x00007f81a0196800 nmethod 4858 0x00007f81897f5110 code [0x00007f81897f52c0, 0x00007f81897f5410]
Event: 29,280 Thread 0x00007f81a0196800 4859       3       org.springframework.util.CollectionUtils::isEmpty (19 bytes)
Event: 29,281 Thread 0x00007f81a0196800 nmethod 4859 0x00007f81897f5510 code [0x00007f81897f56e0, 0x00007f81897f5920]
Event: 29,281 Thread 0x00007f81a0196800 4860       3       org.springframework.util.MimeType$SpecificityComparator::compare (13 bytes)
Event: 29,281 Thread 0x00007f81a0196800 nmethod 4860 0x00007f81897f5a10 code [0x00007f81897f5be0, 0x00007f81897f5fc0]
Event: 29,281 Thread 0x00007f81a0196800 4861       3       org.springframework.util.MimeType$SpecificityComparator::compare (103 bytes)
Event: 29,283 Thread 0x00007f81a0194800 4864       4       java.lang.Class::cast (27 bytes)
Event: 29,284 Thread 0x00007f81a0196800 nmethod 4861 0x00007f81897f6090 code [0x00007f81897f6400, 0x00007f81897f8200]
Event: 29,284 Thread 0x00007f81a0196800 4862       3       org.springframework.util.LinkedCaseInsensitiveMap::get (41 bytes)
Event: 29,285 Thread 0x00007f81a0194800 nmethod 4864 0x00007f8190651d90 code [0x00007f8190651f20, 0x00007f8190652018]
Event: 29,285 Thread 0x00007f81a0196800 nmethod 4862 0x00007f81897f8710 code [0x00007f81897f8980, 0x00007f81897f9550]
Event: 29,285 Thread 0x00007f81a0196800 4863       3       org.apache.tomcat.util.buf.ByteChunk::setBytes (31 bytes)
Event: 29,286 Thread 0x00007f81a0196800 nmethod 4863 0x00007f81897f9890 code [0x00007f81897f9a40, 0x00007f81897f9bb0]

GC Heap History (16 events):
Event: 0,381 GC heap before
{Heap before GC invocations=0 (full 0):
 garbage-first heap   total 129024K, used 25288K [0x0000000085000000, 0x0000000100000000)
  region size 1024K, 24 young (24576K), 0 survivors (0K)
 Metaspace       used 1832K, capacity 5271K, committed 5376K, reserved 1056768K
  class space    used 168K, capacity 483K, committed 512K, reserved 1048576K
}
Event: 0,394 GC heap after
{Heap after GC invocations=1 (full 0):
 garbage-first heap   total 129024K, used 2229K [0x0000000085000000, 0x0000000100000000)
  region size 1024K, 2 young (2048K), 2 survivors (2048K)
 Metaspace       used 1832K, capacity 5271K, committed 5376K, reserved 1056768K
  class space    used 168K, capacity 483K, committed 512K, reserved 1048576K
}
Event: 1,477 GC heap before
{Heap before GC invocations=1 (full 0):
 garbage-first heap   total 129024K, used 74933K [0x0000000085000000, 0x0000000100000000)
  region size 1024K, 74 young (75776K), 2 survivors (2048K)
 Metaspace       used 8253K, capacity 9514K, committed 9728K, reserved 1058816K
  class space    used 1032K, capacity 1232K, committed 1280K, reserved 1048576K
}
Event: 1,492 GC heap after
{Heap after GC invocations=2 (full 0):
 garbage-first heap   total 129024K, used 4808K [0x0000000085000000, 0x0000000100000000)
  region size 1024K, 4 young (4096K), 4 survivors (4096K)
 Metaspace       used 8253K, capacity 9514K, committed 9728K, reserved 1058816K
  class space    used 1032K, capacity 1232K, committed 1280K, reserved 1048576K
}
Event: 2,063 GC heap before
{Heap before GC invocations=2 (full 0):
 garbage-first heap   total 129024K, used 75464K [0x0000000085000000, 0x0000000100000000)
  region size 1024K, 74 young (75776K), 4 survivors (4096K)
 Metaspace       used 15369K, capacity 16043K, committed 16256K, reserved 1062912K
  class space    used 1909K, capacity 2159K, committed 2176K, reserved 1048576K
}
Event: 2,079 GC heap after
{Heap after GC invocations=3 (full 0):
 garbage-first heap   total 129024K, used 6252K [0x0000000085000000, 0x0000000100000000)
  region size 1024K, 6 young (6144K), 6 survivors (6144K)
 Metaspace       used 15369K, capacity 16043K, committed 16256K, reserved 1062912K
  class space    used 1909K, capacity 2159K, committed 2176K, reserved 1048576K
}
Event: 2,948 GC heap before
{Heap before GC invocations=3 (full 0):
 garbage-first heap   total 129024K, used 75884K [0x0000000085000000, 0x0000000100000000)
  region size 1024K, 74 young (75776K), 6 survivors (6144K)
 Metaspace       used 18817K, capacity 19580K, committed 19840K, reserved 1067008K
  class space    used 2317K, capacity 2626K, committed 2688K, reserved 1048576K
}
Event: 2,965 GC heap after
{Heap after GC invocations=4 (full 0):
 garbage-first heap   total 129024K, used 7769K [0x0000000085000000, 0x0000000100000000)
  region size 1024K, 7 young (7168K), 7 survivors (7168K)
 Metaspace       used 18817K, capacity 19580K, committed 19840K, reserved 1067008K
  class space    used 2317K, capacity 2626K, committed 2688K, reserved 1048576K
}
Event: 3,241 GC heap before
{Heap before GC invocations=4 (full 0):
 garbage-first heap   total 129024K, used 26201K [0x0000000085000000, 0x0000000100000000)
  region size 1024K, 26 young (26624K), 7 survivors (7168K)
 Metaspace       used 20446K, capacity 21230K, committed 21248K, reserved 1067008K
  class space    used 2528K, capacity 2812K, committed 2816K, reserved 1048576K
}
Event: 3,267 GC heap after
{Heap after GC invocations=5 (full 0):
 garbage-first heap   total 179200K, used 8549K [0x0000000085000000, 0x0000000100000000)
  region size 1024K, 4 young (4096K), 4 survivors (4096K)
 Metaspace       used 20446K, capacity 21230K, committed 21248K, reserved 1067008K
  class space    used 2528K, capacity 2812K, committed 2816K, reserved 1048576K
}
Event: 4,681 GC heap before
{Heap before GC invocations=6 (full 0):
 garbage-first heap   total 179200K, used 98661K [0x0000000085000000, 0x0000000100000000)
  region size 1024K, 92 young (94208K), 4 survivors (4096K)
 Metaspace       used 29015K, capacity 30137K, committed 30460K, reserved 1075200K
  class space    used 3629K, capacity 4064K, committed 4096K, reserved 1048576K
}
Event: 4,697 GC heap after
{Heap after GC invocations=7 (full 0):
 garbage-first heap   total 179200K, used 12039K [0x0000000085000000, 0x0000000100000000)
  region size 1024K, 8 young (8192K), 8 survivors (8192K)
 Metaspace       used 29015K, capacity 30137K, committed 30460K, reserved 1075200K
  class space    used 3629K, capacity 4064K, committed 4096K, reserved 1048576K
}
Event: 5,279 GC heap before
{Heap before GC invocations=7 (full 0):
 garbage-first heap   total 179200K, used 69383K [0x0000000085000000, 0x0000000100000000)
  region size 1024K, 65 young (66560K), 8 survivors (8192K)
 Metaspace       used 34459K, capacity 35564K, committed 35964K, reserved 1081344K
  class space    used 4453K, capacity 4870K, committed 4992K, reserved 1048576K
}
Event: 5,293 GC heap after
{Heap after GC invocations=8 (full 0):
 garbage-first heap   total 179200K, used 13442K [0x0000000085000000, 0x0000000100000000)
  region size 1024K, 8 young (8192K), 8 survivors (8192K)
 Metaspace       used 34459K, capacity 35564K, committed 35964K, reserved 1081344K
  class space    used 4453K, capacity 4870K, committed 4992K, reserved 1048576K
}
Event: 6,005 GC heap before
{Heap before GC invocations=9 (full 0):
 garbage-first heap   total 179200K, used 111746K [0x0000000085000000, 0x0000000100000000)
  region size 1024K, 104 young (106496K), 8 survivors (8192K)
 Metaspace       used 44061K, capacity 45276K, committed 45820K, reserved 1089536K
  class space    used 5666K, capacity 6117K, committed 6144K, reserved 1048576K
}
Event: 6,017 GC heap after
{Heap after GC invocations=10 (full 0):
 garbage-first heap   total 179200K, used 17466K [0x0000000085000000, 0x0000000100000000)
  region size 1024K, 10 young (10240K), 10 survivors (10240K)
 Metaspace       used 44061K, capacity 45276K, committed 45820K, reserved 1089536K
  class space    used 5666K, capacity 6117K, committed 6144K, reserved 1048576K
}

Deoptimization events (20 events):
Event: 6,232 Thread 0x00007f81a0016000 DEOPT PACKING pc=0x00007f81904d3ca0 sp=0x00007f81a493ccc0
Event: 6,232 Thread 0x00007f81a0016000 DEOPT UNPACKING pc=0x00007f818889d925 sp=0x00007f81a493cc58 mode 2
Event: 6,232 Thread 0x00007f81a0016000 Uncommon trap: trap_request=0xffffff4d fr.pc=0x00007f8190443a54 relative=0x0000000000001074
Event: 6,233 Thread 0x00007f81a0016000 Uncommon trap: reason=unstable_if action=reinterpret pc=0x00007f8190443a54 method=java.util.concurrent.ConcurrentHashMap.transfer([Ljava/util/concurrent/ConcurrentHashMap$Node;[Ljava/util/concurrent/ConcurrentHashMap$Node;)V @ 352 c2
Event: 6,233 Thread 0x00007f81a0016000 DEOPT PACKING pc=0x00007f8190443a54 sp=0x00007f81a493cce0
Event: 6,233 Thread 0x00007f81a0016000 DEOPT UNPACKING pc=0x00007f818889d925 sp=0x00007f81a493cc58 mode 2
Event: 6,275 Thread 0x00007f81a0016000 Uncommon trap: trap_request=0xffffff4d fr.pc=0x00007f819054af98 relative=0x0000000000000078
Event: 6,275 Thread 0x00007f81a0016000 Uncommon trap: reason=unstable_if action=reinterpret pc=0x00007f819054af98 method=java.lang.Integer.equals(Ljava/lang/Object;)Z @ 18 c2
Event: 6,275 Thread 0x00007f81a0016000 DEOPT PACKING pc=0x00007f819054af98 sp=0x00007f81a493d230
Event: 6,275 Thread 0x00007f81a0016000 DEOPT UNPACKING pc=0x00007f818889d925 sp=0x00007f81a493d1e8 mode 2
Event: 6,311 Thread 0x00007f81a0016000 Uncommon trap: trap_request=0xffffff4d fr.pc=0x00007f81904de98c relative=0x000000000000006c
Event: 6,311 Thread 0x00007f81a0016000 Uncommon trap: reason=unstable_if action=reinterpret pc=0x00007f81904de98c method=org.springframework.util.ConcurrentReferenceHashMap$Segment.clear()V @ 7 c2
Event: 6,311 Thread 0x00007f81a0016000 DEOPT PACKING pc=0x00007f81904de98c sp=0x00007f81a493d940
Event: 6,311 Thread 0x00007f81a0016000 DEOPT UNPACKING pc=0x00007f818889d925 sp=0x00007f81a493d8f0 mode 2
Event: 23,530 Thread 0x00007f81a0576800 DEOPT PACKING pc=0x00007f818950322f sp=0x00007f815c56e1f0
Event: 23,530 Thread 0x00007f81a0576800 DEOPT UNPACKING pc=0x00007f818889e0ca sp=0x00007f815c56d798 mode 0
Event: 23,698 Thread 0x00007f81a0576800 Uncommon trap: trap_request=0xffffff4d fr.pc=0x00007f81903d9af8 relative=0x0000000000000058
Event: 23,698 Thread 0x00007f81a0576800 Uncommon trap: reason=unstable_if action=reinterpret pc=0x00007f81903d9af8 method=java.util.Objects.equals(Ljava/lang/Object;Ljava/lang/Object;)Z @ 6 c2
Event: 23,698 Thread 0x00007f81a0576800 DEOPT PACKING pc=0x00007f81903d9af8 sp=0x00007f815c56d7e0
Event: 23,698 Thread 0x00007f81a0576800 DEOPT UNPACKING pc=0x00007f818889d925 sp=0x00007f815c56d7a0 mode 2

Classes redefined (0 events):
No events

Internal exceptions (20 events):
Event: 5,880 Thread 0x00007f81a0016000 Exception <a 'java/io/IOException'{0x000000008a327b50}> (0x000000008a327b50) thrown at [src/hotspot/share/prims/jni.cpp, line 615]
Event: 6,032 Thread 0x00007f81a0016000 Exception <a 'java/lang/NoSuchMethodError'{0x000000008fb9f028}: 'void java.lang.invoke.DirectMethodHandle$Holder.invokeVirtual(java.lang.Object, java.lang.Object, int)'> (0x000000008fb9f028) thrown at [src/hotspot/share/interpreter/linkResolver.cpp, line 772]
Event: 6,034 Thread 0x00007f81a0016000 Exception <a 'java/lang/NoSuchMethodError'{0x000000008fbb8aa0}: 'void java.lang.invoke.DirectMethodHandle$Holder.invokeVirtual(java.lang.Object, java.lang.Object, long)'> (0x000000008fbb8aa0) thrown at [src/hotspot/share/interpreter/linkResolver.cpp, line 772]
Event: 6,036 Thread 0x00007f81a0016000 Exception <a 'java/io/IOException'{0x000000008fbd1ec8}> (0x000000008fbd1ec8) thrown at [src/hotspot/share/prims/jni.cpp, line 615]
Event: 6,036 Thread 0x00007f81a0016000 Exception <a 'java/io/IOException'{0x000000008fbd2728}> (0x000000008fbd2728) thrown at [src/hotspot/share/prims/jni.cpp, line 615]
Event: 6,157 Thread 0x00007f81a0016000 Exception <a 'java/lang/IncompatibleClassChangeError'{0x000000008f088c38}: Found class java.lang.Object, but interface was expected> (0x000000008f088c38) thrown at [src/hotspot/share/interpreter/linkResolver.cpp, line 839]
Event: 6,288 Thread 0x00007f81a0016000 Exception <a 'java/lang/NoSuchMethodError'{0x000000008e60c500}: 'java.lang.Object java.lang.invoke.DirectMethodHandle$Holder.invokeSpecial(java.lang.Object, java.lang.Object, int, java.lang.Object, int, java.lang.Object)'> (0x000000008e60c500) thrown at [src/hotspot/share/interpreter/linkResolver.cpp, line 772]
Event: 6,289 Thread 0x00007f81a0016000 Exception <a 'java/lang/NoSuchMethodError'{0x000000008e613c90}: 'java.lang.Object java.lang.invoke.DirectMethodHandle$Holder.invokeStatic(java.lang.Object, java.lang.Object, int, java.lang.Object, int)'> (0x000000008e613c90) thrown at [src/hotspot/share/interpreter/linkResolver.cpp, line 772]
Event: 6,289 Thread 0x00007f81a0016000 Exception <a 'java/lang/NoSuchMethodError'{0x000000008e617470}: 'java.lang.Object java.lang.invoke.DirectMethodHandle$Holder.invokeSpecial(java.lang.Object, java.lang.Object, java.lang.Object, int, java.lang.Object, int)'> (0x000000008e617470) thrown at [src/hotspot/share/interpreter/linkResolver.cpp, line 772]
Event: 6,290 Thread 0x00007f81a0016000 Exception <a 'java/lang/NoSuchMethodError'{0x000000008e626158}: 'void java.lang.invoke.DirectMethodHandle$Holder.invokeVirtual(java.lang.Object, java.lang.Object)'> (0x000000008e626158) thrown at [src/hotspot/share/interpreter/linkResolver.cpp, line 772]
Event: 6,305 Thread 0x00007f81a0016000 Exception <a 'java/io/IOException'{0x000000008e569ca8}> (0x000000008e569ca8) thrown at [src/hotspot/share/prims/jni.cpp, line 615]
Event: 6,305 Thread 0x00007f81a0016000 Exception <a 'java/io/IOException'{0x000000008e56a260}> (0x000000008e56a260) thrown at [src/hotspot/share/prims/jni.cpp, line 615]
Event: 6,316 Thread 0x00007f81a0016000 Exception <a 'java/io/IOException'{0x000000008e15fc18}> (0x000000008e15fc18) thrown at [src/hotspot/share/prims/jni.cpp, line 615]
Event: 6,316 Thread 0x00007f81a0016000 Exception <a 'java/io/IOException'{0x000000008e15ff28}> (0x000000008e15ff28) thrown at [src/hotspot/share/prims/jni.cpp, line 615]
Event: 23,566 Thread 0x00007f81a0576800 Exception <a 'java/io/IOException'{0x000000008dc64110}> (0x000000008dc64110) thrown at [src/hotspot/share/prims/jni.cpp, line 615]
Event: 23,566 Thread 0x00007f81a0576800 Exception <a 'java/io/IOException'{0x000000008dc646c8}> (0x000000008dc646c8) thrown at [src/hotspot/share/prims/jni.cpp, line 615]
Event: 23,566 Thread 0x00007f81a0576800 Exception <a 'java/io/IOException'{0x000000008dc65e18}> (0x000000008dc65e18) thrown at [src/hotspot/share/prims/jni.cpp, line 615]
Event: 23,566 Thread 0x00007f81a0576800 Exception <a 'java/io/IOException'{0x000000008dc663d0}> (0x000000008dc663d0) thrown at [src/hotspot/share/prims/jni.cpp, line 615]
Event: 23,567 Thread 0x00007f81a0576800 Exception <a 'java/io/IOException'{0x000000008dc6b0a0}> (0x000000008dc6b0a0) thrown at [src/hotspot/share/prims/jni.cpp, line 615]
Event: 23,568 Thread 0x00007f81a0576800 Exception <a 'java/io/IOException'{0x000000008dc6b658}> (0x000000008dc6b658) thrown at [src/hotspot/share/prims/jni.cpp, line 615]

Events (20 events):
Event: 23,719 loading class java/sql/ResultSet done
Event: 23,720 Executing VM operation: RevokeBias
Event: 23,720 Executing VM operation: RevokeBias done
Event: 23,721 Executing VM operation: RevokeBias
Event: 23,721 Executing VM operation: RevokeBias done
Event: 28,001 Executing VM operation: RevokeBias
Event: 28,001 Executing VM operation: RevokeBias done
Event: 28,001 Executing VM operation: RevokeBias
Event: 28,002 Executing VM operation: RevokeBias done
Event: 28,002 Thread 0x00007f8148067000 Thread exited: 0x00007f8148067000
Event: 28,007 Executing VM operation: RevokeBias
Event: 28,008 Executing VM operation: RevokeBias done
Event: 28,008 Executing VM operation: RevokeBias
Event: 28,008 Executing VM operation: RevokeBias done
Event: 28,012 Executing VM operation: RevokeBias
Event: 28,012 Executing VM operation: RevokeBias done
Event: 28,014 Executing VM operation: RevokeBias
Event: 28,014 Executing VM operation: RevokeBias done
Event: 28,014 Executing VM operation: RevokeBias
Event: 28,015 Executing VM operation: RevokeBias done


Dynamic libraries:
85000000-8fd00000 rw-p 00000000 00:00 0 
8fd00000-ffe00000 ---p 00000000 00:00 0 
ffe00000-ffe47000 rw-p 01111000 08:02 8526583                            /usr/lib/jvm/java-11-openjdk-amd64/lib/server/classes.jsa
ffe47000-fff00000 rw-p 00000000 00:00 0 
fff00000-fff6b000 rw-p 010a6000 08:02 8526583                            /usr/lib/jvm/java-11-openjdk-amd64/lib/server/classes.jsa
fff6b000-100000000 rw-p 00000000 00:00 0 
800000000-800002000 rwxp 00001000 08:02 8526583                          /usr/lib/jvm/java-11-openjdk-amd64/lib/server/classes.jsa
800002000-8003b9000 rw-p 00003000 08:02 8526583                          /usr/lib/jvm/java-11-openjdk-amd64/lib/server/classes.jsa
8003b9000-800a96000 r--p 003ba000 08:02 8526583                          /usr/lib/jvm/java-11-openjdk-amd64/lib/server/classes.jsa
800a96000-800a97000 rw-p 00a97000 08:02 8526583                          /usr/lib/jvm/java-11-openjdk-amd64/lib/server/classes.jsa
800a97000-8010a5000 r--p 00a98000 08:02 8526583                          /usr/lib/jvm/java-11-openjdk-amd64/lib/server/classes.jsa
840000000-8406a0000 rw-p 00000000 00:00 0 
8406a0000-880000000 ---p 00000000 00:00 0 
559aa0ff6000-559aa0ff7000 r--p 00000000 08:02 8519956                    /usr/lib/jvm/java-11-openjdk-amd64/bin/java
559aa0ff7000-559aa0ff8000 r-xp 00001000 08:02 8519956                    /usr/lib/jvm/java-11-openjdk-amd64/bin/java
559aa0ff8000-559aa0ff9000 r--p 00002000 08:02 8519956                    /usr/lib/jvm/java-11-openjdk-amd64/bin/java
559aa0ff9000-559aa0ffa000 r--p 00002000 08:02 8519956                    /usr/lib/jvm/java-11-openjdk-amd64/bin/java
559aa0ffa000-559aa0ffb000 rw-p 00003000 08:02 8519956                    /usr/lib/jvm/java-11-openjdk-amd64/bin/java
559aa2822000-559aa2871000 rw-p 00000000 00:00 0                          [heap]
7f80c8000000-7f80c8021000 rw-p 00000000 00:00 0 
7f80c8021000-7f80cc000000 ---p 00000000 00:00 0 
7f80cc000000-7f80cc070000 rw-p 00000000 00:00 0 
7f80cc070000-7f80d0000000 ---p 00000000 00:00 0 
7f80d0000000-7f80d0021000 rw-p 00000000 00:00 0 
7f80d0021000-7f80d4000000 ---p 00000000 00:00 0 
7f80d4000000-7f80d4021000 rw-p 00000000 00:00 0 
7f80d4021000-7f80d8000000 ---p 00000000 00:00 0 
7f80d8000000-7f80d8021000 rw-p 00000000 00:00 0 
7f80d8021000-7f80dc000000 ---p 00000000 00:00 0 
7f80dc000000-7f80dc021000 rw-p 00000000 00:00 0 
7f80dc021000-7f80e0000000 ---p 00000000 00:00 0 
7f80e0000000-7f80e0021000 rw-p 00000000 00:00 0 
7f80e0021000-7f80e4000000 ---p 00000000 00:00 0 
7f80e74f9000-7f80e75b9000 rw-p 00000000 00:00 0 
7f80e75b9000-7f80e76f9000 ---p 00000000 00:00 0 
7f80e76f9000-7f80e76fd000 ---p 00000000 00:00 0 
7f80e76fd000-7f80e77fa000 rw-p 00000000 00:00 0 
7f80e77fa000-7f80e77fe000 ---p 00000000 00:00 0 
7f80e77fe000-7f80e7afb000 rw-p 00000000 00:00 0 
7f80e7afb000-7f80e7aff000 ---p 00000000 00:00 0 
7f80e7aff000-7f80e7bfc000 rw-p 00000000 00:00 0 
7f80e7bfc000-7f80e7c00000 ---p 00000000 00:00 0 
7f80e7c00000-7f80e7cfd000 rw-p 00000000 00:00 0 
7f80e7cfd000-7f80e7d01000 ---p 00000000 00:00 0 
7f80e7d01000-7f80e7dfe000 rw-p 00000000 00:00 0 
7f80e7dfe000-7f80e7e02000 ---p 00000000 00:00 0 
7f80e7e02000-7f80e7eff000 rw-p 00000000 00:00 0 
7f80e7eff000-7f80e7f03000 ---p 00000000 00:00 0 
7f80e7f03000-7f80e8000000 rw-p 00000000 00:00 0 
7f80e8000000-7f80e8021000 rw-p 00000000 00:00 0 
7f80e8021000-7f80ec000000 ---p 00000000 00:00 0 
7f80ec000000-7f80ec021000 rw-p 00000000 00:00 0 
7f80ec021000-7f80f0000000 ---p 00000000 00:00 0 
7f80f0000000-7f80f0021000 rw-p 00000000 00:00 0 
7f80f0021000-7f80f4000000 ---p 00000000 00:00 0 
7f80f4000000-7f80f4021000 rw-p 00000000 00:00 0 
7f80f4021000-7f80f8000000 ---p 00000000 00:00 0 
7f80f8000000-7f80f8021000 rw-p 00000000 00:00 0 
7f80f8021000-7f80fc000000 ---p 00000000 00:00 0 
7f80fc000000-7f80fc5ec000 rw-p 00000000 00:00 0 
7f80fc5ec000-7f8100000000 ---p 00000000 00:00 0 
7f8100000000-7f8100021000 rw-p 00000000 00:00 0 
7f8100021000-7f8104000000 ---p 00000000 00:00 0 
7f8104000000-7f8104021000 rw-p 00000000 00:00 0 
7f8104021000-7f8108000000 ---p 00000000 00:00 0 
7f8108000000-7f8108021000 rw-p 00000000 00:00 0 
7f8108021000-7f810c000000 ---p 00000000 00:00 0 
7f810c000000-7f810c021000 rw-p 00000000 00:00 0 
7f810c021000-7f8110000000 ---p 00000000 00:00 0 
7f8110000000-7f8110021000 rw-p 00000000 00:00 0 
7f8110021000-7f8114000000 ---p 00000000 00:00 0 
7f8114000000-7f8114021000 rw-p 00000000 00:00 0 
7f8114021000-7f8118000000 ---p 00000000 00:00 0 
7f8118000000-7f8118021000 rw-p 00000000 00:00 0 
7f8118021000-7f811c000000 ---p 00000000 00:00 0 
7f811c000000-7f811c021000 rw-p 00000000 00:00 0 
7f811c021000-7f8120000000 ---p 00000000 00:00 0 
7f8120000000-7f8120021000 rw-p 00000000 00:00 0 
7f8120021000-7f8124000000 ---p 00000000 00:00 0 
7f8124000000-7f8124021000 rw-p 00000000 00:00 0 
7f8124021000-7f8128000000 ---p 00000000 00:00 0 
7f8128000000-7f812848c000 rw-p 00000000 00:00 0 
7f812848c000-7f812c000000 ---p 00000000 00:00 0 
7f812c000000-7f812c021000 rw-p 00000000 00:00 0 
7f812c021000-7f8130000000 ---p 00000000 00:00 0 
7f8130000000-7f8130021000 rw-p 00000000 00:00 0 
7f8130021000-7f8134000000 ---p 00000000 00:00 0 
7f8134000000-7f8134021000 rw-p 00000000 00:00 0 
7f8134021000-7f8138000000 ---p 00000000 00:00 0 
7f8138000000-7f8139472000 rw-p 00000000 00:00 0 
7f8139472000-7f813c000000 ---p 00000000 00:00 0 
7f813c000000-7f813d5fb000 rw-p 00000000 00:00 0 
7f813d5fb000-7f8140000000 ---p 00000000 00:00 0 
7f8140000000-7f8140021000 rw-p 00000000 00:00 0 
7f8140021000-7f8144000000 ---p 00000000 00:00 0 
7f8144000000-7f8144021000 rw-p 00000000 00:00 0 
7f8144021000-7f8148000000 ---p 00000000 00:00 0 
7f8148000000-7f8148b0d000 rw-p 00000000 00:00 0 
7f8148b0d000-7f814c000000 ---p 00000000 00:00 0 
7f814c000000-7f814c021000 rw-p 00000000 00:00 0 
7f814c021000-7f8150000000 ---p 00000000 00:00 0 
7f8150000000-7f8150021000 rw-p 00000000 00:00 0 
7f8150021000-7f8154000000 ---p 00000000 00:00 0 
7f8154000000-7f8155b48000 rw-p 00000000 00:00 0 
7f8155b48000-7f8158000000 ---p 00000000 00:00 0 
7f8158000000-7f8158021000 rw-p 00000000 00:00 0 
7f8158021000-7f815c000000 ---p 00000000 00:00 0 
7f815c06c000-7f815c070000 ---p 00000000 00:00 0 
7f815c070000-7f815c16d000 rw-p 00000000 00:00 0 
7f815c16d000-7f815c171000 ---p 00000000 00:00 0 
7f815c171000-7f815c26e000 rw-p 00000000 00:00 0 
7f815c26e000-7f815c272000 ---p 00000000 00:00 0 
7f815c272000-7f815c36f000 rw-p 00000000 00:00 0 
7f815c36f000-7f815c373000 ---p 00000000 00:00 0 
7f815c373000-7f815c470000 rw-p 00000000 00:00 0 
7f815c470000-7f815c474000 ---p 00000000 00:00 0 
7f815c474000-7f815c571000 rw-p 00000000 00:00 0 
7f815c571000-7f815c575000 ---p 00000000 00:00 0 
7f815c575000-7f815c872000 rw-p 00000000 00:00 0 
7f815c872000-7f815ca72000 rw-p 00000000 00:00 0 
7f815ca72000-7f815ca76000 ---p 00000000 00:00 0 
7f815ca76000-7f815cb73000 rw-p 00000000 00:00 0 
7f815cb73000-7f815cb77000 ---p 00000000 00:00 0 
7f815cb77000-7f815ce74000 rw-p 00000000 00:00 0 
7f815ce74000-7f815d074000 rw-p 00000000 00:00 0 
7f815d074000-7f815d274000 rw-p 00000000 00:00 0 
7f815d274000-7f815d474000 rw-p 00000000 00:00 0 
7f815d474000-7f815d674000 rw-p 00000000 00:00 0 
7f815d674000-7f815d675000 ---p 00000000 00:00 0 
7f815d675000-7f815d776000 rw-p 00000000 00:00 0 
7f815d776000-7f815d777000 ---p 00000000 00:00 0 
7f815d777000-7f815d878000 rw-p 00000000 00:00 0 
7f815d878000-7f815d879000 ---p 00000000 00:00 0 
7f815d879000-7f815d97a000 rw-p 00000000 00:00 0 
7f815d97a000-7f815d97b000 ---p 00000000 00:00 0 
7f815d97b000-7f815dc7c000 rw-p 00000000 00:00 0 
7f815dc7c000-7f815dc80000 ---p 00000000 00:00 0 
7f815dc80000-7f815dd7d000 rw-p 00000000 00:00 0 
7f815dd7d000-7f815dd81000 ---p 00000000 00:00 0 
7f815dd81000-7f815de7e000 rw-p 00000000 00:00 0 
7f815de7e000-7f815de82000 ---p 00000000 00:00 0 
7f815de82000-7f815e17f000 rw-p 00000000 00:00 0 
7f815e17f000-7f815e37f000 rw-p 00000000 00:00 0 
7f815e37f000-7f815e57e000 rw-p 00000000 00:00 0 
7f815e57e000-7f815e57f000 ---p 00000000 00:00 0 
7f815e57f000-7f815e580000 ---p 00000000 00:00 0 
7f815e580000-7f815e881000 rw-p 00000000 00:00 0 
7f815e881000-7f815ea81000 rw-p 00000000 00:00 0 
7f815ea81000-7f815ec81000 rw-p 00000000 00:00 0 
7f815ec81000-7f815ee81000 rw-p 00000000 00:00 0 
7f815ee81000-7f815ee82000 ---p 00000000 00:00 0 
7f815ee82000-7f815ef83000 rw-p 00000000 00:00 0 
7f815ef83000-7f815ef87000 ---p 00000000 00:00 0 
7f815ef87000-7f815f284000 rw-p 00000000 00:00 0 
7f815f284000-7f815f285000 ---p 00000000 00:00 0 
7f815f285000-7f815f386000 rw-p 00000000 00:00 0 
7f815f386000-7f815f387000 ---p 00000000 00:00 0 
7f815f387000-7f815f488000 rw-p 00000000 00:00 0 
7f815f488000-7f815f48c000 ---p 00000000 00:00 0 
7f815f48c000-7f815f589000 rw-p 00000000 00:00 0 
7f815f589000-7f815f58d000 ---p 00000000 00:00 0 
7f815f58d000-7f815f68a000 rw-p 00000000 00:00 0 
7f815f68a000-7f815f68e000 ---p 00000000 00:00 0 
7f815f68e000-7f815f78b000 rw-p 00000000 00:00 0 
7f815f78b000-7f815f78c000 ---p 00000000 00:00 0 
7f815f78c000-7f815f88d000 rw-p 00000000 00:00 0 
7f815f88d000-7f815f891000 ---p 00000000 00:00 0 
7f815f891000-7f815f98e000 rw-p 00000000 00:00 0 
7f815f98e000-7f815f992000 ---p 00000000 00:00 0 
7f815f992000-7f815fa8f000 rw-p 00000000 00:00 0 
7f815fa8f000-7f8160000000 r--p 00000000 08:02 8390692                    /usr/lib/locale/locale-archive
7f8160000000-7f8160021000 rw-p 00000000 00:00 0 
7f8160021000-7f8164000000 ---p 00000000 00:00 0 
7f8164000000-7f8164021000 rw-p 00000000 00:00 0 
7f8164021000-7f8168000000 ---p 00000000 00:00 0 
7f8168000000-7f8168021000 rw-p 00000000 00:00 0 
7f8168021000-7f816c000000 ---p 00000000 00:00 0 
7f816c000000-7f816c174000 rw-p 00000000 00:00 0 
7f816c174000-7f8170000000 ---p 00000000 00:00 0 
7f8170000000-7f8170021000 rw-p 00000000 00:00 0 
7f8170021000-7f8174000000 ---p 00000000 00:00 0 
7f8174000000-7f8174021000 rw-p 00000000 00:00 0 
7f8174021000-7f8178000000 ---p 00000000 00:00 0 
7f8178000000-7f8178021000 rw-p 00000000 00:00 0 
7f8178021000-7f817c000000 ---p 00000000 00:00 0 
7f817c06e000-7f817c076000 r--p 00000000 08:02 8520875                    /usr/lib/jvm/java-11-openjdk-amd64/lib/libsunec.so
7f817c076000-7f817c08f000 r-xp 00008000 08:02 8520875                    /usr/lib/jvm/java-11-openjdk-amd64/lib/libsunec.so
7f817c08f000-7f817c099000 r--p 00021000 08:02 8520875                    /usr/lib/jvm/java-11-openjdk-amd64/lib/libsunec.so
7f817c099000-7f817c09a000 ---p 0002b000 08:02 8520875                    /usr/lib/jvm/java-11-openjdk-amd64/lib/libsunec.so
7f817c09a000-7f817c09e000 r--p 0002b000 08:02 8520875                    /usr/lib/jvm/java-11-openjdk-amd64/lib/libsunec.so
7f817c09e000-7f817c0a0000 rw-p 0002f000 08:02 8520875                    /usr/lib/jvm/java-11-openjdk-amd64/lib/libsunec.so
7f817c0a0000-7f817c0a4000 r--p 00000000 08:02 8520868                    /usr/lib/jvm/java-11-openjdk-amd64/lib/libnet.so
7f817c0a4000-7f817c0b3000 r-xp 00004000 08:02 8520868                    /usr/lib/jvm/java-11-openjdk-amd64/lib/libnet.so
7f817c0b3000-7f817c0b7000 r--p 00013000 08:02 8520868                    /usr/lib/jvm/java-11-openjdk-amd64/lib/libnet.so
7f817c0b7000-7f817c0b8000 r--p 00016000 08:02 8520868                    /usr/lib/jvm/java-11-openjdk-amd64/lib/libnet.so
7f817c0b8000-7f817c0b9000 rw-p 00017000 08:02 8520868                    /usr/lib/jvm/java-11-openjdk-amd64/lib/libnet.so
7f817c0b9000-7f817c0bd000 ---p 00000000 00:00 0 
7f817c0bd000-7f817c1ba000 rw-p 00000000 00:00 0 
7f817c1ba000-7f817c1be000 ---p 00000000 00:00 0 
7f817c1be000-7f817c2bb000 rw-p 00000000 00:00 0 
7f817c2bb000-7f817c2bf000 ---p 00000000 00:00 0 
7f817c2bf000-7f817c3bc000 rw-p 00000000 00:00 0 
7f817c3bc000-7f817c3c0000 ---p 00000000 00:00 0 
7f817c3c0000-7f817c4bd000 rw-p 00000000 00:00 0 
7f817c4bd000-7f817c4c1000 ---p 00000000 00:00 0 
7f817c4c1000-7f817c5be000 rw-p 00000000 00:00 0 
7f817c5be000-7f817c5bf000 ---p 00000000 00:00 0 
7f817c5bf000-7f817cec0000 rw-p 00000000 00:00 0 
7f817cec0000-7f817cec1000 ---p 00000000 00:00 0 
7f817cec1000-7f817cfc2000 rw-p 00000000 00:00 0 
7f817cfc2000-7f817cfc3000 ---p 00000000 00:00 0 
7f817cfc3000-7f817f8cc000 rw-p 00000000 00:00 0 
7f817f8cc000-7f817f8cd000 ---p 00000000 00:00 0 
7f817f8cd000-7f817f9ce000 rw-p 00000000 00:00 0 
7f817f9ce000-7f817f9cf000 ---p 00000000 00:00 0 
7f817f9cf000-7f817fd84000 rw-p 00000000 00:00 0 
7f817fd84000-7f8181988000 ---p 00000000 00:00 0 
7f8181988000-7f8181c44000 rw-p 00000000 00:00 0 
7f8181c44000-7f8183848000 ---p 00000000 00:00 0 
7f8183848000-7f81838a7000 rw-p 00000000 00:00 0 
7f81838a7000-7f8183c27000 ---p 00000000 00:00 0 
7f8183c27000-7f8183c7f000 rw-p 00000000 00:00 0 
7f8183c7f000-7f8183fff000 ---p 00000000 00:00 0 
7f8183fff000-7f8184000000 rw-p 00000000 00:00 0 
7f8184000000-7f8184021000 rw-p 00000000 00:00 0 
7f8184021000-7f8188000000 ---p 00000000 00:00 0 
7f8188007000-7f818800e000 r--p 00000000 08:02 8520869                    /usr/lib/jvm/java-11-openjdk-amd64/lib/libnio.so
7f818800e000-7f8188016000 r-xp 00007000 08:02 8520869                    /usr/lib/jvm/java-11-openjdk-amd64/lib/libnio.so
7f8188016000-7f8188019000 r--p 0000f000 08:02 8520869                    /usr/lib/jvm/java-11-openjdk-amd64/lib/libnio.so
7f8188019000-7f818801a000 r--p 00011000 08:02 8520869                    /usr/lib/jvm/java-11-openjdk-amd64/lib/libnio.so
7f818801a000-7f818801b000 rw-p 00012000 08:02 8520869                    /usr/lib/jvm/java-11-openjdk-amd64/lib/libnio.so
7f818801b000-7f81880f3000 rw-p 00000000 00:00 0 
7f81880f3000-7f8188473000 ---p 00000000 00:00 0 
7f8188473000-7f8188878000 rw-p 00000000 00:00 0 
7f8188878000-7f8188ae8000 rwxp 00000000 00:00 0 
7f8188ae8000-7f8188e09000 ---p 00000000 00:00 0 
7f8188e09000-7f8189809000 rwxp 00000000 00:00 0 
7f8189809000-7f8190340000 ---p 00000000 00:00 0 
7f8190340000-7f8190660000 rwxp 00000000 00:00 0 
7f8190660000-7f8197878000 ---p 00000000 00:00 0 
7f8197878000-7f81a0000000 r--s 00000000 08:02 8520887                    /usr/lib/jvm/java-11-openjdk-amd64/lib/modules
7f81a0000000-7f81a18e2000 rw-p 00000000 00:00 0 
7f81a18e2000-7f81a4000000 ---p 00000000 00:00 0 
7f81a4000000-7f81a4001000 r--p 00000000 08:02 8520850                    /usr/lib/jvm/java-11-openjdk-amd64/lib/libextnet.so
7f81a4001000-7f81a4002000 r-xp 00001000 08:02 8520850                    /usr/lib/jvm/java-11-openjdk-amd64/lib/libextnet.so
7f81a4002000-7f81a4003000 r--p 00002000 08:02 8520850                    /usr/lib/jvm/java-11-openjdk-amd64/lib/libextnet.so
7f81a4003000-7f81a4004000 r--p 00002000 08:02 8520850                    /usr/lib/jvm/java-11-openjdk-amd64/lib/libextnet.so
7f81a4004000-7f81a4005000 rw-p 00003000 08:02 8520850                    /usr/lib/jvm/java-11-openjdk-amd64/lib/libextnet.so
7f81a4005000-7f81a4007000 r--p 00000000 08:02 8520866                    /usr/lib/jvm/java-11-openjdk-amd64/lib/libmanagement_ext.so
7f81a4007000-7f81a400a000 r-xp 00002000 08:02 8520866                    /usr/lib/jvm/java-11-openjdk-amd64/lib/libmanagement_ext.so
7f81a400a000-7f81a400b000 r--p 00005000 08:02 8520866                    /usr/lib/jvm/java-11-openjdk-amd64/lib/libmanagement_ext.so
7f81a400b000-7f81a400c000 ---p 00006000 08:02 8520866                    /usr/lib/jvm/java-11-openjdk-amd64/lib/libmanagement_ext.so
7f81a400c000-7f81a400d000 r--p 00006000 08:02 8520866                    /usr/lib/jvm/java-11-openjdk-amd64/lib/libmanagement_ext.so
7f81a400d000-7f81a400e000 rw-p 00007000 08:02 8520866                    /usr/lib/jvm/java-11-openjdk-amd64/lib/libmanagement_ext.so
7f81a400e000-7f81a44ec000 rw-p 00000000 00:00 0 
7f81a44ec000-7f81a44ed000 ---p 00000000 00:00 0 
7f81a44ed000-7f81a45f5000 rw-p 00000000 00:00 0 
7f81a45f5000-7f81a46d9000 ---p 00000000 00:00 0 
7f81a46d9000-7f81a46ed000 rw-p 00000000 00:00 0 
7f81a46ed000-7f81a47c4000 ---p 00000000 00:00 0 
7f81a47c4000-7f81a47c9000 rw-p 00000000 00:00 0 
7f81a47c9000-7f81a47d0000 ---p 00000000 00:00 0 
7f81a47d0000-7f81a47d3000 r--p 00000000 08:02 8394178                    /usr/lib/x86_64-linux-gnu/libnss_files-2.31.so
7f81a47d3000-7f81a47da000 r-xp 00003000 08:02 8394178                    /usr/lib/x86_64-linux-gnu/libnss_files-2.31.so
7f81a47da000-7f81a47dc000 r--p 0000a000 08:02 8394178                    /usr/lib/x86_64-linux-gnu/libnss_files-2.31.so
7f81a47dc000-7f81a47dd000 r--p 0000b000 08:02 8394178                    /usr/lib/x86_64-linux-gnu/libnss_files-2.31.so
7f81a47dd000-7f81a47de000 rw-p 0000c000 08:02 8394178                    /usr/lib/x86_64-linux-gnu/libnss_files-2.31.so
7f81a47de000-7f81a47e4000 rw-p 00000000 00:00 0 
7f81a47e4000-7f81a47e7000 r--p 00000000 08:02 8520864                    /usr/lib/jvm/java-11-openjdk-amd64/lib/libmanagement.so
7f81a47e7000-7f81a47e8000 r-xp 00003000 08:02 8520864                    /usr/lib/jvm/java-11-openjdk-amd64/lib/libmanagement.so
7f81a47e8000-7f81a47e9000 r--p 00004000 08:02 8520864                    /usr/lib/jvm/java-11-openjdk-amd64/lib/libmanagement.so
7f81a47e9000-7f81a47ea000 r--p 00004000 08:02 8520864                    /usr/lib/jvm/java-11-openjdk-amd64/lib/libmanagement.so
7f81a47ea000-7f81a47eb000 rw-p 00005000 08:02 8520864                    /usr/lib/jvm/java-11-openjdk-amd64/lib/libmanagement.so
7f81a47eb000-7f81a47ed000 r--p 00000000 08:02 8520885                    /usr/lib/jvm/java-11-openjdk-amd64/lib/libzip.so
7f81a47ed000-7f81a47f1000 r-xp 00002000 08:02 8520885                    /usr/lib/jvm/java-11-openjdk-amd64/lib/libzip.so
7f81a47f1000-7f81a47f3000 r--p 00006000 08:02 8520885                    /usr/lib/jvm/java-11-openjdk-amd64/lib/libzip.so
7f81a47f3000-7f81a47f4000 r--p 00007000 08:02 8520885                    /usr/lib/jvm/java-11-openjdk-amd64/lib/libzip.so
7f81a47f4000-7f81a47f5000 rw-p 00008000 08:02 8520885                    /usr/lib/jvm/java-11-openjdk-amd64/lib/libzip.so
7f81a47f5000-7f81a47fd000 rw-s 00000000 08:02 9963587                    /tmp/hsperfdata_jadson/83765
7f81a47fd000-7f81a47ff000 r--p 00000000 08:02 8520860                    /usr/lib/jvm/java-11-openjdk-amd64/lib/libjimage.so
7f81a47ff000-7f81a4802000 r-xp 00002000 08:02 8520860                    /usr/lib/jvm/java-11-openjdk-amd64/lib/libjimage.so
7f81a4802000-7f81a4803000 r--p 00005000 08:02 8520860                    /usr/lib/jvm/java-11-openjdk-amd64/lib/libjimage.so
7f81a4803000-7f81a4804000 ---p 00006000 08:02 8520860                    /usr/lib/jvm/java-11-openjdk-amd64/lib/libjimage.so
7f81a4804000-7f81a4805000 r--p 00006000 08:02 8520860                    /usr/lib/jvm/java-11-openjdk-amd64/lib/libjimage.so
7f81a4805000-7f81a4806000 rw-p 00007000 08:02 8520860                    /usr/lib/jvm/java-11-openjdk-amd64/lib/libjimage.so
7f81a4806000-7f81a4814000 r--p 00000000 08:02 8520857                    /usr/lib/jvm/java-11-openjdk-amd64/lib/libjava.so
7f81a4814000-7f81a482a000 r-xp 0000e000 08:02 8520857                    /usr/lib/jvm/java-11-openjdk-amd64/lib/libjava.so
7f81a482a000-7f81a4831000 r--p 00024000 08:02 8520857                    /usr/lib/jvm/java-11-openjdk-amd64/lib/libjava.so
7f81a4831000-7f81a4832000 r--p 0002a000 08:02 8520857                    /usr/lib/jvm/java-11-openjdk-amd64/lib/libjava.so
7f81a4832000-7f81a4833000 rw-p 0002b000 08:02 8520857                    /usr/lib/jvm/java-11-openjdk-amd64/lib/libjava.so
7f81a4833000-7f81a4834000 rw-p 00000000 00:00 0 
7f81a4834000-7f81a4837000 r--p 00000000 08:02 8394208                    /usr/lib/x86_64-linux-gnu/librt-2.31.so
7f81a4837000-7f81a483b000 r-xp 00003000 08:02 8394208                    /usr/lib/x86_64-linux-gnu/librt-2.31.so
7f81a483b000-7f81a483c000 r--p 00007000 08:02 8394208                    /usr/lib/x86_64-linux-gnu/librt-2.31.so
7f81a483c000-7f81a483d000 ---p 00008000 08:02 8394208                    /usr/lib/x86_64-linux-gnu/librt-2.31.so
7f81a483d000-7f81a483e000 r--p 00008000 08:02 8394208                    /usr/lib/x86_64-linux-gnu/librt-2.31.so
7f81a483e000-7f81a483f000 rw-p 00009000 08:02 8394208                    /usr/lib/x86_64-linux-gnu/librt-2.31.so
7f81a483f000-7f81a4843000 ---p 00000000 00:00 0 
7f81a4843000-7f81a4940000 rw-p 00000000 00:00 0 
7f81a4940000-7f81a4943000 r--p 00000000 08:02 8394940                    /usr/lib/x86_64-linux-gnu/libgcc_s.so.1
7f81a4943000-7f81a4955000 r-xp 00003000 08:02 8394940                    /usr/lib/x86_64-linux-gnu/libgcc_s.so.1
7f81a4955000-7f81a4959000 r--p 00015000 08:02 8394940                    /usr/lib/x86_64-linux-gnu/libgcc_s.so.1
7f81a4959000-7f81a495a000 r--p 00018000 08:02 8394940                    /usr/lib/x86_64-linux-gnu/libgcc_s.so.1
7f81a495a000-7f81a495b000 rw-p 00019000 08:02 8394940                    /usr/lib/x86_64-linux-gnu/libgcc_s.so.1
7f81a495b000-7f81a496a000 r--p 00000000 08:02 8393823                    /usr/lib/x86_64-linux-gnu/libm-2.31.so
7f81a496a000-7f81a4a11000 r-xp 0000f000 08:02 8393823                    /usr/lib/x86_64-linux-gnu/libm-2.31.so
7f81a4a11000-7f81a4aa8000 r--p 000b6000 08:02 8393823                    /usr/lib/x86_64-linux-gnu/libm-2.31.so
7f81a4aa8000-7f81a4aa9000 r--p 0014c000 08:02 8393823                    /usr/lib/x86_64-linux-gnu/libm-2.31.so
7f81a4aa9000-7f81a4aaa000 rw-p 0014d000 08:02 8393823                    /usr/lib/x86_64-linux-gnu/libm-2.31.so
7f81a4aaa000-7f81a4b40000 r--p 00000000 08:02 8389090                    /usr/lib/x86_64-linux-gnu/libstdc++.so.6.0.28
7f81a4b40000-7f81a4c31000 r-xp 00096000 08:02 8389090                    /usr/lib/x86_64-linux-gnu/libstdc++.so.6.0.28
7f81a4c31000-7f81a4c7a000 r--p 00187000 08:02 8389090                    /usr/lib/x86_64-linux-gnu/libstdc++.so.6.0.28
7f81a4c7a000-7f81a4c7b000 ---p 001d0000 08:02 8389090                    /usr/lib/x86_64-linux-gnu/libstdc++.so.6.0.28
7f81a4c7b000-7f81a4c86000 r--p 001d0000 08:02 8389090                    /usr/lib/x86_64-linux-gnu/libstdc++.so.6.0.28
7f81a4c86000-7f81a4c89000 rw-p 001db000 08:02 8389090                    /usr/lib/x86_64-linux-gnu/libstdc++.so.6.0.28
7f81a4c89000-7f81a4c8c000 rw-p 00000000 00:00 0 
7f81a4c8c000-7f81a4f06000 r--p 00000000 08:02 8520897                    /usr/lib/jvm/java-11-openjdk-amd64/lib/server/libjvm.so
7f81a4f06000-7f81a5b8b000 r-xp 0027a000 08:02 8520897                    /usr/lib/jvm/java-11-openjdk-amd64/lib/server/libjvm.so
7f81a5b8b000-7f81a5de2000 r--p 00eff000 08:02 8520897                    /usr/lib/jvm/java-11-openjdk-amd64/lib/server/libjvm.so
7f81a5de2000-7f81a5ea3000 r--p 01155000 08:02 8520897                    /usr/lib/jvm/java-11-openjdk-amd64/lib/server/libjvm.so
7f81a5ea3000-7f81a5ede000 rw-p 01216000 08:02 8520897                    /usr/lib/jvm/java-11-openjdk-amd64/lib/server/libjvm.so
7f81a5ede000-7f81a5f37000 rw-p 00000000 00:00 0 
7f81a5f37000-7f81a5f3e000 r--p 00000000 08:02 8394197                    /usr/lib/x86_64-linux-gnu/libpthread-2.31.so
7f81a5f3e000-7f81a5f4f000 r-xp 00007000 08:02 8394197                    /usr/lib/x86_64-linux-gnu/libpthread-2.31.so
7f81a5f4f000-7f81a5f54000 r--p 00018000 08:02 8394197                    /usr/lib/x86_64-linux-gnu/libpthread-2.31.so
7f81a5f54000-7f81a5f55000 r--p 0001c000 08:02 8394197                    /usr/lib/x86_64-linux-gnu/libpthread-2.31.so
7f81a5f55000-7f81a5f56000 rw-p 0001d000 08:02 8394197                    /usr/lib/x86_64-linux-gnu/libpthread-2.31.so
7f81a5f56000-7f81a5f5a000 rw-p 00000000 00:00 0 
7f81a5f5a000-7f81a5f5b000 r--p 00000000 08:02 8393820                    /usr/lib/x86_64-linux-gnu/libdl-2.31.so
7f81a5f5b000-7f81a5f5d000 r-xp 00001000 08:02 8393820                    /usr/lib/x86_64-linux-gnu/libdl-2.31.so
7f81a5f5d000-7f81a5f5e000 r--p 00003000 08:02 8393820                    /usr/lib/x86_64-linux-gnu/libdl-2.31.so
7f81a5f5e000-7f81a5f5f000 r--p 00003000 08:02 8393820                    /usr/lib/x86_64-linux-gnu/libdl-2.31.so
7f81a5f5f000-7f81a5f60000 rw-p 00004000 08:02 8393820                    /usr/lib/x86_64-linux-gnu/libdl-2.31.so
7f81a5f60000-7f81a5f62000 r--p 00000000 08:02 8391100                    /usr/lib/x86_64-linux-gnu/libz.so.1.2.11
7f81a5f62000-7f81a5f73000 r-xp 00002000 08:02 8391100                    /usr/lib/x86_64-linux-gnu/libz.so.1.2.11
7f81a5f73000-7f81a5f79000 r--p 00013000 08:02 8391100                    /usr/lib/x86_64-linux-gnu/libz.so.1.2.11
7f81a5f79000-7f81a5f7a000 ---p 00019000 08:02 8391100                    /usr/lib/x86_64-linux-gnu/libz.so.1.2.11
7f81a5f7a000-7f81a5f7b000 r--p 00019000 08:02 8391100                    /usr/lib/x86_64-linux-gnu/libz.so.1.2.11
7f81a5f7b000-7f81a5f7c000 rw-p 0001a000 08:02 8391100                    /usr/lib/x86_64-linux-gnu/libz.so.1.2.11
7f81a5f7c000-7f81a5fa1000 r--p 00000000 08:02 8393814                    /usr/lib/x86_64-linux-gnu/libc-2.31.so
7f81a5fa1000-7f81a6119000 r-xp 00025000 08:02 8393814                    /usr/lib/x86_64-linux-gnu/libc-2.31.so
7f81a6119000-7f81a6163000 r--p 0019d000 08:02 8393814                    /usr/lib/x86_64-linux-gnu/libc-2.31.so
7f81a6163000-7f81a6164000 ---p 001e7000 08:02 8393814                    /usr/lib/x86_64-linux-gnu/libc-2.31.so
7f81a6164000-7f81a6167000 r--p 001e7000 08:02 8393814                    /usr/lib/x86_64-linux-gnu/libc-2.31.so
7f81a6167000-7f81a616a000 rw-p 001ea000 08:02 8393814                    /usr/lib/x86_64-linux-gnu/libc-2.31.so
7f81a616a000-7f81a616e000 rw-p 00000000 00:00 0 
7f81a6171000-7f81a6173000 r--s 0000c000 08:02 9189263                    /usr/share/java/java-atk-wrapper.jar
7f81a6173000-7f81a6174000 ---p 00000000 00:00 0 
7f81a6174000-7f81a6175000 r--p 00000000 00:00 0 
7f81a6175000-7f81a617a000 r--p 00000000 08:02 8520879                    /usr/lib/jvm/java-11-openjdk-amd64/lib/libverify.so
7f81a617a000-7f81a6181000 r-xp 00005000 08:02 8520879                    /usr/lib/jvm/java-11-openjdk-amd64/lib/libverify.so
7f81a6181000-7f81a6183000 r--p 0000c000 08:02 8520879                    /usr/lib/jvm/java-11-openjdk-amd64/lib/libverify.so
7f81a6183000-7f81a6184000 ---p 0000e000 08:02 8520879                    /usr/lib/jvm/java-11-openjdk-amd64/lib/libverify.so
7f81a6184000-7f81a6186000 r--p 0000e000 08:02 8520879                    /usr/lib/jvm/java-11-openjdk-amd64/lib/libverify.so
7f81a6186000-7f81a6187000 rw-p 00010000 08:02 8520879                    /usr/lib/jvm/java-11-openjdk-amd64/lib/libverify.so
7f81a6187000-7f81a618a000 r--p 00000000 08:02 8520842                    /usr/lib/jvm/java-11-openjdk-amd64/lib/jli/libjli.so
7f81a618a000-7f81a6194000 r-xp 00003000 08:02 8520842                    /usr/lib/jvm/java-11-openjdk-amd64/lib/jli/libjli.so
7f81a6194000-7f81a6197000 r--p 0000d000 08:02 8520842                    /usr/lib/jvm/java-11-openjdk-amd64/lib/jli/libjli.so
7f81a6197000-7f81a6198000 ---p 00010000 08:02 8520842                    /usr/lib/jvm/java-11-openjdk-amd64/lib/jli/libjli.so
7f81a6198000-7f81a6199000 r--p 00010000 08:02 8520842                    /usr/lib/jvm/java-11-openjdk-amd64/lib/jli/libjli.so
7f81a6199000-7f81a619a000 rw-p 00011000 08:02 8520842                    /usr/lib/jvm/java-11-openjdk-amd64/lib/jli/libjli.so
7f81a619a000-7f81a619c000 rw-p 00000000 00:00 0 
7f81a619c000-7f81a619d000 r--p 00000000 08:02 8390785                    /usr/lib/x86_64-linux-gnu/ld-2.31.so
7f81a619d000-7f81a61c0000 r-xp 00001000 08:02 8390785                    /usr/lib/x86_64-linux-gnu/ld-2.31.so
7f81a61c0000-7f81a61c8000 r--p 00024000 08:02 8390785                    /usr/lib/x86_64-linux-gnu/ld-2.31.so
7f81a61c9000-7f81a61ca000 r--p 0002c000 08:02 8390785                    /usr/lib/x86_64-linux-gnu/ld-2.31.so
7f81a61ca000-7f81a61cb000 rw-p 0002d000 08:02 8390785                    /usr/lib/x86_64-linux-gnu/ld-2.31.so
7f81a61cb000-7f81a61cc000 rw-p 00000000 00:00 0 
7ffc6a6f0000-7ffc6a712000 rw-p 00000000 00:00 0                          [stack]
7ffc6a77c000-7ffc6a780000 r--p 00000000 00:00 0                          [vvar]
7ffc6a780000-7ffc6a782000 r-xp 00000000 00:00 0                          [vdso]
ffffffffff600000-ffffffffff601000 --xp 00000000 00:00 0                  [vsyscall]


VM Arguments:
java_command: ./target/demo-0.0.1-SNAPSHOT.jar
java_class_path (initial): ./target/demo-0.0.1-SNAPSHOT.jar
Launcher Type: SUN_STANDARD

[Global flags]
     intx CICompilerCount                          = 4                                         {product} {ergonomic}
     uint ConcGCThreads                            = 2                                         {product} {ergonomic}
     uint G1ConcRefinementThreads                  = 8                                         {product} {ergonomic}
   size_t G1HeapRegionSize                         = 1048576                                   {product} {ergonomic}
    uintx GCDrainStackTargetSize                   = 64                                        {product} {ergonomic}
   size_t InitialHeapSize                          = 130023424                                 {product} {ergonomic}
   size_t MarkStackSize                            = 4194304                                   {product} {ergonomic}
   size_t MaxHeapSize                              = 2063597568                                {product} {ergonomic}
   size_t MaxNewSize                               = 1237319680                                {product} {ergonomic}
   size_t MinHeapDeltaBytes                        = 1048576                                   {product} {ergonomic}
    uintx NonNMethodCodeHeapSize                   = 5836300                                {pd product} {ergonomic}
    uintx NonProfiledCodeHeapSize                  = 122910970                              {pd product} {ergonomic}
    uintx ProfiledCodeHeapSize                     = 122910970                              {pd product} {ergonomic}
    uintx ReservedCodeCacheSize                    = 251658240                              {pd product} {ergonomic}
     bool SegmentedCodeCache                       = true                                      {product} {ergonomic}
     bool UseCompressedClassPointers               = true                                 {lp64_product} {ergonomic}
     bool UseCompressedOops                        = true                                 {lp64_product} {ergonomic}
     bool UseG1GC                                  = true                                      {product} {ergonomic}

Logging:
Log output configuration:
 #0: stdout all=warning uptime,level,tags
 #1: stderr all=off uptime,level,tags

Environment Variables:
PATH=/home/jadson/Projects/repositories/demo/node_modules/.bin:/home/jadson/.deno/bin:/home/jadson/.zinit/polaris/sbin:/home/jadson/.zinit/polaris/bin:/home/jadson/.nvm/versions/node/v15.8.0/bin:/home/jadson/.local/bin:/usr/local/sbin:/usr/local/bin:/usr/sbin:/usr/bin:/sbin:/bin:/usr/games:/usr/local/games:/snap/bin:/home/jadson/.yarn/bin
USERNAME=jadson
SHELL=/usr/bin/zsh
DISPLAY=:0
LANG=en_US.UTF-8
LC_CTYPE=pt_BR.UTF-8

Signal Handlers:
SIGSEGV: [libjvm.so+0xe8ba00], sa_mask[0]=11111111011111111101111111111110, sa_flags=SA_RESTART|SA_SIGINFO
SIGBUS: [libjvm.so+0xe8ba00], sa_mask[0]=11111111011111111101111111111110, sa_flags=SA_RESTART|SA_SIGINFO
SIGFPE: [libjvm.so+0xe8ba00], sa_mask[0]=11111111011111111101111111111110, sa_flags=SA_RESTART|SA_SIGINFO
SIGPIPE: [libjvm.so+0xbd10f0], sa_mask[0]=11111111011111111101111111111110, sa_flags=SA_RESTART|SA_SIGINFO
SIGXFSZ: [libjvm.so+0xbd10f0], sa_mask[0]=11111111011111111101111111111110, sa_flags=SA_RESTART|SA_SIGINFO
SIGILL: [libjvm.so+0xe8ba00], sa_mask[0]=11111111011111111101111111111110, sa_flags=SA_RESTART|SA_SIGINFO
SIGUSR2: [libjvm.so+0xbd0f90], sa_mask[0]=00000000000000000000000000000000, sa_flags=SA_RESTART|SA_SIGINFO
SIGHUP: [libjvm.so+0xbd1430], sa_mask[0]=11111111011111111101111111111110, sa_flags=SA_RESTART|SA_SIGINFO
SIGINT: [libjvm.so+0xbd1430], sa_mask[0]=11111111011111111101111111111110, sa_flags=SA_RESTART|SA_SIGINFO
SIGTERM: [libjvm.so+0xbd1430], sa_mask[0]=11111111011111111101111111111110, sa_flags=SA_RESTART|SA_SIGINFO
SIGQUIT: [libjvm.so+0xbd1430], sa_mask[0]=11111111011111111101111111111110, sa_flags=SA_RESTART|SA_SIGINFO


---------------  S Y S T E M  ---------------

OS:DISTRIB_ID=Ubuntu
DISTRIB_RELEASE=20.04
DISTRIB_CODENAME=focal
DISTRIB_DESCRIPTION="Ubuntu 20.04.2 LTS"
uname:Linux 5.8.0-63-generic #71~20.04.1-Ubuntu SMP Thu Jul 15 17:46:08 UTC 2021 x86_64
OS uptime: 2 days 0:49 hours
libc:glibc 2.31 NPTL 2.31 
rlimit (soft/hard): STACK 8192k/infinity , CORE 0k/infinity , NPROC 31242/31242 , NOFILE 1048576/1048576 , AS infinity/infinity , CPU infinity/infinity , DATA infinity/infinity , FSIZE infinity/infinity , MEMLOCK 65536k/65536k
load average:9,54 9,66 5,58

/proc/meminfo:
MemTotal:        8058248 kB
MemFree:         1207996 kB
MemAvailable:    3036404 kB
Buffers:          250504 kB
Cached:          2098028 kB
SwapCached:         6656 kB
Active:          4877944 kB
Inactive:        1331884 kB
Active(anon):    3514484 kB
Inactive(anon):   761320 kB
Active(file):    1363460 kB
Inactive(file):   570564 kB
Unevictable:       56280 kB
Mlocked:             112 kB
SwapTotal:       2097148 kB
SwapFree:        1854356 kB
Dirty:              1396 kB
Writeback:             0 kB
AnonPages:       3914300 kB
Mapped:           733016 kB
Shmem:            422568 kB
KReclaimable:     203184 kB
Slab:             425272 kB
SReclaimable:     203184 kB
SUnreclaim:       222088 kB
KernelStack:       21200 kB
PageTables:        42216 kB
NFS_Unstable:          0 kB
Bounce:                0 kB
WritebackTmp:          0 kB
CommitLimit:     6126272 kB
Committed_AS:   13840032 kB
VmallocTotal:   34359738367 kB
VmallocUsed:       44424 kB
VmallocChunk:          0 kB
Percpu:             9888 kB
HardwareCorrupted:     0 kB
AnonHugePages:      2048 kB
ShmemHugePages:        0 kB
ShmemPmdMapped:        0 kB
FileHugePages:         0 kB
FilePmdMapped:         0 kB
HugePages_Total:       0
HugePages_Free:        0
HugePages_Rsvd:        0
HugePages_Surp:        0
Hugepagesize:       2048 kB
Hugetlb:               0 kB
DirectMap4k:      661108 kB
DirectMap2M:     7634944 kB
DirectMap1G:           0 kB

/sys/kernel/mm/transparent_hugepage/enabled:
always [madvise] never
/sys/kernel/mm/transparent_hugepage/defrag (defrag/compaction efforts parameter):
always defer defer+madvise [madvise] never

Process Memory:
Virtual Size: 6665276K (peak: 13454268K)
Resident Set Size: 351864K (peak: 355000K) (anon: 322168K, file: 29696K, shmem: 0K)
Swapped out: 0K
C-Heap outstanding allocations: 25031K

/proc/sys/kernel/threads-max (system-wide limit on the number of threads):
62484
/proc/sys/vm/max_map_count (maximum number of memory map areas a process may have):
65530
/proc/sys/kernel/pid_max (system-wide limit on number of process identifiers):
4194304

container (cgroup) information:
container_type: cgroupv1
cpu_cpuset_cpus: 0-7
cpu_memory_nodes: 0
active_processor_count: 8
cpu_quota: -1
cpu_period: 100000
cpu_shares: -1
memory_limit_in_bytes: -1
memory_and_swap_limit_in_bytes: -1
memory_soft_limit_in_bytes: -1
memory_usage_in_bytes: 5070032896
memory_max_usage_in_bytes: 6611283968

Steal ticks since vm start: 0
Steal ticks percentage since vm start:  0,000

CPU:total 8 (initial active 8) (4 cores per cpu, 2 threads per core) family 6 model 142 stepping 10 microcode 0xea, cmov, cx8, fxsr, mmx, sse, sse2, sse3, ssse3, sse4.1, sse4.2, popcnt, avx, avx2, aes, clmul, erms, 3dnowpref, lzcnt, ht, tsc, tscinvbit, bmi1, bmi2, adx, fma
CPU Model and flags from /proc/cpuinfo:
model name	: Intel(R) Core(TM) i5-8250U CPU @ 1.60GHz
flags		: fpu vme de pse tsc msr pae mce cx8 apic sep mtrr pge mca cmov pat pse36 clflush dts acpi mmx fxsr sse sse2 ss ht tm pbe syscall nx pdpe1gb rdtscp lm constant_tsc art arch_perfmon pebs bts rep_good nopl xtopology nonstop_tsc cpuid aperfmperf pni pclmulqdq dtes64 monitor ds_cpl vmx est tm2 ssse3 sdbg fma cx16 xtpr pdcm pcid sse4_1 sse4_2 x2apic movbe popcnt tsc_deadline_timer aes xsave avx f16c rdrand lahf_lm abm 3dnowprefetch cpuid_fault invpcid_single pti ssbd ibrs ibpb stibp tpr_shadow vnmi flexpriority ept vpid ept_ad fsgsbase tsc_adjust bmi1 avx2 smep bmi2 erms invpcid mpx rdseed adx smap clflushopt intel_pt xsaveopt xsavec xgetbv1 xsaves dtherm ida arat pln pts hwp hwp_notify hwp_act_window hwp_epp md_clear flush_l1d
Online cpus:
0-7
Offline cpus:

BIOS frequency limitation:
<Not Available>
Frequency switch latency (ns):
0
Available cpu frequencies:
<Not Available>
Current governor:
powersave
Core performance/turbo boost:
<Not Available>

Memory: 4k page, physical 8058248k(1208432k free), swap 2097148k(1854356k free)

vm_info: OpenJDK 64-Bit Server VM (11.0.11+9-Ubuntu-0ubuntu2.20.04) for linux-amd64 JRE (11.0.11+9-Ubuntu-0ubuntu2.20.04), built on Apr 21 2021 09:15:32 by "unknown" with gcc 9.3.0

END.
