#
# A fatal error has been detected by the Java Runtime Environment:
#
#  SIGSEGV (0xb) at pc=0x00007f3fe52d3fcd, pid=6794, tid=6794
#
# JRE version: OpenJDK Runtime Environment (11.0.11+9) (build 11.0.11+9-Ubuntu-0ubuntu2.20.04)
# Java VM: OpenJDK 64-Bit Server VM (11.0.11+9-Ubuntu-0ubuntu2.20.04, mixed mode, sharing, tiered, compressed oops, g1 gc, linux-amd64)
# Problematic frame:
# V  [libjvm.so+0xbd0fcd]
#
# Core dump will be written. Default location: Core dumps may be processed with "/usr/share/apport/apport %p %s %c %d %P %E" (or dumping to /home/jadson/Projects/repositories/demo/core.6794)
#
# If you would like to submit a bug report, please visit:
#   https://bugs.launchpad.net/ubuntu/+source/openjdk-lts
#

---------------  S U M M A R Y ------------

Command Line: ./target/demo-0.0.1-SNAPSHOT.jar

Host: Intel(R) Core(TM) i5-8250U CPU @ 1.60GHz, 8 cores, 7G, Ubuntu 20.04.2 LTS
Time: Wed Jul 28 20:28:32 2021 -03 elapsed time: 57.593754 seconds (0d 0h 0m 57s)

---------------  T H R E A D  ---------------

Current thread is native thread

Stack: [0x00007ffe8654b000,0x00007ffe86d49000],  sp=0x00007ffe86d440c0,  free space=8164k
Native frames: (J=compiled Java code, A=aot compiled Java code, j=interpreted, Vv=VM code, C=native code)
V  [libjvm.so+0xbd0fcd]
C  [libc.so.6+0x46210]


siginfo: si_signo: 11 (SIGSEGV), si_code: 1 (SEGV_MAPERR), si_addr: 0x00000000000000d0

Register to memory mapping:

RAX=0x0 is NULL
RBX=
[error occurred during error reporting (printing register info), id 0xb, SIGSEGV (0xb) at pc=0x00007f3fe552ba2c]

Registers:
RAX=0x0000000000000000, RBX=0x00007f3fe59ad3c0, RCX=0x00007f3fe59b8cd7, RDX=0x00007f3fe59ad440
RSP=0x00007ffe86d440c0, RBP=0x00007ffe86d44170, RSI=0x00007ffe86d442b0, RDI=0x0000000000000001
R8 =0x0000000000000000, R9 =0x00007f3fe43b6700, R10=0x0000000000000000, R11=0x0000000000000246
R12=0x00007ffe86d442b0, R13=0x00007ffe86d44180, R14=0x0000000000000000, R15=0x00007f3fe43b6700
RIP=0x00007f3fe52d3fcd, EFLAGS=0x0000000000010246, CSGSFS=0x002b000000000033, ERR=0x0000000000000004
  TRAPNO=0x000000000000000e

Top of Stack: (sp=0x00007ffe86d440c0)
0x00007ffe86d440c0:   0000000000000020 0000200000000000
0x00007ffe86d440d0:   0000000000000000 0000000000000000
0x00007ffe86d440e0:   0000000000000000 0000000000000000
0x00007ffe86d440f0:   0000000000000000 0000000000000000 

Instructions: (pc=0x00007f3fe52d3fcd)
0x00007f3fe52d3ecd:   ff 48 85 c0 74 03 c6 00 00 4c 89 f7 4c 89 fa 4c
0x00007f3fe52d3edd:   89 ee e8 3c 92 6a ff 4c 89 e7 e8 a4 95 6a ff 48
0x00007f3fe52d3eed:   81 c4 08 01 00 00 5b 41 5c 41 5d 41 5e 41 5f 5d
0x00007f3fe52d3efd:   c3 66 90 4c 89 e2 be 00 01 00 00 4c 89 ef e8 f0
0x00007f3fe52d3f0d:   97 6a ff 48 85 c0 74 ac 48 8d 35 cb 80 3a 00 4c
0x00007f3fe52d3f1d:   89 ef e8 dc 95 6a ff 48 85 c0 75 17 48 8d 35 cc
0x00007f3fe52d3f2d:   80 3a 00 4c 89 ef e8 c8 95 6a ff 48 85 c0 74 84
0x00007f3fe52d3f3d:   0f 1f 00 be 22 00 00 00 4c 89 ef e8 43 96 6a ff
0x00007f3fe52d3f4d:   48 85 c0 74 26 4c 8d 68 01 be 22 00 00 00 4c 89
0x00007f3fe52d3f5d:   ef e8 2d 96 6a ff 48 85 c0 0f 85 67 ff ff ff e9
0x00007f3fe52d3f6d:   65 ff ff ff 0f 1f 80 00 00 00 00 4c 89 ef be 3d
0x00007f3fe52d3f7d:   00 00 00 e8 0b 96 6a ff 4c 8d 68 01 e9 33 ff ff
0x00007f3fe52d3f8d:   ff 66 90 f3 0f 1e fa 55 48 89 e5 41 57 41 56 41
0x00007f3fe52d3f9d:   55 49 89 d5 41 54 49 89 f4 53 48 81 ec 88 00 00
0x00007f3fe52d3fad:   00 e8 0d 9d 6a ff 44 8b 30 48 89 c3 e8 22 63 25
0x00007f3fe52d3fbd:   00 41 89 c0 31 c0 45 84 c0 74 05 e8 23 63 25 00
0x00007f3fe52d3fcd:   48 83 b8 d0 00 00 00 00 74 16 4c 8b b8 70 02 00
0x00007f3fe52d3fdd:   00 41 8b 87 a8 00 00 00 83 f8 01 74 16 44 89 33
0x00007f3fe52d3fed:   48 81 c4 88 00 00 00 5b 41 5c 41 5d 41 5e 41 5f
0x00007f3fe52d3ffd:   5d c3 90 66 49 0f 6e c4 66 49 0f 6e cd ba 02 00
0x00007f3fe52d400d:   00 00 be 01 00 00 00 66 0f 6c c1 4d 8d a7 a8 00
0x00007f3fe52d401d:   00 00 41 0f 11 87 b0 00 00 00 4c 89 e7 e8 d1 bc
0x00007f3fe52d402d:   ff ff 83 f8 02 74 3c 85 c0 75 18 66 0f ef c0 41
0x00007f3fe52d403d:   0f 11 87 b0 00 00 00 eb a4 66 2e 0f 1f 84 00 00
0x00007f3fe52d404d:   00 00 00 48 8d 05 51 aa 64 00 be d8 11 00 00 48
0x00007f3fe52d405d:   8d 3d 75 8a 3a 00 48 8b 00 c6 00 58 e8 f2 af a9
0x00007f3fe52d406d:   ff eb c8 4c 8d ad 50 ff ff ff 4c 89 ef e8 a1 98
0x00007f3fe52d407d:   6a ff 4c 89 ea 31 f6 31 ff e8 b5 99 6a ff 8b 35
0x00007f3fe52d408d:   9f 56 66 00 4c 89 ef e8 57 95 6a ff be 01 00 00
0x00007f3fe52d409d:   00 48 8d 3d db a2 6a 00 e8 16 a1 0c 00 66 0f 1f
0x00007f3fe52d40ad:   44 00 00 4c 89 ef e8 68 9c 6a ff 31 d2 be 03 00
0x00007f3fe52d40bd:   00 00 4c 89 e7 e8 39 bc ff ff 85 c0 75 e5 be 01 


Stack slot to memory mapping:
stack at sp + 0 slots: 
[error occurred during error reporting (inspecting top of stack), id 0xb, SIGSEGV (0xb) at pc=0x00007f3fe552ba2c]


---------------  P R O C E S S  ---------------

VM state:not at safepoint (normal execution)

VM Mutex/Monitor currently owned by a thread: None

Heap address: 0x0000000085000000, size: 1968 MB, Compressed Oops mode: 32-bit
Narrow klass base: 0x0000000800000000, Narrow klass shift: 3
Compressed class space size: 1073741824 Address: 0x0000000840000000

Heap:
 garbage-first heap   total 181248K, used 74004K [0x0000000085000000, 0x0000000100000000)
  region size 1024K, 69 young (70656K), 12 survivors (12288K)
 Metaspace       used 49557K, capacity 50912K, committed 51200K, reserved 1093632K
  class space    used 6315K, capacity 6839K, committed 6912K, reserved 1048576K
Heap Regions: E=young(eden), S=young(survivor), O=old, HS=humongous(starts), HC=humongous(continues), CS=collection set, F=free, A=archive, TAMS=top-at-mark-start (previous, next)
|   0|0x0000000085000000, 0x0000000085100000, 0x0000000085100000|100%| O|  |TAMS 0x0000000085100000, 0x0000000085000000| Untracked 
|   1|0x0000000085100000, 0x0000000085200000, 0x0000000085200000|100%| O|  |TAMS 0x0000000085200000, 0x0000000085100000| Untracked 
|   2|0x0000000085200000, 0x0000000085300000, 0x0000000085300000|100%| O|  |TAMS 0x0000000085300000, 0x0000000085200000| Untracked 
|   3|0x0000000085300000, 0x0000000085400000, 0x0000000085400000|100%| O|  |TAMS 0x00000000853b4400, 0x0000000085300000| Untracked 
|   4|0x0000000085400000, 0x00000000854d2200, 0x0000000085500000| 82%| O|  |TAMS 0x0000000085400000, 0x0000000085400000| Untracked 
|   5|0x0000000085500000, 0x0000000085500000, 0x0000000085600000|  0%| F|  |TAMS 0x0000000085500000, 0x0000000085500000| Untracked 
|   6|0x0000000085600000, 0x0000000085600000, 0x0000000085700000|  0%| F|  |TAMS 0x0000000085600000, 0x0000000085600000| Untracked 
|   7|0x0000000085700000, 0x0000000085700000, 0x0000000085800000|  0%| F|  |TAMS 0x0000000085700000, 0x0000000085700000| Untracked 
|   8|0x0000000085800000, 0x0000000085800000, 0x0000000085900000|  0%| F|  |TAMS 0x0000000085800000, 0x0000000085800000| Untracked 
|   9|0x0000000085900000, 0x0000000085900000, 0x0000000085a00000|  0%| F|  |TAMS 0x0000000085900000, 0x0000000085900000| Untracked 
|  10|0x0000000085a00000, 0x0000000085a00000, 0x0000000085b00000|  0%| F|  |TAMS 0x0000000085a00000, 0x0000000085a00000| Untracked 
|  11|0x0000000085b00000, 0x0000000085b00000, 0x0000000085c00000|  0%| F|  |TAMS 0x0000000085b00000, 0x0000000085b00000| Untracked 
|  12|0x0000000085c00000, 0x0000000085c00000, 0x0000000085d00000|  0%| F|  |TAMS 0x0000000085c00000, 0x0000000085c00000| Untracked 
|  13|0x0000000085d00000, 0x0000000085d00000, 0x0000000085e00000|  0%| F|  |TAMS 0x0000000085d00000, 0x0000000085d00000| Untracked 
|  14|0x0000000085e00000, 0x0000000085e00000, 0x0000000085f00000|  0%| F|  |TAMS 0x0000000085e00000, 0x0000000085e00000| Untracked 
|  15|0x0000000085f00000, 0x0000000085f00000, 0x0000000086000000|  0%| F|  |TAMS 0x0000000085f00000, 0x0000000085f00000| Untracked 
|  16|0x0000000086000000, 0x0000000086000000, 0x0000000086100000|  0%| F|  |TAMS 0x0000000086000000, 0x0000000086000000| Untracked 
|  17|0x0000000086100000, 0x0000000086100000, 0x0000000086200000|  0%| F|  |TAMS 0x0000000086100000, 0x0000000086100000| Untracked 
|  18|0x0000000086200000, 0x0000000086200000, 0x0000000086300000|  0%| F|  |TAMS 0x0000000086200000, 0x0000000086200000| Untracked 
|  19|0x0000000086300000, 0x0000000086300000, 0x0000000086400000|  0%| F|  |TAMS 0x0000000086300000, 0x0000000086300000| Untracked 
|  20|0x0000000086400000, 0x0000000086400000, 0x0000000086500000|  0%| F|  |TAMS 0x0000000086400000, 0x0000000086400000| Untracked 
|  21|0x0000000086500000, 0x0000000086500000, 0x0000000086600000|  0%| F|  |TAMS 0x0000000086500000, 0x0000000086500000| Untracked 
|  22|0x0000000086600000, 0x0000000086600000, 0x0000000086700000|  0%| F|  |TAMS 0x0000000086600000, 0x0000000086600000| Untracked 
|  23|0x0000000086700000, 0x0000000086700000, 0x0000000086800000|  0%| F|  |TAMS 0x0000000086700000, 0x0000000086700000| Untracked 
|  24|0x0000000086800000, 0x0000000086800000, 0x0000000086900000|  0%| F|  |TAMS 0x0000000086800000, 0x0000000086800000| Untracked 
|  25|0x0000000086900000, 0x0000000086900000, 0x0000000086a00000|  0%| F|  |TAMS 0x0000000086900000, 0x0000000086900000| Untracked 
|  26|0x0000000086a00000, 0x0000000086a00000, 0x0000000086b00000|  0%| F|  |TAMS 0x0000000086a00000, 0x0000000086a00000| Untracked 
|  27|0x0000000086b00000, 0x0000000086b00000, 0x0000000086c00000|  0%| F|  |TAMS 0x0000000086b00000, 0x0000000086b00000| Untracked 
|  28|0x0000000086c00000, 0x0000000086c00000, 0x0000000086d00000|  0%| F|  |TAMS 0x0000000086c00000, 0x0000000086c00000| Untracked 
|  29|0x0000000086d00000, 0x0000000086d00000, 0x0000000086e00000|  0%| F|  |TAMS 0x0000000086d00000, 0x0000000086d00000| Untracked 
|  30|0x0000000086e00000, 0x0000000086e00000, 0x0000000086f00000|  0%| F|  |TAMS 0x0000000086e00000, 0x0000000086e00000| Untracked 
|  31|0x0000000086f00000, 0x0000000086f00000, 0x0000000087000000|  0%| F|  |TAMS 0x0000000086f00000, 0x0000000086f00000| Untracked 
|  32|0x0000000087000000, 0x0000000087000000, 0x0000000087100000|  0%| F|  |TAMS 0x0000000087000000, 0x0000000087000000| Untracked 
|  33|0x0000000087100000, 0x0000000087100000, 0x0000000087200000|  0%| F|  |TAMS 0x0000000087100000, 0x0000000087100000| Untracked 
|  34|0x0000000087200000, 0x0000000087200000, 0x0000000087300000|  0%| F|  |TAMS 0x0000000087200000, 0x0000000087200000| Untracked 
|  35|0x0000000087300000, 0x0000000087300000, 0x0000000087400000|  0%| F|  |TAMS 0x0000000087300000, 0x0000000087300000| Untracked 
|  36|0x0000000087400000, 0x0000000087400000, 0x0000000087500000|  0%| F|  |TAMS 0x0000000087400000, 0x0000000087400000| Untracked 
|  37|0x0000000087500000, 0x0000000087500000, 0x0000000087600000|  0%| F|  |TAMS 0x0000000087500000, 0x0000000087500000| Untracked 
|  38|0x0000000087600000, 0x0000000087600000, 0x0000000087700000|  0%| F|  |TAMS 0x0000000087600000, 0x0000000087600000| Untracked 
|  39|0x0000000087700000, 0x0000000087700000, 0x0000000087800000|  0%| F|  |TAMS 0x0000000087700000, 0x0000000087700000| Untracked 
|  40|0x0000000087800000, 0x0000000087800000, 0x0000000087900000|  0%| F|  |TAMS 0x0000000087800000, 0x0000000087800000| Untracked 
|  41|0x0000000087900000, 0x0000000087900000, 0x0000000087a00000|  0%| F|  |TAMS 0x0000000087900000, 0x0000000087900000| Untracked 
|  42|0x0000000087a00000, 0x0000000087a00000, 0x0000000087b00000|  0%| F|  |TAMS 0x0000000087a00000, 0x0000000087a00000| Untracked 
|  43|0x0000000087b00000, 0x0000000087b00000, 0x0000000087c00000|  0%| F|  |TAMS 0x0000000087b00000, 0x0000000087b00000| Untracked 
|  44|0x0000000087c00000, 0x0000000087c00000, 0x0000000087d00000|  0%| F|  |TAMS 0x0000000087c00000, 0x0000000087c00000| Untracked 
|  45|0x0000000087d00000, 0x0000000087d00000, 0x0000000087e00000|  0%| F|  |TAMS 0x0000000087d00000, 0x0000000087d00000| Untracked 
|  46|0x0000000087e00000, 0x0000000087e00000, 0x0000000087f00000|  0%| F|  |TAMS 0x0000000087e00000, 0x0000000087e00000| Untracked 
|  47|0x0000000087f00000, 0x0000000087f00000, 0x0000000088000000|  0%| F|  |TAMS 0x0000000087f00000, 0x0000000087f00000| Untracked 
|  48|0x0000000088000000, 0x0000000088000000, 0x0000000088100000|  0%| F|  |TAMS 0x0000000088000000, 0x0000000088000000| Untracked 
|  49|0x0000000088100000, 0x0000000088100000, 0x0000000088200000|  0%| F|  |TAMS 0x0000000088100000, 0x0000000088100000| Untracked 
|  50|0x0000000088200000, 0x0000000088200000, 0x0000000088300000|  0%| F|  |TAMS 0x0000000088200000, 0x0000000088200000| Untracked 
|  51|0x0000000088300000, 0x0000000088300000, 0x0000000088400000|  0%| F|  |TAMS 0x0000000088300000, 0x0000000088300000| Untracked 
|  52|0x0000000088400000, 0x0000000088400000, 0x0000000088500000|  0%| F|  |TAMS 0x0000000088400000, 0x0000000088400000| Untracked 
|  53|0x0000000088500000, 0x0000000088500000, 0x0000000088600000|  0%| F|  |TAMS 0x0000000088500000, 0x0000000088500000| Untracked 
|  54|0x0000000088600000, 0x0000000088600000, 0x0000000088700000|  0%| F|  |TAMS 0x0000000088600000, 0x0000000088600000| Untracked 
|  55|0x0000000088700000, 0x0000000088700000, 0x0000000088800000|  0%| F|  |TAMS 0x0000000088700000, 0x0000000088700000| Untracked 
|  56|0x0000000088800000, 0x0000000088800000, 0x0000000088900000|  0%| F|  |TAMS 0x0000000088800000, 0x0000000088800000| Untracked 
|  57|0x0000000088900000, 0x00000000889c1000, 0x0000000088a00000| 75%| S|CS|TAMS 0x0000000088900000, 0x0000000088900000| Complete 
|  58|0x0000000088a00000, 0x0000000088b00000, 0x0000000088b00000|100%| S|CS|TAMS 0x0000000088a00000, 0x0000000088a00000| Complete 
|  59|0x0000000088b00000, 0x0000000088c00000, 0x0000000088c00000|100%| S|CS|TAMS 0x0000000088b00000, 0x0000000088b00000| Complete 
|  60|0x0000000088c00000, 0x0000000088d00000, 0x0000000088d00000|100%| S|CS|TAMS 0x0000000088c00000, 0x0000000088c00000| Complete 
|  61|0x0000000088d00000, 0x0000000088e00000, 0x0000000088e00000|100%| S|CS|TAMS 0x0000000088d00000, 0x0000000088d00000| Complete 
|  62|0x0000000088e00000, 0x0000000088f00000, 0x0000000088f00000|100%| S|CS|TAMS 0x0000000088e00000, 0x0000000088e00000| Complete 
|  63|0x0000000088f00000, 0x0000000089000000, 0x0000000089000000|100%| S|CS|TAMS 0x0000000088f00000, 0x0000000088f00000| Complete 
|  64|0x0000000089000000, 0x0000000089100000, 0x0000000089100000|100%| S|CS|TAMS 0x0000000089000000, 0x0000000089000000| Complete 
|  65|0x0000000089100000, 0x0000000089200000, 0x0000000089200000|100%| S|CS|TAMS 0x0000000089100000, 0x0000000089100000| Complete 
|  66|0x0000000089200000, 0x0000000089300000, 0x0000000089300000|100%| S|CS|TAMS 0x0000000089200000, 0x0000000089200000| Complete 
|  67|0x0000000089300000, 0x0000000089400000, 0x0000000089400000|100%| S|CS|TAMS 0x0000000089300000, 0x0000000089300000| Complete 
|  68|0x0000000089400000, 0x0000000089500000, 0x0000000089500000|100%| S|CS|TAMS 0x0000000089400000, 0x0000000089400000| Complete 
|  69|0x0000000089500000, 0x0000000089500000, 0x0000000089600000|  0%| F|  |TAMS 0x0000000089500000, 0x0000000089500000| Untracked 
|  70|0x0000000089600000, 0x0000000089600000, 0x0000000089700000|  0%| F|  |TAMS 0x0000000089600000, 0x0000000089600000| Untracked 
|  71|0x0000000089700000, 0x0000000089700000, 0x0000000089800000|  0%| F|  |TAMS 0x0000000089700000, 0x0000000089700000| Untracked 
|  72|0x0000000089800000, 0x0000000089800000, 0x0000000089900000|  0%| F|  |TAMS 0x0000000089800000, 0x0000000089800000| Untracked 
|  73|0x0000000089900000, 0x0000000089900000, 0x0000000089a00000|  0%| F|  |TAMS 0x0000000089900000, 0x0000000089900000| Untracked 
|  74|0x0000000089a00000, 0x0000000089a00000, 0x0000000089b00000|  0%| F|  |TAMS 0x0000000089a00000, 0x0000000089a00000| Untracked 
|  75|0x0000000089b00000, 0x0000000089b00000, 0x0000000089c00000|  0%| F|  |TAMS 0x0000000089b00000, 0x0000000089b00000| Untracked 
|  76|0x0000000089c00000, 0x0000000089c00000, 0x0000000089d00000|  0%| F|  |TAMS 0x0000000089c00000, 0x0000000089c00000| Untracked 
|  77|0x0000000089d00000, 0x0000000089d00000, 0x0000000089e00000|  0%| F|  |TAMS 0x0000000089d00000, 0x0000000089d00000| Untracked 
|  78|0x0000000089e00000, 0x0000000089e00000, 0x0000000089f00000|  0%| F|  |TAMS 0x0000000089e00000, 0x0000000089e00000| Untracked 
|  79|0x0000000089f00000, 0x0000000089f00000, 0x000000008a000000|  0%| F|  |TAMS 0x0000000089f00000, 0x0000000089f00000| Untracked 
|  80|0x000000008a000000, 0x000000008a000000, 0x000000008a100000|  0%| F|  |TAMS 0x000000008a000000, 0x000000008a000000| Untracked 
|  81|0x000000008a100000, 0x000000008a100000, 0x000000008a200000|  0%| F|  |TAMS 0x000000008a100000, 0x000000008a100000| Untracked 
|  82|0x000000008a200000, 0x000000008a200000, 0x000000008a300000|  0%| F|  |TAMS 0x000000008a200000, 0x000000008a200000| Untracked 
|  83|0x000000008a300000, 0x000000008a300000, 0x000000008a400000|  0%| F|  |TAMS 0x000000008a300000, 0x000000008a300000| Untracked 
|  84|0x000000008a400000, 0x000000008a400000, 0x000000008a500000|  0%| F|  |TAMS 0x000000008a400000, 0x000000008a400000| Untracked 
|  85|0x000000008a500000, 0x000000008a500000, 0x000000008a600000|  0%| F|  |TAMS 0x000000008a500000, 0x000000008a500000| Untracked 
|  86|0x000000008a600000, 0x000000008a600000, 0x000000008a700000|  0%| F|  |TAMS 0x000000008a600000, 0x000000008a600000| Untracked 
|  87|0x000000008a700000, 0x000000008a700000, 0x000000008a800000|  0%| F|  |TAMS 0x000000008a700000, 0x000000008a700000| Untracked 
|  88|0x000000008a800000, 0x000000008a800000, 0x000000008a900000|  0%| F|  |TAMS 0x000000008a800000, 0x000000008a800000| Untracked 
|  89|0x000000008a900000, 0x000000008a900000, 0x000000008aa00000|  0%| F|  |TAMS 0x000000008a900000, 0x000000008a900000| Untracked 
|  90|0x000000008aa00000, 0x000000008aa00000, 0x000000008ab00000|  0%| F|  |TAMS 0x000000008aa00000, 0x000000008aa00000| Untracked 
|  91|0x000000008ab00000, 0x000000008ab00000, 0x000000008ac00000|  0%| F|  |TAMS 0x000000008ab00000, 0x000000008ab00000| Untracked 
|  92|0x000000008ac00000, 0x000000008ac00000, 0x000000008ad00000|  0%| F|  |TAMS 0x000000008ac00000, 0x000000008ac00000| Untracked 
|  93|0x000000008ad00000, 0x000000008ad00000, 0x000000008ae00000|  0%| F|  |TAMS 0x000000008ad00000, 0x000000008ad00000| Untracked 
|  94|0x000000008ae00000, 0x000000008ae00000, 0x000000008af00000|  0%| F|  |TAMS 0x000000008ae00000, 0x000000008ae00000| Untracked 
|  95|0x000000008af00000, 0x000000008af00000, 0x000000008b000000|  0%| F|  |TAMS 0x000000008af00000, 0x000000008af00000| Untracked 
|  96|0x000000008b000000, 0x000000008b000000, 0x000000008b100000|  0%| F|  |TAMS 0x000000008b000000, 0x000000008b000000| Untracked 
|  97|0x000000008b100000, 0x000000008b100000, 0x000000008b200000|  0%| F|  |TAMS 0x000000008b100000, 0x000000008b100000| Untracked 
|  98|0x000000008b200000, 0x000000008b200000, 0x000000008b300000|  0%| F|  |TAMS 0x000000008b200000, 0x000000008b200000| Untracked 
|  99|0x000000008b300000, 0x000000008b300000, 0x000000008b400000|  0%| F|  |TAMS 0x000000008b300000, 0x000000008b300000| Untracked 
| 100|0x000000008b400000, 0x000000008b400000, 0x000000008b500000|  0%| F|  |TAMS 0x000000008b400000, 0x000000008b400000| Untracked 
| 101|0x000000008b500000, 0x000000008b500000, 0x000000008b600000|  0%| F|  |TAMS 0x000000008b500000, 0x000000008b500000| Untracked 
| 102|0x000000008b600000, 0x000000008b600000, 0x000000008b700000|  0%| F|  |TAMS 0x000000008b600000, 0x000000008b600000| Untracked 
| 103|0x000000008b700000, 0x000000008b700000, 0x000000008b800000|  0%| F|  |TAMS 0x000000008b700000, 0x000000008b700000| Untracked 
| 104|0x000000008b800000, 0x000000008b800000, 0x000000008b900000|  0%| F|  |TAMS 0x000000008b800000, 0x000000008b800000| Untracked 
| 105|0x000000008b900000, 0x000000008b900000, 0x000000008ba00000|  0%| F|  |TAMS 0x000000008b900000, 0x000000008b900000| Untracked 
| 106|0x000000008ba00000, 0x000000008ba00000, 0x000000008bb00000|  0%| F|  |TAMS 0x000000008ba00000, 0x000000008ba00000| Untracked 
| 107|0x000000008bb00000, 0x000000008bb00000, 0x000000008bc00000|  0%| F|  |TAMS 0x000000008bb00000, 0x000000008bb00000| Untracked 
| 108|0x000000008bc00000, 0x000000008bc00000, 0x000000008bd00000|  0%| F|  |TAMS 0x000000008bc00000, 0x000000008bc00000| Untracked 
| 109|0x000000008bd00000, 0x000000008bd00000, 0x000000008be00000|  0%| F|  |TAMS 0x000000008bd00000, 0x000000008bd00000| Untracked 
| 110|0x000000008be00000, 0x000000008be00000, 0x000000008bf00000|  0%| F|  |TAMS 0x000000008be00000, 0x000000008be00000| Untracked 
| 111|0x000000008bf00000, 0x000000008bf00000, 0x000000008c000000|  0%| F|  |TAMS 0x000000008bf00000, 0x000000008bf00000| Untracked 
| 112|0x000000008c000000, 0x000000008c000000, 0x000000008c100000|  0%| F|  |TAMS 0x000000008c000000, 0x000000008c000000| Untracked 
| 113|0x000000008c100000, 0x000000008c100000, 0x000000008c200000|  0%| F|  |TAMS 0x000000008c100000, 0x000000008c100000| Untracked 
| 114|0x000000008c200000, 0x000000008c200000, 0x000000008c300000|  0%| F|  |TAMS 0x000000008c200000, 0x000000008c200000| Untracked 
| 115|0x000000008c300000, 0x000000008c300000, 0x000000008c400000|  0%| F|  |TAMS 0x000000008c300000, 0x000000008c300000| Untracked 
| 116|0x000000008c400000, 0x000000008c400000, 0x000000008c500000|  0%| F|  |TAMS 0x000000008c400000, 0x000000008c400000| Untracked 
| 117|0x000000008c500000, 0x000000008c500000, 0x000000008c600000|  0%| F|  |TAMS 0x000000008c500000, 0x000000008c500000| Untracked 
| 118|0x000000008c600000, 0x000000008c600800, 0x000000008c700000|  0%| E|  |TAMS 0x000000008c600000, 0x000000008c600000| Complete 
| 119|0x000000008c700000, 0x000000008c800000, 0x000000008c800000|100%| E|CS|TAMS 0x000000008c700000, 0x000000008c700000| Complete 
| 120|0x000000008c800000, 0x000000008c900000, 0x000000008c900000|100%| E|CS|TAMS 0x000000008c800000, 0x000000008c800000| Complete 
| 121|0x000000008c900000, 0x000000008ca00000, 0x000000008ca00000|100%| E|CS|TAMS 0x000000008c900000, 0x000000008c900000| Complete 
| 122|0x000000008ca00000, 0x000000008cb00000, 0x000000008cb00000|100%| E|CS|TAMS 0x000000008ca00000, 0x000000008ca00000| Complete 
| 123|0x000000008cb00000, 0x000000008cc00000, 0x000000008cc00000|100%| E|CS|TAMS 0x000000008cb00000, 0x000000008cb00000| Complete 
| 124|0x000000008cc00000, 0x000000008cd00000, 0x000000008cd00000|100%| E|CS|TAMS 0x000000008cc00000, 0x000000008cc00000| Complete 
| 125|0x000000008cd00000, 0x000000008ce00000, 0x000000008ce00000|100%| E|CS|TAMS 0x000000008cd00000, 0x000000008cd00000| Complete 
| 126|0x000000008ce00000, 0x000000008cf00000, 0x000000008cf00000|100%| E|CS|TAMS 0x000000008ce00000, 0x000000008ce00000| Complete 
| 127|0x000000008cf00000, 0x000000008d000000, 0x000000008d000000|100%| E|CS|TAMS 0x000000008cf00000, 0x000000008cf00000| Complete 
| 128|0x000000008d000000, 0x000000008d100000, 0x000000008d100000|100%| E|CS|TAMS 0x000000008d000000, 0x000000008d000000| Complete 
| 129|0x000000008d100000, 0x000000008d200000, 0x000000008d200000|100%| E|CS|TAMS 0x000000008d100000, 0x000000008d100000| Complete 
| 130|0x000000008d200000, 0x000000008d300000, 0x000000008d300000|100%| E|CS|TAMS 0x000000008d200000, 0x000000008d200000| Complete 
| 131|0x000000008d300000, 0x000000008d400000, 0x000000008d400000|100%| E|CS|TAMS 0x000000008d300000, 0x000000008d300000| Complete 
| 132|0x000000008d400000, 0x000000008d500000, 0x000000008d500000|100%| E|CS|TAMS 0x000000008d400000, 0x000000008d400000| Complete 
| 133|0x000000008d500000, 0x000000008d600000, 0x000000008d600000|100%| E|CS|TAMS 0x000000008d500000, 0x000000008d500000| Complete 
| 134|0x000000008d600000, 0x000000008d700000, 0x000000008d700000|100%| E|CS|TAMS 0x000000008d600000, 0x000000008d600000| Complete 
| 135|0x000000008d700000, 0x000000008d800000, 0x000000008d800000|100%| E|CS|TAMS 0x000000008d700000, 0x000000008d700000| Complete 
| 136|0x000000008d800000, 0x000000008d900000, 0x000000008d900000|100%| E|CS|TAMS 0x000000008d800000, 0x000000008d800000| Complete 
| 137|0x000000008d900000, 0x000000008da00000, 0x000000008da00000|100%| E|  |TAMS 0x000000008d900000, 0x000000008d900000| Complete 
| 138|0x000000008da00000, 0x000000008db00000, 0x000000008db00000|100%| E|CS|TAMS 0x000000008da00000, 0x000000008da00000| Complete 
| 139|0x000000008db00000, 0x000000008dc00000, 0x000000008dc00000|100%| E|CS|TAMS 0x000000008db00000, 0x000000008db00000| Complete 
| 140|0x000000008dc00000, 0x000000008dd00000, 0x000000008dd00000|100%| E|CS|TAMS 0x000000008dc00000, 0x000000008dc00000| Complete 
| 141|0x000000008dd00000, 0x000000008de00000, 0x000000008de00000|100%| E|CS|TAMS 0x000000008dd00000, 0x000000008dd00000| Complete 
| 142|0x000000008de00000, 0x000000008df00000, 0x000000008df00000|100%| E|CS|TAMS 0x000000008de00000, 0x000000008de00000| Complete 
| 143|0x000000008df00000, 0x000000008e000000, 0x000000008e000000|100%| E|CS|TAMS 0x000000008df00000, 0x000000008df00000| Complete 
| 144|0x000000008e000000, 0x000000008e100000, 0x000000008e100000|100%| E|CS|TAMS 0x000000008e000000, 0x000000008e000000| Complete 
| 145|0x000000008e100000, 0x000000008e200000, 0x000000008e200000|100%| E|CS|TAMS 0x000000008e100000, 0x000000008e100000| Complete 
| 146|0x000000008e200000, 0x000000008e300000, 0x000000008e300000|100%| E|CS|TAMS 0x000000008e200000, 0x000000008e200000| Complete 
| 147|0x000000008e300000, 0x000000008e400000, 0x000000008e400000|100%| E|CS|TAMS 0x000000008e300000, 0x000000008e300000| Complete 
| 148|0x000000008e400000, 0x000000008e500000, 0x000000008e500000|100%| E|CS|TAMS 0x000000008e400000, 0x000000008e400000| Complete 
| 149|0x000000008e500000, 0x000000008e600000, 0x000000008e600000|100%| E|CS|TAMS 0x000000008e500000, 0x000000008e500000| Complete 
| 150|0x000000008e600000, 0x000000008e700000, 0x000000008e700000|100%| E|CS|TAMS 0x000000008e600000, 0x000000008e600000| Complete 
| 151|0x000000008e700000, 0x000000008e800000, 0x000000008e800000|100%| E|CS|TAMS 0x000000008e700000, 0x000000008e700000| Complete 
| 152|0x000000008e800000, 0x000000008e900000, 0x000000008e900000|100%| E|CS|TAMS 0x000000008e800000, 0x000000008e800000| Complete 
| 153|0x000000008e900000, 0x000000008ea00000, 0x000000008ea00000|100%| E|CS|TAMS 0x000000008e900000, 0x000000008e900000| Complete 
| 154|0x000000008ea00000, 0x000000008eb00000, 0x000000008eb00000|100%| E|CS|TAMS 0x000000008ea00000, 0x000000008ea00000| Complete 
| 155|0x000000008eb00000, 0x000000008ec00000, 0x000000008ec00000|100%| E|CS|TAMS 0x000000008eb00000, 0x000000008eb00000| Complete 
| 156|0x000000008ec00000, 0x000000008ed00000, 0x000000008ed00000|100%| E|CS|TAMS 0x000000008ec00000, 0x000000008ec00000| Complete 
| 157|0x000000008ed00000, 0x000000008ee00000, 0x000000008ee00000|100%| E|CS|TAMS 0x000000008ed00000, 0x000000008ed00000| Complete 
| 158|0x000000008ee00000, 0x000000008ef00000, 0x000000008ef00000|100%| E|CS|TAMS 0x000000008ee00000, 0x000000008ee00000| Complete 
| 159|0x000000008ef00000, 0x000000008f000000, 0x000000008f000000|100%| E|CS|TAMS 0x000000008ef00000, 0x000000008ef00000| Complete 
| 160|0x000000008f000000, 0x000000008f100000, 0x000000008f100000|100%| E|CS|TAMS 0x000000008f000000, 0x000000008f000000| Complete 
| 161|0x000000008f100000, 0x000000008f200000, 0x000000008f200000|100%| E|CS|TAMS 0x000000008f100000, 0x000000008f100000| Complete 
| 162|0x000000008f200000, 0x000000008f300000, 0x000000008f300000|100%| E|CS|TAMS 0x000000008f200000, 0x000000008f200000| Complete 
| 163|0x000000008f300000, 0x000000008f400000, 0x000000008f400000|100%| E|CS|TAMS 0x000000008f300000, 0x000000008f300000| Complete 
| 164|0x000000008f400000, 0x000000008f500000, 0x000000008f500000|100%| E|CS|TAMS 0x000000008f400000, 0x000000008f400000| Complete 
| 165|0x000000008f500000, 0x000000008f600000, 0x000000008f600000|100%| E|CS|TAMS 0x000000008f500000, 0x000000008f500000| Complete 
| 166|0x000000008f600000, 0x000000008f700000, 0x000000008f700000|100%| E|CS|TAMS 0x000000008f600000, 0x000000008f600000| Complete 
| 167|0x000000008f700000, 0x000000008f800000, 0x000000008f800000|100%| E|CS|TAMS 0x000000008f700000, 0x000000008f700000| Complete 
| 168|0x000000008f800000, 0x000000008f900000, 0x000000008f900000|100%| E|CS|TAMS 0x000000008f800000, 0x000000008f800000| Complete 
| 169|0x000000008f900000, 0x000000008fa00000, 0x000000008fa00000|100%| E|CS|TAMS 0x000000008f900000, 0x000000008f900000| Complete 
| 170|0x000000008fa00000, 0x000000008fb00000, 0x000000008fb00000|100%| E|CS|TAMS 0x000000008fa00000, 0x000000008fa00000| Complete 
| 171|0x000000008fb00000, 0x000000008fc00000, 0x000000008fc00000|100%| E|CS|TAMS 0x000000008fb00000, 0x000000008fb00000| Complete 
| 172|0x000000008fc00000, 0x000000008fd00000, 0x000000008fd00000|100%| E|CS|TAMS 0x000000008fc00000, 0x000000008fc00000| Complete 
| 173|0x000000008fd00000, 0x000000008fe00000, 0x000000008fe00000|100%| E|CS|TAMS 0x000000008fd00000, 0x000000008fd00000| Complete 
| 174|0x000000008fe00000, 0x000000008ff00000, 0x000000008ff00000|100%| E|CS|TAMS 0x000000008fe00000, 0x000000008fe00000| Complete 
|1966|0x00000000ffe00000, 0x00000000ffe47000, 0x00000000fff00000| 27%|OA|  |TAMS 0x00000000ffe47000, 0x00000000ffe00000| Untracked 
|1967|0x00000000fff00000, 0x00000000fff6b000, 0x0000000100000000| 41%|CA|  |TAMS 0x00000000fff6b000, 0x00000000fff00000| Untracked 

Card table byte_map: [0x00007f3fc374f000,0x00007f3fc3b27000] _byte_map_base: 0x00007f3fc3327000

Marking Bits (Prev, Next): (CMBitMap*) 0x00007f3fe0056ee8, (CMBitMap*) 0x00007f3fe0056f20
 Prev Bits: [0x00007f3fc14b7000, 0x00007f3fc3377000)
 Next Bits: [0x00007f3fbf5f7000, 0x00007f3fc14b7000)

Polling page: 0x00007f3fe5bea000

Metaspace:

Usage:
  Non-class:     43,04 MB capacity,    42,23 MB ( 98%) used,   664,44 KB (  2%) free+waste,   166,69 KB ( <1%) overhead. 
      Class:      6,68 MB capacity,     6,17 MB ( 92%) used,   444,50 KB (  6%) free+waste,    78,94 KB (  1%) overhead. 
       Both:     49,72 MB capacity,    48,40 MB ( 97%) used,     1,08 MB (  2%) free+waste,   245,62 KB ( <1%) overhead. 

Virtual space:
  Non-class space:       44,00 MB reserved,      43,25 MB ( 98%) committed 
      Class space:        1,00 GB reserved,       6,75 MB ( <1%) committed 
             Both:        1,04 GB reserved,      50,00 MB (  5%) committed 

Chunk freelists:
   Non-Class:  75,00 KB
       Class:  9,00 KB
        Both:  84,00 KB

MaxMetaspaceSize: unlimited
CompressedClassSpaceSize: 1,00 GB

CodeHeap 'non-profiled nmethods': size=120032Kb used=3257Kb max_used=3257Kb free=116774Kb
 bounds [0x00007f3fd0340000, 0x00007f3fd0670000, 0x00007f3fd7878000]
CodeHeap 'profiled nmethods': size=120028Kb used=10561Kb max_used=10561Kb free=109467Kb
 bounds [0x00007f3fc8e09000, 0x00007f3fc9869000, 0x00007f3fd0340000]
CodeHeap 'non-nmethods': size=5700Kb used=1208Kb max_used=1256Kb free=4491Kb
 bounds [0x00007f3fc8878000, 0x00007f3fc8ae8000, 0x00007f3fc8e09000]
 total_blobs=5417 nmethods=4836 adapters=493
 compilation: enabled
              stopped_count=0, restarted_count=0
 full_count=0

Compilation events (20 events):
Event: 13,198 Thread 0x00007f3fe0196800 nmethod 4886 0x00007f3fc9856710 code [0x00007f3fc9856940, 0x00007f3fc9856f80]
Event: 13,499 Thread 0x00007f3fe0194800 nmethod 4881 0x00007f3fd0665290 code [0x00007f3fd0665740, 0x00007f3fd066a8f0]
Event: 27,172 Thread 0x00007f3fe0194800 4887       4       java.lang.Thread::interrupted (8 bytes)
Event: 27,174 Thread 0x00007f3fe0194800 nmethod 4887 0x00007f3fd066de10 code [0x00007f3fd066dfa0, 0x00007f3fd066e028]
Event: 35,212 Thread 0x00007f3fe0196800 4888       3       java.util.concurrent.ThreadPoolExecutor::runStateAtLeast (11 bytes)
Event: 35,212 Thread 0x00007f3fe0196800 nmethod 4888 0x00007f3fc9857290 code [0x00007f3fc9857440, 0x00007f3fc9857570]
Event: 35,219 Thread 0x00007f3fe0196800 4889       1       java.nio.channels.spi.AbstractSelector::cancelledKeys (5 bytes)
Event: 35,219 Thread 0x00007f3fe0196800 nmethod 4889 0x00007f3fd066e110 code [0x00007f3fd066e2c0, 0x00007f3fd066e390]
Event: 42,212 Thread 0x00007f3fe0196800 4890       3       java.util.concurrent.locks.AbstractQueuedSynchronizer$Node::compareAndSetWaitStatus (10 bytes)
Event: 42,214 Thread 0x00007f3fe0196800 nmethod 4890 0x00007f3fc9857610 code [0x00007f3fc9857820, 0x00007f3fc9857dd0]
Event: 43,212 Thread 0x00007f3fe0196800 4891       3       java.util.concurrent.locks.LockSupport::setBlocker (12 bytes)
Event: 43,212 Thread 0x00007f3fe0196800 nmethod 4891 0x00007f3fc9858010 code [0x00007f3fc98581c0, 0x00007f3fc98582f0]
Event: 44,212 Thread 0x00007f3fe0196800 4892       3       java.util.concurrent.ScheduledThreadPoolExecutor$DelayedWorkQueue::setIndex (16 bytes)
Event: 44,213 Thread 0x00007f3fe0196800 nmethod 4892 0x00007f3fc9858390 code [0x00007f3fc9858540, 0x00007f3fc9858870]
Event: 51,213 Thread 0x00007f3fe0196800 4893       3       java.util.concurrent.locks.ReentrantLock$Sync::isHeldExclusively (16 bytes)
Event: 51,213 Thread 0x00007f3fe0196800 nmethod 4893 0x00007f3fc9858990 code [0x00007f3fc9858b40, 0x00007f3fc9858cf0]
Event: 53,212 Thread 0x00007f3fe0196800 4894       3       java.util.concurrent.locks.AbstractQueuedSynchronizer::isOnSyncQueue (33 bytes)
Event: 53,213 Thread 0x00007f3fe0196800 nmethod 4894 0x00007f3fc9858d90 code [0x00007f3fc9858f60, 0x00007f3fc98592b0]
Event: 55,238 Thread 0x00007f3fe0196800 4895       1       org.apache.tomcat.util.net.NioEndpoint$NioSocketWrapper::interestOps (5 bytes)
Event: 55,239 Thread 0x00007f3fe0196800 nmethod 4895 0x00007f3fd066e410 code [0x00007f3fd066e5c0, 0x00007f3fd066e690]

GC Heap History (16 events):
Event: 0,364 GC heap before
{Heap before GC invocations=0 (full 0):
 garbage-first heap   total 129024K, used 25288K [0x0000000085000000, 0x0000000100000000)
  region size 1024K, 24 young (24576K), 0 survivors (0K)
 Metaspace       used 1838K, capacity 5271K, committed 5376K, reserved 1056768K
  class space    used 168K, capacity 483K, committed 512K, reserved 1048576K
}
Event: 0,371 GC heap after
{Heap after GC invocations=1 (full 0):
 garbage-first heap   total 129024K, used 2242K [0x0000000085000000, 0x0000000100000000)
  region size 1024K, 2 young (2048K), 2 survivors (2048K)
 Metaspace       used 1838K, capacity 5271K, committed 5376K, reserved 1056768K
  class space    used 168K, capacity 483K, committed 512K, reserved 1048576K
}
Event: 1,969 GC heap before
{Heap before GC invocations=1 (full 0):
 garbage-first heap   total 129024K, used 74946K [0x0000000085000000, 0x0000000100000000)
  region size 1024K, 74 young (75776K), 2 survivors (2048K)
 Metaspace       used 8358K, capacity 9613K, committed 9728K, reserved 1058816K
  class space    used 1036K, capacity 1264K, committed 1280K, reserved 1048576K
}
Event: 1,997 GC heap after
{Heap after GC invocations=2 (full 0):
 garbage-first heap   total 129024K, used 4750K [0x0000000085000000, 0x0000000100000000)
  region size 1024K, 4 young (4096K), 4 survivors (4096K)
 Metaspace       used 8358K, capacity 9613K, committed 9728K, reserved 1058816K
  class space    used 1036K, capacity 1264K, committed 1280K, reserved 1048576K
}
Event: 3,218 GC heap before
{Heap before GC invocations=2 (full 0):
 garbage-first heap   total 129024K, used 75406K [0x0000000085000000, 0x0000000100000000)
  region size 1024K, 74 young (75776K), 4 survivors (4096K)
 Metaspace       used 15608K, capacity 16256K, committed 16512K, reserved 1062912K
  class space    used 1923K, capacity 2165K, committed 2176K, reserved 1048576K
}
Event: 3,239 GC heap after
{Heap after GC invocations=3 (full 0):
 garbage-first heap   total 129024K, used 6305K [0x0000000085000000, 0x0000000100000000)
  region size 1024K, 6 young (6144K), 6 survivors (6144K)
 Metaspace       used 15608K, capacity 16256K, committed 16512K, reserved 1062912K
  class space    used 1923K, capacity 2165K, committed 2176K, reserved 1048576K
}
Event: 4,976 GC heap before
{Heap before GC invocations=3 (full 0):
 garbage-first heap   total 129024K, used 75937K [0x0000000085000000, 0x0000000100000000)
  region size 1024K, 74 young (75776K), 6 survivors (6144K)
 Metaspace       used 19274K, capacity 20005K, committed 20096K, reserved 1067008K
  class space    used 2367K, capacity 2680K, committed 2688K, reserved 1048576K
}
Event: 5,034 GC heap after
{Heap after GC invocations=4 (full 0):
 garbage-first heap   total 129024K, used 7867K [0x0000000085000000, 0x0000000100000000)
  region size 1024K, 6 young (6144K), 6 survivors (6144K)
 Metaspace       used 19274K, capacity 20005K, committed 20096K, reserved 1067008K
  class space    used 2367K, capacity 2680K, committed 2688K, reserved 1048576K
}
Event: 5,467 GC heap before
{Heap before GC invocations=4 (full 0):
 garbage-first heap   total 129024K, used 20155K [0x0000000085000000, 0x0000000100000000)
  region size 1024K, 19 young (19456K), 6 survivors (6144K)
 Metaspace       used 20450K, capacity 21174K, committed 21248K, reserved 1067008K
  class space    used 2513K, capacity 2812K, committed 2816K, reserved 1048576K
}
Event: 5,490 GC heap after
{Heap after GC invocations=5 (full 0):
 garbage-first heap   total 181248K, used 8278K [0x0000000085000000, 0x0000000100000000)
  region size 1024K, 4 young (4096K), 4 survivors (4096K)
 Metaspace       used 20450K, capacity 21174K, committed 21248K, reserved 1067008K
  class space    used 2513K, capacity 2812K, committed 2816K, reserved 1048576K
}
Event: 7,898 GC heap before
{Heap before GC invocations=6 (full 0):
 garbage-first heap   total 181248K, used 103510K [0x0000000085000000, 0x0000000100000000)
  region size 1024K, 97 young (99328K), 4 survivors (4096K)
 Metaspace       used 29263K, capacity 30303K, committed 30464K, reserved 1075200K
  class space    used 3673K, capacity 4096K, committed 4096K, reserved 1048576K
}
Event: 7,916 GC heap after
{Heap after GC invocations=7 (full 0):
 garbage-first heap   total 181248K, used 11965K [0x0000000085000000, 0x0000000100000000)
  region size 1024K, 8 young (8192K), 8 survivors (8192K)
 Metaspace       used 29263K, capacity 30303K, committed 30464K, reserved 1075200K
  class space    used 3673K, capacity 4096K, committed 4096K, reserved 1048576K
}
Event: 8,951 GC heap before
{Heap before GC invocations=7 (full 0):
 garbage-first heap   total 181248K, used 65213K [0x0000000085000000, 0x0000000100000000)
  region size 1024K, 61 young (62464K), 8 survivors (8192K)
 Metaspace       used 34445K, capacity 35506K, committed 35840K, reserved 1081344K
  class space    used 4444K, capacity 4870K, committed 4992K, reserved 1048576K
}
Event: 8,993 GC heap after
{Heap after GC invocations=8 (full 0):
 garbage-first heap   total 181248K, used 13169K [0x0000000085000000, 0x0000000100000000)
  region size 1024K, 9 young (9216K), 9 survivors (9216K)
 Metaspace       used 34445K, capacity 35506K, committed 35840K, reserved 1081344K
  class space    used 4444K, capacity 4870K, committed 4992K, reserved 1048576K
}
Event: 11,457 GC heap before
{Heap before GC invocations=9 (full 0):
 garbage-first heap   total 181248K, used 112497K [0x0000000085000000, 0x0000000100000000)
  region size 1024K, 106 young (108544K), 9 survivors (9216K)
 Metaspace       used 44088K, capacity 45281K, committed 45568K, reserved 1089536K
  class space    used 5666K, capacity 6117K, committed 6144K, reserved 1048576K
}
Event: 11,510 GC heap after
{Heap after GC invocations=10 (full 0):
 garbage-first heap   total 181248K, used 17684K [0x0000000085000000, 0x0000000100000000)
  region size 1024K, 12 young (12288K), 12 survivors (12288K)
 Metaspace       used 44088K, capacity 45281K, committed 45568K, reserved 1089536K
  class space    used 5666K, capacity 6117K, committed 6144K, reserved 1048576K
}

Deoptimization events (20 events):
Event: 12,584 Thread 0x00007f3fe06bc800 DEOPT PACKING pc=0x00007f3fd0566458 sp=0x00007f3f43efbf00
Event: 12,584 Thread 0x00007f3fe06bc800 DEOPT UNPACKING pc=0x00007f3fc889d925 sp=0x00007f3f43efbe98 mode 2
Event: 12,610 Thread 0x00007f3fe06bc800 Uncommon trap: trap_request=0xffffff4d fr.pc=0x00007f3fd0477378 relative=0x0000000000000058
Event: 12,610 Thread 0x00007f3fe06bc800 Uncommon trap: reason=unstable_if action=reinterpret pc=0x00007f3fd0477378 method=java.util.Objects.equals(Ljava/lang/Object;Ljava/lang/Object;)Z @ 6 c2
Event: 12,610 Thread 0x00007f3fe06bc800 DEOPT PACKING pc=0x00007f3fd0477378 sp=0x00007f3f43efb7e0
Event: 12,610 Thread 0x00007f3fe06bc800 DEOPT UNPACKING pc=0x00007f3fc889d925 sp=0x00007f3f43efb7a0 mode 2
Event: 13,062 Thread 0x00007f3fe0970000 Uncommon trap: trap_request=0xffffffbe fr.pc=0x00007f3fd06382a0 relative=0x0000000000002ba0
Event: 13,062 Thread 0x00007f3fe0970000 Uncommon trap: reason=profile_predicate action=maybe_recompile pc=0x00007f3fd06382a0 method=java.lang.PublicMethods$MethodList.filter([Ljava/lang/reflect/Method;Ljava/lang/String;[Ljava/lang/Class;Z)Ljava/lang/PublicMethods$MethodList; @ 21 c2
Event: 13,062 Thread 0x00007f3fe0970000 DEOPT PACKING pc=0x00007f3fd06382a0 sp=0x00007f3f439f6d10
Event: 13,062 Thread 0x00007f3fe0970000 DEOPT UNPACKING pc=0x00007f3fc889d925 sp=0x00007f3f439f6c48 mode 2
Event: 13,063 Thread 0x00007f3fe0970000 Uncommon trap: trap_request=0xffffffbe fr.pc=0x00007f3fd06382a0 relative=0x0000000000002ba0
Event: 13,063 Thread 0x00007f3fe0970000 Uncommon trap: reason=profile_predicate action=maybe_recompile pc=0x00007f3fd06382a0 method=java.lang.PublicMethods$MethodList.filter([Ljava/lang/reflect/Method;Ljava/lang/String;[Ljava/lang/Class;Z)Ljava/lang/PublicMethods$MethodList; @ 21 c2
Event: 13,063 Thread 0x00007f3fe0970000 DEOPT PACKING pc=0x00007f3fd06382a0 sp=0x00007f3f439f6d00
Event: 13,063 Thread 0x00007f3fe0970000 DEOPT UNPACKING pc=0x00007f3fc889d925 sp=0x00007f3f439f6c38 mode 2
Event: 13,150 Thread 0x00007f3fe0970000 DEOPT PACKING pc=0x00007f3fd060c1b4 sp=0x00007f3f439f4250
Event: 13,150 Thread 0x00007f3fe0970000 DEOPT UNPACKING pc=0x00007f3fc889e0ca sp=0x00007f3f439f35c0 mode 0
Event: 13,178 Thread 0x00007f3fe0970000 Uncommon trap: trap_request=0xffffffcc fr.pc=0x00007f3fd066065c relative=0x000000000000029c
Event: 13,178 Thread 0x00007f3fe0970000 Uncommon trap: reason=intrinsic_or_type_checked_inlining action=make_not_entrant pc=0x00007f3fd066065c method=java.util.ArrayList.toArray([Ljava/lang/Object;)[Ljava/lang/Object; @ 36 c2
Event: 13,178 Thread 0x00007f3fe0970000 DEOPT PACKING pc=0x00007f3fd066065c sp=0x00007f3f439f59e0
Event: 13,178 Thread 0x00007f3fe0970000 DEOPT UNPACKING pc=0x00007f3fc889d925 sp=0x00007f3f439f5990 mode 2

Classes redefined (0 events):
No events

Internal exceptions (20 events):
Event: 11,045 Thread 0x00007f3fe0016000 Exception <a 'java/lang/ClassNotFoundException'{0x000000008a405bc0}: org/springframework/web/servlet/config/annotation/DelegatingWebMvcConfigurationCustomizer> (0x000000008a405bc0) thrown at [src/hotspot/share/classfile/systemDictionary.cpp, line 231]
Event: 11,047 Thread 0x00007f3fe0016000 Exception <a 'java/lang/ClassNotFoundException'{0x000000008a430168}: org/springframework/boot/autoconfigure/web/servlet/WebMvcAutoConfiguration$EnableWebMvcConfigurationCustomizer> (0x000000008a430168) thrown at [src/hotspot/share/classfile/systemDictionary.cpp, line 231]
Event: 11,053 Thread 0x00007f3fe0016000 Exception <a 'java/lang/ClassNotFoundException'{0x000000008a45e248}: org/springframework/context/ResourceLoaderAwareCustomizer> (0x000000008a45e248) thrown at [src/hotspot/share/classfile/systemDictionary.cpp, line 231]
Event: 11,054 Thread 0x00007f3fe0016000 Exception <a 'java/lang/ClassNotFoundException'{0x000000008a47ca88}: org/springframework/beans/factory/AwareCustomizer> (0x000000008a47ca88) thrown at [src/hotspot/share/classfile/systemDictionary.cpp, line 231]
Event: 11,055 Thread 0x00007f3fe0016000 Exception <a 'java/lang/ClassNotFoundException'{0x000000008a49c258}: org/springframework/context/ApplicationContextAwareCustomizer> (0x000000008a49c258) thrown at [src/hotspot/share/classfile/systemDictionary.cpp, line 231]
Event: 11,056 Thread 0x00007f3fe0016000 Exception <a 'java/lang/ClassNotFoundException'{0x000000008a4bb428}: org/springframework/beans/factory/AwareCustomizer> (0x000000008a4bb428) thrown at [src/hotspot/share/classfile/systemDictionary.cpp, line 231]
Event: 11,056 Thread 0x00007f3fe0016000 Exception <a 'java/lang/ClassNotFoundException'{0x000000008a4da980}: org/springframework/web/context/ServletContextAwareCustomizer> (0x000000008a4da980) thrown at [src/hotspot/share/classfile/systemDictionary.cpp, line 231]
Event: 11,057 Thread 0x00007f3fe0016000 Exception <a 'java/lang/ClassNotFoundException'{0x000000008a4f9628}: org/springframework/beans/factory/AwareCustomizer> (0x000000008a4f9628) thrown at [src/hotspot/share/classfile/systemDictionary.cpp, line 231]
Event: 11,535 Thread 0x00007f3fe0016000 Exception <a 'java/lang/NoSuchMethodError'{0x000000008fd459a0}: 'void java.lang.invoke.DirectMethodHandle$Holder.invokeVirtual(java.lang.Object, java.lang.Object, int)'> (0x000000008fd459a0) thrown at [src/hotspot/share/interpreter/linkResolver.cpp, line 772]
Event: 11,539 Thread 0x00007f3fe0016000 Exception <a 'java/lang/NoSuchMethodError'{0x000000008fd5f418}: 'void java.lang.invoke.DirectMethodHandle$Holder.invokeVirtual(java.lang.Object, java.lang.Object, long)'> (0x000000008fd5f418) thrown at [src/hotspot/share/interpreter/linkResolver.cpp, line 772]
Event: 11,861 Thread 0x00007f3fe0016000 Exception <a 'java/lang/IncompatibleClassChangeError'{0x000000008f279b40}: Found class java.lang.Object, but interface was expected> (0x000000008f279b40) thrown at [src/hotspot/share/interpreter/linkResolver.cpp, line 839]
Event: 12,043 Thread 0x00007f3fe0016000 Implicit null exception at 0x00007f3fd056817c to 0x00007f3fd056b218
Event: 12,163 Thread 0x00007f3fe0016000 Exception <a 'java/lang/NoSuchMethodError'{0x000000008e967378}: 'java.lang.Object java.lang.invoke.DirectMethodHandle$Holder.invokeSpecial(java.lang.Object, java.lang.Object, int, java.lang.Object, int, java.lang.Object)'> (0x000000008e967378) thrown at [src/hotspot/share/interpreter/linkResolver.cpp, line 772]
Event: 12,166 Thread 0x00007f3fe0016000 Exception <a 'java/lang/NoSuchMethodError'{0x000000008e96eb08}: 'java.lang.Object java.lang.invoke.DirectMethodHandle$Holder.invokeStatic(java.lang.Object, java.lang.Object, int, java.lang.Object, int)'> (0x000000008e96eb08) thrown at [src/hotspot/share/interpreter/linkResolver.cpp, line 772]
Event: 12,166 Thread 0x00007f3fe0016000 Exception <a 'java/lang/NoSuchMethodError'{0x000000008e9722e8}: 'java.lang.Object java.lang.invoke.DirectMethodHandle$Holder.invokeSpecial(java.lang.Object, java.lang.Object, java.lang.Object, int, java.lang.Object, int)'> (0x000000008e9722e8) thrown at [src/hotspot/share/interpreter/linkResolver.cpp, line 772]
Event: 12,169 Thread 0x00007f3fe0016000 Exception <a 'java/lang/NoSuchMethodError'{0x000000008e9812b0}: 'void java.lang.invoke.DirectMethodHandle$Holder.invokeVirtual(java.lang.Object, java.lang.Object)'> (0x000000008e9812b0) thrown at [src/hotspot/share/interpreter/linkResolver.cpp, line 772]
Event: 12,478 Thread 0x00007f3fe0724000 Exception <a 'java/lang/IllegalArgumentException'{0x000000008dbf3520}> (0x000000008dbf3520) thrown at [src/hotspot/share/prims/jvm.cpp, line 1310]
Event: 12,489 Thread 0x00007f3fe06bc800 Exception <a 'java/lang/IllegalArgumentException'{0x000000008dafc6f8}> (0x000000008dafc6f8) thrown at [src/hotspot/share/prims/jvm.cpp, line 1310]
Event: 12,623 Thread 0x00007f3fe06bc800 Exception <a 'java/lang/IllegalArgumentException'{0x000000008d00de28}> (0x000000008d00de28) thrown at [src/hotspot/share/prims/jvm.cpp, line 1310]
Event: 12,623 Thread 0x00007f3fe08fd000 Exception <a 'java/lang/IllegalArgumentException'{0x000000008d147330}> (0x000000008d147330) thrown at [src/hotspot/share/prims/jvm.cpp, line 1310]

Events (20 events):
Event: 13,193 loading class com/fasterxml/jackson/core/io/NumberOutput
Event: 13,193 loading class com/fasterxml/jackson/core/io/NumberOutput done
Event: 13,195 loading class com/fasterxml/jackson/databind/ser/impl/PropertySerializerMap$TypeAndSerializer
Event: 13,195 loading class com/fasterxml/jackson/databind/ser/impl/PropertySerializerMap$TypeAndSerializer done
Event: 15,784 Executing VM operation: RevokeBias
Event: 15,784 Executing VM operation: RevokeBias done
Event: 15,784 Thread 0x00007f3f48001000 Thread exited: 0x00007f3f48001000
Event: 17,162 Executing VM operation: RevokeBias
Event: 17,162 Executing VM operation: RevokeBias done
Event: 17,162 Executing VM operation: RevokeBias
Event: 17,162 Executing VM operation: RevokeBias done
Event: 17,162 loading class org/apache/catalina/webresources/Cache$EvictionOrder
Event: 17,162 loading class org/apache/catalina/webresources/Cache$EvictionOrder done
Event: 17,163 Executing VM operation: RevokeBias
Event: 17,163 Executing VM operation: RevokeBias done
Event: 17,163 loading class org/apache/tomcat/PeriodicEventListener
Event: 17,163 loading class org/apache/tomcat/PeriodicEventListener done
Event: 17,163 Executing VM operation: RevokeBias
Event: 17,163 Executing VM operation: RevokeBias done
Event: 18,197 Thread 0x00007f3f90aeb800 Thread exited: 0x00007f3f90aeb800


Dynamic libraries:
85000000-8ff00000 rw-p 00000000 00:00 0 
8ff00000-ffe00000 ---p 00000000 00:00 0 
ffe00000-ffe47000 rw-p 01111000 08:02 8526583                            /usr/lib/jvm/java-11-openjdk-amd64/lib/server/classes.jsa
ffe47000-fff00000 rw-p 00000000 00:00 0 
fff00000-fff6b000 rw-p 010a6000 08:02 8526583                            /usr/lib/jvm/java-11-openjdk-amd64/lib/server/classes.jsa
fff6b000-100000000 rw-p 00000000 00:00 0 
800000000-800002000 rwxp 00001000 08:02 8526583                          /usr/lib/jvm/java-11-openjdk-amd64/lib/server/classes.jsa
800002000-8003b9000 rw-p 00003000 08:02 8526583                          /usr/lib/jvm/java-11-openjdk-amd64/lib/server/classes.jsa
8003b9000-800a96000 r--p 003ba000 08:02 8526583                          /usr/lib/jvm/java-11-openjdk-amd64/lib/server/classes.jsa
800a96000-800a97000 rw-p 00a97000 08:02 8526583                          /usr/lib/jvm/java-11-openjdk-amd64/lib/server/classes.jsa
800a97000-8010a5000 r--p 00a98000 08:02 8526583                          /usr/lib/jvm/java-11-openjdk-amd64/lib/server/classes.jsa
840000000-8406c0000 rw-p 00000000 00:00 0 
8406c0000-880000000 ---p 00000000 00:00 0 
563e14a7f000-563e14a80000 r--p 00000000 08:02 8519956                    /usr/lib/jvm/java-11-openjdk-amd64/bin/java
563e14a80000-563e14a81000 r-xp 00001000 08:02 8519956                    /usr/lib/jvm/java-11-openjdk-amd64/bin/java
563e14a81000-563e14a82000 r--p 00002000 08:02 8519956                    /usr/lib/jvm/java-11-openjdk-amd64/bin/java
563e14a82000-563e14a83000 r--p 00002000 08:02 8519956                    /usr/lib/jvm/java-11-openjdk-amd64/bin/java
563e14a83000-563e14a84000 rw-p 00003000 08:02 8519956                    /usr/lib/jvm/java-11-openjdk-amd64/bin/java
563e16538000-563e16587000 rw-p 00000000 00:00 0                          [heap]
7f3f08000000-7f3f08021000 rw-p 00000000 00:00 0 
7f3f08021000-7f3f0c000000 ---p 00000000 00:00 0 
7f3f0c000000-7f3f0c02b000 rw-p 00000000 00:00 0 
7f3f0c02b000-7f3f10000000 ---p 00000000 00:00 0 
7f3f10000000-7f3f10021000 rw-p 00000000 00:00 0 
7f3f10021000-7f3f14000000 ---p 00000000 00:00 0 
7f3f14000000-7f3f14021000 rw-p 00000000 00:00 0 
7f3f14021000-7f3f18000000 ---p 00000000 00:00 0 
7f3f18000000-7f3f18021000 rw-p 00000000 00:00 0 
7f3f18021000-7f3f1c000000 ---p 00000000 00:00 0 
7f3f1c000000-7f3f1c021000 rw-p 00000000 00:00 0 
7f3f1c021000-7f3f20000000 ---p 00000000 00:00 0 
7f3f20000000-7f3f20021000 rw-p 00000000 00:00 0 
7f3f20021000-7f3f24000000 ---p 00000000 00:00 0 
7f3f24000000-7f3f240f9000 rw-p 00000000 00:00 0 
7f3f240f9000-7f3f28000000 ---p 00000000 00:00 0 
7f3f28000000-7f3f2815d000 rw-p 00000000 00:00 0 
7f3f2815d000-7f3f2c000000 ---p 00000000 00:00 0 
7f3f2c000000-7f3f2c06b000 rw-p 00000000 00:00 0 
7f3f2c06b000-7f3f30000000 ---p 00000000 00:00 0 
7f3f30000000-7f3f3015d000 rw-p 00000000 00:00 0 
7f3f3015d000-7f3f34000000 ---p 00000000 00:00 0 
7f3f34000000-7f3f34021000 rw-p 00000000 00:00 0 
7f3f34021000-7f3f38000000 ---p 00000000 00:00 0 
7f3f38000000-7f3f38021000 rw-p 00000000 00:00 0 
7f3f38021000-7f3f3c000000 ---p 00000000 00:00 0 
7f3f3c000000-7f3f3c021000 rw-p 00000000 00:00 0 
7f3f3c021000-7f3f40000000 ---p 00000000 00:00 0 
7f3f42ef3000-7f3f43033000 rw-p 00000000 00:00 0 
7f3f43033000-7f3f430f3000 ---p 00000000 00:00 0 
7f3f430f3000-7f3f432f3000 rw-p 00000000 00:00 0 
7f3f432f3000-7f3f432f7000 ---p 00000000 00:00 0 
7f3f432f7000-7f3f433f4000 rw-p 00000000 00:00 0 
7f3f433f4000-7f3f433f8000 ---p 00000000 00:00 0 
7f3f433f8000-7f3f434f5000 rw-p 00000000 00:00 0 
7f3f434f5000-7f3f434f9000 ---p 00000000 00:00 0 
7f3f434f9000-7f3f435f6000 rw-p 00000000 00:00 0 
7f3f435f6000-7f3f435fa000 ---p 00000000 00:00 0 
7f3f435fa000-7f3f436f7000 rw-p 00000000 00:00 0 
7f3f436f7000-7f3f436fb000 ---p 00000000 00:00 0 
7f3f436fb000-7f3f437f8000 rw-p 00000000 00:00 0 
7f3f437f8000-7f3f437fc000 ---p 00000000 00:00 0 
7f3f437fc000-7f3f438f9000 rw-p 00000000 00:00 0 
7f3f438f9000-7f3f438fd000 ---p 00000000 00:00 0 
7f3f438fd000-7f3f439fa000 rw-p 00000000 00:00 0 
7f3f439fa000-7f3f439fe000 ---p 00000000 00:00 0 
7f3f439fe000-7f3f43afb000 rw-p 00000000 00:00 0 
7f3f43afb000-7f3f43aff000 ---p 00000000 00:00 0 
7f3f43aff000-7f3f43bfc000 rw-p 00000000 00:00 0 
7f3f43bfc000-7f3f43c00000 ---p 00000000 00:00 0 
7f3f43c00000-7f3f43cfd000 rw-p 00000000 00:00 0 
7f3f43cfd000-7f3f43d01000 ---p 00000000 00:00 0 
7f3f43d01000-7f3f43dfe000 rw-p 00000000 00:00 0 
7f3f43dfe000-7f3f43e02000 ---p 00000000 00:00 0 
7f3f43e02000-7f3f43eff000 rw-p 00000000 00:00 0 
7f3f43eff000-7f3f43f03000 ---p 00000000 00:00 0 
7f3f43f03000-7f3f44000000 rw-p 00000000 00:00 0 
7f3f44000000-7f3f44021000 rw-p 00000000 00:00 0 
7f3f44021000-7f3f48000000 ---p 00000000 00:00 0 
7f3f48000000-7f3f48021000 rw-p 00000000 00:00 0 
7f3f48021000-7f3f4c000000 ---p 00000000 00:00 0 
7f3f4c000000-7f3f4c021000 rw-p 00000000 00:00 0 
7f3f4c021000-7f3f50000000 ---p 00000000 00:00 0 
7f3f50000000-7f3f50021000 rw-p 00000000 00:00 0 
7f3f50021000-7f3f54000000 ---p 00000000 00:00 0 
7f3f54000000-7f3f54021000 rw-p 00000000 00:00 0 
7f3f54021000-7f3f58000000 ---p 00000000 00:00 0 
7f3f58000000-7f3f58021000 rw-p 00000000 00:00 0 
7f3f58021000-7f3f5c000000 ---p 00000000 00:00 0 
7f3f5c000000-7f3f5c021000 rw-p 00000000 00:00 0 
7f3f5c021000-7f3f60000000 ---p 00000000 00:00 0 
7f3f60000000-7f3f60021000 rw-p 00000000 00:00 0 
7f3f60021000-7f3f64000000 ---p 00000000 00:00 0 
7f3f64000000-7f3f64021000 rw-p 00000000 00:00 0 
7f3f64021000-7f3f68000000 ---p 00000000 00:00 0 
7f3f68000000-7f3f68021000 rw-p 00000000 00:00 0 
7f3f68021000-7f3f6c000000 ---p 00000000 00:00 0 
7f3f6c000000-7f3f6c021000 rw-p 00000000 00:00 0 
7f3f6c021000-7f3f70000000 ---p 00000000 00:00 0 
7f3f70000000-7f3f7048e000 rw-p 00000000 00:00 0 
7f3f7048e000-7f3f74000000 ---p 00000000 00:00 0 
7f3f74000000-7f3f758eb000 rw-p 00000000 00:00 0 
7f3f758eb000-7f3f78000000 ---p 00000000 00:00 0 
7f3f78000000-7f3f78021000 rw-p 00000000 00:00 0 
7f3f78021000-7f3f7c000000 ---p 00000000 00:00 0 
7f3f7c000000-7f3f7c021000 rw-p 00000000 00:00 0 
7f3f7c021000-7f3f80000000 ---p 00000000 00:00 0 
7f3f80000000-7f3f819b5000 rw-p 00000000 00:00 0 
7f3f819b5000-7f3f84000000 ---p 00000000 00:00 0 
7f3f84000000-7f3f84021000 rw-p 00000000 00:00 0 
7f3f84021000-7f3f88000000 ---p 00000000 00:00 0 
7f3f88000000-7f3f88021000 rw-p 00000000 00:00 0 
7f3f88021000-7f3f8c000000 ---p 00000000 00:00 0 
7f3f8c000000-7f3f8d6e8000 rw-p 00000000 00:00 0 
7f3f8d6e8000-7f3f90000000 ---p 00000000 00:00 0 
7f3f90000000-7f3f90b40000 rw-p 00000000 00:00 0 
7f3f90b40000-7f3f94000000 ---p 00000000 00:00 0 
7f3f94000000-7f3f94021000 rw-p 00000000 00:00 0 
7f3f94021000-7f3f98000000 ---p 00000000 00:00 0 
7f3f98000000-7f3f98021000 rw-p 00000000 00:00 0 
7f3f98021000-7f3f9c000000 ---p 00000000 00:00 0 
7f3f9c000000-7f3f9c021000 rw-p 00000000 00:00 0 
7f3f9c021000-7f3fa0000000 ---p 00000000 00:00 0 
7f3fa0000000-7f3fa0021000 rw-p 00000000 00:00 0 
7f3fa0021000-7f3fa4000000 ---p 00000000 00:00 0 
7f3fa4000000-7f3fa40de000 rw-p 00000000 00:00 0 
7f3fa40de000-7f3fa8000000 ---p 00000000 00:00 0 
7f3fa8000000-7f3fa8021000 rw-p 00000000 00:00 0 
7f3fa8021000-7f3fac000000 ---p 00000000 00:00 0 
7f3fac06b000-7f3fac26b000 rw-p 00000000 00:00 0 
7f3fac26b000-7f3fac46b000 rw-p 00000000 00:00 0 
7f3fac46b000-7f3fac46f000 ---p 00000000 00:00 0 
7f3fac46f000-7f3fac76c000 rw-p 00000000 00:00 0 
7f3fac76c000-7f3fac770000 ---p 00000000 00:00 0 
7f3fac770000-7f3faca6d000 rw-p 00000000 00:00 0 
7f3faca6d000-7f3facc6d000 rw-p 00000000 00:00 0 
7f3facc6d000-7f3face6d000 rw-p 00000000 00:00 0 
7f3face6d000-7f3fad06d000 rw-p 00000000 00:00 0 
7f3fad06d000-7f3fad06e000 ---p 00000000 00:00 0 
7f3fad06e000-7f3fad16f000 rw-p 00000000 00:00 0 
7f3fad16f000-7f3fad170000 ---p 00000000 00:00 0 
7f3fad170000-7f3fad271000 rw-p 00000000 00:00 0 
7f3fad271000-7f3fad272000 ---p 00000000 00:00 0 
7f3fad272000-7f3fad373000 rw-p 00000000 00:00 0 
7f3fad373000-7f3fad374000 ---p 00000000 00:00 0 
7f3fad374000-7f3fad675000 rw-p 00000000 00:00 0 
7f3fad675000-7f3fad679000 ---p 00000000 00:00 0 
7f3fad679000-7f3fad776000 rw-p 00000000 00:00 0 
7f3fad776000-7f3fad77a000 ---p 00000000 00:00 0 
7f3fad77a000-7f3fad877000 rw-p 00000000 00:00 0 
7f3fad877000-7f3fad87b000 ---p 00000000 00:00 0 
7f3fad87b000-7f3fadb78000 rw-p 00000000 00:00 0 
7f3fadb78000-7f3fadd78000 rw-p 00000000 00:00 0 
7f3fadd78000-7f3fadd79000 ---p 00000000 00:00 0 
7f3fadd79000-7f3fae07a000 rw-p 00000000 00:00 0 
7f3fae07a000-7f3fae27a000 rw-p 00000000 00:00 0 
7f3fae27a000-7f3fae47a000 rw-p 00000000 00:00 0 
7f3fae47a000-7f3fae67a000 rw-p 00000000 00:00 0 
7f3fae67a000-7f3fae87a000 rw-p 00000000 00:00 0 
7f3fae87a000-7f3fae87b000 ---p 00000000 00:00 0 
7f3fae87b000-7f3fae97c000 rw-p 00000000 00:00 0 
7f3fae97c000-7f3fae980000 ---p 00000000 00:00 0 
7f3fae980000-7f3faec7d000 rw-p 00000000 00:00 0 
7f3faec7d000-7f3faec7e000 ---p 00000000 00:00 0 
7f3faec7e000-7f3faed7f000 rw-p 00000000 00:00 0 
7f3faed7f000-7f3faed80000 ---p 00000000 00:00 0 
7f3faed80000-7f3faee81000 rw-p 00000000 00:00 0 
7f3faee81000-7f3faee85000 ---p 00000000 00:00 0 
7f3faee85000-7f3faef82000 rw-p 00000000 00:00 0 
7f3faef82000-7f3faef86000 ---p 00000000 00:00 0 
7f3faef86000-7f3faf083000 rw-p 00000000 00:00 0 
7f3faf083000-7f3faf087000 ---p 00000000 00:00 0 
7f3faf087000-7f3faf184000 rw-p 00000000 00:00 0 
7f3faf184000-7f3faf185000 ---p 00000000 00:00 0 
7f3faf185000-7f3faf286000 rw-p 00000000 00:00 0 
7f3faf286000-7f3faf28a000 ---p 00000000 00:00 0 
7f3faf28a000-7f3faf387000 rw-p 00000000 00:00 0 
7f3faf387000-7f3faf38b000 ---p 00000000 00:00 0 
7f3faf38b000-7f3faf488000 rw-p 00000000 00:00 0 
7f3faf488000-7f3faf48c000 ---p 00000000 00:00 0 
7f3faf48c000-7f3faf589000 rw-p 00000000 00:00 0 
7f3faf589000-7f3faf58d000 ---p 00000000 00:00 0 
7f3faf58d000-7f3faf68a000 rw-p 00000000 00:00 0 
7f3faf68a000-7f3faf68e000 ---p 00000000 00:00 0 
7f3faf68e000-7f3faf78b000 rw-p 00000000 00:00 0 
7f3faf78b000-7f3fafcfc000 r--p 00000000 08:02 8390692                    /usr/lib/locale/locale-archive
7f3fafcfc000-7f3fafd00000 ---p 00000000 00:00 0 
7f3fafd00000-7f3fafdfd000 rw-p 00000000 00:00 0 
7f3fafdfd000-7f3fafe01000 ---p 00000000 00:00 0 
7f3fafe01000-7f3fafefe000 rw-p 00000000 00:00 0 
7f3fafefe000-7f3fafeff000 ---p 00000000 00:00 0 
7f3fafeff000-7f3fb0000000 rw-p 00000000 00:00 0 
7f3fb0000000-7f3fb0021000 rw-p 00000000 00:00 0 
7f3fb0021000-7f3fb4000000 ---p 00000000 00:00 0 
7f3fb4000000-7f3fb4021000 rw-p 00000000 00:00 0 
7f3fb4021000-7f3fb8000000 ---p 00000000 00:00 0 
7f3fb8000000-7f3fb8021000 rw-p 00000000 00:00 0 
7f3fb8021000-7f3fbc000000 ---p 00000000 00:00 0 
7f3fbc0e7000-7f3fbc968000 rw-p 00000000 00:00 0 
7f3fbc968000-7f3fbc969000 ---p 00000000 00:00 0 
7f3fbc969000-7f3fbca6a000 rw-p 00000000 00:00 0 
7f3fbca6a000-7f3fbca6b000 ---p 00000000 00:00 0 
7f3fbca6b000-7f3fbf374000 rw-p 00000000 00:00 0 
7f3fbf374000-7f3fbf375000 ---p 00000000 00:00 0 
7f3fbf375000-7f3fbf476000 rw-p 00000000 00:00 0 
7f3fbf476000-7f3fbf477000 ---p 00000000 00:00 0 
7f3fbf477000-7f3fbf8b3000 rw-p 00000000 00:00 0 
7f3fbf8b3000-7f3fc14af000 ---p 00000000 00:00 0 
7f3fc14af000-7f3fc1773000 rw-p 00000000 00:00 0 
7f3fc1773000-7f3fc336f000 ---p 00000000 00:00 0 
7f3fc336f000-7f3fc33cf000 rw-p 00000000 00:00 0 
7f3fc33cf000-7f3fc374e000 ---p 00000000 00:00 0 
7f3fc374e000-7f3fc37a7000 rw-p 00000000 00:00 0 
7f3fc37a7000-7f3fc3b26000 ---p 00000000 00:00 0 
7f3fc3b26000-7f3fc3b7f000 rw-p 00000000 00:00 0 
7f3fc3b7f000-7f3fc3efe000 ---p 00000000 00:00 0 
7f3fc3efe000-7f3fc4000000 rw-p 00000000 00:00 0 
7f3fc4000000-7f3fc4021000 rw-p 00000000 00:00 0 
7f3fc4021000-7f3fc8000000 ---p 00000000 00:00 0 
7f3fc800b000-7f3fc8013000 r--p 00000000 08:02 8520875                    /usr/lib/jvm/java-11-openjdk-amd64/lib/libsunec.so
7f3fc8013000-7f3fc802c000 r-xp 00008000 08:02 8520875                    /usr/lib/jvm/java-11-openjdk-amd64/lib/libsunec.so
7f3fc802c000-7f3fc8036000 r--p 00021000 08:02 8520875                    /usr/lib/jvm/java-11-openjdk-amd64/lib/libsunec.so
7f3fc8036000-7f3fc8037000 ---p 0002b000 08:02 8520875                    /usr/lib/jvm/java-11-openjdk-amd64/lib/libsunec.so
7f3fc8037000-7f3fc803b000 r--p 0002b000 08:02 8520875                    /usr/lib/jvm/java-11-openjdk-amd64/lib/libsunec.so
7f3fc803b000-7f3fc803d000 rw-p 0002f000 08:02 8520875                    /usr/lib/jvm/java-11-openjdk-amd64/lib/libsunec.so
7f3fc803d000-7f3fc803e000 r--p 00000000 08:02 8520850                    /usr/lib/jvm/java-11-openjdk-amd64/lib/libextnet.so
7f3fc803e000-7f3fc803f000 r-xp 00001000 08:02 8520850                    /usr/lib/jvm/java-11-openjdk-amd64/lib/libextnet.so
7f3fc803f000-7f3fc8040000 r--p 00002000 08:02 8520850                    /usr/lib/jvm/java-11-openjdk-amd64/lib/libextnet.so
7f3fc8040000-7f3fc8041000 r--p 00002000 08:02 8520850                    /usr/lib/jvm/java-11-openjdk-amd64/lib/libextnet.so
7f3fc8041000-7f3fc8042000 rw-p 00003000 08:02 8520850                    /usr/lib/jvm/java-11-openjdk-amd64/lib/libextnet.so
7f3fc8042000-7f3fc8046000 r--p 00000000 08:02 8520868                    /usr/lib/jvm/java-11-openjdk-amd64/lib/libnet.so
7f3fc8046000-7f3fc8055000 r-xp 00004000 08:02 8520868                    /usr/lib/jvm/java-11-openjdk-amd64/lib/libnet.so
7f3fc8055000-7f3fc8059000 r--p 00013000 08:02 8520868                    /usr/lib/jvm/java-11-openjdk-amd64/lib/libnet.so
7f3fc8059000-7f3fc805a000 r--p 00016000 08:02 8520868                    /usr/lib/jvm/java-11-openjdk-amd64/lib/libnet.so
7f3fc805a000-7f3fc805b000 rw-p 00017000 08:02 8520868                    /usr/lib/jvm/java-11-openjdk-amd64/lib/libnet.so
7f3fc805b000-7f3fc8062000 r--p 00000000 08:02 8520869                    /usr/lib/jvm/java-11-openjdk-amd64/lib/libnio.so
7f3fc8062000-7f3fc806a000 r-xp 00007000 08:02 8520869                    /usr/lib/jvm/java-11-openjdk-amd64/lib/libnio.so
7f3fc806a000-7f3fc806d000 r--p 0000f000 08:02 8520869                    /usr/lib/jvm/java-11-openjdk-amd64/lib/libnio.so
7f3fc806d000-7f3fc806e000 r--p 00011000 08:02 8520869                    /usr/lib/jvm/java-11-openjdk-amd64/lib/libnio.so
7f3fc806e000-7f3fc806f000 rw-p 00012000 08:02 8520869                    /usr/lib/jvm/java-11-openjdk-amd64/lib/libnio.so
7f3fc806f000-7f3fc8776000 rw-p 00000000 00:00 0 
7f3fc8776000-7f3fc8777000 ---p 00000000 00:00 0 
7f3fc8777000-7f3fc8878000 rw-p 00000000 00:00 0 
7f3fc8878000-7f3fc8ae8000 rwxp 00000000 00:00 0 
7f3fc8ae8000-7f3fc8e09000 ---p 00000000 00:00 0 
7f3fc8e09000-7f3fc9869000 rwxp 00000000 00:00 0 
7f3fc9869000-7f3fd0340000 ---p 00000000 00:00 0 
7f3fd0340000-7f3fd0670000 rwxp 00000000 00:00 0 
7f3fd0670000-7f3fd7878000 ---p 00000000 00:00 0 
7f3fd7878000-7f3fe0000000 r--s 00000000 08:02 8520887                    /usr/lib/jvm/java-11-openjdk-amd64/lib/modules
7f3fe0000000-7f3fe1949000 rw-p 00000000 00:00 0 
7f3fe1949000-7f3fe4000000 ---p 00000000 00:00 0 
7f3fe4001000-7f3fe4003000 r--p 00000000 08:02 8520866                    /usr/lib/jvm/java-11-openjdk-amd64/lib/libmanagement_ext.so
7f3fe4003000-7f3fe4006000 r-xp 00002000 08:02 8520866                    /usr/lib/jvm/java-11-openjdk-amd64/lib/libmanagement_ext.so
7f3fe4006000-7f3fe4007000 r--p 00005000 08:02 8520866                    /usr/lib/jvm/java-11-openjdk-amd64/lib/libmanagement_ext.so
7f3fe4007000-7f3fe4008000 ---p 00006000 08:02 8520866                    /usr/lib/jvm/java-11-openjdk-amd64/lib/libmanagement_ext.so
7f3fe4008000-7f3fe4009000 r--p 00006000 08:02 8520866                    /usr/lib/jvm/java-11-openjdk-amd64/lib/libmanagement_ext.so
7f3fe4009000-7f3fe400a000 rw-p 00007000 08:02 8520866                    /usr/lib/jvm/java-11-openjdk-amd64/lib/libmanagement_ext.so
7f3fe400a000-7f3fe406c000 rw-p 00000000 00:00 0 
7f3fe406c000-7f3fe4150000 ---p 00000000 00:00 0 
7f3fe4150000-7f3fe4165000 rw-p 00000000 00:00 0 
7f3fe4165000-7f3fe423b000 ---p 00000000 00:00 0 
7f3fe423b000-7f3fe4240000 rw-p 00000000 00:00 0 
7f3fe4240000-7f3fe4247000 ---p 00000000 00:00 0 
7f3fe4247000-7f3fe424a000 r--p 00000000 08:02 8394178                    /usr/lib/x86_64-linux-gnu/libnss_files-2.31.so
7f3fe424a000-7f3fe4251000 r-xp 00003000 08:02 8394178                    /usr/lib/x86_64-linux-gnu/libnss_files-2.31.so
7f3fe4251000-7f3fe4253000 r--p 0000a000 08:02 8394178                    /usr/lib/x86_64-linux-gnu/libnss_files-2.31.so
7f3fe4253000-7f3fe4254000 r--p 0000b000 08:02 8394178                    /usr/lib/x86_64-linux-gnu/libnss_files-2.31.so
7f3fe4254000-7f3fe4255000 rw-p 0000c000 08:02 8394178                    /usr/lib/x86_64-linux-gnu/libnss_files-2.31.so
7f3fe4255000-7f3fe425b000 rw-p 00000000 00:00 0 
7f3fe425b000-7f3fe425e000 r--p 00000000 08:02 8520864                    /usr/lib/jvm/java-11-openjdk-amd64/lib/libmanagement.so
7f3fe425e000-7f3fe425f000 r-xp 00003000 08:02 8520864                    /usr/lib/jvm/java-11-openjdk-amd64/lib/libmanagement.so
7f3fe425f000-7f3fe4260000 r--p 00004000 08:02 8520864                    /usr/lib/jvm/java-11-openjdk-amd64/lib/libmanagement.so
7f3fe4260000-7f3fe4261000 r--p 00004000 08:02 8520864                    /usr/lib/jvm/java-11-openjdk-amd64/lib/libmanagement.so
7f3fe4261000-7f3fe4262000 rw-p 00005000 08:02 8520864                    /usr/lib/jvm/java-11-openjdk-amd64/lib/libmanagement.so
7f3fe4262000-7f3fe4264000 r--p 00000000 08:02 8520885                    /usr/lib/jvm/java-11-openjdk-amd64/lib/libzip.so
7f3fe4264000-7f3fe4268000 r-xp 00002000 08:02 8520885                    /usr/lib/jvm/java-11-openjdk-amd64/lib/libzip.so
7f3fe4268000-7f3fe426a000 r--p 00006000 08:02 8520885                    /usr/lib/jvm/java-11-openjdk-amd64/lib/libzip.so
7f3fe426a000-7f3fe426b000 r--p 00007000 08:02 8520885                    /usr/lib/jvm/java-11-openjdk-amd64/lib/libzip.so
7f3fe426b000-7f3fe426c000 rw-p 00008000 08:02 8520885                    /usr/lib/jvm/java-11-openjdk-amd64/lib/libzip.so
7f3fe426c000-7f3fe4274000 rw-s 00000000 08:02 9961567                    /tmp/hsperfdata_jadson/6794
7f3fe4274000-7f3fe4276000 r--p 00000000 08:02 8520860                    /usr/lib/jvm/java-11-openjdk-amd64/lib/libjimage.so
7f3fe4276000-7f3fe4279000 r-xp 00002000 08:02 8520860                    /usr/lib/jvm/java-11-openjdk-amd64/lib/libjimage.so
7f3fe4279000-7f3fe427a000 r--p 00005000 08:02 8520860                    /usr/lib/jvm/java-11-openjdk-amd64/lib/libjimage.so
7f3fe427a000-7f3fe427b000 ---p 00006000 08:02 8520860                    /usr/lib/jvm/java-11-openjdk-amd64/lib/libjimage.so
7f3fe427b000-7f3fe427c000 r--p 00006000 08:02 8520860                    /usr/lib/jvm/java-11-openjdk-amd64/lib/libjimage.so
7f3fe427c000-7f3fe427d000 rw-p 00007000 08:02 8520860                    /usr/lib/jvm/java-11-openjdk-amd64/lib/libjimage.so
7f3fe427d000-7f3fe428b000 r--p 00000000 08:02 8520857                    /usr/lib/jvm/java-11-openjdk-amd64/lib/libjava.so
7f3fe428b000-7f3fe42a1000 r-xp 0000e000 08:02 8520857                    /usr/lib/jvm/java-11-openjdk-amd64/lib/libjava.so
7f3fe42a1000-7f3fe42a8000 r--p 00024000 08:02 8520857                    /usr/lib/jvm/java-11-openjdk-amd64/lib/libjava.so
7f3fe42a8000-7f3fe42a9000 r--p 0002a000 08:02 8520857                    /usr/lib/jvm/java-11-openjdk-amd64/lib/libjava.so
7f3fe42a9000-7f3fe42aa000 rw-p 0002b000 08:02 8520857                    /usr/lib/jvm/java-11-openjdk-amd64/lib/libjava.so
7f3fe42aa000-7f3fe42ab000 rw-p 00000000 00:00 0 
7f3fe42ab000-7f3fe42ae000 r--p 00000000 08:02 8394208                    /usr/lib/x86_64-linux-gnu/librt-2.31.so
7f3fe42ae000-7f3fe42b2000 r-xp 00003000 08:02 8394208                    /usr/lib/x86_64-linux-gnu/librt-2.31.so
7f3fe42b2000-7f3fe42b3000 r--p 00007000 08:02 8394208                    /usr/lib/x86_64-linux-gnu/librt-2.31.so
7f3fe42b3000-7f3fe42b4000 ---p 00008000 08:02 8394208                    /usr/lib/x86_64-linux-gnu/librt-2.31.so
7f3fe42b4000-7f3fe42b5000 r--p 00008000 08:02 8394208                    /usr/lib/x86_64-linux-gnu/librt-2.31.so
7f3fe42b5000-7f3fe42b6000 rw-p 00009000 08:02 8394208                    /usr/lib/x86_64-linux-gnu/librt-2.31.so
7f3fe42b6000-7f3fe42ba000 ---p 00000000 00:00 0 
7f3fe42ba000-7f3fe43b7000 rw-p 00000000 00:00 0 
7f3fe43b7000-7f3fe43ba000 r--p 00000000 08:02 8394940                    /usr/lib/x86_64-linux-gnu/libgcc_s.so.1
7f3fe43ba000-7f3fe43cc000 r-xp 00003000 08:02 8394940                    /usr/lib/x86_64-linux-gnu/libgcc_s.so.1
7f3fe43cc000-7f3fe43d0000 r--p 00015000 08:02 8394940                    /usr/lib/x86_64-linux-gnu/libgcc_s.so.1
7f3fe43d0000-7f3fe43d1000 r--p 00018000 08:02 8394940                    /usr/lib/x86_64-linux-gnu/libgcc_s.so.1
7f3fe43d1000-7f3fe43d2000 rw-p 00019000 08:02 8394940                    /usr/lib/x86_64-linux-gnu/libgcc_s.so.1
7f3fe43d2000-7f3fe43e1000 r--p 00000000 08:02 8393823                    /usr/lib/x86_64-linux-gnu/libm-2.31.so
7f3fe43e1000-7f3fe4488000 r-xp 0000f000 08:02 8393823                    /usr/lib/x86_64-linux-gnu/libm-2.31.so
7f3fe4488000-7f3fe451f000 r--p 000b6000 08:02 8393823                    /usr/lib/x86_64-linux-gnu/libm-2.31.so
7f3fe451f000-7f3fe4520000 r--p 0014c000 08:02 8393823                    /usr/lib/x86_64-linux-gnu/libm-2.31.so
7f3fe4520000-7f3fe4521000 rw-p 0014d000 08:02 8393823                    /usr/lib/x86_64-linux-gnu/libm-2.31.so
7f3fe4521000-7f3fe45b7000 r--p 00000000 08:02 8389090                    /usr/lib/x86_64-linux-gnu/libstdc++.so.6.0.28
7f3fe45b7000-7f3fe46a8000 r-xp 00096000 08:02 8389090                    /usr/lib/x86_64-linux-gnu/libstdc++.so.6.0.28
7f3fe46a8000-7f3fe46f1000 r--p 00187000 08:02 8389090                    /usr/lib/x86_64-linux-gnu/libstdc++.so.6.0.28
7f3fe46f1000-7f3fe46f2000 ---p 001d0000 08:02 8389090                    /usr/lib/x86_64-linux-gnu/libstdc++.so.6.0.28
7f3fe46f2000-7f3fe46fd000 r--p 001d0000 08:02 8389090                    /usr/lib/x86_64-linux-gnu/libstdc++.so.6.0.28
7f3fe46fd000-7f3fe4700000 rw-p 001db000 08:02 8389090                    /usr/lib/x86_64-linux-gnu/libstdc++.so.6.0.28
7f3fe4700000-7f3fe4703000 rw-p 00000000 00:00 0 
7f3fe4703000-7f3fe497d000 r--p 00000000 08:02 8520897                    /usr/lib/jvm/java-11-openjdk-amd64/lib/server/libjvm.so
7f3fe497d000-7f3fe5602000 r-xp 0027a000 08:02 8520897                    /usr/lib/jvm/java-11-openjdk-amd64/lib/server/libjvm.so
7f3fe5602000-7f3fe5859000 r--p 00eff000 08:02 8520897                    /usr/lib/jvm/java-11-openjdk-amd64/lib/server/libjvm.so
7f3fe5859000-7f3fe591a000 r--p 01155000 08:02 8520897                    /usr/lib/jvm/java-11-openjdk-amd64/lib/server/libjvm.so
7f3fe591a000-7f3fe5955000 rw-p 01216000 08:02 8520897                    /usr/lib/jvm/java-11-openjdk-amd64/lib/server/libjvm.so
7f3fe5955000-7f3fe59ae000 rw-p 00000000 00:00 0 
7f3fe59ae000-7f3fe59b5000 r--p 00000000 08:02 8394197                    /usr/lib/x86_64-linux-gnu/libpthread-2.31.so
7f3fe59b5000-7f3fe59c6000 r-xp 00007000 08:02 8394197                    /usr/lib/x86_64-linux-gnu/libpthread-2.31.so
7f3fe59c6000-7f3fe59cb000 r--p 00018000 08:02 8394197                    /usr/lib/x86_64-linux-gnu/libpthread-2.31.so
7f3fe59cb000-7f3fe59cc000 r--p 0001c000 08:02 8394197                    /usr/lib/x86_64-linux-gnu/libpthread-2.31.so
7f3fe59cc000-7f3fe59cd000 rw-p 0001d000 08:02 8394197                    /usr/lib/x86_64-linux-gnu/libpthread-2.31.so
7f3fe59cd000-7f3fe59d1000 rw-p 00000000 00:00 0 
7f3fe59d1000-7f3fe59d2000 r--p 00000000 08:02 8393820                    /usr/lib/x86_64-linux-gnu/libdl-2.31.so
7f3fe59d2000-7f3fe59d4000 r-xp 00001000 08:02 8393820                    /usr/lib/x86_64-linux-gnu/libdl-2.31.so
7f3fe59d4000-7f3fe59d5000 r--p 00003000 08:02 8393820                    /usr/lib/x86_64-linux-gnu/libdl-2.31.so
7f3fe59d5000-7f3fe59d6000 r--p 00003000 08:02 8393820                    /usr/lib/x86_64-linux-gnu/libdl-2.31.so
7f3fe59d6000-7f3fe59d7000 rw-p 00004000 08:02 8393820                    /usr/lib/x86_64-linux-gnu/libdl-2.31.so
7f3fe59d7000-7f3fe59d9000 r--p 00000000 08:02 8391100                    /usr/lib/x86_64-linux-gnu/libz.so.1.2.11
7f3fe59d9000-7f3fe59ea000 r-xp 00002000 08:02 8391100                    /usr/lib/x86_64-linux-gnu/libz.so.1.2.11
7f3fe59ea000-7f3fe59f0000 r--p 00013000 08:02 8391100                    /usr/lib/x86_64-linux-gnu/libz.so.1.2.11
7f3fe59f0000-7f3fe59f1000 ---p 00019000 08:02 8391100                    /usr/lib/x86_64-linux-gnu/libz.so.1.2.11
7f3fe59f1000-7f3fe59f2000 r--p 00019000 08:02 8391100                    /usr/lib/x86_64-linux-gnu/libz.so.1.2.11
7f3fe59f2000-7f3fe59f3000 rw-p 0001a000 08:02 8391100                    /usr/lib/x86_64-linux-gnu/libz.so.1.2.11
7f3fe59f3000-7f3fe5a18000 r--p 00000000 08:02 8393814                    /usr/lib/x86_64-linux-gnu/libc-2.31.so
7f3fe5a18000-7f3fe5b90000 r-xp 00025000 08:02 8393814                    /usr/lib/x86_64-linux-gnu/libc-2.31.so
7f3fe5b90000-7f3fe5bda000 r--p 0019d000 08:02 8393814                    /usr/lib/x86_64-linux-gnu/libc-2.31.so
7f3fe5bda000-7f3fe5bdb000 ---p 001e7000 08:02 8393814                    /usr/lib/x86_64-linux-gnu/libc-2.31.so
7f3fe5bdb000-7f3fe5bde000 r--p 001e7000 08:02 8393814                    /usr/lib/x86_64-linux-gnu/libc-2.31.so
7f3fe5bde000-7f3fe5be1000 rw-p 001ea000 08:02 8393814                    /usr/lib/x86_64-linux-gnu/libc-2.31.so
7f3fe5be1000-7f3fe5be5000 rw-p 00000000 00:00 0 
7f3fe5be8000-7f3fe5bea000 r--s 0000c000 08:02 9189263                    /usr/share/java/java-atk-wrapper.jar
7f3fe5bea000-7f3fe5beb000 ---p 00000000 00:00 0 
7f3fe5beb000-7f3fe5bec000 r--p 00000000 00:00 0 
7f3fe5bec000-7f3fe5bf1000 r--p 00000000 08:02 8520879                    /usr/lib/jvm/java-11-openjdk-amd64/lib/libverify.so
7f3fe5bf1000-7f3fe5bf8000 r-xp 00005000 08:02 8520879                    /usr/lib/jvm/java-11-openjdk-amd64/lib/libverify.so
7f3fe5bf8000-7f3fe5bfa000 r--p 0000c000 08:02 8520879                    /usr/lib/jvm/java-11-openjdk-amd64/lib/libverify.so
7f3fe5bfa000-7f3fe5bfb000 ---p 0000e000 08:02 8520879                    /usr/lib/jvm/java-11-openjdk-amd64/lib/libverify.so
7f3fe5bfb000-7f3fe5bfd000 r--p 0000e000 08:02 8520879                    /usr/lib/jvm/java-11-openjdk-amd64/lib/libverify.so
7f3fe5bfd000-7f3fe5bfe000 rw-p 00010000 08:02 8520879                    /usr/lib/jvm/java-11-openjdk-amd64/lib/libverify.so
7f3fe5bfe000-7f3fe5c01000 r--p 00000000 08:02 8520842                    /usr/lib/jvm/java-11-openjdk-amd64/lib/jli/libjli.so
7f3fe5c01000-7f3fe5c0b000 r-xp 00003000 08:02 8520842                    /usr/lib/jvm/java-11-openjdk-amd64/lib/jli/libjli.so
7f3fe5c0b000-7f3fe5c0e000 r--p 0000d000 08:02 8520842                    /usr/lib/jvm/java-11-openjdk-amd64/lib/jli/libjli.so
7f3fe5c0e000-7f3fe5c0f000 ---p 00010000 08:02 8520842                    /usr/lib/jvm/java-11-openjdk-amd64/lib/jli/libjli.so
7f3fe5c0f000-7f3fe5c10000 r--p 00010000 08:02 8520842                    /usr/lib/jvm/java-11-openjdk-amd64/lib/jli/libjli.so
7f3fe5c10000-7f3fe5c11000 rw-p 00011000 08:02 8520842                    /usr/lib/jvm/java-11-openjdk-amd64/lib/jli/libjli.so
7f3fe5c11000-7f3fe5c13000 rw-p 00000000 00:00 0 
7f3fe5c13000-7f3fe5c14000 r--p 00000000 08:02 8390785                    /usr/lib/x86_64-linux-gnu/ld-2.31.so
7f3fe5c14000-7f3fe5c37000 r-xp 00001000 08:02 8390785                    /usr/lib/x86_64-linux-gnu/ld-2.31.so
7f3fe5c37000-7f3fe5c3f000 r--p 00024000 08:02 8390785                    /usr/lib/x86_64-linux-gnu/ld-2.31.so
7f3fe5c40000-7f3fe5c41000 r--p 0002c000 08:02 8390785                    /usr/lib/x86_64-linux-gnu/ld-2.31.so
7f3fe5c41000-7f3fe5c42000 rw-p 0002d000 08:02 8390785                    /usr/lib/x86_64-linux-gnu/ld-2.31.so
7f3fe5c42000-7f3fe5c43000 rw-p 00000000 00:00 0 
7ffe86d29000-7ffe86d4b000 rw-p 00000000 00:00 0                          [stack]
7ffe86d6c000-7ffe86d70000 r--p 00000000 00:00 0                          [vvar]
7ffe86d70000-7ffe86d72000 r-xp 00000000 00:00 0                          [vdso]
ffffffffff600000-ffffffffff601000 --xp 00000000 00:00 0                  [vsyscall]


VM Arguments:
java_command: ./target/demo-0.0.1-SNAPSHOT.jar
java_class_path (initial): ./target/demo-0.0.1-SNAPSHOT.jar
Launcher Type: SUN_STANDARD

[Global flags]
     intx CICompilerCount                          = 4                                         {product} {ergonomic}
     uint ConcGCThreads                            = 2                                         {product} {ergonomic}
     uint G1ConcRefinementThreads                  = 8                                         {product} {ergonomic}
   size_t G1HeapRegionSize                         = 1048576                                   {product} {ergonomic}
    uintx GCDrainStackTargetSize                   = 64                                        {product} {ergonomic}
   size_t InitialHeapSize                          = 130023424                                 {product} {ergonomic}
   size_t MarkStackSize                            = 4194304                                   {product} {ergonomic}
   size_t MaxHeapSize                              = 2063597568                                {product} {ergonomic}
   size_t MaxNewSize                               = 1237319680                                {product} {ergonomic}
   size_t MinHeapDeltaBytes                        = 1048576                                   {product} {ergonomic}
    uintx NonNMethodCodeHeapSize                   = 5836300                                {pd product} {ergonomic}
    uintx NonProfiledCodeHeapSize                  = 122910970                              {pd product} {ergonomic}
    uintx ProfiledCodeHeapSize                     = 122910970                              {pd product} {ergonomic}
    uintx ReservedCodeCacheSize                    = 251658240                              {pd product} {ergonomic}
     bool SegmentedCodeCache                       = true                                      {product} {ergonomic}
     bool UseCompressedClassPointers               = true                                 {lp64_product} {ergonomic}
     bool UseCompressedOops                        = true                                 {lp64_product} {ergonomic}
     bool UseG1GC                                  = true                                      {product} {ergonomic}

Logging:
Log output configuration:
 #0: stdout all=warning uptime,level,tags
 #1: stderr all=off uptime,level,tags

Environment Variables:
PATH=/home/jadson/Projects/repositories/demo/node_modules/.bin:/home/jadson/.deno/bin:/home/jadson/.zinit/polaris/sbin:/home/jadson/.zinit/polaris/bin:/home/jadson/.nvm/versions/node/v15.8.0/bin:/home/jadson/.local/bin:/usr/local/sbin:/usr/local/bin:/usr/sbin:/usr/bin:/sbin:/bin:/usr/games:/usr/local/games:/snap/bin:/home/jadson/.yarn/bin
USERNAME=jadson
SHELL=/usr/bin/zsh
DISPLAY=:0
LANG=en_US.UTF-8
LC_CTYPE=pt_BR.UTF-8

Signal Handlers:
SIGSEGV: [libjvm.so+0xe8ba00], sa_mask[0]=11111111011111111101111111111110, sa_flags=SA_RESTART|SA_SIGINFO
SIGBUS: [libjvm.so+0xe8ba00], sa_mask[0]=11111111011111111101111111111110, sa_flags=SA_RESTART|SA_SIGINFO
SIGFPE: [libjvm.so+0xe8ba00], sa_mask[0]=11111111011111111101111111111110, sa_flags=SA_RESTART|SA_SIGINFO
SIGPIPE: [libjvm.so+0xbd10f0], sa_mask[0]=11111111011111111101111111111110, sa_flags=SA_RESTART|SA_SIGINFO
SIGXFSZ: [libjvm.so+0xbd10f0], sa_mask[0]=11111111011111111101111111111110, sa_flags=SA_RESTART|SA_SIGINFO
SIGILL: [libjvm.so+0xe8ba00], sa_mask[0]=11111111011111111101111111111110, sa_flags=SA_RESTART|SA_SIGINFO
SIGUSR2: [libjvm.so+0xbd0f90], sa_mask[0]=00000000000000000000000000000000, sa_flags=SA_RESTART|SA_SIGINFO
SIGHUP: [libjvm.so+0xbd1430], sa_mask[0]=11111111011111111101111111111110, sa_flags=SA_RESTART|SA_SIGINFO
SIGINT: [libjvm.so+0xbd1430], sa_mask[0]=11111111011111111101111111111110, sa_flags=SA_RESTART|SA_SIGINFO
SIGTERM: [libjvm.so+0xbd1430], sa_mask[0]=11111111011111111101111111111110, sa_flags=SA_RESTART|SA_SIGINFO
SIGQUIT: [libjvm.so+0xbd1430], sa_mask[0]=11111111011111111101111111111110, sa_flags=SA_RESTART|SA_SIGINFO


---------------  S Y S T E M  ---------------

OS:DISTRIB_ID=Ubuntu
DISTRIB_RELEASE=20.04
DISTRIB_CODENAME=focal
DISTRIB_DESCRIPTION="Ubuntu 20.04.2 LTS"
uname:Linux 5.8.0-63-generic #71~20.04.1-Ubuntu SMP Thu Jul 15 17:46:08 UTC 2021 x86_64
OS uptime: 0 days 0:02 hours
libc:glibc 2.31 NPTL 2.31 
rlimit (soft/hard): STACK 8192k/infinity , CORE 0k/infinity , NPROC 31242/31242 , NOFILE 1048576/1048576 , AS infinity/infinity , CPU infinity/infinity , DATA infinity/infinity , FSIZE infinity/infinity , MEMLOCK 65536k/65536k
load average:4,99 2,55 0,99

/proc/meminfo:
MemTotal:        8058248 kB
MemFree:         1236004 kB
MemAvailable:    4152812 kB
Buffers:          241628 kB
Cached:          3090348 kB
SwapCached:            0 kB
Active:          4272680 kB
Inactive:        1834832 kB
Active(anon):    2980556 kB
Inactive(anon):    79544 kB
Active(file):    1292124 kB
Inactive(file):  1755288 kB
Unevictable:      196260 kB
Mlocked:              48 kB
SwapTotal:       2097148 kB
SwapFree:        2097148 kB
Dirty:              1972 kB
Writeback:             0 kB
AnonPages:       2971900 kB
Mapped:           862528 kB
Shmem:            286844 kB
KReclaimable:     178196 kB
Slab:             372336 kB
SReclaimable:     178196 kB
SUnreclaim:       194140 kB
KernelStack:       19736 kB
PageTables:        38040 kB
NFS_Unstable:          0 kB
Bounce:                0 kB
WritebackTmp:          0 kB
CommitLimit:     6126272 kB
Committed_AS:   12132220 kB
VmallocTotal:   34359738367 kB
VmallocUsed:       42540 kB
VmallocChunk:          0 kB
Percpu:             7904 kB
HardwareCorrupted:     0 kB
AnonHugePages:         0 kB
ShmemHugePages:        0 kB
ShmemPmdMapped:        0 kB
FileHugePages:         0 kB
FilePmdMapped:         0 kB
HugePages_Total:       0
HugePages_Free:        0
HugePages_Rsvd:        0
HugePages_Surp:        0
Hugepagesize:       2048 kB
Hugetlb:               0 kB
DirectMap4k:      388724 kB
DirectMap2M:     7907328 kB
DirectMap1G:           0 kB

/sys/kernel/mm/transparent_hugepage/enabled:
always [madvise] never
/sys/kernel/mm/transparent_hugepage/defrag (defrag/compaction efforts parameter):
always defer defer+madvise [madvise] never

Process Memory:
Virtual Size: 6665276K (peak: 13454268K)
Resident Set Size: 354520K (peak: 361972K) (anon: 325168K, file: 29352K, shmem: 0K)
Swapped out: 0K
C-Heap outstanding allocations: 26118K

/proc/sys/kernel/threads-max (system-wide limit on the number of threads):
62484
/proc/sys/vm/max_map_count (maximum number of memory map areas a process may have):
65530
/proc/sys/kernel/pid_max (system-wide limit on number of process identifiers):
4194304

container (cgroup) information:
container_type: cgroupv1
cpu_cpuset_cpus: 0-7
cpu_memory_nodes: 0
active_processor_count: 8
cpu_quota: -1
cpu_period: 100000
cpu_shares: -1
memory_limit_in_bytes: -1
memory_and_swap_limit_in_bytes: -1
memory_soft_limit_in_bytes: -1
memory_usage_in_bytes: 4744953856
memory_max_usage_in_bytes: 4761137152

Steal ticks since vm start: 0
Steal ticks percentage since vm start:  0,000

CPU:total 8 (initial active 8) (4 cores per cpu, 2 threads per core) family 6 model 142 stepping 10 microcode 0xea, cmov, cx8, fxsr, mmx, sse, sse2, sse3, ssse3, sse4.1, sse4.2, popcnt, avx, avx2, aes, clmul, erms, 3dnowpref, lzcnt, ht, tsc, tscinvbit, bmi1, bmi2, adx, fma
CPU Model and flags from /proc/cpuinfo:
model name	: Intel(R) Core(TM) i5-8250U CPU @ 1.60GHz
flags		: fpu vme de pse tsc msr pae mce cx8 apic sep mtrr pge mca cmov pat pse36 clflush dts acpi mmx fxsr sse sse2 ss ht tm pbe syscall nx pdpe1gb rdtscp lm constant_tsc art arch_perfmon pebs bts rep_good nopl xtopology nonstop_tsc cpuid aperfmperf pni pclmulqdq dtes64 monitor ds_cpl vmx est tm2 ssse3 sdbg fma cx16 xtpr pdcm pcid sse4_1 sse4_2 x2apic movbe popcnt tsc_deadline_timer aes xsave avx f16c rdrand lahf_lm abm 3dnowprefetch cpuid_fault invpcid_single pti ssbd ibrs ibpb stibp tpr_shadow vnmi flexpriority ept vpid ept_ad fsgsbase tsc_adjust bmi1 avx2 smep bmi2 erms invpcid mpx rdseed adx smap clflushopt intel_pt xsaveopt xsavec xgetbv1 xsaves dtherm ida arat pln pts hwp hwp_notify hwp_act_window hwp_epp md_clear flush_l1d
Online cpus:
0-7
Offline cpus:

BIOS frequency limitation:
<Not Available>
Frequency switch latency (ns):
0
Available cpu frequencies:
<Not Available>
Current governor:
powersave
Core performance/turbo boost:
<Not Available>

Memory: 4k page, physical 8058248k(1236460k free), swap 2097148k(2097148k free)

vm_info: OpenJDK 64-Bit Server VM (11.0.11+9-Ubuntu-0ubuntu2.20.04) for linux-amd64 JRE (11.0.11+9-Ubuntu-0ubuntu2.20.04), built on Apr 21 2021 09:15:32 by "unknown" with gcc 9.3.0

END.
