#
# A fatal error has been detected by the Java Runtime Environment:
#
#  SIGSEGV (0xb) at pc=0x00007fe99cd67fcd, pid=83307, tid=83307
#
# JRE version: OpenJDK Runtime Environment (11.0.11+9) (build 11.0.11+9-Ubuntu-0ubuntu2.20.04)
# Java VM: OpenJDK 64-Bit Server VM (11.0.11+9-Ubuntu-0ubuntu2.20.04, mixed mode, sharing, tiered, compressed oops, g1 gc, linux-amd64)
# Problematic frame:
# V  [libjvm.so+0xbd0fcd]
#
# Core dump will be written. Default location: Core dumps may be processed with "/usr/share/apport/apport %p %s %c %d %P %E" (or dumping to /home/jadson/Projects/repositories/demo/core.83307)
#
# If you would like to submit a bug report, please visit:
#   https://bugs.launchpad.net/ubuntu/+source/openjdk-lts
#

---------------  S U M M A R Y ------------

Command Line: ./target/demo-0.0.1-SNAPSHOT.jar

Host: Intel(R) Core(TM) i5-8250U CPU @ 1.60GHz, 8 cores, 7G, Ubuntu 20.04.2 LTS
Time: Wed Jul 28 19:43:30 2021 -03 elapsed time: 20.068333 seconds (0d 0h 0m 20s)

---------------  T H R E A D  ---------------

Current thread is native thread

Stack: [0x00007ffdd2537000,0x00007ffdd2d36000],  sp=0x00007ffdd2d30840,  free space=8166k
Native frames: (J=compiled Java code, A=aot compiled Java code, j=interpreted, Vv=VM code, C=native code)
V  [libjvm.so+0xbd0fcd]
C  [libc.so.6+0x46210]


siginfo: si_signo: 11 (SIGSEGV), si_code: 1 (SEGV_MAPERR), si_addr: 0x00000000000000d0

Register to memory mapping:

RAX=0x0 is NULL
RBX=
[error occurred during error reporting (printing register info), id 0xb, SIGSEGV (0xb) at pc=0x00007fe99cfbfa2c]

Registers:
RAX=0x0000000000000000, RBX=0x00007fe99d4413c0, RCX=0x00007fe99d44ccd7, RDX=0x00007fe99d441440
RSP=0x00007ffdd2d30840, RBP=0x00007ffdd2d308f0, RSI=0x00007ffdd2d30a30, RDI=0x0000000000000001
R8 =0x0000000000000000, R9 =0x00007fe99be4a700, R10=0x0000000000000000, R11=0x0000000000000246
R12=0x00007ffdd2d30a30, R13=0x00007ffdd2d30900, R14=0x0000000000000000, R15=0x00007fe99be4a700
RIP=0x00007fe99cd67fcd, EFLAGS=0x0000000000010246, CSGSFS=0x002b000000000033, ERR=0x0000000000000004
  TRAPNO=0x000000000000000e

Top of Stack: (sp=0x00007ffdd2d30840)
0x00007ffdd2d30840:   00007fe99d404320 0000000000000000
0x00007ffdd2d30850:   00007fe99d4043a0 0000000000000000
0x00007ffdd2d30860:   00007fe99d0a58a0 0000000000000000
0x00007ffdd2d30870:   00007fe99d0a5820 0000000000000000 

Instructions: (pc=0x00007fe99cd67fcd)
0x00007fe99cd67ecd:   ff 48 85 c0 74 03 c6 00 00 4c 89 f7 4c 89 fa 4c
0x00007fe99cd67edd:   89 ee e8 3c 92 6a ff 4c 89 e7 e8 a4 95 6a ff 48
0x00007fe99cd67eed:   81 c4 08 01 00 00 5b 41 5c 41 5d 41 5e 41 5f 5d
0x00007fe99cd67efd:   c3 66 90 4c 89 e2 be 00 01 00 00 4c 89 ef e8 f0
0x00007fe99cd67f0d:   97 6a ff 48 85 c0 74 ac 48 8d 35 cb 80 3a 00 4c
0x00007fe99cd67f1d:   89 ef e8 dc 95 6a ff 48 85 c0 75 17 48 8d 35 cc
0x00007fe99cd67f2d:   80 3a 00 4c 89 ef e8 c8 95 6a ff 48 85 c0 74 84
0x00007fe99cd67f3d:   0f 1f 00 be 22 00 00 00 4c 89 ef e8 43 96 6a ff
0x00007fe99cd67f4d:   48 85 c0 74 26 4c 8d 68 01 be 22 00 00 00 4c 89
0x00007fe99cd67f5d:   ef e8 2d 96 6a ff 48 85 c0 0f 85 67 ff ff ff e9
0x00007fe99cd67f6d:   65 ff ff ff 0f 1f 80 00 00 00 00 4c 89 ef be 3d
0x00007fe99cd67f7d:   00 00 00 e8 0b 96 6a ff 4c 8d 68 01 e9 33 ff ff
0x00007fe99cd67f8d:   ff 66 90 f3 0f 1e fa 55 48 89 e5 41 57 41 56 41
0x00007fe99cd67f9d:   55 49 89 d5 41 54 49 89 f4 53 48 81 ec 88 00 00
0x00007fe99cd67fad:   00 e8 0d 9d 6a ff 44 8b 30 48 89 c3 e8 22 63 25
0x00007fe99cd67fbd:   00 41 89 c0 31 c0 45 84 c0 74 05 e8 23 63 25 00
0x00007fe99cd67fcd:   48 83 b8 d0 00 00 00 00 74 16 4c 8b b8 70 02 00
0x00007fe99cd67fdd:   00 41 8b 87 a8 00 00 00 83 f8 01 74 16 44 89 33
0x00007fe99cd67fed:   48 81 c4 88 00 00 00 5b 41 5c 41 5d 41 5e 41 5f
0x00007fe99cd67ffd:   5d c3 90 66 49 0f 6e c4 66 49 0f 6e cd ba 02 00
0x00007fe99cd6800d:   00 00 be 01 00 00 00 66 0f 6c c1 4d 8d a7 a8 00
0x00007fe99cd6801d:   00 00 41 0f 11 87 b0 00 00 00 4c 89 e7 e8 d1 bc
0x00007fe99cd6802d:   ff ff 83 f8 02 74 3c 85 c0 75 18 66 0f ef c0 41
0x00007fe99cd6803d:   0f 11 87 b0 00 00 00 eb a4 66 2e 0f 1f 84 00 00
0x00007fe99cd6804d:   00 00 00 48 8d 05 51 aa 64 00 be d8 11 00 00 48
0x00007fe99cd6805d:   8d 3d 75 8a 3a 00 48 8b 00 c6 00 58 e8 f2 af a9
0x00007fe99cd6806d:   ff eb c8 4c 8d ad 50 ff ff ff 4c 89 ef e8 a1 98
0x00007fe99cd6807d:   6a ff 4c 89 ea 31 f6 31 ff e8 b5 99 6a ff 8b 35
0x00007fe99cd6808d:   9f 56 66 00 4c 89 ef e8 57 95 6a ff be 01 00 00
0x00007fe99cd6809d:   00 48 8d 3d db a2 6a 00 e8 16 a1 0c 00 66 0f 1f
0x00007fe99cd680ad:   44 00 00 4c 89 ef e8 68 9c 6a ff 31 d2 be 03 00
0x00007fe99cd680bd:   00 00 4c 89 e7 e8 39 bc ff ff 85 c0 75 e5 be 01 


Stack slot to memory mapping:
stack at sp + 0 slots: 
[error occurred during error reporting (inspecting top of stack), id 0xb, SIGSEGV (0xb) at pc=0x00007fe99cfbfa2c]


---------------  P R O C E S S  ---------------

VM state:not at safepoint (normal execution)

VM Mutex/Monitor currently owned by a thread: None

Heap address: 0x0000000085000000, size: 1968 MB, Compressed Oops mode: 32-bit
Narrow klass base: 0x0000000800000000, Narrow klass shift: 3
Compressed class space size: 1073741824 Address: 0x0000000840000000

Heap:
 garbage-first heap   total 181248K, used 61722K [0x0000000085000000, 0x0000000100000000)
  region size 1024K, 56 young (57344K), 11 survivors (11264K)
 Metaspace       used 48842K, capacity 50133K, committed 50300K, reserved 1093632K
  class space    used 6229K, capacity 6751K, committed 6784K, reserved 1048576K
Heap Regions: E=young(eden), S=young(survivor), O=old, HS=humongous(starts), HC=humongous(continues), CS=collection set, F=free, A=archive, TAMS=top-at-mark-start (previous, next)
|   0|0x0000000085000000, 0x0000000085100000, 0x0000000085100000|100%| O|  |TAMS 0x0000000085100000, 0x0000000085000000| Untracked 
|   1|0x0000000085100000, 0x0000000085200000, 0x0000000085200000|100%| O|  |TAMS 0x0000000085200000, 0x0000000085100000| Untracked 
|   2|0x0000000085200000, 0x0000000085300000, 0x0000000085300000|100%| O|  |TAMS 0x0000000085300000, 0x0000000085200000| Untracked 
|   3|0x0000000085300000, 0x0000000085400000, 0x0000000085400000|100%| O|  |TAMS 0x0000000085400000, 0x0000000085300000| Untracked 
|   4|0x0000000085400000, 0x0000000085500000, 0x0000000085500000|100%| O|  |TAMS 0x00000000854ac200, 0x0000000085400000| Untracked 
|   5|0x0000000085500000, 0x0000000085600000, 0x0000000085600000|100%| O|  |TAMS 0x0000000085500000, 0x0000000085500000| Untracked 
|   6|0x0000000085600000, 0x000000008563ac00, 0x0000000085700000| 22%| O|  |TAMS 0x0000000085600000, 0x0000000085600000| Untracked 
|   7|0x0000000085700000, 0x0000000085700000, 0x0000000085800000|  0%| F|  |TAMS 0x0000000085700000, 0x0000000085700000| Untracked 
|   8|0x0000000085800000, 0x0000000085800000, 0x0000000085900000|  0%| F|  |TAMS 0x0000000085800000, 0x0000000085800000| Untracked 
|   9|0x0000000085900000, 0x0000000085900000, 0x0000000085a00000|  0%| F|  |TAMS 0x0000000085900000, 0x0000000085900000| Untracked 
|  10|0x0000000085a00000, 0x0000000085a00000, 0x0000000085b00000|  0%| F|  |TAMS 0x0000000085a00000, 0x0000000085a00000| Untracked 
|  11|0x0000000085b00000, 0x0000000085b00000, 0x0000000085c00000|  0%| F|  |TAMS 0x0000000085b00000, 0x0000000085b00000| Untracked 
|  12|0x0000000085c00000, 0x0000000085c00000, 0x0000000085d00000|  0%| F|  |TAMS 0x0000000085c00000, 0x0000000085c00000| Untracked 
|  13|0x0000000085d00000, 0x0000000085d00000, 0x0000000085e00000|  0%| F|  |TAMS 0x0000000085d00000, 0x0000000085d00000| Untracked 
|  14|0x0000000085e00000, 0x0000000085e00000, 0x0000000085f00000|  0%| F|  |TAMS 0x0000000085e00000, 0x0000000085e00000| Untracked 
|  15|0x0000000085f00000, 0x0000000085f00000, 0x0000000086000000|  0%| F|  |TAMS 0x0000000085f00000, 0x0000000085f00000| Untracked 
|  16|0x0000000086000000, 0x0000000086000000, 0x0000000086100000|  0%| F|  |TAMS 0x0000000086000000, 0x0000000086000000| Untracked 
|  17|0x0000000086100000, 0x0000000086100000, 0x0000000086200000|  0%| F|  |TAMS 0x0000000086100000, 0x0000000086100000| Untracked 
|  18|0x0000000086200000, 0x0000000086200000, 0x0000000086300000|  0%| F|  |TAMS 0x0000000086200000, 0x0000000086200000| Untracked 
|  19|0x0000000086300000, 0x0000000086300000, 0x0000000086400000|  0%| F|  |TAMS 0x0000000086300000, 0x0000000086300000| Untracked 
|  20|0x0000000086400000, 0x0000000086400000, 0x0000000086500000|  0%| F|  |TAMS 0x0000000086400000, 0x0000000086400000| Untracked 
|  21|0x0000000086500000, 0x0000000086500000, 0x0000000086600000|  0%| F|  |TAMS 0x0000000086500000, 0x0000000086500000| Untracked 
|  22|0x0000000086600000, 0x0000000086600000, 0x0000000086700000|  0%| F|  |TAMS 0x0000000086600000, 0x0000000086600000| Untracked 
|  23|0x0000000086700000, 0x0000000086700000, 0x0000000086800000|  0%| F|  |TAMS 0x0000000086700000, 0x0000000086700000| Untracked 
|  24|0x0000000086800000, 0x0000000086800000, 0x0000000086900000|  0%| F|  |TAMS 0x0000000086800000, 0x0000000086800000| Untracked 
|  25|0x0000000086900000, 0x0000000086900000, 0x0000000086a00000|  0%| F|  |TAMS 0x0000000086900000, 0x0000000086900000| Untracked 
|  26|0x0000000086a00000, 0x0000000086a00000, 0x0000000086b00000|  0%| F|  |TAMS 0x0000000086a00000, 0x0000000086a00000| Untracked 
|  27|0x0000000086b00000, 0x0000000086b00000, 0x0000000086c00000|  0%| F|  |TAMS 0x0000000086b00000, 0x0000000086b00000| Untracked 
|  28|0x0000000086c00000, 0x0000000086c00000, 0x0000000086d00000|  0%| F|  |TAMS 0x0000000086c00000, 0x0000000086c00000| Untracked 
|  29|0x0000000086d00000, 0x0000000086d00000, 0x0000000086e00000|  0%| F|  |TAMS 0x0000000086d00000, 0x0000000086d00000| Untracked 
|  30|0x0000000086e00000, 0x0000000086e00000, 0x0000000086f00000|  0%| F|  |TAMS 0x0000000086e00000, 0x0000000086e00000| Untracked 
|  31|0x0000000086f00000, 0x0000000086f00000, 0x0000000087000000|  0%| F|  |TAMS 0x0000000086f00000, 0x0000000086f00000| Untracked 
|  32|0x0000000087000000, 0x0000000087000000, 0x0000000087100000|  0%| F|  |TAMS 0x0000000087000000, 0x0000000087000000| Untracked 
|  33|0x0000000087100000, 0x0000000087100000, 0x0000000087200000|  0%| F|  |TAMS 0x0000000087100000, 0x0000000087100000| Untracked 
|  34|0x0000000087200000, 0x0000000087200000, 0x0000000087300000|  0%| F|  |TAMS 0x0000000087200000, 0x0000000087200000| Untracked 
|  35|0x0000000087300000, 0x0000000087300000, 0x0000000087400000|  0%| F|  |TAMS 0x0000000087300000, 0x0000000087300000| Untracked 
|  36|0x0000000087400000, 0x0000000087400000, 0x0000000087500000|  0%| F|  |TAMS 0x0000000087400000, 0x0000000087400000| Untracked 
|  37|0x0000000087500000, 0x0000000087500000, 0x0000000087600000|  0%| F|  |TAMS 0x0000000087500000, 0x0000000087500000| Untracked 
|  38|0x0000000087600000, 0x0000000087600000, 0x0000000087700000|  0%| F|  |TAMS 0x0000000087600000, 0x0000000087600000| Untracked 
|  39|0x0000000087700000, 0x0000000087700000, 0x0000000087800000|  0%| F|  |TAMS 0x0000000087700000, 0x0000000087700000| Untracked 
|  40|0x0000000087800000, 0x0000000087800000, 0x0000000087900000|  0%| F|  |TAMS 0x0000000087800000, 0x0000000087800000| Untracked 
|  41|0x0000000087900000, 0x0000000087900000, 0x0000000087a00000|  0%| F|  |TAMS 0x0000000087900000, 0x0000000087900000| Untracked 
|  42|0x0000000087a00000, 0x0000000087a00000, 0x0000000087b00000|  0%| F|  |TAMS 0x0000000087a00000, 0x0000000087a00000| Untracked 
|  43|0x0000000087b00000, 0x0000000087b00000, 0x0000000087c00000|  0%| F|  |TAMS 0x0000000087b00000, 0x0000000087b00000| Untracked 
|  44|0x0000000087c00000, 0x0000000087c00000, 0x0000000087d00000|  0%| F|  |TAMS 0x0000000087c00000, 0x0000000087c00000| Untracked 
|  45|0x0000000087d00000, 0x0000000087d00000, 0x0000000087e00000|  0%| F|  |TAMS 0x0000000087d00000, 0x0000000087d00000| Untracked 
|  46|0x0000000087e00000, 0x0000000087e00000, 0x0000000087f00000|  0%| F|  |TAMS 0x0000000087e00000, 0x0000000087e00000| Untracked 
|  47|0x0000000087f00000, 0x0000000087f00000, 0x0000000088000000|  0%| F|  |TAMS 0x0000000087f00000, 0x0000000087f00000| Untracked 
|  48|0x0000000088000000, 0x0000000088000000, 0x0000000088100000|  0%| F|  |TAMS 0x0000000088000000, 0x0000000088000000| Untracked 
|  49|0x0000000088100000, 0x0000000088100000, 0x0000000088200000|  0%| F|  |TAMS 0x0000000088100000, 0x0000000088100000| Untracked 
|  50|0x0000000088200000, 0x0000000088200000, 0x0000000088300000|  0%| F|  |TAMS 0x0000000088200000, 0x0000000088200000| Untracked 
|  51|0x0000000088300000, 0x0000000088300000, 0x0000000088400000|  0%| F|  |TAMS 0x0000000088300000, 0x0000000088300000| Untracked 
|  52|0x0000000088400000, 0x0000000088400000, 0x0000000088500000|  0%| F|  |TAMS 0x0000000088400000, 0x0000000088400000| Untracked 
|  53|0x0000000088500000, 0x0000000088500000, 0x0000000088600000|  0%| F|  |TAMS 0x0000000088500000, 0x0000000088500000| Untracked 
|  54|0x0000000088600000, 0x0000000088600000, 0x0000000088700000|  0%| F|  |TAMS 0x0000000088600000, 0x0000000088600000| Untracked 
|  55|0x0000000088700000, 0x0000000088700000, 0x0000000088800000|  0%| F|  |TAMS 0x0000000088700000, 0x0000000088700000| Untracked 
|  56|0x0000000088800000, 0x0000000088800000, 0x0000000088900000|  0%| F|  |TAMS 0x0000000088800000, 0x0000000088800000| Untracked 
|  57|0x0000000088900000, 0x0000000088900000, 0x0000000088a00000|  0%| F|  |TAMS 0x0000000088900000, 0x0000000088900000| Untracked 
|  58|0x0000000088a00000, 0x0000000088a59c30, 0x0000000088b00000| 35%| S|CS|TAMS 0x0000000088a00000, 0x0000000088a00000| Complete 
|  59|0x0000000088b00000, 0x0000000088c00000, 0x0000000088c00000|100%| S|CS|TAMS 0x0000000088b00000, 0x0000000088b00000| Complete 
|  60|0x0000000088c00000, 0x0000000088d00000, 0x0000000088d00000|100%| S|CS|TAMS 0x0000000088c00000, 0x0000000088c00000| Complete 
|  61|0x0000000088d00000, 0x0000000088e00000, 0x0000000088e00000|100%| S|CS|TAMS 0x0000000088d00000, 0x0000000088d00000| Complete 
|  62|0x0000000088e00000, 0x0000000088f00000, 0x0000000088f00000|100%| S|CS|TAMS 0x0000000088e00000, 0x0000000088e00000| Complete 
|  63|0x0000000088f00000, 0x0000000089000000, 0x0000000089000000|100%| S|CS|TAMS 0x0000000088f00000, 0x0000000088f00000| Complete 
|  64|0x0000000089000000, 0x0000000089100000, 0x0000000089100000|100%| S|CS|TAMS 0x0000000089000000, 0x0000000089000000| Complete 
|  65|0x0000000089100000, 0x0000000089200000, 0x0000000089200000|100%| S|CS|TAMS 0x0000000089100000, 0x0000000089100000| Complete 
|  66|0x0000000089200000, 0x0000000089300000, 0x0000000089300000|100%| S|CS|TAMS 0x0000000089200000, 0x0000000089200000| Complete 
|  67|0x0000000089300000, 0x0000000089400000, 0x0000000089400000|100%| S|CS|TAMS 0x0000000089300000, 0x0000000089300000| Complete 
|  68|0x0000000089400000, 0x0000000089500000, 0x0000000089500000|100%| S|CS|TAMS 0x0000000089400000, 0x0000000089400000| Complete 
|  69|0x0000000089500000, 0x0000000089500000, 0x0000000089600000|  0%| F|  |TAMS 0x0000000089500000, 0x0000000089500000| Untracked 
|  70|0x0000000089600000, 0x0000000089600000, 0x0000000089700000|  0%| F|  |TAMS 0x0000000089600000, 0x0000000089600000| Untracked 
|  71|0x0000000089700000, 0x0000000089700000, 0x0000000089800000|  0%| F|  |TAMS 0x0000000089700000, 0x0000000089700000| Untracked 
|  72|0x0000000089800000, 0x0000000089800000, 0x0000000089900000|  0%| F|  |TAMS 0x0000000089800000, 0x0000000089800000| Untracked 
|  73|0x0000000089900000, 0x0000000089900000, 0x0000000089a00000|  0%| F|  |TAMS 0x0000000089900000, 0x0000000089900000| Untracked 
|  74|0x0000000089a00000, 0x0000000089a00000, 0x0000000089b00000|  0%| F|  |TAMS 0x0000000089a00000, 0x0000000089a00000| Untracked 
|  75|0x0000000089b00000, 0x0000000089b00000, 0x0000000089c00000|  0%| F|  |TAMS 0x0000000089b00000, 0x0000000089b00000| Untracked 
|  76|0x0000000089c00000, 0x0000000089c00000, 0x0000000089d00000|  0%| F|  |TAMS 0x0000000089c00000, 0x0000000089c00000| Untracked 
|  77|0x0000000089d00000, 0x0000000089d00000, 0x0000000089e00000|  0%| F|  |TAMS 0x0000000089d00000, 0x0000000089d00000| Untracked 
|  78|0x0000000089e00000, 0x0000000089e00000, 0x0000000089f00000|  0%| F|  |TAMS 0x0000000089e00000, 0x0000000089e00000| Untracked 
|  79|0x0000000089f00000, 0x0000000089f00000, 0x000000008a000000|  0%| F|  |TAMS 0x0000000089f00000, 0x0000000089f00000| Untracked 
|  80|0x000000008a000000, 0x000000008a000000, 0x000000008a100000|  0%| F|  |TAMS 0x000000008a000000, 0x000000008a000000| Untracked 
|  81|0x000000008a100000, 0x000000008a100000, 0x000000008a200000|  0%| F|  |TAMS 0x000000008a100000, 0x000000008a100000| Untracked 
|  82|0x000000008a200000, 0x000000008a200000, 0x000000008a300000|  0%| F|  |TAMS 0x000000008a200000, 0x000000008a200000| Untracked 
|  83|0x000000008a300000, 0x000000008a300000, 0x000000008a400000|  0%| F|  |TAMS 0x000000008a300000, 0x000000008a300000| Untracked 
|  84|0x000000008a400000, 0x000000008a400000, 0x000000008a500000|  0%| F|  |TAMS 0x000000008a400000, 0x000000008a400000| Untracked 
|  85|0x000000008a500000, 0x000000008a500000, 0x000000008a600000|  0%| F|  |TAMS 0x000000008a500000, 0x000000008a500000| Untracked 
|  86|0x000000008a600000, 0x000000008a600000, 0x000000008a700000|  0%| F|  |TAMS 0x000000008a600000, 0x000000008a600000| Untracked 
|  87|0x000000008a700000, 0x000000008a700000, 0x000000008a800000|  0%| F|  |TAMS 0x000000008a700000, 0x000000008a700000| Untracked 
|  88|0x000000008a800000, 0x000000008a800000, 0x000000008a900000|  0%| F|  |TAMS 0x000000008a800000, 0x000000008a800000| Untracked 
|  89|0x000000008a900000, 0x000000008a900000, 0x000000008aa00000|  0%| F|  |TAMS 0x000000008a900000, 0x000000008a900000| Untracked 
|  90|0x000000008aa00000, 0x000000008aa00000, 0x000000008ab00000|  0%| F|  |TAMS 0x000000008aa00000, 0x000000008aa00000| Untracked 
|  91|0x000000008ab00000, 0x000000008ab00000, 0x000000008ac00000|  0%| F|  |TAMS 0x000000008ab00000, 0x000000008ab00000| Untracked 
|  92|0x000000008ac00000, 0x000000008ac00000, 0x000000008ad00000|  0%| F|  |TAMS 0x000000008ac00000, 0x000000008ac00000| Untracked 
|  93|0x000000008ad00000, 0x000000008ad00000, 0x000000008ae00000|  0%| F|  |TAMS 0x000000008ad00000, 0x000000008ad00000| Untracked 
|  94|0x000000008ae00000, 0x000000008ae00000, 0x000000008af00000|  0%| F|  |TAMS 0x000000008ae00000, 0x000000008ae00000| Untracked 
|  95|0x000000008af00000, 0x000000008af00000, 0x000000008b000000|  0%| F|  |TAMS 0x000000008af00000, 0x000000008af00000| Untracked 
|  96|0x000000008b000000, 0x000000008b000000, 0x000000008b100000|  0%| F|  |TAMS 0x000000008b000000, 0x000000008b000000| Untracked 
|  97|0x000000008b100000, 0x000000008b100000, 0x000000008b200000|  0%| F|  |TAMS 0x000000008b100000, 0x000000008b100000| Untracked 
|  98|0x000000008b200000, 0x000000008b200000, 0x000000008b300000|  0%| F|  |TAMS 0x000000008b200000, 0x000000008b200000| Untracked 
|  99|0x000000008b300000, 0x000000008b300000, 0x000000008b400000|  0%| F|  |TAMS 0x000000008b300000, 0x000000008b300000| Untracked 
| 100|0x000000008b400000, 0x000000008b400000, 0x000000008b500000|  0%| F|  |TAMS 0x000000008b400000, 0x000000008b400000| Untracked 
| 101|0x000000008b500000, 0x000000008b500000, 0x000000008b600000|  0%| F|  |TAMS 0x000000008b500000, 0x000000008b500000| Untracked 
| 102|0x000000008b600000, 0x000000008b600000, 0x000000008b700000|  0%| F|  |TAMS 0x000000008b600000, 0x000000008b600000| Untracked 
| 103|0x000000008b700000, 0x000000008b700000, 0x000000008b800000|  0%| F|  |TAMS 0x000000008b700000, 0x000000008b700000| Untracked 
| 104|0x000000008b800000, 0x000000008b800000, 0x000000008b900000|  0%| F|  |TAMS 0x000000008b800000, 0x000000008b800000| Untracked 
| 105|0x000000008b900000, 0x000000008b900000, 0x000000008ba00000|  0%| F|  |TAMS 0x000000008b900000, 0x000000008b900000| Untracked 
| 106|0x000000008ba00000, 0x000000008ba00000, 0x000000008bb00000|  0%| F|  |TAMS 0x000000008ba00000, 0x000000008ba00000| Untracked 
| 107|0x000000008bb00000, 0x000000008bb00000, 0x000000008bc00000|  0%| F|  |TAMS 0x000000008bb00000, 0x000000008bb00000| Untracked 
| 108|0x000000008bc00000, 0x000000008bc00000, 0x000000008bd00000|  0%| F|  |TAMS 0x000000008bc00000, 0x000000008bc00000| Untracked 
| 109|0x000000008bd00000, 0x000000008bd00000, 0x000000008be00000|  0%| F|  |TAMS 0x000000008bd00000, 0x000000008bd00000| Untracked 
| 110|0x000000008be00000, 0x000000008be00000, 0x000000008bf00000|  0%| F|  |TAMS 0x000000008be00000, 0x000000008be00000| Untracked 
| 111|0x000000008bf00000, 0x000000008bf00000, 0x000000008c000000|  0%| F|  |TAMS 0x000000008bf00000, 0x000000008bf00000| Untracked 
| 112|0x000000008c000000, 0x000000008c000000, 0x000000008c100000|  0%| F|  |TAMS 0x000000008c000000, 0x000000008c000000| Untracked 
| 113|0x000000008c100000, 0x000000008c100000, 0x000000008c200000|  0%| F|  |TAMS 0x000000008c100000, 0x000000008c100000| Untracked 
| 114|0x000000008c200000, 0x000000008c200000, 0x000000008c300000|  0%| F|  |TAMS 0x000000008c200000, 0x000000008c200000| Untracked 
| 115|0x000000008c300000, 0x000000008c300000, 0x000000008c400000|  0%| F|  |TAMS 0x000000008c300000, 0x000000008c300000| Untracked 
| 116|0x000000008c400000, 0x000000008c400000, 0x000000008c500000|  0%| F|  |TAMS 0x000000008c400000, 0x000000008c400000| Untracked 
| 117|0x000000008c500000, 0x000000008c500000, 0x000000008c600000|  0%| F|  |TAMS 0x000000008c500000, 0x000000008c500000| Untracked 
| 118|0x000000008c600000, 0x000000008c600000, 0x000000008c700000|  0%| F|  |TAMS 0x000000008c600000, 0x000000008c600000| Untracked 
| 119|0x000000008c700000, 0x000000008c700000, 0x000000008c800000|  0%| F|  |TAMS 0x000000008c700000, 0x000000008c700000| Untracked 
| 120|0x000000008c800000, 0x000000008c800000, 0x000000008c900000|  0%| F|  |TAMS 0x000000008c800000, 0x000000008c800000| Untracked 
| 121|0x000000008c900000, 0x000000008c900000, 0x000000008ca00000|  0%| F|  |TAMS 0x000000008c900000, 0x000000008c900000| Untracked 
| 122|0x000000008ca00000, 0x000000008ca00000, 0x000000008cb00000|  0%| F|  |TAMS 0x000000008ca00000, 0x000000008ca00000| Untracked 
| 123|0x000000008cb00000, 0x000000008cb00000, 0x000000008cc00000|  0%| F|  |TAMS 0x000000008cb00000, 0x000000008cb00000| Untracked 
| 124|0x000000008cc00000, 0x000000008cc00000, 0x000000008cd00000|  0%| F|  |TAMS 0x000000008cc00000, 0x000000008cc00000| Untracked 
| 125|0x000000008cd00000, 0x000000008cd00000, 0x000000008ce00000|  0%| F|  |TAMS 0x000000008cd00000, 0x000000008cd00000| Untracked 
| 126|0x000000008ce00000, 0x000000008ce00000, 0x000000008cf00000|  0%| F|  |TAMS 0x000000008ce00000, 0x000000008ce00000| Untracked 
| 127|0x000000008cf00000, 0x000000008cf00000, 0x000000008d000000|  0%| F|  |TAMS 0x000000008cf00000, 0x000000008cf00000| Untracked 
| 128|0x000000008d000000, 0x000000008d000000, 0x000000008d100000|  0%| F|  |TAMS 0x000000008d000000, 0x000000008d000000| Untracked 
| 129|0x000000008d100000, 0x000000008d100000, 0x000000008d200000|  0%| F|  |TAMS 0x000000008d100000, 0x000000008d100000| Untracked 
| 130|0x000000008d200000, 0x000000008d300000, 0x000000008d300000|100%| E|  |TAMS 0x000000008d200000, 0x000000008d200000| Complete 
| 131|0x000000008d300000, 0x000000008d400000, 0x000000008d400000|100%| E|CS|TAMS 0x000000008d300000, 0x000000008d300000| Complete 
| 132|0x000000008d400000, 0x000000008d500000, 0x000000008d500000|100%| E|CS|TAMS 0x000000008d400000, 0x000000008d400000| Complete 
| 133|0x000000008d500000, 0x000000008d600000, 0x000000008d600000|100%| E|CS|TAMS 0x000000008d500000, 0x000000008d500000| Complete 
| 134|0x000000008d600000, 0x000000008d700000, 0x000000008d700000|100%| E|CS|TAMS 0x000000008d600000, 0x000000008d600000| Complete 
| 135|0x000000008d700000, 0x000000008d800000, 0x000000008d800000|100%| E|CS|TAMS 0x000000008d700000, 0x000000008d700000| Complete 
| 136|0x000000008d800000, 0x000000008d900000, 0x000000008d900000|100%| E|CS|TAMS 0x000000008d800000, 0x000000008d800000| Complete 
| 137|0x000000008d900000, 0x000000008da00000, 0x000000008da00000|100%| E|CS|TAMS 0x000000008d900000, 0x000000008d900000| Complete 
| 138|0x000000008da00000, 0x000000008db00000, 0x000000008db00000|100%| E|CS|TAMS 0x000000008da00000, 0x000000008da00000| Complete 
| 139|0x000000008db00000, 0x000000008dc00000, 0x000000008dc00000|100%| E|CS|TAMS 0x000000008db00000, 0x000000008db00000| Complete 
| 140|0x000000008dc00000, 0x000000008dd00000, 0x000000008dd00000|100%| E|CS|TAMS 0x000000008dc00000, 0x000000008dc00000| Complete 
| 141|0x000000008dd00000, 0x000000008de00000, 0x000000008de00000|100%| E|CS|TAMS 0x000000008dd00000, 0x000000008dd00000| Complete 
| 142|0x000000008de00000, 0x000000008df00000, 0x000000008df00000|100%| E|CS|TAMS 0x000000008de00000, 0x000000008de00000| Complete 
| 143|0x000000008df00000, 0x000000008e000000, 0x000000008e000000|100%| E|CS|TAMS 0x000000008df00000, 0x000000008df00000| Complete 
| 144|0x000000008e000000, 0x000000008e100000, 0x000000008e100000|100%| E|CS|TAMS 0x000000008e000000, 0x000000008e000000| Complete 
| 145|0x000000008e100000, 0x000000008e200000, 0x000000008e200000|100%| E|CS|TAMS 0x000000008e100000, 0x000000008e100000| Complete 
| 146|0x000000008e200000, 0x000000008e300000, 0x000000008e300000|100%| E|CS|TAMS 0x000000008e200000, 0x000000008e200000| Complete 
| 147|0x000000008e300000, 0x000000008e400000, 0x000000008e400000|100%| E|CS|TAMS 0x000000008e300000, 0x000000008e300000| Complete 
| 148|0x000000008e400000, 0x000000008e500000, 0x000000008e500000|100%| E|  |TAMS 0x000000008e400000, 0x000000008e400000| Complete 
| 149|0x000000008e500000, 0x000000008e600000, 0x000000008e600000|100%| E|CS|TAMS 0x000000008e500000, 0x000000008e500000| Complete 
| 150|0x000000008e600000, 0x000000008e700000, 0x000000008e700000|100%| E|CS|TAMS 0x000000008e600000, 0x000000008e600000| Complete 
| 151|0x000000008e700000, 0x000000008e800000, 0x000000008e800000|100%| E|CS|TAMS 0x000000008e700000, 0x000000008e700000| Complete 
| 152|0x000000008e800000, 0x000000008e900000, 0x000000008e900000|100%| E|CS|TAMS 0x000000008e800000, 0x000000008e800000| Complete 
| 153|0x000000008e900000, 0x000000008ea00000, 0x000000008ea00000|100%| E|CS|TAMS 0x000000008e900000, 0x000000008e900000| Complete 
| 154|0x000000008ea00000, 0x000000008eb00000, 0x000000008eb00000|100%| E|CS|TAMS 0x000000008ea00000, 0x000000008ea00000| Complete 
| 155|0x000000008eb00000, 0x000000008ec00000, 0x000000008ec00000|100%| E|CS|TAMS 0x000000008eb00000, 0x000000008eb00000| Complete 
| 156|0x000000008ec00000, 0x000000008ed00000, 0x000000008ed00000|100%| E|CS|TAMS 0x000000008ec00000, 0x000000008ec00000| Complete 
| 157|0x000000008ed00000, 0x000000008ee00000, 0x000000008ee00000|100%| E|CS|TAMS 0x000000008ed00000, 0x000000008ed00000| Complete 
| 158|0x000000008ee00000, 0x000000008ef00000, 0x000000008ef00000|100%| E|CS|TAMS 0x000000008ee00000, 0x000000008ee00000| Complete 
| 159|0x000000008ef00000, 0x000000008f000000, 0x000000008f000000|100%| E|CS|TAMS 0x000000008ef00000, 0x000000008ef00000| Complete 
| 160|0x000000008f000000, 0x000000008f100000, 0x000000008f100000|100%| E|CS|TAMS 0x000000008f000000, 0x000000008f000000| Complete 
| 161|0x000000008f100000, 0x000000008f200000, 0x000000008f200000|100%| E|CS|TAMS 0x000000008f100000, 0x000000008f100000| Complete 
| 162|0x000000008f200000, 0x000000008f300000, 0x000000008f300000|100%| E|CS|TAMS 0x000000008f200000, 0x000000008f200000| Complete 
| 163|0x000000008f300000, 0x000000008f400000, 0x000000008f400000|100%| E|CS|TAMS 0x000000008f300000, 0x000000008f300000| Complete 
| 164|0x000000008f400000, 0x000000008f500000, 0x000000008f500000|100%| E|CS|TAMS 0x000000008f400000, 0x000000008f400000| Complete 
| 165|0x000000008f500000, 0x000000008f600000, 0x000000008f600000|100%| E|CS|TAMS 0x000000008f500000, 0x000000008f500000| Complete 
| 166|0x000000008f600000, 0x000000008f700000, 0x000000008f700000|100%| E|CS|TAMS 0x000000008f600000, 0x000000008f600000| Complete 
| 167|0x000000008f700000, 0x000000008f800000, 0x000000008f800000|100%| E|CS|TAMS 0x000000008f700000, 0x000000008f700000| Complete 
| 168|0x000000008f800000, 0x000000008f900000, 0x000000008f900000|100%| E|CS|TAMS 0x000000008f800000, 0x000000008f800000| Complete 
| 169|0x000000008f900000, 0x000000008fa00000, 0x000000008fa00000|100%| E|CS|TAMS 0x000000008f900000, 0x000000008f900000| Complete 
| 170|0x000000008fa00000, 0x000000008fb00000, 0x000000008fb00000|100%| E|CS|TAMS 0x000000008fa00000, 0x000000008fa00000| Complete 
| 171|0x000000008fb00000, 0x000000008fc00000, 0x000000008fc00000|100%| E|CS|TAMS 0x000000008fb00000, 0x000000008fb00000| Complete 
| 172|0x000000008fc00000, 0x000000008fd00000, 0x000000008fd00000|100%| E|CS|TAMS 0x000000008fc00000, 0x000000008fc00000| Complete 
| 173|0x000000008fd00000, 0x000000008fe00000, 0x000000008fe00000|100%| E|CS|TAMS 0x000000008fd00000, 0x000000008fd00000| Complete 
| 174|0x000000008fe00000, 0x000000008ff00000, 0x000000008ff00000|100%| E|CS|TAMS 0x000000008fe00000, 0x000000008fe00000| Complete 
|1966|0x00000000ffe00000, 0x00000000ffe47000, 0x00000000fff00000| 27%|OA|  |TAMS 0x00000000ffe47000, 0x00000000ffe00000| Untracked 
|1967|0x00000000fff00000, 0x00000000fff6b000, 0x0000000100000000| 41%|CA|  |TAMS 0x00000000fff6b000, 0x00000000fff00000| Untracked 

Card table byte_map: [0x00007fe99aa3f000,0x00007fe99ae17000] _byte_map_base: 0x00007fe99a617000

Marking Bits (Prev, Next): (CMBitMap*) 0x00007fe994056ee8, (CMBitMap*) 0x00007fe994056f20
 Prev Bits: [0x00007fe9987a7000, 0x00007fe99a667000)
 Next Bits: [0x00007fe976140000, 0x00007fe978000000)

Polling page: 0x00007fe99d67e000

Metaspace:

Usage:
  Non-class:     42,37 MB capacity,    41,61 MB ( 98%) used,   606,32 KB (  1%) free+waste,   162,88 KB ( <1%) overhead. 
      Class:      6,59 MB capacity,     6,08 MB ( 92%) used,   444,27 KB (  7%) free+waste,    77,31 KB (  1%) overhead. 
       Both:     48,96 MB capacity,    47,70 MB ( 97%) used,     1,03 MB (  2%) free+waste,   240,19 KB ( <1%) overhead. 

Virtual space:
  Non-class space:       44,00 MB reserved,      42,50 MB ( 97%) committed 
      Class space:        1,00 GB reserved,       6,62 MB ( <1%) committed 
             Both:        1,04 GB reserved,      49,12 MB (  5%) committed 

Chunk freelists:
   Non-Class:  126,00 KB
       Class:  1,00 KB
        Both:  127,00 KB

MaxMetaspaceSize: unlimited
CompressedClassSpaceSize: 1,00 GB

CodeHeap 'non-profiled nmethods': size=120032Kb used=3032Kb max_used=3032Kb free=117000Kb
 bounds [0x00007fe984340000, 0x00007fe984640000, 0x00007fe98b878000]
CodeHeap 'profiled nmethods': size=120028Kb used=10384Kb max_used=10384Kb free=109643Kb
 bounds [0x00007fe97ce09000, 0x00007fe97d839000, 0x00007fe984340000]
CodeHeap 'non-nmethods': size=5700Kb used=1207Kb max_used=1247Kb free=4492Kb
 bounds [0x00007fe97c878000, 0x00007fe97cae8000, 0x00007fe97ce09000]
 total_blobs=5419 nmethods=4839 adapters=492
 compilation: enabled
              stopped_count=0, restarted_count=0
 full_count=0

Compilation events (20 events):
Event: 9,230 Thread 0x00007fe994196800 nmethod 4887 0x00007fe97d828890 code [0x00007fe97d828a40, 0x00007fe97d828c40]
Event: 9,232 Thread 0x00007fe994196800 4888       3       java.util.Properties$LineReader::readLine (635 bytes)
Event: 9,234 Thread 0x00007fe994196800 nmethod 4888 0x00007fe97d828d10 code [0x00007fe97d8290c0, 0x00007fe97d82b710]
Event: 9,235 Thread 0x00007fe994196800 4890       1       org.apache.tomcat.util.http.MimeHeaderField::getName (5 bytes)
Event: 9,235 Thread 0x00007fe9481a6800 4871       4       java.lang.reflect.Method::equals (69 bytes)
Event: 9,235 Thread 0x00007fe994196800 nmethod 4890 0x00007fe98462fe90 code [0x00007fe984630040, 0x00007fe984630110]
Event: 9,235 Thread 0x00007fe994196800 4891       3       java.util.Calendar::internalGet (7 bytes)
Event: 9,235 Thread 0x00007fe994196800 nmethod 4891 0x00007fe97d82c210 code [0x00007fe97d82c3c0, 0x00007fe97d82c510]
Event: 9,238 Thread 0x00007fe9481a6800 nmethod 4871 0x00007fe984630190 code [0x00007fe984630320, 0x00007fe984630498]
Event: 9,238 Thread 0x00007fe9481a6800 4876       4       sun.reflect.annotation.AnnotationInvocationHandler::invoke (178 bytes)
Event: 9,250 Thread 0x00007fe9481a6800 nmethod 4876 0x00007fe984630610 code [0x00007fe984630840, 0x00007fe9846311e8]
Event: 9,250 Thread 0x00007fe9481a6800 4889   !   4       jdk.internal.loader.URLClassPath$Loader::findResource (108 bytes)
Event: 9,251 Thread 0x00007fe994196800 4892       3       java.util.HashMap::clear (50 bytes)
Event: 9,251 Thread 0x00007fe994196800 nmethod 4892 0x00007fe97d82c610 code [0x00007fe97d82c7e0, 0x00007fe97d82cbd0]
Event: 9,252 Thread 0x00007fe994194800 nmethod 4863 0x00007fe984631710 code [0x00007fe984631980, 0x00007fe984633ea0]
Event: 9,252 Thread 0x00007fe994194800 4868       4       java.lang.reflect.Method::copy (84 bytes)
Event: 9,255 Thread 0x00007fe994194800 nmethod 4868 0x00007fe984634c90 code [0x00007fe984634e40, 0x00007fe984635138]
Event: 9,259 Thread 0x00007fe9481a6800 nmethod 4889 0x00007fe984635210 code [0x00007fe984635420, 0x00007fe984635a20]
Event: 16,252 Thread 0x00007fe994196800 4893       3       java.util.concurrent.atomic.AtomicBoolean::get (13 bytes)
Event: 16,252 Thread 0x00007fe994196800 nmethod 4893 0x00007fe97d82cd10 code [0x00007fe97d82cec0, 0x00007fe97d82d030]

GC Heap History (16 events):
Event: 0,377 GC heap before
{Heap before GC invocations=0 (full 0):
 garbage-first heap   total 129024K, used 25288K [0x0000000085000000, 0x0000000100000000)
  region size 1024K, 24 young (24576K), 0 survivors (0K)
 Metaspace       used 1820K, capacity 5271K, committed 5376K, reserved 1056768K
  class space    used 168K, capacity 483K, committed 512K, reserved 1048576K
}
Event: 0,390 GC heap after
{Heap after GC invocations=1 (full 0):
 garbage-first heap   total 129024K, used 2228K [0x0000000085000000, 0x0000000100000000)
  region size 1024K, 2 young (2048K), 2 survivors (2048K)
 Metaspace       used 1820K, capacity 5271K, committed 5376K, reserved 1056768K
  class space    used 168K, capacity 483K, committed 512K, reserved 1048576K
}
Event: 1,573 GC heap before
{Heap before GC invocations=1 (full 0):
 garbage-first heap   total 129024K, used 74932K [0x0000000085000000, 0x0000000100000000)
  region size 1024K, 74 young (75776K), 2 survivors (2048K)
 Metaspace       used 8268K, capacity 9515K, committed 9728K, reserved 1058816K
  class space    used 1031K, capacity 1232K, committed 1280K, reserved 1048576K
}
Event: 1,588 GC heap after
{Heap after GC invocations=2 (full 0):
 garbage-first heap   total 129024K, used 4778K [0x0000000085000000, 0x0000000100000000)
  region size 1024K, 4 young (4096K), 4 survivors (4096K)
 Metaspace       used 8268K, capacity 9515K, committed 9728K, reserved 1058816K
  class space    used 1031K, capacity 1232K, committed 1280K, reserved 1048576K
}
Event: 2,139 GC heap before
{Heap before GC invocations=2 (full 0):
 garbage-first heap   total 129024K, used 75434K [0x0000000085000000, 0x0000000100000000)
  region size 1024K, 74 young (75776K), 4 survivors (4096K)
 Metaspace       used 14822K, capacity 15339K, committed 15744K, reserved 1062912K
  class space    used 1829K, capacity 2054K, committed 2176K, reserved 1048576K
}
Event: 2,155 GC heap after
{Heap after GC invocations=3 (full 0):
 garbage-first heap   total 129024K, used 6142K [0x0000000085000000, 0x0000000100000000)
  region size 1024K, 6 young (6144K), 6 survivors (6144K)
 Metaspace       used 14822K, capacity 15339K, committed 15744K, reserved 1062912K
  class space    used 1829K, capacity 2054K, committed 2176K, reserved 1048576K
}
Event: 3,036 GC heap before
{Heap before GC invocations=3 (full 0):
 garbage-first heap   total 129024K, used 75774K [0x0000000085000000, 0x0000000100000000)
  region size 1024K, 74 young (75776K), 6 survivors (6144K)
 Metaspace       used 18625K, capacity 19354K, committed 19584K, reserved 1067008K
  class space    used 2286K, capacity 2592K, committed 2688K, reserved 1048576K
}
Event: 3,057 GC heap after
{Heap after GC invocations=4 (full 0):
 garbage-first heap   total 129024K, used 7736K [0x0000000085000000, 0x0000000100000000)
  region size 1024K, 7 young (7168K), 7 survivors (7168K)
 Metaspace       used 18625K, capacity 19354K, committed 19584K, reserved 1067008K
  class space    used 2286K, capacity 2592K, committed 2688K, reserved 1048576K
}
Event: 3,346 GC heap before
{Heap before GC invocations=4 (full 0):
 garbage-first heap   total 129024K, used 29240K [0x0000000085000000, 0x0000000100000000)
  region size 1024K, 29 young (29696K), 7 survivors (7168K)
 Metaspace       used 20469K, capacity 21171K, committed 21248K, reserved 1067008K
  class space    used 2528K, capacity 2812K, committed 2816K, reserved 1048576K
}
Event: 3,357 GC heap after
{Heap after GC invocations=5 (full 0):
 garbage-first heap   total 181248K, used 8257K [0x0000000085000000, 0x0000000100000000)
  region size 1024K, 4 young (4096K), 4 survivors (4096K)
 Metaspace       used 20469K, capacity 21171K, committed 21248K, reserved 1067008K
  class space    used 2528K, capacity 2812K, committed 2816K, reserved 1048576K
}
Event: 4,325 GC heap before
{Heap before GC invocations=6 (full 0):
 garbage-first heap   total 181248K, used 102465K [0x0000000085000000, 0x0000000100000000)
  region size 1024K, 96 young (98304K), 4 survivors (4096K)
 Metaspace       used 29365K, capacity 30461K, committed 30844K, reserved 1075200K
  class space    used 3695K, capacity 4128K, committed 4224K, reserved 1048576K
}
Event: 4,335 GC heap after
{Heap after GC invocations=7 (full 0):
 garbage-first heap   total 181248K, used 11968K [0x0000000085000000, 0x0000000100000000)
  region size 1024K, 8 young (8192K), 8 survivors (8192K)
 Metaspace       used 29365K, capacity 30461K, committed 30844K, reserved 1075200K
  class space    used 3695K, capacity 4128K, committed 4224K, reserved 1048576K
}
Event: 4,646 GC heap before
{Heap before GC invocations=7 (full 0):
 garbage-first heap   total 181248K, used 65216K [0x0000000085000000, 0x0000000100000000)
  region size 1024K, 61 young (62464K), 8 survivors (8192K)
 Metaspace       used 34560K, capacity 35664K, committed 35964K, reserved 1081344K
  class space    used 4459K, capacity 4902K, committed 4992K, reserved 1048576K
}
Event: 4,654 GC heap after
{Heap after GC invocations=8 (full 0):
 garbage-first heap   total 181248K, used 13471K [0x0000000085000000, 0x0000000100000000)
  region size 1024K, 8 young (8192K), 8 survivors (8192K)
 Metaspace       used 34560K, capacity 35664K, committed 35964K, reserved 1081344K
  class space    used 4459K, capacity 4902K, committed 4992K, reserved 1048576K
}
Event: 5,540 GC heap before
{Heap before GC invocations=9 (full 0):
 garbage-first heap   total 181248K, used 113823K [0x0000000085000000, 0x0000000100000000)
  region size 1024K, 106 young (108544K), 8 survivors (8192K)
 Metaspace       used 44278K, capacity 45548K, committed 45948K, reserved 1089536K
  class space    used 5693K, capacity 6164K, committed 6272K, reserved 1048576K
}
Event: 5,566 GC heap after
{Heap after GC invocations=10 (full 0):
 garbage-first heap   total 181248K, used 17690K [0x0000000085000000, 0x0000000100000000)
  region size 1024K, 11 young (11264K), 11 survivors (11264K)
 Metaspace       used 44278K, capacity 45548K, committed 45948K, reserved 1089536K
  class space    used 5693K, capacity 6164K, committed 6272K, reserved 1048576K
}

Deoptimization events (20 events):
Event: 5,905 Thread 0x00007fe994016000 Uncommon trap: trap_request=0xffffffbe fr.pc=0x00007fe9845ff9ec relative=0x000000000000088c
Event: 5,905 Thread 0x00007fe994016000 Uncommon trap: reason=profile_predicate action=maybe_recompile pc=0x00007fe9845ff9ec method=java.lang.PublicMethods$MethodList.filter([Ljava/lang/reflect/Method;Ljava/lang/String;[Ljava/lang/Class;Z)Ljava/lang/PublicMethods$MethodList; @ 21 c2
Event: 5,905 Thread 0x00007fe994016000 DEOPT PACKING pc=0x00007fe9845ff9ec sp=0x00007fe99be484d0
Event: 5,905 Thread 0x00007fe994016000 DEOPT UNPACKING pc=0x00007fe97c89d925 sp=0x00007fe99be48488 mode 2
Event: 5,905 Thread 0x00007fe994016000 Uncommon trap: trap_request=0xffffffbe fr.pc=0x00007fe9845ff9ec relative=0x000000000000088c
Event: 5,905 Thread 0x00007fe994016000 Uncommon trap: reason=profile_predicate action=maybe_recompile pc=0x00007fe9845ff9ec method=java.lang.PublicMethods$MethodList.filter([Ljava/lang/reflect/Method;Ljava/lang/String;[Ljava/lang/Class;Z)Ljava/lang/PublicMethods$MethodList; @ 21 c2
Event: 5,905 Thread 0x00007fe994016000 DEOPT PACKING pc=0x00007fe9845ff9ec sp=0x00007fe99be48420
Event: 5,905 Thread 0x00007fe994016000 DEOPT UNPACKING pc=0x00007fe97c89d925 sp=0x00007fe99be483d8 mode 2
Event: 5,905 Thread 0x00007fe994016000 Uncommon trap: trap_request=0xffffffbe fr.pc=0x00007fe9845ff9ec relative=0x000000000000088c
Event: 5,905 Thread 0x00007fe994016000 Uncommon trap: reason=profile_predicate action=maybe_recompile pc=0x00007fe9845ff9ec method=java.lang.PublicMethods$MethodList.filter([Ljava/lang/reflect/Method;Ljava/lang/String;[Ljava/lang/Class;Z)Ljava/lang/PublicMethods$MethodList; @ 21 c2
Event: 5,905 Thread 0x00007fe994016000 DEOPT PACKING pc=0x00007fe9845ff9ec sp=0x00007fe99be48420
Event: 5,905 Thread 0x00007fe994016000 DEOPT UNPACKING pc=0x00007fe97c89d925 sp=0x00007fe99be483d8 mode 2
Event: 5,905 Thread 0x00007fe994016000 Uncommon trap: trap_request=0xffffffbe fr.pc=0x00007fe9845ff9ec relative=0x000000000000088c
Event: 5,905 Thread 0x00007fe994016000 Uncommon trap: reason=profile_predicate action=maybe_recompile pc=0x00007fe9845ff9ec method=java.lang.PublicMethods$MethodList.filter([Ljava/lang/reflect/Method;Ljava/lang/String;[Ljava/lang/Class;Z)Ljava/lang/PublicMethods$MethodList; @ 21 c2
Event: 5,905 Thread 0x00007fe994016000 DEOPT PACKING pc=0x00007fe9845ff9ec sp=0x00007fe99be48370
Event: 5,905 Thread 0x00007fe994016000 DEOPT UNPACKING pc=0x00007fe97c89d925 sp=0x00007fe99be48328 mode 2
Event: 5,950 Thread 0x00007fe994016000 Uncommon trap: trap_request=0xffffff4d fr.pc=0x00007fe9844d418c relative=0x000000000000006c
Event: 5,950 Thread 0x00007fe994016000 Uncommon trap: reason=unstable_if action=reinterpret pc=0x00007fe9844d418c method=org.springframework.util.ConcurrentReferenceHashMap$Segment.clear()V @ 7 c2
Event: 5,950 Thread 0x00007fe994016000 DEOPT PACKING pc=0x00007fe9844d418c sp=0x00007fe99be48940
Event: 5,950 Thread 0x00007fe994016000 DEOPT UNPACKING pc=0x00007fe97c89d925 sp=0x00007fe99be488f0 mode 2

Classes redefined (0 events):
No events

Internal exceptions (20 events):
Event: 5,042 Thread 0x00007fe994016000 Exception <a 'java/lang/NoSuchMethodError'{0x000000008d76bff0}: 'java.lang.Object java.lang.invoke.DirectMethodHandle$Holder.newInvokeSpecial(java.lang.Object, java.lang.Object, int, java.lang.Object, java.lang.Object)'> (0x000000008d76bff0) thrown at [src/hotspot/share/interpreter/linkResolver.cpp, line 772]
Event: 5,119 Thread 0x00007fe994016000 Exception <a 'java/lang/NoSuchMethodError'{0x000000008b730880}: 'void java.lang.invoke.DirectMethodHandle$Holder.invokeInterface(java.lang.Object, java.lang.Object)'> (0x000000008b730880) thrown at [src/hotspot/share/interpreter/linkResolver.cpp, line 772]
Event: 5,268 Thread 0x00007fe994016000 Exception <a 'java/lang/ClassNotFoundException'{0x000000008a70d9a0}: java/lang/ObjectCustomizer> (0x000000008a70d9a0) thrown at [src/hotspot/share/classfile/systemDictionary.cpp, line 231]
Event: 5,269 Thread 0x00007fe994016000 Exception <a 'java/lang/ClassNotFoundException'{0x000000008a733828}: org/springframework/web/servlet/config/annotation/WebMvcConfigurationSupportCustomizer> (0x000000008a733828) thrown at [src/hotspot/share/classfile/systemDictionary.cpp, line 231]
Event: 5,271 Thread 0x00007fe994016000 Exception <a 'java/lang/ClassNotFoundException'{0x000000008a765f70}: org/springframework/web/servlet/config/annotation/DelegatingWebMvcConfigurationCustomizer> (0x000000008a765f70) thrown at [src/hotspot/share/classfile/systemDictionary.cpp, line 231]
Event: 5,272 Thread 0x00007fe994016000 Exception <a 'java/lang/ClassNotFoundException'{0x000000008a790790}: org/springframework/boot/autoconfigure/web/servlet/WebMvcAutoConfiguration$EnableWebMvcConfigurationCustomizer> (0x000000008a790790) thrown at [src/hotspot/share/classfile/systemDictionary.cpp, line 231]
Event: 5,274 Thread 0x00007fe994016000 Exception <a 'java/lang/ClassNotFoundException'{0x000000008a7be870}: org/springframework/context/ResourceLoaderAwareCustomizer> (0x000000008a7be870) thrown at [src/hotspot/share/classfile/systemDictionary.cpp, line 231]
Event: 5,275 Thread 0x00007fe994016000 Exception <a 'java/lang/ClassNotFoundException'{0x000000008a7dd0b0}: org/springframework/beans/factory/AwareCustomizer> (0x000000008a7dd0b0) thrown at [src/hotspot/share/classfile/systemDictionary.cpp, line 231]
Event: 5,275 Thread 0x00007fe994016000 Exception <a 'java/lang/ClassNotFoundException'{0x000000008a7fc630}: org/springframework/context/ApplicationContextAwareCustomizer> (0x000000008a7fc630) thrown at [src/hotspot/share/classfile/systemDictionary.cpp, line 231]
Event: 5,276 Thread 0x00007fe994016000 Exception <a 'java/lang/ClassNotFoundException'{0x000000008a61bcd0}: org/springframework/beans/factory/AwareCustomizer> (0x000000008a61bcd0) thrown at [src/hotspot/share/classfile/systemDictionary.cpp, line 231]
Event: 5,277 Thread 0x00007fe994016000 Exception <a 'java/lang/ClassNotFoundException'{0x000000008a63b228}: org/springframework/web/context/ServletContextAwareCustomizer> (0x000000008a63b228) thrown at [src/hotspot/share/classfile/systemDictionary.cpp, line 231]
Event: 5,278 Thread 0x00007fe994016000 Exception <a 'java/lang/ClassNotFoundException'{0x000000008a659ed0}: org/springframework/beans/factory/AwareCustomizer> (0x000000008a659ed0) thrown at [src/hotspot/share/classfile/systemDictionary.cpp, line 231]
Event: 5,517 Thread 0x00007fe994016000 Exception <a 'java/lang/NoSuchMethodError'{0x0000000089671c00}: 'void java.lang.invoke.DirectMethodHandle$Holder.invokeVirtual(java.lang.Object, java.lang.Object, int)'> (0x0000000089671c00) thrown at [src/hotspot/share/interpreter/linkResolver.cpp, line 772]
Event: 5,520 Thread 0x00007fe994016000 Exception <a 'java/lang/NoSuchMethodError'{0x000000008950b360}: 'void java.lang.invoke.DirectMethodHandle$Holder.invokeVirtual(java.lang.Object, java.lang.Object, long)'> (0x000000008950b360) thrown at [src/hotspot/share/interpreter/linkResolver.cpp, line 772]
Event: 5,750 Thread 0x00007fe994016000 Exception <a 'java/lang/IncompatibleClassChangeError'{0x000000008f5d2450}: Found class java.lang.Object, but interface was expected> (0x000000008f5d2450) thrown at [src/hotspot/share/interpreter/linkResolver.cpp, line 839]
Event: 5,848 Thread 0x00007fe994016000 Implicit null exception at 0x00007fe984558777 to 0x00007fe98455bb28
Event: 5,917 Thread 0x00007fe994016000 Exception <a 'java/lang/NoSuchMethodError'{0x000000008ecdc338}: 'java.lang.Object java.lang.invoke.DirectMethodHandle$Holder.invokeSpecial(java.lang.Object, java.lang.Object, int, java.lang.Object, int, java.lang.Object)'> (0x000000008ecdc338) thrown at [src/hotspot/share/interpreter/linkResolver.cpp, line 772]
Event: 5,917 Thread 0x00007fe994016000 Exception <a 'java/lang/NoSuchMethodError'{0x000000008ece3ac8}: 'java.lang.Object java.lang.invoke.DirectMethodHandle$Holder.invokeStatic(java.lang.Object, java.lang.Object, int, java.lang.Object, int)'> (0x000000008ece3ac8) thrown at [src/hotspot/share/interpreter/linkResolver.cpp, line 772]
Event: 5,917 Thread 0x00007fe994016000 Exception <a 'java/lang/NoSuchMethodError'{0x000000008ece72a8}: 'java.lang.Object java.lang.invoke.DirectMethodHandle$Holder.invokeSpecial(java.lang.Object, java.lang.Object, java.lang.Object, int, java.lang.Object, int)'> (0x000000008ece72a8) thrown at [src/hotspot/share/interpreter/linkResolver.cpp, line 772]
Event: 5,919 Thread 0x00007fe994016000 Exception <a 'java/lang/NoSuchMethodError'{0x000000008ecf5fa0}: 'void java.lang.invoke.DirectMethodHandle$Holder.invokeVirtual(java.lang.Object, java.lang.Object)'> (0x000000008ecf5fa0) thrown at [src/hotspot/share/interpreter/linkResolver.cpp, line 772]

Events (20 events):
Event: 9,244 Executing VM operation: RevokeBias
Event: 9,244 Executing VM operation: RevokeBias done
Event: 9,245 Executing VM operation: RevokeBias
Event: 9,245 Executing VM operation: RevokeBias done
Event: 10,174 Executing VM operation: RevokeBias
Event: 10,174 Executing VM operation: RevokeBias done
Event: 10,174 Thread 0x00007fe900001000 Thread exited: 0x00007fe900001000
Event: 14,038 Executing VM operation: RevokeBias
Event: 14,038 Executing VM operation: RevokeBias done
Event: 14,038 Executing VM operation: RevokeBias
Event: 14,039 Executing VM operation: RevokeBias done
Event: 14,039 loading class org/apache/catalina/webresources/Cache$EvictionOrder
Event: 14,039 loading class org/apache/catalina/webresources/Cache$EvictionOrder done
Event: 14,041 Executing VM operation: RevokeBias
Event: 14,041 Executing VM operation: RevokeBias done
Event: 14,041 loading class org/apache/tomcat/PeriodicEventListener
Event: 14,041 loading class org/apache/tomcat/PeriodicEventListener done
Event: 14,042 Executing VM operation: RevokeBias
Event: 14,042 Executing VM operation: RevokeBias done
Event: 14,259 Thread 0x00007fe9481a6800 Thread exited: 0x00007fe9481a6800


Dynamic libraries:
85000000-8ff00000 rw-p 00000000 00:00 0 
8ff00000-ffe00000 ---p 00000000 00:00 0 
ffe00000-ffe47000 rw-p 01111000 08:02 8526583                            /usr/lib/jvm/java-11-openjdk-amd64/lib/server/classes.jsa
ffe47000-fff00000 rw-p 00000000 00:00 0 
fff00000-fff6b000 rw-p 010a6000 08:02 8526583                            /usr/lib/jvm/java-11-openjdk-amd64/lib/server/classes.jsa
fff6b000-100000000 rw-p 00000000 00:00 0 
800000000-800002000 rwxp 00001000 08:02 8526583                          /usr/lib/jvm/java-11-openjdk-amd64/lib/server/classes.jsa
800002000-8003b9000 rw-p 00003000 08:02 8526583                          /usr/lib/jvm/java-11-openjdk-amd64/lib/server/classes.jsa
8003b9000-800a96000 r--p 003ba000 08:02 8526583                          /usr/lib/jvm/java-11-openjdk-amd64/lib/server/classes.jsa
800a96000-800a97000 rw-p 00a97000 08:02 8526583                          /usr/lib/jvm/java-11-openjdk-amd64/lib/server/classes.jsa
800a97000-8010a5000 r--p 00a98000 08:02 8526583                          /usr/lib/jvm/java-11-openjdk-amd64/lib/server/classes.jsa
840000000-8406a0000 rw-p 00000000 00:00 0 
8406a0000-880000000 ---p 00000000 00:00 0 
557362db6000-557362db7000 r--p 00000000 08:02 8519956                    /usr/lib/jvm/java-11-openjdk-amd64/bin/java
557362db7000-557362db8000 r-xp 00001000 08:02 8519956                    /usr/lib/jvm/java-11-openjdk-amd64/bin/java
557362db8000-557362db9000 r--p 00002000 08:02 8519956                    /usr/lib/jvm/java-11-openjdk-amd64/bin/java
557362db9000-557362dba000 r--p 00002000 08:02 8519956                    /usr/lib/jvm/java-11-openjdk-amd64/bin/java
557362dba000-557362dbb000 rw-p 00003000 08:02 8519956                    /usr/lib/jvm/java-11-openjdk-amd64/bin/java
557363a28000-557363a77000 rw-p 00000000 00:00 0                          [heap]
7fe8bc000000-7fe8bc029000 rw-p 00000000 00:00 0 
7fe8bc029000-7fe8c0000000 ---p 00000000 00:00 0 
7fe8c4000000-7fe8c4021000 rw-p 00000000 00:00 0 
7fe8c4021000-7fe8c8000000 ---p 00000000 00:00 0 
7fe8c8000000-7fe8c8021000 rw-p 00000000 00:00 0 
7fe8c8021000-7fe8cc000000 ---p 00000000 00:00 0 
7fe8cc000000-7fe8cc021000 rw-p 00000000 00:00 0 
7fe8cc021000-7fe8d0000000 ---p 00000000 00:00 0 
7fe8d0000000-7fe8d0021000 rw-p 00000000 00:00 0 
7fe8d0021000-7fe8d4000000 ---p 00000000 00:00 0 
7fe8d4000000-7fe8d4021000 rw-p 00000000 00:00 0 
7fe8d4021000-7fe8d8000000 ---p 00000000 00:00 0 
7fe8d8000000-7fe8d8021000 rw-p 00000000 00:00 0 
7fe8d8021000-7fe8dc000000 ---p 00000000 00:00 0 
7fe8dc000000-7fe8dc021000 rw-p 00000000 00:00 0 
7fe8dc021000-7fe8e0000000 ---p 00000000 00:00 0 
7fe8e0000000-7fe8e0021000 rw-p 00000000 00:00 0 
7fe8e0021000-7fe8e4000000 ---p 00000000 00:00 0 
7fe8e4000000-7fe8e4021000 rw-p 00000000 00:00 0 
7fe8e4021000-7fe8e8000000 ---p 00000000 00:00 0 
7fe8e8000000-7fe8e8021000 rw-p 00000000 00:00 0 
7fe8e8021000-7fe8ec000000 ---p 00000000 00:00 0 
7fe8ec000000-7fe8ec021000 rw-p 00000000 00:00 0 
7fe8ec021000-7fe8f0000000 ---p 00000000 00:00 0 
7fe8f0000000-7fe8f02d1000 rw-p 00000000 00:00 0 
7fe8f02d1000-7fe8f4000000 ---p 00000000 00:00 0 
7fe8f4000000-7fe8f4021000 rw-p 00000000 00:00 0 
7fe8f4021000-7fe8f8000000 ---p 00000000 00:00 0 
7fe8fa9f2000-7fe8faa72000 rw-p 00000000 00:00 0 
7fe8faa72000-7fe8fabf2000 ---p 00000000 00:00 0 
7fe8fabf2000-7fe8fadf2000 rw-p 00000000 00:00 0 
7fe8fadf2000-7fe8fadf6000 ---p 00000000 00:00 0 
7fe8fadf6000-7fe8faef3000 rw-p 00000000 00:00 0 
7fe8faef3000-7fe8faef7000 ---p 00000000 00:00 0 
7fe8faef7000-7fe8faff4000 rw-p 00000000 00:00 0 
7fe8faff4000-7fe8faff8000 ---p 00000000 00:00 0 
7fe8faff8000-7fe8fb0f5000 rw-p 00000000 00:00 0 
7fe8fb0f5000-7fe8fb0f9000 ---p 00000000 00:00 0 
7fe8fb0f9000-7fe8fb1f6000 rw-p 00000000 00:00 0 
7fe8fb1f6000-7fe8fb1fa000 ---p 00000000 00:00 0 
7fe8fb1fa000-7fe8fb2f7000 rw-p 00000000 00:00 0 
7fe8fb2f7000-7fe8fb2fb000 ---p 00000000 00:00 0 
7fe8fb2fb000-7fe8fb3f8000 rw-p 00000000 00:00 0 
7fe8fb3f8000-7fe8fb3fc000 ---p 00000000 00:00 0 
7fe8fb3fc000-7fe8fb4f9000 rw-p 00000000 00:00 0 
7fe8fb4f9000-7fe8fb4fd000 ---p 00000000 00:00 0 
7fe8fb4fd000-7fe8fb5fa000 rw-p 00000000 00:00 0 
7fe8fb5fa000-7fe8fb5fe000 ---p 00000000 00:00 0 
7fe8fb5fe000-7fe8fb6fb000 rw-p 00000000 00:00 0 
7fe8fb6fb000-7fe8fb6ff000 ---p 00000000 00:00 0 
7fe8fb6ff000-7fe8fb7fc000 rw-p 00000000 00:00 0 
7fe8fb7fc000-7fe8fb800000 ---p 00000000 00:00 0 
7fe8fb800000-7fe8fb8fd000 rw-p 00000000 00:00 0 
7fe8fb8fd000-7fe8fb901000 ---p 00000000 00:00 0 
7fe8fb901000-7fe8fb9fe000 rw-p 00000000 00:00 0 
7fe8fb9fe000-7fe8fba02000 ---p 00000000 00:00 0 
7fe8fba02000-7fe8fbcff000 rw-p 00000000 00:00 0 
7fe8fbcff000-7fe8fbeff000 rw-p 00000000 00:00 0 
7fe8fbeff000-7fe8fbf03000 ---p 00000000 00:00 0 
7fe8fbf03000-7fe8fc000000 rw-p 00000000 00:00 0 
7fe8fc000000-7fe8fc021000 rw-p 00000000 00:00 0 
7fe8fc021000-7fe900000000 ---p 00000000 00:00 0 
7fe900000000-7fe900021000 rw-p 00000000 00:00 0 
7fe900021000-7fe904000000 ---p 00000000 00:00 0 
7fe904000000-7fe904021000 rw-p 00000000 00:00 0 
7fe904021000-7fe908000000 ---p 00000000 00:00 0 
7fe908000000-7fe908021000 rw-p 00000000 00:00 0 
7fe908021000-7fe90c000000 ---p 00000000 00:00 0 
7fe90c000000-7fe90c021000 rw-p 00000000 00:00 0 
7fe90c021000-7fe910000000 ---p 00000000 00:00 0 
7fe910000000-7fe910021000 rw-p 00000000 00:00 0 
7fe910021000-7fe914000000 ---p 00000000 00:00 0 
7fe914000000-7fe914021000 rw-p 00000000 00:00 0 
7fe914021000-7fe918000000 ---p 00000000 00:00 0 
7fe918000000-7fe918021000 rw-p 00000000 00:00 0 
7fe918021000-7fe91c000000 ---p 00000000 00:00 0 
7fe91c000000-7fe91c021000 rw-p 00000000 00:00 0 
7fe91c021000-7fe920000000 ---p 00000000 00:00 0 
7fe920000000-7fe920021000 rw-p 00000000 00:00 0 
7fe920021000-7fe924000000 ---p 00000000 00:00 0 
7fe924000000-7fe924021000 rw-p 00000000 00:00 0 
7fe924021000-7fe928000000 ---p 00000000 00:00 0 
7fe928000000-7fe928465000 rw-p 00000000 00:00 0 
7fe928465000-7fe92c000000 ---p 00000000 00:00 0 
7fe92c000000-7fe92d595000 rw-p 00000000 00:00 0 
7fe92d595000-7fe930000000 ---p 00000000 00:00 0 
7fe930000000-7fe930022000 rw-p 00000000 00:00 0 
7fe930022000-7fe934000000 ---p 00000000 00:00 0 
7fe934000000-7fe934021000 rw-p 00000000 00:00 0 
7fe934021000-7fe938000000 ---p 00000000 00:00 0 
7fe938000000-7fe9390c5000 rw-p 00000000 00:00 0 
7fe9390c5000-7fe93c000000 ---p 00000000 00:00 0 
7fe93c000000-7fe93c021000 rw-p 00000000 00:00 0 
7fe93c021000-7fe940000000 ---p 00000000 00:00 0 
7fe940000000-7fe940021000 rw-p 00000000 00:00 0 
7fe940021000-7fe944000000 ---p 00000000 00:00 0 
7fe944000000-7fe945bc7000 rw-p 00000000 00:00 0 
7fe945bc7000-7fe948000000 ---p 00000000 00:00 0 
7fe948000000-7fe948c34000 rw-p 00000000 00:00 0 
7fe948c34000-7fe94c000000 ---p 00000000 00:00 0 
7fe94c000000-7fe94c021000 rw-p 00000000 00:00 0 
7fe94c021000-7fe950000000 ---p 00000000 00:00 0 
7fe950000000-7fe950021000 rw-p 00000000 00:00 0 
7fe950021000-7fe954000000 ---p 00000000 00:00 0 
7fe954000000-7fe954021000 rw-p 00000000 00:00 0 
7fe954021000-7fe958000000 ---p 00000000 00:00 0 
7fe958000000-7fe958021000 rw-p 00000000 00:00 0 
7fe958021000-7fe95c000000 ---p 00000000 00:00 0 
7fe95c000000-7fe95c138000 rw-p 00000000 00:00 0 
7fe95c138000-7fe960000000 ---p 00000000 00:00 0 
7fe960000000-7fe960021000 rw-p 00000000 00:00 0 
7fe960021000-7fe964000000 ---p 00000000 00:00 0 
7fe964070000-7fe964270000 rw-p 00000000 00:00 0 
7fe964270000-7fe964274000 ---p 00000000 00:00 0 
7fe964274000-7fe964571000 rw-p 00000000 00:00 0 
7fe964571000-7fe964771000 rw-p 00000000 00:00 0 
7fe964771000-7fe964971000 rw-p 00000000 00:00 0 
7fe964971000-7fe964b71000 rw-p 00000000 00:00 0 
7fe964b71000-7fe964b72000 ---p 00000000 00:00 0 
7fe964b72000-7fe964c73000 rw-p 00000000 00:00 0 
7fe964c73000-7fe964c74000 ---p 00000000 00:00 0 
7fe964c74000-7fe964d75000 rw-p 00000000 00:00 0 
7fe964d75000-7fe964d76000 ---p 00000000 00:00 0 
7fe964d76000-7fe964e77000 rw-p 00000000 00:00 0 
7fe964e77000-7fe964e78000 ---p 00000000 00:00 0 
7fe964e78000-7fe965179000 rw-p 00000000 00:00 0 
7fe965179000-7fe96517d000 ---p 00000000 00:00 0 
7fe96517d000-7fe96527a000 rw-p 00000000 00:00 0 
7fe96527a000-7fe96527e000 ---p 00000000 00:00 0 
7fe96527e000-7fe96537b000 rw-p 00000000 00:00 0 
7fe96537b000-7fe96537f000 ---p 00000000 00:00 0 
7fe96537f000-7fe96567c000 rw-p 00000000 00:00 0 
7fe96567c000-7fe96587c000 rw-p 00000000 00:00 0 
7fe96587c000-7fe965a7b000 rw-p 00000000 00:00 0 
7fe965a7b000-7fe965a7c000 ---p 00000000 00:00 0 
7fe965a7c000-7fe965a7d000 ---p 00000000 00:00 0 
7fe965a7d000-7fe965d7e000 rw-p 00000000 00:00 0 
7fe965d7e000-7fe965f7e000 rw-p 00000000 00:00 0 
7fe965f7e000-7fe96617e000 rw-p 00000000 00:00 0 
7fe96617e000-7fe96637e000 rw-p 00000000 00:00 0 
7fe96637e000-7fe96637f000 ---p 00000000 00:00 0 
7fe96637f000-7fe966480000 rw-p 00000000 00:00 0 
7fe966480000-7fe966484000 ---p 00000000 00:00 0 
7fe966484000-7fe966781000 rw-p 00000000 00:00 0 
7fe966781000-7fe966782000 ---p 00000000 00:00 0 
7fe966782000-7fe966883000 rw-p 00000000 00:00 0 
7fe966883000-7fe966884000 ---p 00000000 00:00 0 
7fe966884000-7fe966985000 rw-p 00000000 00:00 0 
7fe966985000-7fe966989000 ---p 00000000 00:00 0 
7fe966989000-7fe966a86000 rw-p 00000000 00:00 0 
7fe966a86000-7fe966a8a000 ---p 00000000 00:00 0 
7fe966a8a000-7fe966b87000 rw-p 00000000 00:00 0 
7fe966b87000-7fe966b8b000 ---p 00000000 00:00 0 
7fe966b8b000-7fe966c88000 rw-p 00000000 00:00 0 
7fe966c88000-7fe966c89000 ---p 00000000 00:00 0 
7fe966c89000-7fe966d8a000 rw-p 00000000 00:00 0 
7fe966d8a000-7fe966d8e000 ---p 00000000 00:00 0 
7fe966d8e000-7fe966e8b000 rw-p 00000000 00:00 0 
7fe966e8b000-7fe966e8f000 ---p 00000000 00:00 0 
7fe966e8f000-7fe966f8c000 rw-p 00000000 00:00 0 
7fe966f8c000-7fe966f90000 ---p 00000000 00:00 0 
7fe966f90000-7fe96708d000 rw-p 00000000 00:00 0 
7fe96708d000-7fe967091000 ---p 00000000 00:00 0 
7fe967091000-7fe96718e000 rw-p 00000000 00:00 0 
7fe96718e000-7fe967192000 ---p 00000000 00:00 0 
7fe967192000-7fe96728f000 rw-p 00000000 00:00 0 
7fe96728f000-7fe967800000 r--p 00000000 08:02 8390692                    /usr/lib/locale/locale-archive
7fe967800000-7fe968000000 rw-p 00000000 00:00 0 
7fe968000000-7fe968021000 rw-p 00000000 00:00 0 
7fe968021000-7fe96c000000 ---p 00000000 00:00 0 
7fe96c000000-7fe96c021000 rw-p 00000000 00:00 0 
7fe96c021000-7fe970000000 ---p 00000000 00:00 0 
7fe970000000-7fe970021000 rw-p 00000000 00:00 0 
7fe970021000-7fe974000000 ---p 00000000 00:00 0 
7fe97403f000-7fe974043000 ---p 00000000 00:00 0 
7fe974043000-7fe9763fc000 rw-p 00000000 00:00 0 
7fe9763fc000-7fe977ff8000 ---p 00000000 00:00 0 
7fe977ff8000-7fe978000000 rw-p 00000000 00:00 0 
7fe978000000-7fe978021000 rw-p 00000000 00:00 0 
7fe978021000-7fe97c000000 ---p 00000000 00:00 0 
7fe97c042000-7fe97c04a000 r--p 00000000 08:02 8520875                    /usr/lib/jvm/java-11-openjdk-amd64/lib/libsunec.so
7fe97c04a000-7fe97c063000 r-xp 00008000 08:02 8520875                    /usr/lib/jvm/java-11-openjdk-amd64/lib/libsunec.so
7fe97c063000-7fe97c06d000 r--p 00021000 08:02 8520875                    /usr/lib/jvm/java-11-openjdk-amd64/lib/libsunec.so
7fe97c06d000-7fe97c06e000 ---p 0002b000 08:02 8520875                    /usr/lib/jvm/java-11-openjdk-amd64/lib/libsunec.so
7fe97c06e000-7fe97c072000 r--p 0002b000 08:02 8520875                    /usr/lib/jvm/java-11-openjdk-amd64/lib/libsunec.so
7fe97c072000-7fe97c074000 rw-p 0002f000 08:02 8520875                    /usr/lib/jvm/java-11-openjdk-amd64/lib/libsunec.so
7fe97c074000-7fe97c075000 r--p 00000000 08:02 8520850                    /usr/lib/jvm/java-11-openjdk-amd64/lib/libextnet.so
7fe97c075000-7fe97c076000 r-xp 00001000 08:02 8520850                    /usr/lib/jvm/java-11-openjdk-amd64/lib/libextnet.so
7fe97c076000-7fe97c077000 r--p 00002000 08:02 8520850                    /usr/lib/jvm/java-11-openjdk-amd64/lib/libextnet.so
7fe97c077000-7fe97c078000 r--p 00002000 08:02 8520850                    /usr/lib/jvm/java-11-openjdk-amd64/lib/libextnet.so
7fe97c078000-7fe97c079000 rw-p 00003000 08:02 8520850                    /usr/lib/jvm/java-11-openjdk-amd64/lib/libextnet.so
7fe97c079000-7fe97c07d000 r--p 00000000 08:02 8520868                    /usr/lib/jvm/java-11-openjdk-amd64/lib/libnet.so
7fe97c07d000-7fe97c08c000 r-xp 00004000 08:02 8520868                    /usr/lib/jvm/java-11-openjdk-amd64/lib/libnet.so
7fe97c08c000-7fe97c090000 r--p 00013000 08:02 8520868                    /usr/lib/jvm/java-11-openjdk-amd64/lib/libnet.so
7fe97c090000-7fe97c091000 r--p 00016000 08:02 8520868                    /usr/lib/jvm/java-11-openjdk-amd64/lib/libnet.so
7fe97c091000-7fe97c092000 rw-p 00017000 08:02 8520868                    /usr/lib/jvm/java-11-openjdk-amd64/lib/libnet.so
7fe97c092000-7fe97c096000 ---p 00000000 00:00 0 
7fe97c096000-7fe97c193000 rw-p 00000000 00:00 0 
7fe97c193000-7fe97c194000 ---p 00000000 00:00 0 
7fe97c194000-7fe97c371000 rw-p 00000000 00:00 0 
7fe97c371000-7fe97c372000 ---p 00000000 00:00 0 
7fe97c372000-7fe97c473000 rw-p 00000000 00:00 0 
7fe97c473000-7fe97c474000 ---p 00000000 00:00 0 
7fe97c474000-7fe97c878000 rw-p 00000000 00:00 0 
7fe97c878000-7fe97cae8000 rwxp 00000000 00:00 0 
7fe97cae8000-7fe97ce09000 ---p 00000000 00:00 0 
7fe97ce09000-7fe97d839000 rwxp 00000000 00:00 0 
7fe97d839000-7fe984340000 ---p 00000000 00:00 0 
7fe984340000-7fe984640000 rwxp 00000000 00:00 0 
7fe984640000-7fe98b878000 ---p 00000000 00:00 0 
7fe98b878000-7fe994000000 r--s 00000000 08:02 8520887                    /usr/lib/jvm/java-11-openjdk-amd64/lib/modules
7fe994000000-7fe99575a000 rw-p 00000000 00:00 0 
7fe99575a000-7fe998000000 ---p 00000000 00:00 0 
7fe998002000-7fe998004000 r--p 00000000 08:02 8520866                    /usr/lib/jvm/java-11-openjdk-amd64/lib/libmanagement_ext.so
7fe998004000-7fe998007000 r-xp 00002000 08:02 8520866                    /usr/lib/jvm/java-11-openjdk-amd64/lib/libmanagement_ext.so
7fe998007000-7fe998008000 r--p 00005000 08:02 8520866                    /usr/lib/jvm/java-11-openjdk-amd64/lib/libmanagement_ext.so
7fe998008000-7fe998009000 ---p 00006000 08:02 8520866                    /usr/lib/jvm/java-11-openjdk-amd64/lib/libmanagement_ext.so
7fe998009000-7fe99800a000 r--p 00006000 08:02 8520866                    /usr/lib/jvm/java-11-openjdk-amd64/lib/libmanagement_ext.so
7fe99800a000-7fe99800b000 rw-p 00007000 08:02 8520866                    /usr/lib/jvm/java-11-openjdk-amd64/lib/libmanagement_ext.so
7fe99800b000-7fe998012000 r--p 00000000 08:02 8520869                    /usr/lib/jvm/java-11-openjdk-amd64/lib/libnio.so
7fe998012000-7fe99801a000 r-xp 00007000 08:02 8520869                    /usr/lib/jvm/java-11-openjdk-amd64/lib/libnio.so
7fe99801a000-7fe99801d000 r--p 0000f000 08:02 8520869                    /usr/lib/jvm/java-11-openjdk-amd64/lib/libnio.so
7fe99801d000-7fe99801e000 r--p 00011000 08:02 8520869                    /usr/lib/jvm/java-11-openjdk-amd64/lib/libnio.so
7fe99801e000-7fe99801f000 rw-p 00012000 08:02 8520869                    /usr/lib/jvm/java-11-openjdk-amd64/lib/libnio.so
7fe99801f000-7fe998524000 rw-p 00000000 00:00 0 
7fe998524000-7fe998525000 ---p 00000000 00:00 0 
7fe998525000-7fe998626000 rw-p 00000000 00:00 0 
7fe998626000-7fe998627000 ---p 00000000 00:00 0 
7fe998627000-7fe998a63000 rw-p 00000000 00:00 0 
7fe998a63000-7fe99a65f000 ---p 00000000 00:00 0 
7fe99a65f000-7fe99a6bf000 rw-p 00000000 00:00 0 
7fe99a6bf000-7fe99aa3e000 ---p 00000000 00:00 0 
7fe99aa3e000-7fe99aa97000 rw-p 00000000 00:00 0 
7fe99aa97000-7fe99ae16000 ---p 00000000 00:00 0 
7fe99ae16000-7fe99ae6f000 rw-p 00000000 00:00 0 
7fe99ae6f000-7fe99b1ee000 ---p 00000000 00:00 0 
7fe99b1ee000-7fe99b9f7000 rw-p 00000000 00:00 0 
7fe99b9f7000-7fe99b9f8000 ---p 00000000 00:00 0 
7fe99b9f8000-7fe99baff000 rw-p 00000000 00:00 0 
7fe99baff000-7fe99bbe4000 ---p 00000000 00:00 0 
7fe99bbe4000-7fe99bbf9000 rw-p 00000000 00:00 0 
7fe99bbf9000-7fe99bccf000 ---p 00000000 00:00 0 
7fe99bccf000-7fe99bcd4000 rw-p 00000000 00:00 0 
7fe99bcd4000-7fe99bcdb000 ---p 00000000 00:00 0 
7fe99bcdb000-7fe99bcde000 r--p 00000000 08:02 8394178                    /usr/lib/x86_64-linux-gnu/libnss_files-2.31.so
7fe99bcde000-7fe99bce5000 r-xp 00003000 08:02 8394178                    /usr/lib/x86_64-linux-gnu/libnss_files-2.31.so
7fe99bce5000-7fe99bce7000 r--p 0000a000 08:02 8394178                    /usr/lib/x86_64-linux-gnu/libnss_files-2.31.so
7fe99bce7000-7fe99bce8000 r--p 0000b000 08:02 8394178                    /usr/lib/x86_64-linux-gnu/libnss_files-2.31.so
7fe99bce8000-7fe99bce9000 rw-p 0000c000 08:02 8394178                    /usr/lib/x86_64-linux-gnu/libnss_files-2.31.so
7fe99bce9000-7fe99bcef000 rw-p 00000000 00:00 0 
7fe99bcef000-7fe99bcf2000 r--p 00000000 08:02 8520864                    /usr/lib/jvm/java-11-openjdk-amd64/lib/libmanagement.so
7fe99bcf2000-7fe99bcf3000 r-xp 00003000 08:02 8520864                    /usr/lib/jvm/java-11-openjdk-amd64/lib/libmanagement.so
7fe99bcf3000-7fe99bcf4000 r--p 00004000 08:02 8520864                    /usr/lib/jvm/java-11-openjdk-amd64/lib/libmanagement.so
7fe99bcf4000-7fe99bcf5000 r--p 00004000 08:02 8520864                    /usr/lib/jvm/java-11-openjdk-amd64/lib/libmanagement.so
7fe99bcf5000-7fe99bcf6000 rw-p 00005000 08:02 8520864                    /usr/lib/jvm/java-11-openjdk-amd64/lib/libmanagement.so
7fe99bcf6000-7fe99bcf8000 r--p 00000000 08:02 8520885                    /usr/lib/jvm/java-11-openjdk-amd64/lib/libzip.so
7fe99bcf8000-7fe99bcfc000 r-xp 00002000 08:02 8520885                    /usr/lib/jvm/java-11-openjdk-amd64/lib/libzip.so
7fe99bcfc000-7fe99bcfe000 r--p 00006000 08:02 8520885                    /usr/lib/jvm/java-11-openjdk-amd64/lib/libzip.so
7fe99bcfe000-7fe99bcff000 r--p 00007000 08:02 8520885                    /usr/lib/jvm/java-11-openjdk-amd64/lib/libzip.so
7fe99bcff000-7fe99bd00000 rw-p 00008000 08:02 8520885                    /usr/lib/jvm/java-11-openjdk-amd64/lib/libzip.so
7fe99bd00000-7fe99bd08000 rw-s 00000000 08:02 9961981                    /tmp/hsperfdata_jadson/83307
7fe99bd08000-7fe99bd0a000 r--p 00000000 08:02 8520860                    /usr/lib/jvm/java-11-openjdk-amd64/lib/libjimage.so
7fe99bd0a000-7fe99bd0d000 r-xp 00002000 08:02 8520860                    /usr/lib/jvm/java-11-openjdk-amd64/lib/libjimage.so
7fe99bd0d000-7fe99bd0e000 r--p 00005000 08:02 8520860                    /usr/lib/jvm/java-11-openjdk-amd64/lib/libjimage.so
7fe99bd0e000-7fe99bd0f000 ---p 00006000 08:02 8520860                    /usr/lib/jvm/java-11-openjdk-amd64/lib/libjimage.so
7fe99bd0f000-7fe99bd10000 r--p 00006000 08:02 8520860                    /usr/lib/jvm/java-11-openjdk-amd64/lib/libjimage.so
7fe99bd10000-7fe99bd11000 rw-p 00007000 08:02 8520860                    /usr/lib/jvm/java-11-openjdk-amd64/lib/libjimage.so
7fe99bd11000-7fe99bd1f000 r--p 00000000 08:02 8520857                    /usr/lib/jvm/java-11-openjdk-amd64/lib/libjava.so
7fe99bd1f000-7fe99bd35000 r-xp 0000e000 08:02 8520857                    /usr/lib/jvm/java-11-openjdk-amd64/lib/libjava.so
7fe99bd35000-7fe99bd3c000 r--p 00024000 08:02 8520857                    /usr/lib/jvm/java-11-openjdk-amd64/lib/libjava.so
7fe99bd3c000-7fe99bd3d000 r--p 0002a000 08:02 8520857                    /usr/lib/jvm/java-11-openjdk-amd64/lib/libjava.so
7fe99bd3d000-7fe99bd3e000 rw-p 0002b000 08:02 8520857                    /usr/lib/jvm/java-11-openjdk-amd64/lib/libjava.so
7fe99bd3e000-7fe99bd3f000 rw-p 00000000 00:00 0 
7fe99bd3f000-7fe99bd42000 r--p 00000000 08:02 8394208                    /usr/lib/x86_64-linux-gnu/librt-2.31.so
7fe99bd42000-7fe99bd46000 r-xp 00003000 08:02 8394208                    /usr/lib/x86_64-linux-gnu/librt-2.31.so
7fe99bd46000-7fe99bd47000 r--p 00007000 08:02 8394208                    /usr/lib/x86_64-linux-gnu/librt-2.31.so
7fe99bd47000-7fe99bd48000 ---p 00008000 08:02 8394208                    /usr/lib/x86_64-linux-gnu/librt-2.31.so
7fe99bd48000-7fe99bd49000 r--p 00008000 08:02 8394208                    /usr/lib/x86_64-linux-gnu/librt-2.31.so
7fe99bd49000-7fe99bd4a000 rw-p 00009000 08:02 8394208                    /usr/lib/x86_64-linux-gnu/librt-2.31.so
7fe99bd4a000-7fe99bd4e000 ---p 00000000 00:00 0 
7fe99bd4e000-7fe99be4b000 rw-p 00000000 00:00 0 
7fe99be4b000-7fe99be4e000 r--p 00000000 08:02 8394940                    /usr/lib/x86_64-linux-gnu/libgcc_s.so.1
7fe99be4e000-7fe99be60000 r-xp 00003000 08:02 8394940                    /usr/lib/x86_64-linux-gnu/libgcc_s.so.1
7fe99be60000-7fe99be64000 r--p 00015000 08:02 8394940                    /usr/lib/x86_64-linux-gnu/libgcc_s.so.1
7fe99be64000-7fe99be65000 r--p 00018000 08:02 8394940                    /usr/lib/x86_64-linux-gnu/libgcc_s.so.1
7fe99be65000-7fe99be66000 rw-p 00019000 08:02 8394940                    /usr/lib/x86_64-linux-gnu/libgcc_s.so.1
7fe99be66000-7fe99be75000 r--p 00000000 08:02 8393823                    /usr/lib/x86_64-linux-gnu/libm-2.31.so
7fe99be75000-7fe99bf1c000 r-xp 0000f000 08:02 8393823                    /usr/lib/x86_64-linux-gnu/libm-2.31.so
7fe99bf1c000-7fe99bfb3000 r--p 000b6000 08:02 8393823                    /usr/lib/x86_64-linux-gnu/libm-2.31.so
7fe99bfb3000-7fe99bfb4000 r--p 0014c000 08:02 8393823                    /usr/lib/x86_64-linux-gnu/libm-2.31.so
7fe99bfb4000-7fe99bfb5000 rw-p 0014d000 08:02 8393823                    /usr/lib/x86_64-linux-gnu/libm-2.31.so
7fe99bfb5000-7fe99c04b000 r--p 00000000 08:02 8389090                    /usr/lib/x86_64-linux-gnu/libstdc++.so.6.0.28
7fe99c04b000-7fe99c13c000 r-xp 00096000 08:02 8389090                    /usr/lib/x86_64-linux-gnu/libstdc++.so.6.0.28
7fe99c13c000-7fe99c185000 r--p 00187000 08:02 8389090                    /usr/lib/x86_64-linux-gnu/libstdc++.so.6.0.28
7fe99c185000-7fe99c186000 ---p 001d0000 08:02 8389090                    /usr/lib/x86_64-linux-gnu/libstdc++.so.6.0.28
7fe99c186000-7fe99c191000 r--p 001d0000 08:02 8389090                    /usr/lib/x86_64-linux-gnu/libstdc++.so.6.0.28
7fe99c191000-7fe99c194000 rw-p 001db000 08:02 8389090                    /usr/lib/x86_64-linux-gnu/libstdc++.so.6.0.28
7fe99c194000-7fe99c197000 rw-p 00000000 00:00 0 
7fe99c197000-7fe99c411000 r--p 00000000 08:02 8520897                    /usr/lib/jvm/java-11-openjdk-amd64/lib/server/libjvm.so
7fe99c411000-7fe99d096000 r-xp 0027a000 08:02 8520897                    /usr/lib/jvm/java-11-openjdk-amd64/lib/server/libjvm.so
7fe99d096000-7fe99d2ed000 r--p 00eff000 08:02 8520897                    /usr/lib/jvm/java-11-openjdk-amd64/lib/server/libjvm.so
7fe99d2ed000-7fe99d3ae000 r--p 01155000 08:02 8520897                    /usr/lib/jvm/java-11-openjdk-amd64/lib/server/libjvm.so
7fe99d3ae000-7fe99d3e9000 rw-p 01216000 08:02 8520897                    /usr/lib/jvm/java-11-openjdk-amd64/lib/server/libjvm.so
7fe99d3e9000-7fe99d442000 rw-p 00000000 00:00 0 
7fe99d442000-7fe99d449000 r--p 00000000 08:02 8394197                    /usr/lib/x86_64-linux-gnu/libpthread-2.31.so
7fe99d449000-7fe99d45a000 r-xp 00007000 08:02 8394197                    /usr/lib/x86_64-linux-gnu/libpthread-2.31.so
7fe99d45a000-7fe99d45f000 r--p 00018000 08:02 8394197                    /usr/lib/x86_64-linux-gnu/libpthread-2.31.so
7fe99d45f000-7fe99d460000 r--p 0001c000 08:02 8394197                    /usr/lib/x86_64-linux-gnu/libpthread-2.31.so
7fe99d460000-7fe99d461000 rw-p 0001d000 08:02 8394197                    /usr/lib/x86_64-linux-gnu/libpthread-2.31.so
7fe99d461000-7fe99d465000 rw-p 00000000 00:00 0 
7fe99d465000-7fe99d466000 r--p 00000000 08:02 8393820                    /usr/lib/x86_64-linux-gnu/libdl-2.31.so
7fe99d466000-7fe99d468000 r-xp 00001000 08:02 8393820                    /usr/lib/x86_64-linux-gnu/libdl-2.31.so
7fe99d468000-7fe99d469000 r--p 00003000 08:02 8393820                    /usr/lib/x86_64-linux-gnu/libdl-2.31.so
7fe99d469000-7fe99d46a000 r--p 00003000 08:02 8393820                    /usr/lib/x86_64-linux-gnu/libdl-2.31.so
7fe99d46a000-7fe99d46b000 rw-p 00004000 08:02 8393820                    /usr/lib/x86_64-linux-gnu/libdl-2.31.so
7fe99d46b000-7fe99d46d000 r--p 00000000 08:02 8391100                    /usr/lib/x86_64-linux-gnu/libz.so.1.2.11
7fe99d46d000-7fe99d47e000 r-xp 00002000 08:02 8391100                    /usr/lib/x86_64-linux-gnu/libz.so.1.2.11
7fe99d47e000-7fe99d484000 r--p 00013000 08:02 8391100                    /usr/lib/x86_64-linux-gnu/libz.so.1.2.11
7fe99d484000-7fe99d485000 ---p 00019000 08:02 8391100                    /usr/lib/x86_64-linux-gnu/libz.so.1.2.11
7fe99d485000-7fe99d486000 r--p 00019000 08:02 8391100                    /usr/lib/x86_64-linux-gnu/libz.so.1.2.11
7fe99d486000-7fe99d487000 rw-p 0001a000 08:02 8391100                    /usr/lib/x86_64-linux-gnu/libz.so.1.2.11
7fe99d487000-7fe99d4ac000 r--p 00000000 08:02 8393814                    /usr/lib/x86_64-linux-gnu/libc-2.31.so
7fe99d4ac000-7fe99d624000 r-xp 00025000 08:02 8393814                    /usr/lib/x86_64-linux-gnu/libc-2.31.so
7fe99d624000-7fe99d66e000 r--p 0019d000 08:02 8393814                    /usr/lib/x86_64-linux-gnu/libc-2.31.so
7fe99d66e000-7fe99d66f000 ---p 001e7000 08:02 8393814                    /usr/lib/x86_64-linux-gnu/libc-2.31.so
7fe99d66f000-7fe99d672000 r--p 001e7000 08:02 8393814                    /usr/lib/x86_64-linux-gnu/libc-2.31.so
7fe99d672000-7fe99d675000 rw-p 001ea000 08:02 8393814                    /usr/lib/x86_64-linux-gnu/libc-2.31.so
7fe99d675000-7fe99d679000 rw-p 00000000 00:00 0 
7fe99d67c000-7fe99d67e000 r--s 0000c000 08:02 9189263                    /usr/share/java/java-atk-wrapper.jar
7fe99d67e000-7fe99d67f000 ---p 00000000 00:00 0 
7fe99d67f000-7fe99d680000 r--p 00000000 00:00 0 
7fe99d680000-7fe99d685000 r--p 00000000 08:02 8520879                    /usr/lib/jvm/java-11-openjdk-amd64/lib/libverify.so
7fe99d685000-7fe99d68c000 r-xp 00005000 08:02 8520879                    /usr/lib/jvm/java-11-openjdk-amd64/lib/libverify.so
7fe99d68c000-7fe99d68e000 r--p 0000c000 08:02 8520879                    /usr/lib/jvm/java-11-openjdk-amd64/lib/libverify.so
7fe99d68e000-7fe99d68f000 ---p 0000e000 08:02 8520879                    /usr/lib/jvm/java-11-openjdk-amd64/lib/libverify.so
7fe99d68f000-7fe99d691000 r--p 0000e000 08:02 8520879                    /usr/lib/jvm/java-11-openjdk-amd64/lib/libverify.so
7fe99d691000-7fe99d692000 rw-p 00010000 08:02 8520879                    /usr/lib/jvm/java-11-openjdk-amd64/lib/libverify.so
7fe99d692000-7fe99d695000 r--p 00000000 08:02 8520842                    /usr/lib/jvm/java-11-openjdk-amd64/lib/jli/libjli.so
7fe99d695000-7fe99d69f000 r-xp 00003000 08:02 8520842                    /usr/lib/jvm/java-11-openjdk-amd64/lib/jli/libjli.so
7fe99d69f000-7fe99d6a2000 r--p 0000d000 08:02 8520842                    /usr/lib/jvm/java-11-openjdk-amd64/lib/jli/libjli.so
7fe99d6a2000-7fe99d6a3000 ---p 00010000 08:02 8520842                    /usr/lib/jvm/java-11-openjdk-amd64/lib/jli/libjli.so
7fe99d6a3000-7fe99d6a4000 r--p 00010000 08:02 8520842                    /usr/lib/jvm/java-11-openjdk-amd64/lib/jli/libjli.so
7fe99d6a4000-7fe99d6a5000 rw-p 00011000 08:02 8520842                    /usr/lib/jvm/java-11-openjdk-amd64/lib/jli/libjli.so
7fe99d6a5000-7fe99d6a7000 rw-p 00000000 00:00 0 
7fe99d6a7000-7fe99d6a8000 r--p 00000000 08:02 8390785                    /usr/lib/x86_64-linux-gnu/ld-2.31.so
7fe99d6a8000-7fe99d6cb000 r-xp 00001000 08:02 8390785                    /usr/lib/x86_64-linux-gnu/ld-2.31.so
7fe99d6cb000-7fe99d6d3000 r--p 00024000 08:02 8390785                    /usr/lib/x86_64-linux-gnu/ld-2.31.so
7fe99d6d4000-7fe99d6d5000 r--p 0002c000 08:02 8390785                    /usr/lib/x86_64-linux-gnu/ld-2.31.so
7fe99d6d5000-7fe99d6d6000 rw-p 0002d000 08:02 8390785                    /usr/lib/x86_64-linux-gnu/ld-2.31.so
7fe99d6d6000-7fe99d6d7000 rw-p 00000000 00:00 0 
7ffdd2d15000-7ffdd2d37000 rw-p 00000000 00:00 0                          [stack]
7ffdd2ddf000-7ffdd2de3000 r--p 00000000 00:00 0                          [vvar]
7ffdd2de3000-7ffdd2de5000 r-xp 00000000 00:00 0                          [vdso]
ffffffffff600000-ffffffffff601000 --xp 00000000 00:00 0                  [vsyscall]


VM Arguments:
java_command: ./target/demo-0.0.1-SNAPSHOT.jar
java_class_path (initial): ./target/demo-0.0.1-SNAPSHOT.jar
Launcher Type: SUN_STANDARD

[Global flags]
     intx CICompilerCount                          = 4                                         {product} {ergonomic}
     uint ConcGCThreads                            = 2                                         {product} {ergonomic}
     uint G1ConcRefinementThreads                  = 8                                         {product} {ergonomic}
   size_t G1HeapRegionSize                         = 1048576                                   {product} {ergonomic}
    uintx GCDrainStackTargetSize                   = 64                                        {product} {ergonomic}
   size_t InitialHeapSize                          = 130023424                                 {product} {ergonomic}
   size_t MarkStackSize                            = 4194304                                   {product} {ergonomic}
   size_t MaxHeapSize                              = 2063597568                                {product} {ergonomic}
   size_t MaxNewSize                               = 1237319680                                {product} {ergonomic}
   size_t MinHeapDeltaBytes                        = 1048576                                   {product} {ergonomic}
    uintx NonNMethodCodeHeapSize                   = 5836300                                {pd product} {ergonomic}
    uintx NonProfiledCodeHeapSize                  = 122910970                              {pd product} {ergonomic}
    uintx ProfiledCodeHeapSize                     = 122910970                              {pd product} {ergonomic}
    uintx ReservedCodeCacheSize                    = 251658240                              {pd product} {ergonomic}
     bool SegmentedCodeCache                       = true                                      {product} {ergonomic}
     bool UseCompressedClassPointers               = true                                 {lp64_product} {ergonomic}
     bool UseCompressedOops                        = true                                 {lp64_product} {ergonomic}
     bool UseG1GC                                  = true                                      {product} {ergonomic}

Logging:
Log output configuration:
 #0: stdout all=warning uptime,level,tags
 #1: stderr all=off uptime,level,tags

Environment Variables:
PATH=/home/jadson/Projects/repositories/demo/node_modules/.bin:/home/jadson/.deno/bin:/home/jadson/.zinit/polaris/sbin:/home/jadson/.zinit/polaris/bin:/home/jadson/.nvm/versions/node/v15.8.0/bin:/home/jadson/.local/bin:/usr/local/sbin:/usr/local/bin:/usr/sbin:/usr/bin:/sbin:/bin:/usr/games:/usr/local/games:/snap/bin:/home/jadson/.yarn/bin
USERNAME=jadson
SHELL=/usr/bin/zsh
DISPLAY=:0
LANG=en_US.UTF-8
LC_CTYPE=pt_BR.UTF-8

Signal Handlers:
SIGSEGV: [libjvm.so+0xe8ba00], sa_mask[0]=11111111011111111101111111111110, sa_flags=SA_RESTART|SA_SIGINFO
SIGBUS: [libjvm.so+0xe8ba00], sa_mask[0]=11111111011111111101111111111110, sa_flags=SA_RESTART|SA_SIGINFO
SIGFPE: [libjvm.so+0xe8ba00], sa_mask[0]=11111111011111111101111111111110, sa_flags=SA_RESTART|SA_SIGINFO
SIGPIPE: [libjvm.so+0xbd10f0], sa_mask[0]=11111111011111111101111111111110, sa_flags=SA_RESTART|SA_SIGINFO
SIGXFSZ: [libjvm.so+0xbd10f0], sa_mask[0]=11111111011111111101111111111110, sa_flags=SA_RESTART|SA_SIGINFO
SIGILL: [libjvm.so+0xe8ba00], sa_mask[0]=11111111011111111101111111111110, sa_flags=SA_RESTART|SA_SIGINFO
SIGUSR2: [libjvm.so+0xbd0f90], sa_mask[0]=00000000000000000000000000000000, sa_flags=SA_RESTART|SA_SIGINFO
SIGHUP: [libjvm.so+0xbd1430], sa_mask[0]=11111111011111111101111111111110, sa_flags=SA_RESTART|SA_SIGINFO
SIGINT: [libjvm.so+0xbd1430], sa_mask[0]=11111111011111111101111111111110, sa_flags=SA_RESTART|SA_SIGINFO
SIGTERM: [libjvm.so+0xbd1430], sa_mask[0]=11111111011111111101111111111110, sa_flags=SA_RESTART|SA_SIGINFO
SIGQUIT: [libjvm.so+0xbd1430], sa_mask[0]=11111111011111111101111111111110, sa_flags=SA_RESTART|SA_SIGINFO


---------------  S Y S T E M  ---------------

OS:DISTRIB_ID=Ubuntu
DISTRIB_RELEASE=20.04
DISTRIB_CODENAME=focal
DISTRIB_DESCRIPTION="Ubuntu 20.04.2 LTS"
uname:Linux 5.8.0-63-generic #71~20.04.1-Ubuntu SMP Thu Jul 15 17:46:08 UTC 2021 x86_64
OS uptime: 2 days 0:48 hours
libc:glibc 2.31 NPTL 2.31 
rlimit (soft/hard): STACK 8192k/infinity , CORE 0k/infinity , NPROC 31242/31242 , NOFILE 1048576/1048576 , AS infinity/infinity , CPU infinity/infinity , DATA infinity/infinity , FSIZE infinity/infinity , MEMLOCK 65536k/65536k
load average:18,91 10,77 5,66

/proc/meminfo:
MemTotal:        8058248 kB
MemFree:         1261320 kB
MemAvailable:    3085760 kB
Buffers:          249704 kB
Cached:          2097176 kB
SwapCached:         6628 kB
Active:          4814556 kB
Inactive:        1340324 kB
Active(anon):    3465988 kB
Inactive(anon):   758860 kB
Active(file):    1348568 kB
Inactive(file):   581464 kB
Unevictable:       58468 kB
Mlocked:             112 kB
SwapTotal:       2097148 kB
SwapFree:        1854356 kB
Dirty:             39000 kB
Writeback:             0 kB
AnonPages:       3863108 kB
Mapped:           731160 kB
Shmem:            424280 kB
KReclaimable:     203208 kB
Slab:             425384 kB
SReclaimable:     203208 kB
SUnreclaim:       222176 kB
KernelStack:       20976 kB
PageTables:        42052 kB
NFS_Unstable:          0 kB
Bounce:                0 kB
WritebackTmp:          0 kB
CommitLimit:     6126272 kB
Committed_AS:   13994204 kB
VmallocTotal:   34359738367 kB
VmallocUsed:       44288 kB
VmallocChunk:          0 kB
Percpu:             9888 kB
HardwareCorrupted:     0 kB
AnonHugePages:      2048 kB
ShmemHugePages:        0 kB
ShmemPmdMapped:        0 kB
FileHugePages:         0 kB
FilePmdMapped:         0 kB
HugePages_Total:       0
HugePages_Free:        0
HugePages_Rsvd:        0
HugePages_Surp:        0
Hugepagesize:       2048 kB
Hugetlb:               0 kB
DirectMap4k:      661108 kB
DirectMap2M:     7634944 kB
DirectMap1G:           0 kB

/sys/kernel/mm/transparent_hugepage/enabled:
always [madvise] never
/sys/kernel/mm/transparent_hugepage/defrag (defrag/compaction efforts parameter):
always defer defer+madvise [madvise] never

Process Memory:
Virtual Size: 6665276K (peak: 13454268K)
Resident Set Size: 345792K (peak: 345872K) (anon: 315892K, file: 29900K, shmem: 0K)
Swapped out: 0K
C-Heap outstanding allocations: 24807K

/proc/sys/kernel/threads-max (system-wide limit on the number of threads):
62484
/proc/sys/vm/max_map_count (maximum number of memory map areas a process may have):
65530
/proc/sys/kernel/pid_max (system-wide limit on number of process identifiers):
4194304

container (cgroup) information:
container_type: cgroupv1
cpu_cpuset_cpus: 0-7
cpu_memory_nodes: 0
active_processor_count: 8
cpu_quota: -1
cpu_period: 100000
cpu_shares: -1
memory_limit_in_bytes: -1
memory_and_swap_limit_in_bytes: -1
memory_soft_limit_in_bytes: -1
memory_usage_in_bytes: 5018902528
memory_max_usage_in_bytes: 6611283968

Steal ticks since vm start: 0
Steal ticks percentage since vm start:  0,000

CPU:total 8 (initial active 8) (4 cores per cpu, 2 threads per core) family 6 model 142 stepping 10 microcode 0xea, cmov, cx8, fxsr, mmx, sse, sse2, sse3, ssse3, sse4.1, sse4.2, popcnt, avx, avx2, aes, clmul, erms, 3dnowpref, lzcnt, ht, tsc, tscinvbit, bmi1, bmi2, adx, fma
CPU Model and flags from /proc/cpuinfo:
model name	: Intel(R) Core(TM) i5-8250U CPU @ 1.60GHz
flags		: fpu vme de pse tsc msr pae mce cx8 apic sep mtrr pge mca cmov pat pse36 clflush dts acpi mmx fxsr sse sse2 ss ht tm pbe syscall nx pdpe1gb rdtscp lm constant_tsc art arch_perfmon pebs bts rep_good nopl xtopology nonstop_tsc cpuid aperfmperf pni pclmulqdq dtes64 monitor ds_cpl vmx est tm2 ssse3 sdbg fma cx16 xtpr pdcm pcid sse4_1 sse4_2 x2apic movbe popcnt tsc_deadline_timer aes xsave avx f16c rdrand lahf_lm abm 3dnowprefetch cpuid_fault invpcid_single pti ssbd ibrs ibpb stibp tpr_shadow vnmi flexpriority ept vpid ept_ad fsgsbase tsc_adjust bmi1 avx2 smep bmi2 erms invpcid mpx rdseed adx smap clflushopt intel_pt xsaveopt xsavec xgetbv1 xsaves dtherm ida arat pln pts hwp hwp_notify hwp_act_window hwp_epp md_clear flush_l1d
Online cpus:
0-7
Offline cpus:

BIOS frequency limitation:
<Not Available>
Frequency switch latency (ns):
0
Available cpu frequencies:
<Not Available>
Current governor:
powersave
Core performance/turbo boost:
<Not Available>

Memory: 4k page, physical 8058248k(1260816k free), swap 2097148k(1854356k free)

vm_info: OpenJDK 64-Bit Server VM (11.0.11+9-Ubuntu-0ubuntu2.20.04) for linux-amd64 JRE (11.0.11+9-Ubuntu-0ubuntu2.20.04), built on Apr 21 2021 09:15:32 by "unknown" with gcc 9.3.0

END.
