#
# A fatal error has been detected by the Java Runtime Environment:
#
#  SIGSEGV (0xb) at pc=0x00007f6bc25a9fcd, pid=83991, tid=83991
#
# JRE version: OpenJDK Runtime Environment (11.0.11+9) (build 11.0.11+9-Ubuntu-0ubuntu2.20.04)
# Java VM: OpenJDK 64-Bit Server VM (11.0.11+9-Ubuntu-0ubuntu2.20.04, mixed mode, sharing, tiered, compressed oops, g1 gc, linux-amd64)
# Problematic frame:
# V  [libjvm.so+0xbd0fcd]
#
# Core dump will be written. Default location: Core dumps may be processed with "/usr/share/apport/apport %p %s %c %d %P %E" (or dumping to /home/jadson/Projects/repositories/demo/core.83991)
#
# If you would like to submit a bug report, please visit:
#   https://bugs.launchpad.net/ubuntu/+source/openjdk-lts
#

---------------  S U M M A R Y ------------

Command Line: ./target/demo-0.0.1-SNAPSHOT.jar

Host: Intel(R) Core(TM) i5-8250U CPU @ 1.60GHz, 8 cores, 7G, Ubuntu 20.04.2 LTS
Time: Wed Jul 28 19:44:56 2021 -03 elapsed time: 22.568454 seconds (0d 0h 0m 22s)

---------------  T H R E A D  ---------------

Current thread is native thread

Stack: [0x00007ffc95b00000,0x00007ffc962fe000],  sp=0x00007ffc962f8f00,  free space=8163k
Native frames: (J=compiled Java code, A=aot compiled Java code, j=interpreted, Vv=VM code, C=native code)
V  [libjvm.so+0xbd0fcd]
C  [libc.so.6+0x46210]


siginfo: si_signo: 11 (SIGSEGV), si_code: 1 (SEGV_MAPERR), si_addr: 0x00000000000000d0

Register to memory mapping:

RAX=0x0 is NULL
RBX=
[error occurred during error reporting (printing register info), id 0xb, SIGSEGV (0xb) at pc=0x00007f6bc2801a2c]

Registers:
RAX=0x0000000000000000, RBX=0x00007f6bc2c833c0, RCX=0x00007f6bc2c8ecd7, RDX=0x00007f6bc2c83440
RSP=0x00007ffc962f8f00, RBP=0x00007ffc962f8fb0, RSI=0x00007ffc962f90f0, RDI=0x0000000000000001
R8 =0x0000000000000000, R9 =0x00007f6bc168c700, R10=0x0000000000000000, R11=0x0000000000000246
R12=0x00007ffc962f90f0, R13=0x00007ffc962f8fc0, R14=0x0000000000000000, R15=0x00007f6bc168c700
RIP=0x00007f6bc25a9fcd, EFLAGS=0x0000000000010246, CSGSFS=0x002b000000000033, ERR=0x0000000000000004
  TRAPNO=0x000000000000000e

Top of Stack: (sp=0x00007ffc962f8f00)
0x00007ffc962f8f00:   0000000000000020 0000200000000000
0x00007ffc962f8f10:   0000000000000000 0000000000000000
0x00007ffc962f8f20:   0000000000000000 0000000000000000
0x00007ffc962f8f30:   0000000000000000 0000000000000000 

Instructions: (pc=0x00007f6bc25a9fcd)
0x00007f6bc25a9ecd:   ff 48 85 c0 74 03 c6 00 00 4c 89 f7 4c 89 fa 4c
0x00007f6bc25a9edd:   89 ee e8 3c 92 6a ff 4c 89 e7 e8 a4 95 6a ff 48
0x00007f6bc25a9eed:   81 c4 08 01 00 00 5b 41 5c 41 5d 41 5e 41 5f 5d
0x00007f6bc25a9efd:   c3 66 90 4c 89 e2 be 00 01 00 00 4c 89 ef e8 f0
0x00007f6bc25a9f0d:   97 6a ff 48 85 c0 74 ac 48 8d 35 cb 80 3a 00 4c
0x00007f6bc25a9f1d:   89 ef e8 dc 95 6a ff 48 85 c0 75 17 48 8d 35 cc
0x00007f6bc25a9f2d:   80 3a 00 4c 89 ef e8 c8 95 6a ff 48 85 c0 74 84
0x00007f6bc25a9f3d:   0f 1f 00 be 22 00 00 00 4c 89 ef e8 43 96 6a ff
0x00007f6bc25a9f4d:   48 85 c0 74 26 4c 8d 68 01 be 22 00 00 00 4c 89
0x00007f6bc25a9f5d:   ef e8 2d 96 6a ff 48 85 c0 0f 85 67 ff ff ff e9
0x00007f6bc25a9f6d:   65 ff ff ff 0f 1f 80 00 00 00 00 4c 89 ef be 3d
0x00007f6bc25a9f7d:   00 00 00 e8 0b 96 6a ff 4c 8d 68 01 e9 33 ff ff
0x00007f6bc25a9f8d:   ff 66 90 f3 0f 1e fa 55 48 89 e5 41 57 41 56 41
0x00007f6bc25a9f9d:   55 49 89 d5 41 54 49 89 f4 53 48 81 ec 88 00 00
0x00007f6bc25a9fad:   00 e8 0d 9d 6a ff 44 8b 30 48 89 c3 e8 22 63 25
0x00007f6bc25a9fbd:   00 41 89 c0 31 c0 45 84 c0 74 05 e8 23 63 25 00
0x00007f6bc25a9fcd:   48 83 b8 d0 00 00 00 00 74 16 4c 8b b8 70 02 00
0x00007f6bc25a9fdd:   00 41 8b 87 a8 00 00 00 83 f8 01 74 16 44 89 33
0x00007f6bc25a9fed:   48 81 c4 88 00 00 00 5b 41 5c 41 5d 41 5e 41 5f
0x00007f6bc25a9ffd:   5d c3 90 66 49 0f 6e c4 66 49 0f 6e cd ba 02 00
0x00007f6bc25aa00d:   00 00 be 01 00 00 00 66 0f 6c c1 4d 8d a7 a8 00
0x00007f6bc25aa01d:   00 00 41 0f 11 87 b0 00 00 00 4c 89 e7 e8 d1 bc
0x00007f6bc25aa02d:   ff ff 83 f8 02 74 3c 85 c0 75 18 66 0f ef c0 41
0x00007f6bc25aa03d:   0f 11 87 b0 00 00 00 eb a4 66 2e 0f 1f 84 00 00
0x00007f6bc25aa04d:   00 00 00 48 8d 05 51 aa 64 00 be d8 11 00 00 48
0x00007f6bc25aa05d:   8d 3d 75 8a 3a 00 48 8b 00 c6 00 58 e8 f2 af a9
0x00007f6bc25aa06d:   ff eb c8 4c 8d ad 50 ff ff ff 4c 89 ef e8 a1 98
0x00007f6bc25aa07d:   6a ff 4c 89 ea 31 f6 31 ff e8 b5 99 6a ff 8b 35
0x00007f6bc25aa08d:   9f 56 66 00 4c 89 ef e8 57 95 6a ff be 01 00 00
0x00007f6bc25aa09d:   00 48 8d 3d db a2 6a 00 e8 16 a1 0c 00 66 0f 1f
0x00007f6bc25aa0ad:   44 00 00 4c 89 ef e8 68 9c 6a ff 31 d2 be 03 00
0x00007f6bc25aa0bd:   00 00 4c 89 e7 e8 39 bc ff ff 85 c0 75 e5 be 01 


Stack slot to memory mapping:
stack at sp + 0 slots: 
[error occurred during error reporting (inspecting top of stack), id 0xb, SIGSEGV (0xb) at pc=0x00007f6bc2801a2c]


---------------  P R O C E S S  ---------------

VM state:not at safepoint (normal execution)

VM Mutex/Monitor currently owned by a thread: None

Heap address: 0x0000000085000000, size: 1968 MB, Compressed Oops mode: 32-bit
Narrow klass base: 0x0000000800000000, Narrow klass shift: 3
Compressed class space size: 1073741824 Address: 0x0000000840000000

Heap:
 garbage-first heap   total 183296K, used 65795K [0x0000000085000000, 0x0000000100000000)
  region size 1024K, 59 young (60416K), 11 survivors (11264K)
 Metaspace       used 48956K, capacity 50298K, committed 50556K, reserved 1093632K
  class space    used 6232K, capacity 6757K, committed 6784K, reserved 1048576K
Heap Regions: E=young(eden), S=young(survivor), O=old, HS=humongous(starts), HC=humongous(continues), CS=collection set, F=free, A=archive, TAMS=top-at-mark-start (previous, next)
|   0|0x0000000085000000, 0x0000000085100000, 0x0000000085100000|100%| O|  |TAMS 0x0000000085100000, 0x0000000085000000| Untracked 
|   1|0x0000000085100000, 0x0000000085200000, 0x0000000085200000|100%| O|  |TAMS 0x0000000085200000, 0x0000000085100000| Untracked 
|   2|0x0000000085200000, 0x0000000085300000, 0x0000000085300000|100%| O|  |TAMS 0x0000000085300000, 0x0000000085200000| Untracked 
|   3|0x0000000085300000, 0x0000000085400000, 0x0000000085400000|100%| O|  |TAMS 0x0000000085400000, 0x0000000085300000| Untracked 
|   4|0x0000000085400000, 0x0000000085500000, 0x0000000085500000|100%| O|  |TAMS 0x000000008548ee00, 0x0000000085400000| Untracked 
|   5|0x0000000085500000, 0x0000000085600000, 0x0000000085600000|100%| O|  |TAMS 0x0000000085500000, 0x0000000085500000| Untracked 
|   6|0x0000000085600000, 0x0000000085600000, 0x0000000085700000|  0%| F|  |TAMS 0x0000000085600000, 0x0000000085600000| Untracked 
|   7|0x0000000085700000, 0x0000000085700000, 0x0000000085800000|  0%| F|  |TAMS 0x0000000085700000, 0x0000000085700000| Untracked 
|   8|0x0000000085800000, 0x0000000085800000, 0x0000000085900000|  0%| F|  |TAMS 0x0000000085800000, 0x0000000085800000| Untracked 
|   9|0x0000000085900000, 0x0000000085900000, 0x0000000085a00000|  0%| F|  |TAMS 0x0000000085900000, 0x0000000085900000| Untracked 
|  10|0x0000000085a00000, 0x0000000085a00000, 0x0000000085b00000|  0%| F|  |TAMS 0x0000000085a00000, 0x0000000085a00000| Untracked 
|  11|0x0000000085b00000, 0x0000000085b00000, 0x0000000085c00000|  0%| F|  |TAMS 0x0000000085b00000, 0x0000000085b00000| Untracked 
|  12|0x0000000085c00000, 0x0000000085c00000, 0x0000000085d00000|  0%| F|  |TAMS 0x0000000085c00000, 0x0000000085c00000| Untracked 
|  13|0x0000000085d00000, 0x0000000085d00000, 0x0000000085e00000|  0%| F|  |TAMS 0x0000000085d00000, 0x0000000085d00000| Untracked 
|  14|0x0000000085e00000, 0x0000000085e00000, 0x0000000085f00000|  0%| F|  |TAMS 0x0000000085e00000, 0x0000000085e00000| Untracked 
|  15|0x0000000085f00000, 0x0000000085f00000, 0x0000000086000000|  0%| F|  |TAMS 0x0000000085f00000, 0x0000000085f00000| Untracked 
|  16|0x0000000086000000, 0x0000000086000000, 0x0000000086100000|  0%| F|  |TAMS 0x0000000086000000, 0x0000000086000000| Untracked 
|  17|0x0000000086100000, 0x0000000086100000, 0x0000000086200000|  0%| F|  |TAMS 0x0000000086100000, 0x0000000086100000| Untracked 
|  18|0x0000000086200000, 0x0000000086200000, 0x0000000086300000|  0%| F|  |TAMS 0x0000000086200000, 0x0000000086200000| Untracked 
|  19|0x0000000086300000, 0x0000000086300000, 0x0000000086400000|  0%| F|  |TAMS 0x0000000086300000, 0x0000000086300000| Untracked 
|  20|0x0000000086400000, 0x0000000086400000, 0x0000000086500000|  0%| F|  |TAMS 0x0000000086400000, 0x0000000086400000| Untracked 
|  21|0x0000000086500000, 0x0000000086500000, 0x0000000086600000|  0%| F|  |TAMS 0x0000000086500000, 0x0000000086500000| Untracked 
|  22|0x0000000086600000, 0x0000000086600000, 0x0000000086700000|  0%| F|  |TAMS 0x0000000086600000, 0x0000000086600000| Untracked 
|  23|0x0000000086700000, 0x0000000086700000, 0x0000000086800000|  0%| F|  |TAMS 0x0000000086700000, 0x0000000086700000| Untracked 
|  24|0x0000000086800000, 0x0000000086800000, 0x0000000086900000|  0%| F|  |TAMS 0x0000000086800000, 0x0000000086800000| Untracked 
|  25|0x0000000086900000, 0x0000000086900000, 0x0000000086a00000|  0%| F|  |TAMS 0x0000000086900000, 0x0000000086900000| Untracked 
|  26|0x0000000086a00000, 0x0000000086a00000, 0x0000000086b00000|  0%| F|  |TAMS 0x0000000086a00000, 0x0000000086a00000| Untracked 
|  27|0x0000000086b00000, 0x0000000086b00000, 0x0000000086c00000|  0%| F|  |TAMS 0x0000000086b00000, 0x0000000086b00000| Untracked 
|  28|0x0000000086c00000, 0x0000000086c00000, 0x0000000086d00000|  0%| F|  |TAMS 0x0000000086c00000, 0x0000000086c00000| Untracked 
|  29|0x0000000086d00000, 0x0000000086d00000, 0x0000000086e00000|  0%| F|  |TAMS 0x0000000086d00000, 0x0000000086d00000| Untracked 
|  30|0x0000000086e00000, 0x0000000086e00000, 0x0000000086f00000|  0%| F|  |TAMS 0x0000000086e00000, 0x0000000086e00000| Untracked 
|  31|0x0000000086f00000, 0x0000000086f00000, 0x0000000087000000|  0%| F|  |TAMS 0x0000000086f00000, 0x0000000086f00000| Untracked 
|  32|0x0000000087000000, 0x0000000087000000, 0x0000000087100000|  0%| F|  |TAMS 0x0000000087000000, 0x0000000087000000| Untracked 
|  33|0x0000000087100000, 0x0000000087100000, 0x0000000087200000|  0%| F|  |TAMS 0x0000000087100000, 0x0000000087100000| Untracked 
|  34|0x0000000087200000, 0x0000000087200000, 0x0000000087300000|  0%| F|  |TAMS 0x0000000087200000, 0x0000000087200000| Untracked 
|  35|0x0000000087300000, 0x0000000087300000, 0x0000000087400000|  0%| F|  |TAMS 0x0000000087300000, 0x0000000087300000| Untracked 
|  36|0x0000000087400000, 0x0000000087400000, 0x0000000087500000|  0%| F|  |TAMS 0x0000000087400000, 0x0000000087400000| Untracked 
|  37|0x0000000087500000, 0x0000000087500000, 0x0000000087600000|  0%| F|  |TAMS 0x0000000087500000, 0x0000000087500000| Untracked 
|  38|0x0000000087600000, 0x0000000087600000, 0x0000000087700000|  0%| F|  |TAMS 0x0000000087600000, 0x0000000087600000| Untracked 
|  39|0x0000000087700000, 0x0000000087700000, 0x0000000087800000|  0%| F|  |TAMS 0x0000000087700000, 0x0000000087700000| Untracked 
|  40|0x0000000087800000, 0x0000000087800000, 0x0000000087900000|  0%| F|  |TAMS 0x0000000087800000, 0x0000000087800000| Untracked 
|  41|0x0000000087900000, 0x0000000087900000, 0x0000000087a00000|  0%| F|  |TAMS 0x0000000087900000, 0x0000000087900000| Untracked 
|  42|0x0000000087a00000, 0x0000000087a00000, 0x0000000087b00000|  0%| F|  |TAMS 0x0000000087a00000, 0x0000000087a00000| Untracked 
|  43|0x0000000087b00000, 0x0000000087b00000, 0x0000000087c00000|  0%| F|  |TAMS 0x0000000087b00000, 0x0000000087b00000| Untracked 
|  44|0x0000000087c00000, 0x0000000087c00000, 0x0000000087d00000|  0%| F|  |TAMS 0x0000000087c00000, 0x0000000087c00000| Untracked 
|  45|0x0000000087d00000, 0x0000000087d00000, 0x0000000087e00000|  0%| F|  |TAMS 0x0000000087d00000, 0x0000000087d00000| Untracked 
|  46|0x0000000087e00000, 0x0000000087e00000, 0x0000000087f00000|  0%| F|  |TAMS 0x0000000087e00000, 0x0000000087e00000| Untracked 
|  47|0x0000000087f00000, 0x0000000087f00000, 0x0000000088000000|  0%| F|  |TAMS 0x0000000087f00000, 0x0000000087f00000| Untracked 
|  48|0x0000000088000000, 0x0000000088000000, 0x0000000088100000|  0%| F|  |TAMS 0x0000000088000000, 0x0000000088000000| Untracked 
|  49|0x0000000088100000, 0x0000000088100000, 0x0000000088200000|  0%| F|  |TAMS 0x0000000088100000, 0x0000000088100000| Untracked 
|  50|0x0000000088200000, 0x0000000088200000, 0x0000000088300000|  0%| F|  |TAMS 0x0000000088200000, 0x0000000088200000| Untracked 
|  51|0x0000000088300000, 0x0000000088300000, 0x0000000088400000|  0%| F|  |TAMS 0x0000000088300000, 0x0000000088300000| Untracked 
|  52|0x0000000088400000, 0x0000000088400000, 0x0000000088500000|  0%| F|  |TAMS 0x0000000088400000, 0x0000000088400000| Untracked 
|  53|0x0000000088500000, 0x0000000088500000, 0x0000000088600000|  0%| F|  |TAMS 0x0000000088500000, 0x0000000088500000| Untracked 
|  54|0x0000000088600000, 0x0000000088600000, 0x0000000088700000|  0%| F|  |TAMS 0x0000000088600000, 0x0000000088600000| Untracked 
|  55|0x0000000088700000, 0x0000000088700000, 0x0000000088800000|  0%| F|  |TAMS 0x0000000088700000, 0x0000000088700000| Untracked 
|  56|0x0000000088800000, 0x0000000088800000, 0x0000000088900000|  0%| F|  |TAMS 0x0000000088800000, 0x0000000088800000| Untracked 
|  57|0x0000000088900000, 0x0000000088900000, 0x0000000088a00000|  0%| F|  |TAMS 0x0000000088900000, 0x0000000088900000| Untracked 
|  58|0x0000000088a00000, 0x0000000088a00000, 0x0000000088b00000|  0%| F|  |TAMS 0x0000000088a00000, 0x0000000088a00000| Untracked 
|  59|0x0000000088b00000, 0x0000000088b8ed70, 0x0000000088c00000| 55%| S|CS|TAMS 0x0000000088b00000, 0x0000000088b00000| Complete 
|  60|0x0000000088c00000, 0x0000000088d00000, 0x0000000088d00000|100%| S|CS|TAMS 0x0000000088c00000, 0x0000000088c00000| Complete 
|  61|0x0000000088d00000, 0x0000000088e00000, 0x0000000088e00000|100%| S|CS|TAMS 0x0000000088d00000, 0x0000000088d00000| Complete 
|  62|0x0000000088e00000, 0x0000000088f00000, 0x0000000088f00000|100%| S|CS|TAMS 0x0000000088e00000, 0x0000000088e00000| Complete 
|  63|0x0000000088f00000, 0x0000000089000000, 0x0000000089000000|100%| S|CS|TAMS 0x0000000088f00000, 0x0000000088f00000| Complete 
|  64|0x0000000089000000, 0x0000000089100000, 0x0000000089100000|100%| S|CS|TAMS 0x0000000089000000, 0x0000000089000000| Complete 
|  65|0x0000000089100000, 0x0000000089200000, 0x0000000089200000|100%| S|CS|TAMS 0x0000000089100000, 0x0000000089100000| Complete 
|  66|0x0000000089200000, 0x0000000089300000, 0x0000000089300000|100%| S|CS|TAMS 0x0000000089200000, 0x0000000089200000| Complete 
|  67|0x0000000089300000, 0x0000000089400000, 0x0000000089400000|100%| S|CS|TAMS 0x0000000089300000, 0x0000000089300000| Complete 
|  68|0x0000000089400000, 0x0000000089500000, 0x0000000089500000|100%| S|CS|TAMS 0x0000000089400000, 0x0000000089400000| Complete 
|  69|0x0000000089500000, 0x0000000089600000, 0x0000000089600000|100%| S|CS|TAMS 0x0000000089500000, 0x0000000089500000| Complete 
|  70|0x0000000089600000, 0x0000000089600000, 0x0000000089700000|  0%| F|  |TAMS 0x0000000089600000, 0x0000000089600000| Untracked 
|  71|0x0000000089700000, 0x0000000089700000, 0x0000000089800000|  0%| F|  |TAMS 0x0000000089700000, 0x0000000089700000| Untracked 
|  72|0x0000000089800000, 0x0000000089800000, 0x0000000089900000|  0%| F|  |TAMS 0x0000000089800000, 0x0000000089800000| Untracked 
|  73|0x0000000089900000, 0x0000000089900000, 0x0000000089a00000|  0%| F|  |TAMS 0x0000000089900000, 0x0000000089900000| Untracked 
|  74|0x0000000089a00000, 0x0000000089a00000, 0x0000000089b00000|  0%| F|  |TAMS 0x0000000089a00000, 0x0000000089a00000| Untracked 
|  75|0x0000000089b00000, 0x0000000089b00000, 0x0000000089c00000|  0%| F|  |TAMS 0x0000000089b00000, 0x0000000089b00000| Untracked 
|  76|0x0000000089c00000, 0x0000000089c00000, 0x0000000089d00000|  0%| F|  |TAMS 0x0000000089c00000, 0x0000000089c00000| Untracked 
|  77|0x0000000089d00000, 0x0000000089d00000, 0x0000000089e00000|  0%| F|  |TAMS 0x0000000089d00000, 0x0000000089d00000| Untracked 
|  78|0x0000000089e00000, 0x0000000089e00000, 0x0000000089f00000|  0%| F|  |TAMS 0x0000000089e00000, 0x0000000089e00000| Untracked 
|  79|0x0000000089f00000, 0x0000000089f00000, 0x000000008a000000|  0%| F|  |TAMS 0x0000000089f00000, 0x0000000089f00000| Untracked 
|  80|0x000000008a000000, 0x000000008a000000, 0x000000008a100000|  0%| F|  |TAMS 0x000000008a000000, 0x000000008a000000| Untracked 
|  81|0x000000008a100000, 0x000000008a100000, 0x000000008a200000|  0%| F|  |TAMS 0x000000008a100000, 0x000000008a100000| Untracked 
|  82|0x000000008a200000, 0x000000008a200000, 0x000000008a300000|  0%| F|  |TAMS 0x000000008a200000, 0x000000008a200000| Untracked 
|  83|0x000000008a300000, 0x000000008a300000, 0x000000008a400000|  0%| F|  |TAMS 0x000000008a300000, 0x000000008a300000| Untracked 
|  84|0x000000008a400000, 0x000000008a400000, 0x000000008a500000|  0%| F|  |TAMS 0x000000008a400000, 0x000000008a400000| Untracked 
|  85|0x000000008a500000, 0x000000008a500000, 0x000000008a600000|  0%| F|  |TAMS 0x000000008a500000, 0x000000008a500000| Untracked 
|  86|0x000000008a600000, 0x000000008a600000, 0x000000008a700000|  0%| F|  |TAMS 0x000000008a600000, 0x000000008a600000| Untracked 
|  87|0x000000008a700000, 0x000000008a700000, 0x000000008a800000|  0%| F|  |TAMS 0x000000008a700000, 0x000000008a700000| Untracked 
|  88|0x000000008a800000, 0x000000008a800000, 0x000000008a900000|  0%| F|  |TAMS 0x000000008a800000, 0x000000008a800000| Untracked 
|  89|0x000000008a900000, 0x000000008a900000, 0x000000008aa00000|  0%| F|  |TAMS 0x000000008a900000, 0x000000008a900000| Untracked 
|  90|0x000000008aa00000, 0x000000008aa00000, 0x000000008ab00000|  0%| F|  |TAMS 0x000000008aa00000, 0x000000008aa00000| Untracked 
|  91|0x000000008ab00000, 0x000000008ab00000, 0x000000008ac00000|  0%| F|  |TAMS 0x000000008ab00000, 0x000000008ab00000| Untracked 
|  92|0x000000008ac00000, 0x000000008ac00000, 0x000000008ad00000|  0%| F|  |TAMS 0x000000008ac00000, 0x000000008ac00000| Untracked 
|  93|0x000000008ad00000, 0x000000008ad00000, 0x000000008ae00000|  0%| F|  |TAMS 0x000000008ad00000, 0x000000008ad00000| Untracked 
|  94|0x000000008ae00000, 0x000000008ae00000, 0x000000008af00000|  0%| F|  |TAMS 0x000000008ae00000, 0x000000008ae00000| Untracked 
|  95|0x000000008af00000, 0x000000008af00000, 0x000000008b000000|  0%| F|  |TAMS 0x000000008af00000, 0x000000008af00000| Untracked 
|  96|0x000000008b000000, 0x000000008b000000, 0x000000008b100000|  0%| F|  |TAMS 0x000000008b000000, 0x000000008b000000| Untracked 
|  97|0x000000008b100000, 0x000000008b100000, 0x000000008b200000|  0%| F|  |TAMS 0x000000008b100000, 0x000000008b100000| Untracked 
|  98|0x000000008b200000, 0x000000008b200000, 0x000000008b300000|  0%| F|  |TAMS 0x000000008b200000, 0x000000008b200000| Untracked 
|  99|0x000000008b300000, 0x000000008b300000, 0x000000008b400000|  0%| F|  |TAMS 0x000000008b300000, 0x000000008b300000| Untracked 
| 100|0x000000008b400000, 0x000000008b400000, 0x000000008b500000|  0%| F|  |TAMS 0x000000008b400000, 0x000000008b400000| Untracked 
| 101|0x000000008b500000, 0x000000008b500000, 0x000000008b600000|  0%| F|  |TAMS 0x000000008b500000, 0x000000008b500000| Untracked 
| 102|0x000000008b600000, 0x000000008b600000, 0x000000008b700000|  0%| F|  |TAMS 0x000000008b600000, 0x000000008b600000| Untracked 
| 103|0x000000008b700000, 0x000000008b700000, 0x000000008b800000|  0%| F|  |TAMS 0x000000008b700000, 0x000000008b700000| Untracked 
| 104|0x000000008b800000, 0x000000008b800000, 0x000000008b900000|  0%| F|  |TAMS 0x000000008b800000, 0x000000008b800000| Untracked 
| 105|0x000000008b900000, 0x000000008b900000, 0x000000008ba00000|  0%| F|  |TAMS 0x000000008b900000, 0x000000008b900000| Untracked 
| 106|0x000000008ba00000, 0x000000008ba00000, 0x000000008bb00000|  0%| F|  |TAMS 0x000000008ba00000, 0x000000008ba00000| Untracked 
| 107|0x000000008bb00000, 0x000000008bb00000, 0x000000008bc00000|  0%| F|  |TAMS 0x000000008bb00000, 0x000000008bb00000| Untracked 
| 108|0x000000008bc00000, 0x000000008bc00000, 0x000000008bd00000|  0%| F|  |TAMS 0x000000008bc00000, 0x000000008bc00000| Untracked 
| 109|0x000000008bd00000, 0x000000008bd00000, 0x000000008be00000|  0%| F|  |TAMS 0x000000008bd00000, 0x000000008bd00000| Untracked 
| 110|0x000000008be00000, 0x000000008be00000, 0x000000008bf00000|  0%| F|  |TAMS 0x000000008be00000, 0x000000008be00000| Untracked 
| 111|0x000000008bf00000, 0x000000008bf00000, 0x000000008c000000|  0%| F|  |TAMS 0x000000008bf00000, 0x000000008bf00000| Untracked 
| 112|0x000000008c000000, 0x000000008c000000, 0x000000008c100000|  0%| F|  |TAMS 0x000000008c000000, 0x000000008c000000| Untracked 
| 113|0x000000008c100000, 0x000000008c100000, 0x000000008c200000|  0%| F|  |TAMS 0x000000008c100000, 0x000000008c100000| Untracked 
| 114|0x000000008c200000, 0x000000008c200000, 0x000000008c300000|  0%| F|  |TAMS 0x000000008c200000, 0x000000008c200000| Untracked 
| 115|0x000000008c300000, 0x000000008c300000, 0x000000008c400000|  0%| F|  |TAMS 0x000000008c300000, 0x000000008c300000| Untracked 
| 116|0x000000008c400000, 0x000000008c400000, 0x000000008c500000|  0%| F|  |TAMS 0x000000008c400000, 0x000000008c400000| Untracked 
| 117|0x000000008c500000, 0x000000008c500000, 0x000000008c600000|  0%| F|  |TAMS 0x000000008c500000, 0x000000008c500000| Untracked 
| 118|0x000000008c600000, 0x000000008c600000, 0x000000008c700000|  0%| F|  |TAMS 0x000000008c600000, 0x000000008c600000| Untracked 
| 119|0x000000008c700000, 0x000000008c700000, 0x000000008c800000|  0%| F|  |TAMS 0x000000008c700000, 0x000000008c700000| Untracked 
| 120|0x000000008c800000, 0x000000008c800000, 0x000000008c900000|  0%| F|  |TAMS 0x000000008c800000, 0x000000008c800000| Untracked 
| 121|0x000000008c900000, 0x000000008c900000, 0x000000008ca00000|  0%| F|  |TAMS 0x000000008c900000, 0x000000008c900000| Untracked 
| 122|0x000000008ca00000, 0x000000008ca00000, 0x000000008cb00000|  0%| F|  |TAMS 0x000000008ca00000, 0x000000008ca00000| Untracked 
| 123|0x000000008cb00000, 0x000000008cb00000, 0x000000008cc00000|  0%| F|  |TAMS 0x000000008cb00000, 0x000000008cb00000| Untracked 
| 124|0x000000008cc00000, 0x000000008cc00000, 0x000000008cd00000|  0%| F|  |TAMS 0x000000008cc00000, 0x000000008cc00000| Untracked 
| 125|0x000000008cd00000, 0x000000008cd00000, 0x000000008ce00000|  0%| F|  |TAMS 0x000000008cd00000, 0x000000008cd00000| Untracked 
| 126|0x000000008ce00000, 0x000000008ce00000, 0x000000008cf00000|  0%| F|  |TAMS 0x000000008ce00000, 0x000000008ce00000| Untracked 
| 127|0x000000008cf00000, 0x000000008cf00000, 0x000000008d000000|  0%| F|  |TAMS 0x000000008cf00000, 0x000000008cf00000| Untracked 
| 128|0x000000008d000000, 0x000000008d000000, 0x000000008d100000|  0%| F|  |TAMS 0x000000008d000000, 0x000000008d000000| Untracked 
| 129|0x000000008d100000, 0x000000008d1f6c90, 0x000000008d200000| 96%| E|  |TAMS 0x000000008d100000, 0x000000008d100000| Complete 
| 130|0x000000008d200000, 0x000000008d300000, 0x000000008d300000|100%| E|CS|TAMS 0x000000008d200000, 0x000000008d200000| Complete 
| 131|0x000000008d300000, 0x000000008d400000, 0x000000008d400000|100%| E|CS|TAMS 0x000000008d300000, 0x000000008d300000| Complete 
| 132|0x000000008d400000, 0x000000008d500000, 0x000000008d500000|100%| E|CS|TAMS 0x000000008d400000, 0x000000008d400000| Complete 
| 133|0x000000008d500000, 0x000000008d600000, 0x000000008d600000|100%| E|CS|TAMS 0x000000008d500000, 0x000000008d500000| Complete 
| 134|0x000000008d600000, 0x000000008d700000, 0x000000008d700000|100%| E|CS|TAMS 0x000000008d600000, 0x000000008d600000| Complete 
| 135|0x000000008d700000, 0x000000008d800000, 0x000000008d800000|100%| E|CS|TAMS 0x000000008d700000, 0x000000008d700000| Complete 
| 136|0x000000008d800000, 0x000000008d900000, 0x000000008d900000|100%| E|CS|TAMS 0x000000008d800000, 0x000000008d800000| Complete 
| 137|0x000000008d900000, 0x000000008da00000, 0x000000008da00000|100%| E|CS|TAMS 0x000000008d900000, 0x000000008d900000| Complete 
| 138|0x000000008da00000, 0x000000008db00000, 0x000000008db00000|100%| E|CS|TAMS 0x000000008da00000, 0x000000008da00000| Complete 
| 139|0x000000008db00000, 0x000000008dc00000, 0x000000008dc00000|100%| E|CS|TAMS 0x000000008db00000, 0x000000008db00000| Complete 
| 140|0x000000008dc00000, 0x000000008dd00000, 0x000000008dd00000|100%| E|CS|TAMS 0x000000008dc00000, 0x000000008dc00000| Complete 
| 141|0x000000008dd00000, 0x000000008de00000, 0x000000008de00000|100%| E|CS|TAMS 0x000000008dd00000, 0x000000008dd00000| Complete 
| 142|0x000000008de00000, 0x000000008df00000, 0x000000008df00000|100%| E|CS|TAMS 0x000000008de00000, 0x000000008de00000| Complete 
| 143|0x000000008df00000, 0x000000008e000000, 0x000000008e000000|100%| E|CS|TAMS 0x000000008df00000, 0x000000008df00000| Complete 
| 144|0x000000008e000000, 0x000000008e100000, 0x000000008e100000|100%| E|CS|TAMS 0x000000008e000000, 0x000000008e000000| Complete 
| 145|0x000000008e100000, 0x000000008e200000, 0x000000008e200000|100%| E|CS|TAMS 0x000000008e100000, 0x000000008e100000| Complete 
| 146|0x000000008e200000, 0x000000008e300000, 0x000000008e300000|100%| E|CS|TAMS 0x000000008e200000, 0x000000008e200000| Complete 
| 147|0x000000008e300000, 0x000000008e400000, 0x000000008e400000|100%| E|CS|TAMS 0x000000008e300000, 0x000000008e300000| Complete 
| 148|0x000000008e400000, 0x000000008e500000, 0x000000008e500000|100%| E|CS|TAMS 0x000000008e400000, 0x000000008e400000| Complete 
| 149|0x000000008e500000, 0x000000008e600000, 0x000000008e600000|100%| E|CS|TAMS 0x000000008e500000, 0x000000008e500000| Complete 
| 150|0x000000008e600000, 0x000000008e700000, 0x000000008e700000|100%| E|CS|TAMS 0x000000008e600000, 0x000000008e600000| Complete 
| 151|0x000000008e700000, 0x000000008e800000, 0x000000008e800000|100%| E|CS|TAMS 0x000000008e700000, 0x000000008e700000| Complete 
| 152|0x000000008e800000, 0x000000008e900000, 0x000000008e900000|100%| E|CS|TAMS 0x000000008e800000, 0x000000008e800000| Complete 
| 153|0x000000008e900000, 0x000000008ea00000, 0x000000008ea00000|100%| E|CS|TAMS 0x000000008e900000, 0x000000008e900000| Complete 
| 154|0x000000008ea00000, 0x000000008eb00000, 0x000000008eb00000|100%| E|CS|TAMS 0x000000008ea00000, 0x000000008ea00000| Complete 
| 155|0x000000008eb00000, 0x000000008ec00000, 0x000000008ec00000|100%| E|CS|TAMS 0x000000008eb00000, 0x000000008eb00000| Complete 
| 156|0x000000008ec00000, 0x000000008ed00000, 0x000000008ed00000|100%| E|CS|TAMS 0x000000008ec00000, 0x000000008ec00000| Complete 
| 157|0x000000008ed00000, 0x000000008ee00000, 0x000000008ee00000|100%| E|CS|TAMS 0x000000008ed00000, 0x000000008ed00000| Complete 
| 158|0x000000008ee00000, 0x000000008ef00000, 0x000000008ef00000|100%| E|CS|TAMS 0x000000008ee00000, 0x000000008ee00000| Complete 
| 159|0x000000008ef00000, 0x000000008f000000, 0x000000008f000000|100%| E|CS|TAMS 0x000000008ef00000, 0x000000008ef00000| Complete 
| 160|0x000000008f000000, 0x000000008f100000, 0x000000008f100000|100%| E|CS|TAMS 0x000000008f000000, 0x000000008f000000| Complete 
| 161|0x000000008f100000, 0x000000008f200000, 0x000000008f200000|100%| E|CS|TAMS 0x000000008f100000, 0x000000008f100000| Complete 
| 162|0x000000008f200000, 0x000000008f300000, 0x000000008f300000|100%| E|CS|TAMS 0x000000008f200000, 0x000000008f200000| Complete 
| 163|0x000000008f300000, 0x000000008f400000, 0x000000008f400000|100%| E|CS|TAMS 0x000000008f300000, 0x000000008f300000| Complete 
| 164|0x000000008f400000, 0x000000008f500000, 0x000000008f500000|100%| E|CS|TAMS 0x000000008f400000, 0x000000008f400000| Complete 
| 165|0x000000008f500000, 0x000000008f600000, 0x000000008f600000|100%| E|CS|TAMS 0x000000008f500000, 0x000000008f500000| Complete 
| 166|0x000000008f600000, 0x000000008f700000, 0x000000008f700000|100%| E|CS|TAMS 0x000000008f600000, 0x000000008f600000| Complete 
| 167|0x000000008f700000, 0x000000008f800000, 0x000000008f800000|100%| E|CS|TAMS 0x000000008f700000, 0x000000008f700000| Complete 
| 168|0x000000008f800000, 0x000000008f900000, 0x000000008f900000|100%| E|CS|TAMS 0x000000008f800000, 0x000000008f800000| Complete 
| 169|0x000000008f900000, 0x000000008fa00000, 0x000000008fa00000|100%| E|CS|TAMS 0x000000008f900000, 0x000000008f900000| Complete 
| 170|0x000000008fa00000, 0x000000008fb00000, 0x000000008fb00000|100%| E|CS|TAMS 0x000000008fa00000, 0x000000008fa00000| Complete 
| 171|0x000000008fb00000, 0x000000008fc00000, 0x000000008fc00000|100%| E|CS|TAMS 0x000000008fb00000, 0x000000008fb00000| Complete 
| 172|0x000000008fc00000, 0x000000008fd00000, 0x000000008fd00000|100%| E|CS|TAMS 0x000000008fc00000, 0x000000008fc00000| Complete 
| 173|0x000000008fd00000, 0x000000008fe00000, 0x000000008fe00000|100%| E|CS|TAMS 0x000000008fd00000, 0x000000008fd00000| Complete 
| 174|0x000000008fe00000, 0x000000008ff00000, 0x000000008ff00000|100%| E|CS|TAMS 0x000000008fe00000, 0x000000008fe00000| Complete 
| 175|0x000000008ff00000, 0x0000000090000000, 0x0000000090000000|100%| E|CS|TAMS 0x000000008ff00000, 0x000000008ff00000| Complete 
| 176|0x0000000090000000, 0x0000000090100000, 0x0000000090100000|100%| E|CS|TAMS 0x0000000090000000, 0x0000000090000000| Complete 
|1966|0x00000000ffe00000, 0x00000000ffe47000, 0x00000000fff00000| 27%|OA|  |TAMS 0x00000000ffe47000, 0x00000000ffe00000| Untracked 
|1967|0x00000000fff00000, 0x00000000fff6b000, 0x0000000100000000| 41%|CA|  |TAMS 0x00000000fff6b000, 0x00000000fff00000| Untracked 

Card table byte_map: [0x00007f6bc0281000,0x00007f6bc0659000] _byte_map_base: 0x00007f6bbfe59000

Marking Bits (Prev, Next): (CMBitMap*) 0x00007f6bbc056ee8, (CMBitMap*) 0x00007f6bbc056f20
 Prev Bits: [0x00007f6b9e140000, 0x00007f6ba0000000)
 Next Bits: [0x00007f6b9c280000, 0x00007f6b9e140000)

Polling page: 0x00007f6bc2ec0000

Metaspace:

Usage:
  Non-class:     42,52 MB capacity,    41,72 MB ( 98%) used,   652,41 KB (  1%) free+waste,   164,00 KB ( <1%) overhead. 
      Class:      6,60 MB capacity,     6,09 MB ( 92%) used,   446,93 KB (  7%) free+waste,    77,69 KB (  1%) overhead. 
       Both:     49,12 MB capacity,    47,81 MB ( 97%) used,     1,07 MB (  2%) free+waste,   241,69 KB ( <1%) overhead. 

Virtual space:
  Non-class space:       44,00 MB reserved,      42,75 MB ( 97%) committed 
      Class space:        1,00 GB reserved,       6,62 MB ( <1%) committed 
             Both:        1,04 GB reserved,      49,37 MB (  5%) committed 

Chunk freelists:
   Non-Class:  43,00 KB
       Class:  0 bytes
        Both:  43,00 KB

MaxMetaspaceSize: unlimited
CompressedClassSpaceSize: 1,00 GB

CodeHeap 'non-profiled nmethods': size=120032Kb used=3096Kb max_used=3096Kb free=116936Kb
 bounds [0x00007f6bac340000, 0x00007f6bac650000, 0x00007f6bb3878000]
CodeHeap 'profiled nmethods': size=120028Kb used=10143Kb max_used=10143Kb free=109884Kb
 bounds [0x00007f6ba4e09000, 0x00007f6ba57f9000, 0x00007f6bac340000]
CodeHeap 'non-nmethods': size=5700Kb used=1207Kb max_used=1250Kb free=4492Kb
 bounds [0x00007f6ba4878000, 0x00007f6ba4ae8000, 0x00007f6ba4e09000]
 total_blobs=5566 nmethods=4986 adapters=492
 compilation: enabled
              stopped_count=0, restarted_count=0
 full_count=0

Compilation events (20 events):
Event: 17,712 Thread 0x00007f6bbc196800 5051       1       sun.nio.ch.SelectionKeyImpl::selector (5 bytes)
Event: 17,712 Thread 0x00007f6bbc196800 nmethod 5051 0x00007f6bac645410 code [0x00007f6bac6455c0, 0x00007f6bac645690]
Event: 17,712 Thread 0x00007f6bbc196800 5048       1       org.springframework.http.server.ServletServerHttpResponse::access$100 (5 bytes)
Event: 17,712 Thread 0x00007f6bbc196800 nmethod 5048 0x00007f6bac645710 code [0x00007f6bac6458c0, 0x00007f6bac645950]
Event: 17,712 Thread 0x00007f6bbc196800 5050       1       org.apache.coyote.Response::getWriteListener (5 bytes)
Event: 17,712 Thread 0x00007f6bbc196800 nmethod 5050 0x00007f6bac645a10 code [0x00007f6bac645bc0, 0x00007f6bac645c90]
Event: 17,712 Thread 0x00007f6bbc196800 5045       1       java.nio.charset.CharsetDecoder::charset (5 bytes)
Event: 17,712 Thread 0x00007f6bbc196800 nmethod 5045 0x00007f6bac645d10 code [0x00007f6bac645ec0, 0x00007f6bac645f90]
Event: 17,881 Thread 0x00007f6bbc196800 5053       3       org.apache.catalina.connector.RequestFacade::getMethod (31 bytes)
Event: 17,882 Thread 0x00007f6bbc196800 nmethod 5053 0x00007f6ba57ebe90 code [0x00007f6ba57ec080, 0x00007f6ba57ec3e0]
Event: 17,882 Thread 0x00007f6bbc196800 5055       3       org.springframework.util.MimeType$$Lambda$181/0x0000000840126040::get$Lambda (10 bytes)
Event: 17,882 Thread 0x00007f6bbc196800 nmethod 5055 0x00007f6ba57ec590 code [0x00007f6ba57ec760, 0x00007f6ba57eca10]
Event: 17,882 Thread 0x00007f6bbc196800 5057       3       org.springframework.http.MediaType::checkParameters (71 bytes)
Event: 17,883 Thread 0x00007f6bbc196800 nmethod 5057 0x00007f6ba57ecb10 code [0x00007f6ba57ece40, 0x00007f6ba57ede00]
Event: 17,883 Thread 0x00007f6bbc196800 5054       3       org.apache.catalina.connector.Request::getMethod (11 bytes)
Event: 17,883 Thread 0x00007f6bbc196800 nmethod 5054 0x00007f6ba57ee390 code [0x00007f6ba57ee540, 0x00007f6ba57ee6c0]
Event: 17,883 Thread 0x00007f6bbc196800 5056       3       org.springframework.http.MediaType$1::compareParameters (13 bytes)
Event: 17,885 Thread 0x00007f6bbc196800 nmethod 5056 0x00007f6ba57ee790 code [0x00007f6ba57eeb20, 0x00007f6ba57f03e0]
Event: 18,937 Thread 0x00007f6bbc196800 5058       3       java.util.concurrent.ThreadPoolExecutor::runStateAtLeast (11 bytes)
Event: 18,938 Thread 0x00007f6bbc196800 nmethod 5058 0x00007f6ba57f0b10 code [0x00007f6ba57f0cc0, 0x00007f6ba57f0df0]

GC Heap History (16 events):
Event: 0,294 GC heap before
{Heap before GC invocations=0 (full 0):
 garbage-first heap   total 129024K, used 25288K [0x0000000085000000, 0x0000000100000000)
  region size 1024K, 24 young (24576K), 0 survivors (0K)
 Metaspace       used 1822K, capacity 5271K, committed 5376K, reserved 1056768K
  class space    used 168K, capacity 483K, committed 512K, reserved 1048576K
}
Event: 0,300 GC heap after
{Heap after GC invocations=1 (full 0):
 garbage-first heap   total 129024K, used 2235K [0x0000000085000000, 0x0000000100000000)
  region size 1024K, 2 young (2048K), 2 survivors (2048K)
 Metaspace       used 1822K, capacity 5271K, committed 5376K, reserved 1056768K
  class space    used 168K, capacity 483K, committed 512K, reserved 1048576K
}
Event: 1,008 GC heap before
{Heap before GC invocations=1 (full 0):
 garbage-first heap   total 129024K, used 74939K [0x0000000085000000, 0x0000000100000000)
  region size 1024K, 74 young (75776K), 2 survivors (2048K)
 Metaspace       used 8301K, capacity 9580K, committed 9728K, reserved 1058816K
  class space    used 1032K, capacity 1232K, committed 1280K, reserved 1048576K
}
Event: 1,017 GC heap after
{Heap after GC invocations=2 (full 0):
 garbage-first heap   total 129024K, used 4759K [0x0000000085000000, 0x0000000100000000)
  region size 1024K, 4 young (4096K), 4 survivors (4096K)
 Metaspace       used 8301K, capacity 9580K, committed 9728K, reserved 1058816K
  class space    used 1032K, capacity 1232K, committed 1280K, reserved 1048576K
}
Event: 1,367 GC heap before
{Heap before GC invocations=2 (full 0):
 garbage-first heap   total 129024K, used 75415K [0x0000000085000000, 0x0000000100000000)
  region size 1024K, 74 young (75776K), 4 survivors (4096K)
 Metaspace       used 14356K, capacity 14952K, committed 15360K, reserved 1062912K
  class space    used 1758K, capacity 1986K, committed 2048K, reserved 1048576K
}
Event: 1,376 GC heap after
{Heap after GC invocations=3 (full 0):
 garbage-first heap   total 129024K, used 5832K [0x0000000085000000, 0x0000000100000000)
  region size 1024K, 5 young (5120K), 5 survivors (5120K)
 Metaspace       used 14356K, capacity 14952K, committed 15360K, reserved 1062912K
  class space    used 1758K, capacity 1986K, committed 2048K, reserved 1048576K
}
Event: 1,843 GC heap before
{Heap before GC invocations=3 (full 0):
 garbage-first heap   total 129024K, used 76488K [0x0000000085000000, 0x0000000100000000)
  region size 1024K, 74 young (75776K), 5 survivors (5120K)
 Metaspace       used 17778K, capacity 18480K, committed 18688K, reserved 1064960K
  class space    used 2179K, capacity 2476K, committed 2560K, reserved 1048576K
}
Event: 1,870 GC heap after
{Heap after GC invocations=4 (full 0):
 garbage-first heap   total 129024K, used 7150K [0x0000000085000000, 0x0000000100000000)
  region size 1024K, 7 young (7168K), 7 survivors (7168K)
 Metaspace       used 17778K, capacity 18480K, committed 18688K, reserved 1064960K
  class space    used 2179K, capacity 2476K, committed 2560K, reserved 1048576K
}
Event: 2,372 GC heap before
{Heap before GC invocations=4 (full 0):
 garbage-first heap   total 129024K, used 37870K [0x0000000085000000, 0x0000000100000000)
  region size 1024K, 38 young (38912K), 7 survivors (7168K)
 Metaspace       used 20441K, capacity 21170K, committed 21248K, reserved 1067008K
  class space    used 2528K, capacity 2812K, committed 2816K, reserved 1048576K
}
Event: 2,394 GC heap after
{Heap after GC invocations=5 (full 0):
 garbage-first heap   total 183296K, used 8263K [0x0000000085000000, 0x0000000100000000)
  region size 1024K, 6 young (6144K), 6 survivors (6144K)
 Metaspace       used 20441K, capacity 21170K, committed 21248K, reserved 1067008K
  class space    used 2528K, capacity 2812K, committed 2816K, reserved 1048576K
}
Event: 4,110 GC heap before
{Heap before GC invocations=6 (full 0):
 garbage-first heap   total 183296K, used 108615K [0x0000000085000000, 0x0000000100000000)
  region size 1024K, 104 young (106496K), 6 survivors (6144K)
 Metaspace       used 29770K, capacity 30846K, committed 31100K, reserved 1077248K
  class space    used 3767K, capacity 4193K, committed 4224K, reserved 1048576K
}
Event: 4,125 GC heap after
{Heap after GC invocations=7 (full 0):
 garbage-first heap   total 183296K, used 12359K [0x0000000085000000, 0x0000000100000000)
  region size 1024K, 10 young (10240K), 10 survivors (10240K)
 Metaspace       used 29770K, capacity 30846K, committed 31100K, reserved 1077248K
  class space    used 3767K, capacity 4193K, committed 4224K, reserved 1048576K
}
Event: 4,666 GC heap before
{Heap before GC invocations=7 (full 0):
 garbage-first heap   total 183296K, used 60487K [0x0000000085000000, 0x0000000100000000)
  region size 1024K, 58 young (59392K), 10 survivors (10240K)
 Metaspace       used 34559K, capacity 35663K, committed 35964K, reserved 1081344K
  class space    used 4460K, capacity 4902K, committed 4992K, reserved 1048576K
}
Event: 4,697 GC heap after
{Heap after GC invocations=8 (full 0):
 garbage-first heap   total 183296K, used 13783K [0x0000000085000000, 0x0000000100000000)
  region size 1024K, 9 young (9216K), 9 survivors (9216K)
 Metaspace       used 34559K, capacity 35663K, committed 35964K, reserved 1081344K
  class space    used 4460K, capacity 4902K, committed 4992K, reserved 1048576K
}
Event: 5,675 GC heap before
{Heap before GC invocations=9 (full 0):
 garbage-first heap   total 183296K, used 114135K [0x0000000085000000, 0x0000000100000000)
  region size 1024K, 107 young (109568K), 9 survivors (9216K)
 Metaspace       used 44184K, capacity 45419K, committed 45948K, reserved 1089536K
  class space    used 5687K, capacity 6164K, committed 6272K, reserved 1048576K
}
Event: 5,694 GC heap after
{Heap after GC invocations=10 (full 0):
 garbage-first heap   total 183296K, used 17667K [0x0000000085000000, 0x0000000100000000)
  region size 1024K, 11 young (11264K), 11 survivors (11264K)
 Metaspace       used 44184K, capacity 45419K, committed 45948K, reserved 1089536K
  class space    used 5687K, capacity 6164K, committed 6272K, reserved 1048576K
}

Deoptimization events (20 events):
Event: 14,474 Thread 0x00007f6bbd103000 Uncommon trap: trap_request=0xffffffde fr.pc=0x00007f6bac63fc74 relative=0x0000000000000234
Event: 14,474 Thread 0x00007f6bbd103000 Uncommon trap: reason=class_check action=maybe_recompile pc=0x00007f6bac63fc74 method=java.util.Collections$UnmodifiableMap.get(Ljava/lang/Object;)Ljava/lang/Object; @ 5 c2
Event: 14,474 Thread 0x00007f6bbd103000 DEOPT PACKING pc=0x00007f6bac63fc74 sp=0x00007f6b50ce27e0
Event: 14,474 Thread 0x00007f6bbd103000 DEOPT UNPACKING pc=0x00007f6ba489d925 sp=0x00007f6b50ce2798 mode 2
Event: 17,706 Thread 0x00007f6bbd4f6800 Uncommon trap: trap_request=0xffffff6e fr.pc=0x00007f6bac644248 relative=0x00000000000001e8
Event: 17,706 Thread 0x00007f6bbd4f6800 Uncommon trap: reason=speculate_class_check action=maybe_recompile pc=0x00007f6bac644248 method=java.lang.ThreadLocal.setInitialValue()Ljava/lang/Object; @ 35 c2
Event: 17,706 Thread 0x00007f6bbd4f6800 DEOPT PACKING pc=0x00007f6bac644248 sp=0x00007f6b509e0850
Event: 17,706 Thread 0x00007f6bbd4f6800 DEOPT UNPACKING pc=0x00007f6ba489d925 sp=0x00007f6b509e0788 mode 2
Event: 17,706 Thread 0x00007f6bbd4f6800 Uncommon trap: trap_request=0xffffff6e fr.pc=0x00007f6bac644248 relative=0x00000000000001e8
Event: 17,706 Thread 0x00007f6bbd4f6800 Uncommon trap: reason=speculate_class_check action=maybe_recompile pc=0x00007f6bac644248 method=java.lang.ThreadLocal.setInitialValue()Ljava/lang/Object; @ 35 c2
Event: 17,706 Thread 0x00007f6bbd4f6800 DEOPT PACKING pc=0x00007f6bac644248 sp=0x00007f6b509e0850
Event: 17,706 Thread 0x00007f6bbd4f6800 DEOPT UNPACKING pc=0x00007f6ba489d925 sp=0x00007f6b509e0788 mode 2
Event: 17,708 Thread 0x00007f6bbd4f6800 Uncommon trap: trap_request=0xffffff6e fr.pc=0x00007f6bac644248 relative=0x00000000000001e8
Event: 17,708 Thread 0x00007f6bbd4f6800 Uncommon trap: reason=speculate_class_check action=maybe_recompile pc=0x00007f6bac644248 method=java.lang.ThreadLocal.setInitialValue()Ljava/lang/Object; @ 35 c2
Event: 17,708 Thread 0x00007f6bbd4f6800 DEOPT PACKING pc=0x00007f6bac644248 sp=0x00007f6b509dfdf0
Event: 17,708 Thread 0x00007f6bbd4f6800 DEOPT UNPACKING pc=0x00007f6ba489d925 sp=0x00007f6b509dfd28 mode 2
Event: 17,881 Thread 0x00007f6bbd405000 Uncommon trap: trap_request=0xffffff6e fr.pc=0x00007f6bac644248 relative=0x00000000000001e8
Event: 17,881 Thread 0x00007f6bbd405000 Uncommon trap: reason=speculate_class_check action=maybe_recompile pc=0x00007f6bac644248 method=java.lang.ThreadLocal.setInitialValue()Ljava/lang/Object; @ 35 c2
Event: 17,881 Thread 0x00007f6bbd405000 DEOPT PACKING pc=0x00007f6bac644248 sp=0x00007f6b508df850
Event: 17,881 Thread 0x00007f6bbd405000 DEOPT UNPACKING pc=0x00007f6ba489d925 sp=0x00007f6b508df788 mode 2

Classes redefined (0 events):
No events

Internal exceptions (20 events):
Event: 5,294 Thread 0x00007f6bbc016000 Exception <a 'java/lang/NoSuchMethodError'{0x000000008d70f830}: 'java.lang.Object java.lang.invoke.DirectMethodHandle$Holder.newInvokeSpecial(java.lang.Object, java.lang.Object, int, java.lang.Object, java.lang.Object)'> (0x000000008d70f830) thrown at [src/hotspot/share/interpreter/linkResolver.cpp, line 772]
Event: 5,379 Thread 0x00007f6bbc016000 Exception <a 'java/lang/NoSuchMethodError'{0x000000008b7eb248}: 'void java.lang.invoke.DirectMethodHandle$Holder.invokeInterface(java.lang.Object, java.lang.Object)'> (0x000000008b7eb248) thrown at [src/hotspot/share/interpreter/linkResolver.cpp, line 772]
Event: 5,499 Thread 0x00007f6bbc016000 Exception <a 'java/lang/ClassNotFoundException'{0x000000008a86be50}: java/lang/ObjectCustomizer> (0x000000008a86be50) thrown at [src/hotspot/share/classfile/systemDictionary.cpp, line 231]
Event: 5,500 Thread 0x00007f6bbc016000 Exception <a 'java/lang/ClassNotFoundException'{0x000000008a891f70}: org/springframework/web/servlet/config/annotation/WebMvcConfigurationSupportCustomizer> (0x000000008a891f70) thrown at [src/hotspot/share/classfile/systemDictionary.cpp, line 231]
Event: 5,500 Thread 0x00007f6bbc016000 Exception <a 'java/lang/ClassNotFoundException'{0x000000008a8c46b8}: org/springframework/web/servlet/config/annotation/DelegatingWebMvcConfigurationCustomizer> (0x000000008a8c46b8) thrown at [src/hotspot/share/classfile/systemDictionary.cpp, line 231]
Event: 5,501 Thread 0x00007f6bbc016000 Exception <a 'java/lang/ClassNotFoundException'{0x000000008a8eec60}: org/springframework/boot/autoconfigure/web/servlet/WebMvcAutoConfiguration$EnableWebMvcConfigurationCustomizer> (0x000000008a8eec60) thrown at [src/hotspot/share/classfile/systemDictionary.cpp, line 231]
Event: 5,503 Thread 0x00007f6bbc016000 Exception <a 'java/lang/ClassNotFoundException'{0x000000008a71d208}: org/springframework/context/ResourceLoaderAwareCustomizer> (0x000000008a71d208) thrown at [src/hotspot/share/classfile/systemDictionary.cpp, line 231]
Event: 5,503 Thread 0x00007f6bbc016000 Exception <a 'java/lang/ClassNotFoundException'{0x000000008a73ba48}: org/springframework/beans/factory/AwareCustomizer> (0x000000008a73ba48) thrown at [src/hotspot/share/classfile/systemDictionary.cpp, line 231]
Event: 5,503 Thread 0x00007f6bbc016000 Exception <a 'java/lang/ClassNotFoundException'{0x000000008a75afc8}: org/springframework/context/ApplicationContextAwareCustomizer> (0x000000008a75afc8) thrown at [src/hotspot/share/classfile/systemDictionary.cpp, line 231]
Event: 5,504 Thread 0x00007f6bbc016000 Exception <a 'java/lang/ClassNotFoundException'{0x000000008a77a198}: org/springframework/beans/factory/AwareCustomizer> (0x000000008a77a198) thrown at [src/hotspot/share/classfile/systemDictionary.cpp, line 231]
Event: 5,504 Thread 0x00007f6bbc016000 Exception <a 'java/lang/ClassNotFoundException'{0x000000008a799940}: org/springframework/web/context/ServletContextAwareCustomizer> (0x000000008a799940) thrown at [src/hotspot/share/classfile/systemDictionary.cpp, line 231]
Event: 5,504 Thread 0x00007f6bbc016000 Exception <a 'java/lang/ClassNotFoundException'{0x000000008a7b85e8}: org/springframework/beans/factory/AwareCustomizer> (0x000000008a7b85e8) thrown at [src/hotspot/share/classfile/systemDictionary.cpp, line 231]
Event: 5,669 Thread 0x00007f6bbc016000 Exception <a 'java/lang/NoSuchMethodError'{0x000000008969b830}: 'void java.lang.invoke.DirectMethodHandle$Holder.invokeVirtual(java.lang.Object, java.lang.Object, int)'> (0x000000008969b830) thrown at [src/hotspot/share/interpreter/linkResolver.cpp, line 772]
Event: 5,671 Thread 0x00007f6bbc016000 Exception <a 'java/lang/NoSuchMethodError'{0x00000000896b5208}: 'void java.lang.invoke.DirectMethodHandle$Holder.invokeVirtual(java.lang.Object, java.lang.Object, long)'> (0x00000000896b5208) thrown at [src/hotspot/share/interpreter/linkResolver.cpp, line 772]
Event: 5,806 Thread 0x00007f6bbc016000 Exception <a 'java/lang/IncompatibleClassChangeError'{0x000000008f69e1b8}: Found class java.lang.Object, but interface was expected> (0x000000008f69e1b8) thrown at [src/hotspot/share/interpreter/linkResolver.cpp, line 839]
Event: 5,875 Thread 0x00007f6bbc016000 Implicit null exception at 0x00007f6bac52c7fe to 0x00007f6bac52f8f4
Event: 5,922 Thread 0x00007f6bbc016000 Exception <a 'java/lang/NoSuchMethodError'{0x000000008edbcc90}: 'java.lang.Object java.lang.invoke.DirectMethodHandle$Holder.invokeSpecial(java.lang.Object, java.lang.Object, int, java.lang.Object, int, java.lang.Object)'> (0x000000008edbcc90) thrown at [src/hotspot/share/interpreter/linkResolver.cpp, line 772]
Event: 5,922 Thread 0x00007f6bbc016000 Exception <a 'java/lang/NoSuchMethodError'{0x000000008edc4420}: 'java.lang.Object java.lang.invoke.DirectMethodHandle$Holder.invokeStatic(java.lang.Object, java.lang.Object, int, java.lang.Object, int)'> (0x000000008edc4420) thrown at [src/hotspot/share/interpreter/linkResolver.cpp, line 772]
Event: 5,923 Thread 0x00007f6bbc016000 Exception <a 'java/lang/NoSuchMethodError'{0x000000008edc7c00}: 'java.lang.Object java.lang.invoke.DirectMethodHandle$Holder.invokeSpecial(java.lang.Object, java.lang.Object, java.lang.Object, int, java.lang.Object, int)'> (0x000000008edc7c00) thrown at [src/hotspot/share/interpreter/linkResolver.cpp, line 772]
Event: 5,924 Thread 0x00007f6bbc016000 Exception <a 'java/lang/NoSuchMethodError'{0x000000008edd69a8}: 'void java.lang.invoke.DirectMethodHandle$Holder.invokeVirtual(java.lang.Object, java.lang.Object)'> (0x000000008edd69a8) thrown at [src/hotspot/share/interpreter/linkResolver.cpp, line 772]

Events (20 events):
Event: 10,719 Executing VM operation: RevokeBias
Event: 10,719 Executing VM operation: RevokeBias done
Event: 10,722 Executing VM operation: RevokeBias
Event: 10,722 Executing VM operation: RevokeBias done
Event: 10,724 Executing VM operation: RevokeBias
Event: 10,724 Executing VM operation: RevokeBias done
Event: 10,724 Executing VM operation: RevokeBias
Event: 10,725 Executing VM operation: RevokeBias done
Event: 13,531 Executing VM operation: RevokeBias
Event: 13,531 Executing VM operation: RevokeBias done
Event: 13,531 Executing VM operation: RevokeBias
Event: 13,531 Executing VM operation: RevokeBias done
Event: 13,531 loading class org/apache/catalina/webresources/Cache$EvictionOrder
Event: 13,531 loading class org/apache/catalina/webresources/Cache$EvictionOrder done
Event: 13,532 Executing VM operation: RevokeBias
Event: 13,532 Executing VM operation: RevokeBias done
Event: 13,532 loading class org/apache/tomcat/PeriodicEventListener
Event: 13,532 loading class org/apache/tomcat/PeriodicEventListener done
Event: 13,532 Executing VM operation: RevokeBias
Event: 13,532 Executing VM operation: RevokeBias done


Dynamic libraries:
85000000-90100000 rw-p 00000000 00:00 0 
90100000-ffe00000 ---p 00000000 00:00 0 
ffe00000-ffe47000 rw-p 01111000 08:02 8526583                            /usr/lib/jvm/java-11-openjdk-amd64/lib/server/classes.jsa
ffe47000-fff00000 rw-p 00000000 00:00 0 
fff00000-fff6b000 rw-p 010a6000 08:02 8526583                            /usr/lib/jvm/java-11-openjdk-amd64/lib/server/classes.jsa
fff6b000-100000000 rw-p 00000000 00:00 0 
800000000-800002000 rwxp 00001000 08:02 8526583                          /usr/lib/jvm/java-11-openjdk-amd64/lib/server/classes.jsa
800002000-8003b9000 rw-p 00003000 08:02 8526583                          /usr/lib/jvm/java-11-openjdk-amd64/lib/server/classes.jsa
8003b9000-800a96000 r--p 003ba000 08:02 8526583                          /usr/lib/jvm/java-11-openjdk-amd64/lib/server/classes.jsa
800a96000-800a97000 rw-p 00a97000 08:02 8526583                          /usr/lib/jvm/java-11-openjdk-amd64/lib/server/classes.jsa
800a97000-8010a5000 r--p 00a98000 08:02 8526583                          /usr/lib/jvm/java-11-openjdk-amd64/lib/server/classes.jsa
840000000-8406a0000 rw-p 00000000 00:00 0 
8406a0000-880000000 ---p 00000000 00:00 0 
55f23e066000-55f23e067000 r--p 00000000 08:02 8519956                    /usr/lib/jvm/java-11-openjdk-amd64/bin/java
55f23e067000-55f23e068000 r-xp 00001000 08:02 8519956                    /usr/lib/jvm/java-11-openjdk-amd64/bin/java
55f23e068000-55f23e069000 r--p 00002000 08:02 8519956                    /usr/lib/jvm/java-11-openjdk-amd64/bin/java
55f23e069000-55f23e06a000 r--p 00002000 08:02 8519956                    /usr/lib/jvm/java-11-openjdk-amd64/bin/java
55f23e06a000-55f23e06b000 rw-p 00003000 08:02 8519956                    /usr/lib/jvm/java-11-openjdk-amd64/bin/java
55f23e22d000-55f23e27c000 rw-p 00000000 00:00 0                          [heap]
7f6ae4000000-7f6ae4029000 rw-p 00000000 00:00 0 
7f6ae4029000-7f6ae8000000 ---p 00000000 00:00 0 
7f6aec000000-7f6aec021000 rw-p 00000000 00:00 0 
7f6aec021000-7f6af0000000 ---p 00000000 00:00 0 
7f6af0000000-7f6af0021000 rw-p 00000000 00:00 0 
7f6af0021000-7f6af4000000 ---p 00000000 00:00 0 
7f6af4000000-7f6af4021000 rw-p 00000000 00:00 0 
7f6af4021000-7f6af8000000 ---p 00000000 00:00 0 
7f6af8000000-7f6af8021000 rw-p 00000000 00:00 0 
7f6af8021000-7f6afc000000 ---p 00000000 00:00 0 
7f6afc000000-7f6afc021000 rw-p 00000000 00:00 0 
7f6afc021000-7f6b00000000 ---p 00000000 00:00 0 
7f6b00000000-7f6b00021000 rw-p 00000000 00:00 0 
7f6b00021000-7f6b04000000 ---p 00000000 00:00 0 
7f6b04000000-7f6b04021000 rw-p 00000000 00:00 0 
7f6b04021000-7f6b08000000 ---p 00000000 00:00 0 
7f6b08000000-7f6b08021000 rw-p 00000000 00:00 0 
7f6b08021000-7f6b0c000000 ---p 00000000 00:00 0 
7f6b0c000000-7f6b0c021000 rw-p 00000000 00:00 0 
7f6b0c021000-7f6b10000000 ---p 00000000 00:00 0 
7f6b10000000-7f6b10021000 rw-p 00000000 00:00 0 
7f6b10021000-7f6b14000000 ---p 00000000 00:00 0 
7f6b14000000-7f6b14021000 rw-p 00000000 00:00 0 
7f6b14021000-7f6b18000000 ---p 00000000 00:00 0 
7f6b18000000-7f6b182d5000 rw-p 00000000 00:00 0 
7f6b182d5000-7f6b1c000000 ---p 00000000 00:00 0 
7f6b1c000000-7f6b1c021000 rw-p 00000000 00:00 0 
7f6b1c021000-7f6b20000000 ---p 00000000 00:00 0 
7f6b20000000-7f6b20021000 rw-p 00000000 00:00 0 
7f6b20021000-7f6b24000000 ---p 00000000 00:00 0 
7f6b24000000-7f6b24021000 rw-p 00000000 00:00 0 
7f6b24021000-7f6b28000000 ---p 00000000 00:00 0 
7f6b28000000-7f6b28021000 rw-p 00000000 00:00 0 
7f6b28021000-7f6b2c000000 ---p 00000000 00:00 0 
7f6b2c000000-7f6b2c021000 rw-p 00000000 00:00 0 
7f6b2c021000-7f6b30000000 ---p 00000000 00:00 0 
7f6b30000000-7f6b30021000 rw-p 00000000 00:00 0 
7f6b30021000-7f6b34000000 ---p 00000000 00:00 0 
7f6b34000000-7f6b34021000 rw-p 00000000 00:00 0 
7f6b34021000-7f6b38000000 ---p 00000000 00:00 0 
7f6b38000000-7f6b38021000 rw-p 00000000 00:00 0 
7f6b38021000-7f6b3c000000 ---p 00000000 00:00 0 
7f6b3c000000-7f6b3c063000 rw-p 00000000 00:00 0 
7f6b3c063000-7f6b40000000 ---p 00000000 00:00 0 
7f6b40000000-7f6b40021000 rw-p 00000000 00:00 0 
7f6b40021000-7f6b44000000 ---p 00000000 00:00 0 
7f6b44000000-7f6b44479000 rw-p 00000000 00:00 0 
7f6b44479000-7f6b48000000 ---p 00000000 00:00 0 
7f6b48000000-7f6b48021000 rw-p 00000000 00:00 0 
7f6b48021000-7f6b4c000000 ---p 00000000 00:00 0 
7f6b4c000000-7f6b4c021000 rw-p 00000000 00:00 0 
7f6b4c021000-7f6b50000000 ---p 00000000 00:00 0 
7f6b501df000-7f6b5029f000 rw-p 00000000 00:00 0 
7f6b5029f000-7f6b503df000 ---p 00000000 00:00 0 
7f6b503df000-7f6b505df000 rw-p 00000000 00:00 0 
7f6b505df000-7f6b505e3000 ---p 00000000 00:00 0 
7f6b505e3000-7f6b506e0000 rw-p 00000000 00:00 0 
7f6b506e0000-7f6b506e4000 ---p 00000000 00:00 0 
7f6b506e4000-7f6b507e1000 rw-p 00000000 00:00 0 
7f6b507e1000-7f6b507e5000 ---p 00000000 00:00 0 
7f6b507e5000-7f6b508e2000 rw-p 00000000 00:00 0 
7f6b508e2000-7f6b508e6000 ---p 00000000 00:00 0 
7f6b508e6000-7f6b509e3000 rw-p 00000000 00:00 0 
7f6b509e3000-7f6b509e7000 ---p 00000000 00:00 0 
7f6b509e7000-7f6b50ae4000 rw-p 00000000 00:00 0 
7f6b50ae4000-7f6b50ae8000 ---p 00000000 00:00 0 
7f6b50ae8000-7f6b50be5000 rw-p 00000000 00:00 0 
7f6b50be5000-7f6b50be9000 ---p 00000000 00:00 0 
7f6b50be9000-7f6b50ce6000 rw-p 00000000 00:00 0 
7f6b50ce6000-7f6b50cea000 ---p 00000000 00:00 0 
7f6b50cea000-7f6b50de7000 rw-p 00000000 00:00 0 
7f6b50de7000-7f6b50deb000 ---p 00000000 00:00 0 
7f6b50deb000-7f6b50ee8000 rw-p 00000000 00:00 0 
7f6b50ee8000-7f6b50eec000 ---p 00000000 00:00 0 
7f6b50eec000-7f6b50fe9000 rw-p 00000000 00:00 0 
7f6b50fe9000-7f6b50fed000 ---p 00000000 00:00 0 
7f6b50fed000-7f6b510ea000 rw-p 00000000 00:00 0 
7f6b510ea000-7f6b510ee000 ---p 00000000 00:00 0 
7f6b510ee000-7f6b511eb000 rw-p 00000000 00:00 0 
7f6b511eb000-7f6b511ef000 ---p 00000000 00:00 0 
7f6b511ef000-7f6b514ec000 rw-p 00000000 00:00 0 
7f6b514ec000-7f6b516ec000 rw-p 00000000 00:00 0 
7f6b516ec000-7f6b516f0000 ---p 00000000 00:00 0 
7f6b516f0000-7f6b519ed000 rw-p 00000000 00:00 0 
7f6b519ed000-7f6b519f1000 ---p 00000000 00:00 0 
7f6b519f1000-7f6b51cee000 rw-p 00000000 00:00 0 
7f6b51cee000-7f6b51eee000 rw-p 00000000 00:00 0 
7f6b51eee000-7f6b520ee000 rw-p 00000000 00:00 0 
7f6b520ee000-7f6b520ef000 ---p 00000000 00:00 0 
7f6b520ef000-7f6b521f0000 rw-p 00000000 00:00 0 
7f6b521f0000-7f6b521f1000 ---p 00000000 00:00 0 
7f6b521f1000-7f6b522f2000 rw-p 00000000 00:00 0 
7f6b522f2000-7f6b522f3000 ---p 00000000 00:00 0 
7f6b522f3000-7f6b523f4000 rw-p 00000000 00:00 0 
7f6b523f4000-7f6b523f5000 ---p 00000000 00:00 0 
7f6b523f5000-7f6b526f6000 rw-p 00000000 00:00 0 
7f6b526f6000-7f6b528f6000 rw-p 00000000 00:00 0 
7f6b528f6000-7f6b528fa000 ---p 00000000 00:00 0 
7f6b528fa000-7f6b529f7000 rw-p 00000000 00:00 0 
7f6b529f7000-7f6b529fb000 ---p 00000000 00:00 0 
7f6b529fb000-7f6b52cf8000 rw-p 00000000 00:00 0 
7f6b52cf8000-7f6b52ef8000 rw-p 00000000 00:00 0 
7f6b52ef8000-7f6b530f7000 rw-p 00000000 00:00 0 
7f6b530f7000-7f6b530f8000 ---p 00000000 00:00 0 
7f6b530f8000-7f6b530f9000 ---p 00000000 00:00 0 
7f6b530f9000-7f6b533fa000 rw-p 00000000 00:00 0 
7f6b533fa000-7f6b535fa000 rw-p 00000000 00:00 0 
7f6b535fa000-7f6b535fe000 ---p 00000000 00:00 0 
7f6b535fe000-7f6b538fb000 rw-p 00000000 00:00 0 
7f6b538fb000-7f6b53afb000 rw-p 00000000 00:00 0 
7f6b53afb000-7f6b53afc000 ---p 00000000 00:00 0 
7f6b53afc000-7f6b53bfd000 rw-p 00000000 00:00 0 
7f6b53bfd000-7f6b53c01000 ---p 00000000 00:00 0 
7f6b53c01000-7f6b53efe000 rw-p 00000000 00:00 0 
7f6b53efe000-7f6b53eff000 ---p 00000000 00:00 0 
7f6b53eff000-7f6b54000000 rw-p 00000000 00:00 0 
7f6b54000000-7f6b559c5000 rw-p 00000000 00:00 0 
7f6b559c5000-7f6b58000000 ---p 00000000 00:00 0 
7f6b58000000-7f6b58021000 rw-p 00000000 00:00 0 
7f6b58021000-7f6b5c000000 ---p 00000000 00:00 0 
7f6b5c000000-7f6b5c021000 rw-p 00000000 00:00 0 
7f6b5c021000-7f6b60000000 ---p 00000000 00:00 0 
7f6b60000000-7f6b613fe000 rw-p 00000000 00:00 0 
7f6b613fe000-7f6b64000000 ---p 00000000 00:00 0 
7f6b64000000-7f6b64021000 rw-p 00000000 00:00 0 
7f6b64021000-7f6b68000000 ---p 00000000 00:00 0 
7f6b68000000-7f6b68021000 rw-p 00000000 00:00 0 
7f6b68021000-7f6b6c000000 ---p 00000000 00:00 0 
7f6b6c000000-7f6b6d4ab000 rw-p 00000000 00:00 0 
7f6b6d4ab000-7f6b70000000 ---p 00000000 00:00 0 
7f6b70000000-7f6b70f44000 rw-p 00000000 00:00 0 
7f6b70f44000-7f6b74000000 ---p 00000000 00:00 0 
7f6b74000000-7f6b74021000 rw-p 00000000 00:00 0 
7f6b74021000-7f6b78000000 ---p 00000000 00:00 0 
7f6b78000000-7f6b78021000 rw-p 00000000 00:00 0 
7f6b78021000-7f6b7c000000 ---p 00000000 00:00 0 
7f6b7c000000-7f6b7c021000 rw-p 00000000 00:00 0 
7f6b7c021000-7f6b80000000 ---p 00000000 00:00 0 
7f6b80000000-7f6b80021000 rw-p 00000000 00:00 0 
7f6b80021000-7f6b84000000 ---p 00000000 00:00 0 
7f6b84000000-7f6b84021000 rw-p 00000000 00:00 0 
7f6b84021000-7f6b88000000 ---p 00000000 00:00 0 
7f6b88000000-7f6b88082000 rw-p 00000000 00:00 0 
7f6b88082000-7f6b8c000000 ---p 00000000 00:00 0 
7f6b8c000000-7f6b8c021000 rw-p 00000000 00:00 0 
7f6b8c021000-7f6b90000000 ---p 00000000 00:00 0 
7f6b90000000-7f6b90021000 rw-p 00000000 00:00 0 
7f6b90021000-7f6b94000000 ---p 00000000 00:00 0 
7f6b94078000-7f6b94079000 ---p 00000000 00:00 0 
7f6b94079000-7f6b9417a000 rw-p 00000000 00:00 0 
7f6b9417a000-7f6b9417e000 ---p 00000000 00:00 0 
7f6b9417e000-7f6b9427b000 rw-p 00000000 00:00 0 
7f6b9427b000-7f6b9427f000 ---p 00000000 00:00 0 
7f6b9427f000-7f6b9437c000 rw-p 00000000 00:00 0 
7f6b9437c000-7f6b94380000 ---p 00000000 00:00 0 
7f6b94380000-7f6b9447d000 rw-p 00000000 00:00 0 
7f6b9447d000-7f6b9447e000 ---p 00000000 00:00 0 
7f6b9447e000-7f6b9457f000 rw-p 00000000 00:00 0 
7f6b9457f000-7f6b94583000 ---p 00000000 00:00 0 
7f6b94583000-7f6b94680000 rw-p 00000000 00:00 0 
7f6b94680000-7f6b94684000 ---p 00000000 00:00 0 
7f6b94684000-7f6b94781000 rw-p 00000000 00:00 0 
7f6b94781000-7f6b94785000 ---p 00000000 00:00 0 
7f6b94785000-7f6b94882000 rw-p 00000000 00:00 0 
7f6b94882000-7f6b94886000 ---p 00000000 00:00 0 
7f6b94886000-7f6b94983000 rw-p 00000000 00:00 0 
7f6b94983000-7f6b94987000 ---p 00000000 00:00 0 
7f6b94987000-7f6b94a84000 rw-p 00000000 00:00 0 
7f6b94a84000-7f6b94ff5000 r--p 00000000 08:02 8390692                    /usr/lib/locale/locale-archive
7f6b94ff5000-7f6b94ff9000 ---p 00000000 00:00 0 
7f6b94ff9000-7f6b950f6000 rw-p 00000000 00:00 0 
7f6b950f6000-7f6b950fa000 ---p 00000000 00:00 0 
7f6b950fa000-7f6b951f7000 rw-p 00000000 00:00 0 
7f6b951f7000-7f6b951f8000 ---p 00000000 00:00 0 
7f6b951f8000-7f6b95af9000 rw-p 00000000 00:00 0 
7f6b95af9000-7f6b95afa000 ---p 00000000 00:00 0 
7f6b95afa000-7f6b95bfb000 rw-p 00000000 00:00 0 
7f6b95bfb000-7f6b95bfc000 ---p 00000000 00:00 0 
7f6b95bfc000-7f6b98000000 rw-p 00000000 00:00 0 
7f6b98000000-7f6b98021000 rw-p 00000000 00:00 0 
7f6b98021000-7f6b9c000000 ---p 00000000 00:00 0 
7f6b9c07e000-7f6b9c544000 rw-p 00000000 00:00 0 
7f6b9c544000-7f6b9e138000 ---p 00000000 00:00 0 
7f6b9e138000-7f6b9e404000 rw-p 00000000 00:00 0 
7f6b9e404000-7f6b9fff8000 ---p 00000000 00:00 0 
7f6b9fff8000-7f6ba0000000 rw-p 00000000 00:00 0 
7f6ba0000000-7f6ba0021000 rw-p 00000000 00:00 0 
7f6ba0021000-7f6ba4000000 ---p 00000000 00:00 0 
7f6ba4050000-7f6ba4058000 r--p 00000000 08:02 8520875                    /usr/lib/jvm/java-11-openjdk-amd64/lib/libsunec.so
7f6ba4058000-7f6ba4071000 r-xp 00008000 08:02 8520875                    /usr/lib/jvm/java-11-openjdk-amd64/lib/libsunec.so
7f6ba4071000-7f6ba407b000 r--p 00021000 08:02 8520875                    /usr/lib/jvm/java-11-openjdk-amd64/lib/libsunec.so
7f6ba407b000-7f6ba407c000 ---p 0002b000 08:02 8520875                    /usr/lib/jvm/java-11-openjdk-amd64/lib/libsunec.so
7f6ba407c000-7f6ba4080000 r--p 0002b000 08:02 8520875                    /usr/lib/jvm/java-11-openjdk-amd64/lib/libsunec.so
7f6ba4080000-7f6ba4082000 rw-p 0002f000 08:02 8520875                    /usr/lib/jvm/java-11-openjdk-amd64/lib/libsunec.so
7f6ba4082000-7f6ba4086000 r--p 00000000 08:02 8520868                    /usr/lib/jvm/java-11-openjdk-amd64/lib/libnet.so
7f6ba4086000-7f6ba4095000 r-xp 00004000 08:02 8520868                    /usr/lib/jvm/java-11-openjdk-amd64/lib/libnet.so
7f6ba4095000-7f6ba4099000 r--p 00013000 08:02 8520868                    /usr/lib/jvm/java-11-openjdk-amd64/lib/libnet.so
7f6ba4099000-7f6ba409a000 r--p 00016000 08:02 8520868                    /usr/lib/jvm/java-11-openjdk-amd64/lib/libnet.so
7f6ba409a000-7f6ba409b000 rw-p 00017000 08:02 8520868                    /usr/lib/jvm/java-11-openjdk-amd64/lib/libnet.so
7f6ba409b000-7f6ba439e000 rw-p 00000000 00:00 0 
7f6ba439e000-7f6ba439f000 ---p 00000000 00:00 0 
7f6ba439f000-7f6ba44f9000 rw-p 00000000 00:00 0 
7f6ba44f9000-7f6ba4877000 ---p 00000000 00:00 0 
7f6ba4877000-7f6ba4878000 rw-p 00000000 00:00 0 
7f6ba4878000-7f6ba4ae8000 rwxp 00000000 00:00 0 
7f6ba4ae8000-7f6ba4e09000 ---p 00000000 00:00 0 
7f6ba4e09000-7f6ba57f9000 rwxp 00000000 00:00 0 
7f6ba57f9000-7f6bac340000 ---p 00000000 00:00 0 
7f6bac340000-7f6bac650000 rwxp 00000000 00:00 0 
7f6bac650000-7f6bb3878000 ---p 00000000 00:00 0 
7f6bb3878000-7f6bbc000000 r--s 00000000 08:02 8520887                    /usr/lib/jvm/java-11-openjdk-amd64/lib/modules
7f6bbc000000-7f6bbd8f6000 rw-p 00000000 00:00 0 
7f6bbd8f6000-7f6bc0000000 ---p 00000000 00:00 0 
7f6bc0002000-7f6bc0003000 r--p 00000000 08:02 8520850                    /usr/lib/jvm/java-11-openjdk-amd64/lib/libextnet.so
7f6bc0003000-7f6bc0004000 r-xp 00001000 08:02 8520850                    /usr/lib/jvm/java-11-openjdk-amd64/lib/libextnet.so
7f6bc0004000-7f6bc0005000 r--p 00002000 08:02 8520850                    /usr/lib/jvm/java-11-openjdk-amd64/lib/libextnet.so
7f6bc0005000-7f6bc0006000 r--p 00002000 08:02 8520850                    /usr/lib/jvm/java-11-openjdk-amd64/lib/libextnet.so
7f6bc0006000-7f6bc0007000 rw-p 00003000 08:02 8520850                    /usr/lib/jvm/java-11-openjdk-amd64/lib/libextnet.so
7f6bc0007000-7f6bc0009000 r--p 00000000 08:02 8520866                    /usr/lib/jvm/java-11-openjdk-amd64/lib/libmanagement_ext.so
7f6bc0009000-7f6bc000c000 r-xp 00002000 08:02 8520866                    /usr/lib/jvm/java-11-openjdk-amd64/lib/libmanagement_ext.so
7f6bc000c000-7f6bc000d000 r--p 00005000 08:02 8520866                    /usr/lib/jvm/java-11-openjdk-amd64/lib/libmanagement_ext.so
7f6bc000d000-7f6bc000e000 ---p 00006000 08:02 8520866                    /usr/lib/jvm/java-11-openjdk-amd64/lib/libmanagement_ext.so
7f6bc000e000-7f6bc000f000 r--p 00006000 08:02 8520866                    /usr/lib/jvm/java-11-openjdk-amd64/lib/libmanagement_ext.so
7f6bc000f000-7f6bc0010000 rw-p 00007000 08:02 8520866                    /usr/lib/jvm/java-11-openjdk-amd64/lib/libmanagement_ext.so
7f6bc0010000-7f6bc0017000 r--p 00000000 08:02 8520869                    /usr/lib/jvm/java-11-openjdk-amd64/lib/libnio.so
7f6bc0017000-7f6bc001f000 r-xp 00007000 08:02 8520869                    /usr/lib/jvm/java-11-openjdk-amd64/lib/libnio.so
7f6bc001f000-7f6bc0022000 r--p 0000f000 08:02 8520869                    /usr/lib/jvm/java-11-openjdk-amd64/lib/libnio.so
7f6bc0022000-7f6bc0023000 r--p 00011000 08:02 8520869                    /usr/lib/jvm/java-11-openjdk-amd64/lib/libnio.so
7f6bc0023000-7f6bc0024000 rw-p 00012000 08:02 8520869                    /usr/lib/jvm/java-11-openjdk-amd64/lib/libnio.so
7f6bc0024000-7f6bc0100000 rw-p 00000000 00:00 0 
7f6bc0100000-7f6bc0101000 ---p 00000000 00:00 0 
7f6bc0101000-7f6bc02da000 rw-p 00000000 00:00 0 
7f6bc02da000-7f6bc0658000 ---p 00000000 00:00 0 
7f6bc0658000-7f6bc06b2000 rw-p 00000000 00:00 0 
7f6bc06b2000-7f6bc0a30000 ---p 00000000 00:00 0 
7f6bc0a30000-7f6bc1239000 rw-p 00000000 00:00 0 
7f6bc1239000-7f6bc123a000 ---p 00000000 00:00 0 
7f6bc123a000-7f6bc1342000 rw-p 00000000 00:00 0 
7f6bc1342000-7f6bc1426000 ---p 00000000 00:00 0 
7f6bc1426000-7f6bc143a000 rw-p 00000000 00:00 0 
7f6bc143a000-7f6bc1511000 ---p 00000000 00:00 0 
7f6bc1511000-7f6bc1516000 rw-p 00000000 00:00 0 
7f6bc1516000-7f6bc151d000 ---p 00000000 00:00 0 
7f6bc151d000-7f6bc1520000 r--p 00000000 08:02 8394178                    /usr/lib/x86_64-linux-gnu/libnss_files-2.31.so
7f6bc1520000-7f6bc1527000 r-xp 00003000 08:02 8394178                    /usr/lib/x86_64-linux-gnu/libnss_files-2.31.so
7f6bc1527000-7f6bc1529000 r--p 0000a000 08:02 8394178                    /usr/lib/x86_64-linux-gnu/libnss_files-2.31.so
7f6bc1529000-7f6bc152a000 r--p 0000b000 08:02 8394178                    /usr/lib/x86_64-linux-gnu/libnss_files-2.31.so
7f6bc152a000-7f6bc152b000 rw-p 0000c000 08:02 8394178                    /usr/lib/x86_64-linux-gnu/libnss_files-2.31.so
7f6bc152b000-7f6bc1531000 rw-p 00000000 00:00 0 
7f6bc1531000-7f6bc1534000 r--p 00000000 08:02 8520864                    /usr/lib/jvm/java-11-openjdk-amd64/lib/libmanagement.so
7f6bc1534000-7f6bc1535000 r-xp 00003000 08:02 8520864                    /usr/lib/jvm/java-11-openjdk-amd64/lib/libmanagement.so
7f6bc1535000-7f6bc1536000 r--p 00004000 08:02 8520864                    /usr/lib/jvm/java-11-openjdk-amd64/lib/libmanagement.so
7f6bc1536000-7f6bc1537000 r--p 00004000 08:02 8520864                    /usr/lib/jvm/java-11-openjdk-amd64/lib/libmanagement.so
7f6bc1537000-7f6bc1538000 rw-p 00005000 08:02 8520864                    /usr/lib/jvm/java-11-openjdk-amd64/lib/libmanagement.so
7f6bc1538000-7f6bc153a000 r--p 00000000 08:02 8520885                    /usr/lib/jvm/java-11-openjdk-amd64/lib/libzip.so
7f6bc153a000-7f6bc153e000 r-xp 00002000 08:02 8520885                    /usr/lib/jvm/java-11-openjdk-amd64/lib/libzip.so
7f6bc153e000-7f6bc1540000 r--p 00006000 08:02 8520885                    /usr/lib/jvm/java-11-openjdk-amd64/lib/libzip.so
7f6bc1540000-7f6bc1541000 r--p 00007000 08:02 8520885                    /usr/lib/jvm/java-11-openjdk-amd64/lib/libzip.so
7f6bc1541000-7f6bc1542000 rw-p 00008000 08:02 8520885                    /usr/lib/jvm/java-11-openjdk-amd64/lib/libzip.so
7f6bc1542000-7f6bc154a000 rw-s 00000000 08:02 9963587                    /tmp/hsperfdata_jadson/83991
7f6bc154a000-7f6bc154c000 r--p 00000000 08:02 8520860                    /usr/lib/jvm/java-11-openjdk-amd64/lib/libjimage.so
7f6bc154c000-7f6bc154f000 r-xp 00002000 08:02 8520860                    /usr/lib/jvm/java-11-openjdk-amd64/lib/libjimage.so
7f6bc154f000-7f6bc1550000 r--p 00005000 08:02 8520860                    /usr/lib/jvm/java-11-openjdk-amd64/lib/libjimage.so
7f6bc1550000-7f6bc1551000 ---p 00006000 08:02 8520860                    /usr/lib/jvm/java-11-openjdk-amd64/lib/libjimage.so
7f6bc1551000-7f6bc1552000 r--p 00006000 08:02 8520860                    /usr/lib/jvm/java-11-openjdk-amd64/lib/libjimage.so
7f6bc1552000-7f6bc1553000 rw-p 00007000 08:02 8520860                    /usr/lib/jvm/java-11-openjdk-amd64/lib/libjimage.so
7f6bc1553000-7f6bc1561000 r--p 00000000 08:02 8520857                    /usr/lib/jvm/java-11-openjdk-amd64/lib/libjava.so
7f6bc1561000-7f6bc1577000 r-xp 0000e000 08:02 8520857                    /usr/lib/jvm/java-11-openjdk-amd64/lib/libjava.so
7f6bc1577000-7f6bc157e000 r--p 00024000 08:02 8520857                    /usr/lib/jvm/java-11-openjdk-amd64/lib/libjava.so
7f6bc157e000-7f6bc157f000 r--p 0002a000 08:02 8520857                    /usr/lib/jvm/java-11-openjdk-amd64/lib/libjava.so
7f6bc157f000-7f6bc1580000 rw-p 0002b000 08:02 8520857                    /usr/lib/jvm/java-11-openjdk-amd64/lib/libjava.so
7f6bc1580000-7f6bc1581000 rw-p 00000000 00:00 0 
7f6bc1581000-7f6bc1584000 r--p 00000000 08:02 8394208                    /usr/lib/x86_64-linux-gnu/librt-2.31.so
7f6bc1584000-7f6bc1588000 r-xp 00003000 08:02 8394208                    /usr/lib/x86_64-linux-gnu/librt-2.31.so
7f6bc1588000-7f6bc1589000 r--p 00007000 08:02 8394208                    /usr/lib/x86_64-linux-gnu/librt-2.31.so
7f6bc1589000-7f6bc158a000 ---p 00008000 08:02 8394208                    /usr/lib/x86_64-linux-gnu/librt-2.31.so
7f6bc158a000-7f6bc158b000 r--p 00008000 08:02 8394208                    /usr/lib/x86_64-linux-gnu/librt-2.31.so
7f6bc158b000-7f6bc158c000 rw-p 00009000 08:02 8394208                    /usr/lib/x86_64-linux-gnu/librt-2.31.so
7f6bc158c000-7f6bc1590000 ---p 00000000 00:00 0 
7f6bc1590000-7f6bc168d000 rw-p 00000000 00:00 0 
7f6bc168d000-7f6bc1690000 r--p 00000000 08:02 8394940                    /usr/lib/x86_64-linux-gnu/libgcc_s.so.1
7f6bc1690000-7f6bc16a2000 r-xp 00003000 08:02 8394940                    /usr/lib/x86_64-linux-gnu/libgcc_s.so.1
7f6bc16a2000-7f6bc16a6000 r--p 00015000 08:02 8394940                    /usr/lib/x86_64-linux-gnu/libgcc_s.so.1
7f6bc16a6000-7f6bc16a7000 r--p 00018000 08:02 8394940                    /usr/lib/x86_64-linux-gnu/libgcc_s.so.1
7f6bc16a7000-7f6bc16a8000 rw-p 00019000 08:02 8394940                    /usr/lib/x86_64-linux-gnu/libgcc_s.so.1
7f6bc16a8000-7f6bc16b7000 r--p 00000000 08:02 8393823                    /usr/lib/x86_64-linux-gnu/libm-2.31.so
7f6bc16b7000-7f6bc175e000 r-xp 0000f000 08:02 8393823                    /usr/lib/x86_64-linux-gnu/libm-2.31.so
7f6bc175e000-7f6bc17f5000 r--p 000b6000 08:02 8393823                    /usr/lib/x86_64-linux-gnu/libm-2.31.so
7f6bc17f5000-7f6bc17f6000 r--p 0014c000 08:02 8393823                    /usr/lib/x86_64-linux-gnu/libm-2.31.so
7f6bc17f6000-7f6bc17f7000 rw-p 0014d000 08:02 8393823                    /usr/lib/x86_64-linux-gnu/libm-2.31.so
7f6bc17f7000-7f6bc188d000 r--p 00000000 08:02 8389090                    /usr/lib/x86_64-linux-gnu/libstdc++.so.6.0.28
7f6bc188d000-7f6bc197e000 r-xp 00096000 08:02 8389090                    /usr/lib/x86_64-linux-gnu/libstdc++.so.6.0.28
7f6bc197e000-7f6bc19c7000 r--p 00187000 08:02 8389090                    /usr/lib/x86_64-linux-gnu/libstdc++.so.6.0.28
7f6bc19c7000-7f6bc19c8000 ---p 001d0000 08:02 8389090                    /usr/lib/x86_64-linux-gnu/libstdc++.so.6.0.28
7f6bc19c8000-7f6bc19d3000 r--p 001d0000 08:02 8389090                    /usr/lib/x86_64-linux-gnu/libstdc++.so.6.0.28
7f6bc19d3000-7f6bc19d6000 rw-p 001db000 08:02 8389090                    /usr/lib/x86_64-linux-gnu/libstdc++.so.6.0.28
7f6bc19d6000-7f6bc19d9000 rw-p 00000000 00:00 0 
7f6bc19d9000-7f6bc1c53000 r--p 00000000 08:02 8520897                    /usr/lib/jvm/java-11-openjdk-amd64/lib/server/libjvm.so
7f6bc1c53000-7f6bc28d8000 r-xp 0027a000 08:02 8520897                    /usr/lib/jvm/java-11-openjdk-amd64/lib/server/libjvm.so
7f6bc28d8000-7f6bc2b2f000 r--p 00eff000 08:02 8520897                    /usr/lib/jvm/java-11-openjdk-amd64/lib/server/libjvm.so
7f6bc2b2f000-7f6bc2bf0000 r--p 01155000 08:02 8520897                    /usr/lib/jvm/java-11-openjdk-amd64/lib/server/libjvm.so
7f6bc2bf0000-7f6bc2c2b000 rw-p 01216000 08:02 8520897                    /usr/lib/jvm/java-11-openjdk-amd64/lib/server/libjvm.so
7f6bc2c2b000-7f6bc2c84000 rw-p 00000000 00:00 0 
7f6bc2c84000-7f6bc2c8b000 r--p 00000000 08:02 8394197                    /usr/lib/x86_64-linux-gnu/libpthread-2.31.so
7f6bc2c8b000-7f6bc2c9c000 r-xp 00007000 08:02 8394197                    /usr/lib/x86_64-linux-gnu/libpthread-2.31.so
7f6bc2c9c000-7f6bc2ca1000 r--p 00018000 08:02 8394197                    /usr/lib/x86_64-linux-gnu/libpthread-2.31.so
7f6bc2ca1000-7f6bc2ca2000 r--p 0001c000 08:02 8394197                    /usr/lib/x86_64-linux-gnu/libpthread-2.31.so
7f6bc2ca2000-7f6bc2ca3000 rw-p 0001d000 08:02 8394197                    /usr/lib/x86_64-linux-gnu/libpthread-2.31.so
7f6bc2ca3000-7f6bc2ca7000 rw-p 00000000 00:00 0 
7f6bc2ca7000-7f6bc2ca8000 r--p 00000000 08:02 8393820                    /usr/lib/x86_64-linux-gnu/libdl-2.31.so
7f6bc2ca8000-7f6bc2caa000 r-xp 00001000 08:02 8393820                    /usr/lib/x86_64-linux-gnu/libdl-2.31.so
7f6bc2caa000-7f6bc2cab000 r--p 00003000 08:02 8393820                    /usr/lib/x86_64-linux-gnu/libdl-2.31.so
7f6bc2cab000-7f6bc2cac000 r--p 00003000 08:02 8393820                    /usr/lib/x86_64-linux-gnu/libdl-2.31.so
7f6bc2cac000-7f6bc2cad000 rw-p 00004000 08:02 8393820                    /usr/lib/x86_64-linux-gnu/libdl-2.31.so
7f6bc2cad000-7f6bc2caf000 r--p 00000000 08:02 8391100                    /usr/lib/x86_64-linux-gnu/libz.so.1.2.11
7f6bc2caf000-7f6bc2cc0000 r-xp 00002000 08:02 8391100                    /usr/lib/x86_64-linux-gnu/libz.so.1.2.11
7f6bc2cc0000-7f6bc2cc6000 r--p 00013000 08:02 8391100                    /usr/lib/x86_64-linux-gnu/libz.so.1.2.11
7f6bc2cc6000-7f6bc2cc7000 ---p 00019000 08:02 8391100                    /usr/lib/x86_64-linux-gnu/libz.so.1.2.11
7f6bc2cc7000-7f6bc2cc8000 r--p 00019000 08:02 8391100                    /usr/lib/x86_64-linux-gnu/libz.so.1.2.11
7f6bc2cc8000-7f6bc2cc9000 rw-p 0001a000 08:02 8391100                    /usr/lib/x86_64-linux-gnu/libz.so.1.2.11
7f6bc2cc9000-7f6bc2cee000 r--p 00000000 08:02 8393814                    /usr/lib/x86_64-linux-gnu/libc-2.31.so
7f6bc2cee000-7f6bc2e66000 r-xp 00025000 08:02 8393814                    /usr/lib/x86_64-linux-gnu/libc-2.31.so
7f6bc2e66000-7f6bc2eb0000 r--p 0019d000 08:02 8393814                    /usr/lib/x86_64-linux-gnu/libc-2.31.so
7f6bc2eb0000-7f6bc2eb1000 ---p 001e7000 08:02 8393814                    /usr/lib/x86_64-linux-gnu/libc-2.31.so
7f6bc2eb1000-7f6bc2eb4000 r--p 001e7000 08:02 8393814                    /usr/lib/x86_64-linux-gnu/libc-2.31.so
7f6bc2eb4000-7f6bc2eb7000 rw-p 001ea000 08:02 8393814                    /usr/lib/x86_64-linux-gnu/libc-2.31.so
7f6bc2eb7000-7f6bc2ebb000 rw-p 00000000 00:00 0 
7f6bc2ebe000-7f6bc2ec0000 r--s 0000c000 08:02 9189263                    /usr/share/java/java-atk-wrapper.jar
7f6bc2ec0000-7f6bc2ec1000 ---p 00000000 00:00 0 
7f6bc2ec1000-7f6bc2ec2000 r--p 00000000 00:00 0 
7f6bc2ec2000-7f6bc2ec7000 r--p 00000000 08:02 8520879                    /usr/lib/jvm/java-11-openjdk-amd64/lib/libverify.so
7f6bc2ec7000-7f6bc2ece000 r-xp 00005000 08:02 8520879                    /usr/lib/jvm/java-11-openjdk-amd64/lib/libverify.so
7f6bc2ece000-7f6bc2ed0000 r--p 0000c000 08:02 8520879                    /usr/lib/jvm/java-11-openjdk-amd64/lib/libverify.so
7f6bc2ed0000-7f6bc2ed1000 ---p 0000e000 08:02 8520879                    /usr/lib/jvm/java-11-openjdk-amd64/lib/libverify.so
7f6bc2ed1000-7f6bc2ed3000 r--p 0000e000 08:02 8520879                    /usr/lib/jvm/java-11-openjdk-amd64/lib/libverify.so
7f6bc2ed3000-7f6bc2ed4000 rw-p 00010000 08:02 8520879                    /usr/lib/jvm/java-11-openjdk-amd64/lib/libverify.so
7f6bc2ed4000-7f6bc2ed7000 r--p 00000000 08:02 8520842                    /usr/lib/jvm/java-11-openjdk-amd64/lib/jli/libjli.so
7f6bc2ed7000-7f6bc2ee1000 r-xp 00003000 08:02 8520842                    /usr/lib/jvm/java-11-openjdk-amd64/lib/jli/libjli.so
7f6bc2ee1000-7f6bc2ee4000 r--p 0000d000 08:02 8520842                    /usr/lib/jvm/java-11-openjdk-amd64/lib/jli/libjli.so
7f6bc2ee4000-7f6bc2ee5000 ---p 00010000 08:02 8520842                    /usr/lib/jvm/java-11-openjdk-amd64/lib/jli/libjli.so
7f6bc2ee5000-7f6bc2ee6000 r--p 00010000 08:02 8520842                    /usr/lib/jvm/java-11-openjdk-amd64/lib/jli/libjli.so
7f6bc2ee6000-7f6bc2ee7000 rw-p 00011000 08:02 8520842                    /usr/lib/jvm/java-11-openjdk-amd64/lib/jli/libjli.so
7f6bc2ee7000-7f6bc2ee9000 rw-p 00000000 00:00 0 
7f6bc2ee9000-7f6bc2eea000 r--p 00000000 08:02 8390785                    /usr/lib/x86_64-linux-gnu/ld-2.31.so
7f6bc2eea000-7f6bc2f0d000 r-xp 00001000 08:02 8390785                    /usr/lib/x86_64-linux-gnu/ld-2.31.so
7f6bc2f0d000-7f6bc2f15000 r--p 00024000 08:02 8390785                    /usr/lib/x86_64-linux-gnu/ld-2.31.so
7f6bc2f16000-7f6bc2f17000 r--p 0002c000 08:02 8390785                    /usr/lib/x86_64-linux-gnu/ld-2.31.so
7f6bc2f17000-7f6bc2f18000 rw-p 0002d000 08:02 8390785                    /usr/lib/x86_64-linux-gnu/ld-2.31.so
7f6bc2f18000-7f6bc2f19000 rw-p 00000000 00:00 0 
7ffc962de000-7ffc96300000 rw-p 00000000 00:00 0                          [stack]
7ffc9633b000-7ffc9633f000 r--p 00000000 00:00 0                          [vvar]
7ffc9633f000-7ffc96341000 r-xp 00000000 00:00 0                          [vdso]
ffffffffff600000-ffffffffff601000 --xp 00000000 00:00 0                  [vsyscall]


VM Arguments:
java_command: ./target/demo-0.0.1-SNAPSHOT.jar
java_class_path (initial): ./target/demo-0.0.1-SNAPSHOT.jar
Launcher Type: SUN_STANDARD

[Global flags]
     intx CICompilerCount                          = 4                                         {product} {ergonomic}
     uint ConcGCThreads                            = 2                                         {product} {ergonomic}
     uint G1ConcRefinementThreads                  = 8                                         {product} {ergonomic}
   size_t G1HeapRegionSize                         = 1048576                                   {product} {ergonomic}
    uintx GCDrainStackTargetSize                   = 64                                        {product} {ergonomic}
   size_t InitialHeapSize                          = 130023424                                 {product} {ergonomic}
   size_t MarkStackSize                            = 4194304                                   {product} {ergonomic}
   size_t MaxHeapSize                              = 2063597568                                {product} {ergonomic}
   size_t MaxNewSize                               = 1237319680                                {product} {ergonomic}
   size_t MinHeapDeltaBytes                        = 1048576                                   {product} {ergonomic}
    uintx NonNMethodCodeHeapSize                   = 5836300                                {pd product} {ergonomic}
    uintx NonProfiledCodeHeapSize                  = 122910970                              {pd product} {ergonomic}
    uintx ProfiledCodeHeapSize                     = 122910970                              {pd product} {ergonomic}
    uintx ReservedCodeCacheSize                    = 251658240                              {pd product} {ergonomic}
     bool SegmentedCodeCache                       = true                                      {product} {ergonomic}
     bool UseCompressedClassPointers               = true                                 {lp64_product} {ergonomic}
     bool UseCompressedOops                        = true                                 {lp64_product} {ergonomic}
     bool UseG1GC                                  = true                                      {product} {ergonomic}

Logging:
Log output configuration:
 #0: stdout all=warning uptime,level,tags
 #1: stderr all=off uptime,level,tags

Environment Variables:
PATH=/home/jadson/Projects/repositories/demo/node_modules/.bin:/home/jadson/.deno/bin:/home/jadson/.zinit/polaris/sbin:/home/jadson/.zinit/polaris/bin:/home/jadson/.nvm/versions/node/v15.8.0/bin:/home/jadson/.local/bin:/usr/local/sbin:/usr/local/bin:/usr/sbin:/usr/bin:/sbin:/bin:/usr/games:/usr/local/games:/snap/bin:/home/jadson/.yarn/bin
USERNAME=jadson
SHELL=/usr/bin/zsh
DISPLAY=:0
LANG=en_US.UTF-8
LC_CTYPE=pt_BR.UTF-8

Signal Handlers:
SIGSEGV: [libjvm.so+0xe8ba00], sa_mask[0]=11111111011111111101111111111110, sa_flags=SA_RESTART|SA_SIGINFO
SIGBUS: [libjvm.so+0xe8ba00], sa_mask[0]=11111111011111111101111111111110, sa_flags=SA_RESTART|SA_SIGINFO
SIGFPE: [libjvm.so+0xe8ba00], sa_mask[0]=11111111011111111101111111111110, sa_flags=SA_RESTART|SA_SIGINFO
SIGPIPE: [libjvm.so+0xbd10f0], sa_mask[0]=11111111011111111101111111111110, sa_flags=SA_RESTART|SA_SIGINFO
SIGXFSZ: [libjvm.so+0xbd10f0], sa_mask[0]=11111111011111111101111111111110, sa_flags=SA_RESTART|SA_SIGINFO
SIGILL: [libjvm.so+0xe8ba00], sa_mask[0]=11111111011111111101111111111110, sa_flags=SA_RESTART|SA_SIGINFO
SIGUSR2: [libjvm.so+0xbd0f90], sa_mask[0]=00000000000000000000000000000000, sa_flags=SA_RESTART|SA_SIGINFO
SIGHUP: [libjvm.so+0xbd1430], sa_mask[0]=11111111011111111101111111111110, sa_flags=SA_RESTART|SA_SIGINFO
SIGINT: [libjvm.so+0xbd1430], sa_mask[0]=11111111011111111101111111111110, sa_flags=SA_RESTART|SA_SIGINFO
SIGTERM: [libjvm.so+0xbd1430], sa_mask[0]=11111111011111111101111111111110, sa_flags=SA_RESTART|SA_SIGINFO
SIGQUIT: [libjvm.so+0xbd1430], sa_mask[0]=11111111011111111101111111111110, sa_flags=SA_RESTART|SA_SIGINFO


---------------  S Y S T E M  ---------------

OS:DISTRIB_ID=Ubuntu
DISTRIB_RELEASE=20.04
DISTRIB_CODENAME=focal
DISTRIB_DESCRIPTION="Ubuntu 20.04.2 LTS"
uname:Linux 5.8.0-63-generic #71~20.04.1-Ubuntu SMP Thu Jul 15 17:46:08 UTC 2021 x86_64
OS uptime: 2 days 0:49 hours
libc:glibc 2.31 NPTL 2.31 
rlimit (soft/hard): STACK 8192k/infinity , CORE 0k/infinity , NPROC 31242/31242 , NOFILE 1048576/1048576 , AS infinity/infinity , CPU infinity/infinity , DATA infinity/infinity , FSIZE infinity/infinity , MEMLOCK 65536k/65536k
load average:7,47 9,16 5,55

/proc/meminfo:
MemTotal:        8058248 kB
MemFree:         1166864 kB
MemAvailable:    2999024 kB
Buffers:          251292 kB
Cached:          2100688 kB
SwapCached:         6656 kB
Active:          4917496 kB
Inactive:        1330436 kB
Active(anon):    3553196 kB
Inactive(anon):   756988 kB
Active(file):    1364300 kB
Inactive(file):   573448 kB
Unevictable:       60884 kB
Mlocked:             112 kB
SwapTotal:       2097148 kB
SwapFree:        1854356 kB
Dirty:             38688 kB
Writeback:             0 kB
AnonPages:       3952808 kB
Mapped:           735564 kB
Shmem:            424876 kB
KReclaimable:     203212 kB
Slab:             425352 kB
SReclaimable:     203212 kB
SUnreclaim:       222140 kB
KernelStack:       21156 kB
PageTables:        41924 kB
NFS_Unstable:          0 kB
Bounce:                0 kB
WritebackTmp:          0 kB
CommitLimit:     6126272 kB
Committed_AS:   13903372 kB
VmallocTotal:   34359738367 kB
VmallocUsed:       44392 kB
VmallocChunk:          0 kB
Percpu:             9888 kB
HardwareCorrupted:     0 kB
AnonHugePages:      2048 kB
ShmemHugePages:        0 kB
ShmemPmdMapped:        0 kB
FileHugePages:         0 kB
FilePmdMapped:         0 kB
HugePages_Total:       0
HugePages_Free:        0
HugePages_Rsvd:        0
HugePages_Surp:        0
Hugepagesize:       2048 kB
Hugetlb:               0 kB
DirectMap4k:      661108 kB
DirectMap2M:     7634944 kB
DirectMap1G:           0 kB

/sys/kernel/mm/transparent_hugepage/enabled:
always [madvise] never
/sys/kernel/mm/transparent_hugepage/defrag (defrag/compaction efforts parameter):
always defer defer+madvise [madvise] never

Process Memory:
Virtual Size: 6665276K (peak: 13454268K)
Resident Set Size: 359172K (peak: 359172K) (anon: 329308K, file: 29864K, shmem: 0K)
Swapped out: 0K
C-Heap outstanding allocations: 25010K

/proc/sys/kernel/threads-max (system-wide limit on the number of threads):
62484
/proc/sys/vm/max_map_count (maximum number of memory map areas a process may have):
65530
/proc/sys/kernel/pid_max (system-wide limit on number of process identifiers):
4194304

container (cgroup) information:
container_type: cgroupv1
cpu_cpuset_cpus: 0-7
cpu_memory_nodes: 0
active_processor_count: 8
cpu_quota: -1
cpu_period: 100000
cpu_shares: -1
memory_limit_in_bytes: -1
memory_and_swap_limit_in_bytes: -1
memory_soft_limit_in_bytes: -1
memory_usage_in_bytes: 5113458688
memory_max_usage_in_bytes: 6611283968

Steal ticks since vm start: 0
Steal ticks percentage since vm start:  0,000

CPU:total 8 (initial active 8) (4 cores per cpu, 2 threads per core) family 6 model 142 stepping 10 microcode 0xea, cmov, cx8, fxsr, mmx, sse, sse2, sse3, ssse3, sse4.1, sse4.2, popcnt, avx, avx2, aes, clmul, erms, 3dnowpref, lzcnt, ht, tsc, tscinvbit, bmi1, bmi2, adx, fma
CPU Model and flags from /proc/cpuinfo:
model name	: Intel(R) Core(TM) i5-8250U CPU @ 1.60GHz
flags		: fpu vme de pse tsc msr pae mce cx8 apic sep mtrr pge mca cmov pat pse36 clflush dts acpi mmx fxsr sse sse2 ss ht tm pbe syscall nx pdpe1gb rdtscp lm constant_tsc art arch_perfmon pebs bts rep_good nopl xtopology nonstop_tsc cpuid aperfmperf pni pclmulqdq dtes64 monitor ds_cpl vmx est tm2 ssse3 sdbg fma cx16 xtpr pdcm pcid sse4_1 sse4_2 x2apic movbe popcnt tsc_deadline_timer aes xsave avx f16c rdrand lahf_lm abm 3dnowprefetch cpuid_fault invpcid_single pti ssbd ibrs ibpb stibp tpr_shadow vnmi flexpriority ept vpid ept_ad fsgsbase tsc_adjust bmi1 avx2 smep bmi2 erms invpcid mpx rdseed adx smap clflushopt intel_pt xsaveopt xsavec xgetbv1 xsaves dtherm ida arat pln pts hwp hwp_notify hwp_act_window hwp_epp md_clear flush_l1d
Online cpus:
0-7
Offline cpus:

BIOS frequency limitation:
<Not Available>
Frequency switch latency (ns):
0
Available cpu frequencies:
<Not Available>
Current governor:
powersave
Core performance/turbo boost:
<Not Available>

Memory: 4k page, physical 8058248k(1166360k free), swap 2097148k(1854356k free)

vm_info: OpenJDK 64-Bit Server VM (11.0.11+9-Ubuntu-0ubuntu2.20.04) for linux-amd64 JRE (11.0.11+9-Ubuntu-0ubuntu2.20.04), built on Apr 21 2021 09:15:32 by "unknown" with gcc 9.3.0

END.
