#
# A fatal error has been detected by the Java Runtime Environment:
#
#  SIGSEGV (0xb) at pc=0x00007f301955dfcd, pid=8077, tid=8077
#
# JRE version: OpenJDK Runtime Environment (11.0.11+9) (build 11.0.11+9-Ubuntu-0ubuntu2.20.04)
# Java VM: OpenJDK 64-Bit Server VM (11.0.11+9-Ubuntu-0ubuntu2.20.04, mixed mode, sharing, tiered, compressed oops, g1 gc, linux-amd64)
# Problematic frame:
# V  [libjvm.so+0xbd0fcd]
#
# Core dump will be written. Default location: Core dumps may be processed with "/usr/share/apport/apport %p %s %c %d %P %E" (or dumping to /home/jadson/Projects/repositories/demo/core.8077)
#
# If you would like to submit a bug report, please visit:
#   https://bugs.launchpad.net/ubuntu/+source/openjdk-lts
#

---------------  S U M M A R Y ------------

Command Line: ./target/demo-0.0.1-SNAPSHOT.jar

Host: Intel(R) Core(TM) i5-8250U CPU @ 1.60GHz, 8 cores, 7G, Ubuntu 20.04.2 LTS
Time: Wed Jul 28 20:29:13 2021 -03 elapsed time: 14.489038 seconds (0d 0h 0m 14s)

---------------  T H R E A D  ---------------

Current thread is native thread

Stack: [0x00007ffd0c463000,0x00007ffd0cc62000],  sp=0x00007ffd0cc5c500,  free space=8165k
Native frames: (J=compiled Java code, A=aot compiled Java code, j=interpreted, Vv=VM code, C=native code)
V  [libjvm.so+0xbd0fcd]
C  [libc.so.6+0x46210]


siginfo: si_signo: 11 (SIGSEGV), si_code: 1 (SEGV_MAPERR), si_addr: 0x00000000000000d0

Register to memory mapping:

RAX=0x0 is NULL
RBX=
[error occurred during error reporting (printing register info), id 0xb, SIGSEGV (0xb) at pc=0x00007f30197b5a2c]

Registers:
RAX=0x0000000000000000, RBX=0x00007f3019c373c0, RCX=0x00007f3019c42cd7, RDX=0x00007f3019c37440
RSP=0x00007ffd0cc5c500, RBP=0x00007ffd0cc5c5b0, RSI=0x00007ffd0cc5c6f0, RDI=0x0000000000000001
R8 =0x0000000000000000, R9 =0x00007f3018640700, R10=0x0000000000000000, R11=0x0000000000000246
R12=0x00007ffd0cc5c6f0, R13=0x00007ffd0cc5c5c0, R14=0x0000000000000000, R15=0x00007f3018640700
RIP=0x00007f301955dfcd, EFLAGS=0x0000000000010246, CSGSFS=0x002b000000000033, ERR=0x0000000000000004
  TRAPNO=0x000000000000000e

Top of Stack: (sp=0x00007ffd0cc5c500)
0x00007ffd0cc5c500:   0000000000000020 0000200000000000
0x00007ffd0cc5c510:   0000000000000000 0000000000000000
0x00007ffd0cc5c520:   0000000000000000 0000000000000000
0x00007ffd0cc5c530:   0000000000000000 0000000000000000 

Instructions: (pc=0x00007f301955dfcd)
0x00007f301955decd:   ff 48 85 c0 74 03 c6 00 00 4c 89 f7 4c 89 fa 4c
0x00007f301955dedd:   89 ee e8 3c 92 6a ff 4c 89 e7 e8 a4 95 6a ff 48
0x00007f301955deed:   81 c4 08 01 00 00 5b 41 5c 41 5d 41 5e 41 5f 5d
0x00007f301955defd:   c3 66 90 4c 89 e2 be 00 01 00 00 4c 89 ef e8 f0
0x00007f301955df0d:   97 6a ff 48 85 c0 74 ac 48 8d 35 cb 80 3a 00 4c
0x00007f301955df1d:   89 ef e8 dc 95 6a ff 48 85 c0 75 17 48 8d 35 cc
0x00007f301955df2d:   80 3a 00 4c 89 ef e8 c8 95 6a ff 48 85 c0 74 84
0x00007f301955df3d:   0f 1f 00 be 22 00 00 00 4c 89 ef e8 43 96 6a ff
0x00007f301955df4d:   48 85 c0 74 26 4c 8d 68 01 be 22 00 00 00 4c 89
0x00007f301955df5d:   ef e8 2d 96 6a ff 48 85 c0 0f 85 67 ff ff ff e9
0x00007f301955df6d:   65 ff ff ff 0f 1f 80 00 00 00 00 4c 89 ef be 3d
0x00007f301955df7d:   00 00 00 e8 0b 96 6a ff 4c 8d 68 01 e9 33 ff ff
0x00007f301955df8d:   ff 66 90 f3 0f 1e fa 55 48 89 e5 41 57 41 56 41
0x00007f301955df9d:   55 49 89 d5 41 54 49 89 f4 53 48 81 ec 88 00 00
0x00007f301955dfad:   00 e8 0d 9d 6a ff 44 8b 30 48 89 c3 e8 22 63 25
0x00007f301955dfbd:   00 41 89 c0 31 c0 45 84 c0 74 05 e8 23 63 25 00
0x00007f301955dfcd:   48 83 b8 d0 00 00 00 00 74 16 4c 8b b8 70 02 00
0x00007f301955dfdd:   00 41 8b 87 a8 00 00 00 83 f8 01 74 16 44 89 33
0x00007f301955dfed:   48 81 c4 88 00 00 00 5b 41 5c 41 5d 41 5e 41 5f
0x00007f301955dffd:   5d c3 90 66 49 0f 6e c4 66 49 0f 6e cd ba 02 00
0x00007f301955e00d:   00 00 be 01 00 00 00 66 0f 6c c1 4d 8d a7 a8 00
0x00007f301955e01d:   00 00 41 0f 11 87 b0 00 00 00 4c 89 e7 e8 d1 bc
0x00007f301955e02d:   ff ff 83 f8 02 74 3c 85 c0 75 18 66 0f ef c0 41
0x00007f301955e03d:   0f 11 87 b0 00 00 00 eb a4 66 2e 0f 1f 84 00 00
0x00007f301955e04d:   00 00 00 48 8d 05 51 aa 64 00 be d8 11 00 00 48
0x00007f301955e05d:   8d 3d 75 8a 3a 00 48 8b 00 c6 00 58 e8 f2 af a9
0x00007f301955e06d:   ff eb c8 4c 8d ad 50 ff ff ff 4c 89 ef e8 a1 98
0x00007f301955e07d:   6a ff 4c 89 ea 31 f6 31 ff e8 b5 99 6a ff 8b 35
0x00007f301955e08d:   9f 56 66 00 4c 89 ef e8 57 95 6a ff be 01 00 00
0x00007f301955e09d:   00 48 8d 3d db a2 6a 00 e8 16 a1 0c 00 66 0f 1f
0x00007f301955e0ad:   44 00 00 4c 89 ef e8 68 9c 6a ff 31 d2 be 03 00
0x00007f301955e0bd:   00 00 4c 89 e7 e8 39 bc ff ff 85 c0 75 e5 be 01 


Stack slot to memory mapping:
stack at sp + 0 slots: 
[error occurred during error reporting (inspecting top of stack), id 0xb, SIGSEGV (0xb) at pc=0x00007f30197b5a2c]


---------------  P R O C E S S  ---------------

VM state:not at safepoint (normal execution)

VM Mutex/Monitor currently owned by a thread: None

Heap address: 0x0000000085000000, size: 1968 MB, Compressed Oops mode: 32-bit
Narrow klass base: 0x0000000800000000, Narrow klass shift: 3
Compressed class space size: 1073741824 Address: 0x0000000840000000

Heap:
 garbage-first heap   total 172032K, used 70697K [0x0000000085000000, 0x0000000100000000)
  region size 1024K, 64 young (65536K), 11 survivors (11264K)
 Metaspace       used 48876K, capacity 50262K, committed 50560K, reserved 1093632K
  class space    used 6229K, capacity 6751K, committed 6784K, reserved 1048576K
Heap Regions: E=young(eden), S=young(survivor), O=old, HS=humongous(starts), HC=humongous(continues), CS=collection set, F=free, A=archive, TAMS=top-at-mark-start (previous, next)
|   0|0x0000000085000000, 0x0000000085100000, 0x0000000085100000|100%| O|  |TAMS 0x0000000085100000, 0x0000000085000000| Untracked 
|   1|0x0000000085100000, 0x0000000085200000, 0x0000000085200000|100%| O|  |TAMS 0x0000000085200000, 0x0000000085100000| Untracked 
|   2|0x0000000085200000, 0x0000000085300000, 0x0000000085300000|100%| O|  |TAMS 0x0000000085300000, 0x0000000085200000| Untracked 
|   3|0x0000000085300000, 0x0000000085400000, 0x0000000085400000|100%| O|  |TAMS 0x0000000085400000, 0x0000000085300000| Untracked 
|   4|0x0000000085400000, 0x0000000085500000, 0x0000000085500000|100%| O|  |TAMS 0x00000000854ad600, 0x0000000085400000| Untracked 
|   5|0x0000000085500000, 0x0000000085600000, 0x0000000085600000|100%| O|  |TAMS 0x0000000085500000, 0x0000000085500000| Untracked 
|   6|0x0000000085600000, 0x000000008562ca00, 0x0000000085700000| 17%| O|  |TAMS 0x0000000085600000, 0x0000000085600000| Untracked 
|   7|0x0000000085700000, 0x0000000085700000, 0x0000000085800000|  0%| F|  |TAMS 0x0000000085700000, 0x0000000085700000| Untracked 
|   8|0x0000000085800000, 0x0000000085800000, 0x0000000085900000|  0%| F|  |TAMS 0x0000000085800000, 0x0000000085800000| Untracked 
|   9|0x0000000085900000, 0x0000000085900000, 0x0000000085a00000|  0%| F|  |TAMS 0x0000000085900000, 0x0000000085900000| Untracked 
|  10|0x0000000085a00000, 0x0000000085a00000, 0x0000000085b00000|  0%| F|  |TAMS 0x0000000085a00000, 0x0000000085a00000| Untracked 
|  11|0x0000000085b00000, 0x0000000085b00000, 0x0000000085c00000|  0%| F|  |TAMS 0x0000000085b00000, 0x0000000085b00000| Untracked 
|  12|0x0000000085c00000, 0x0000000085c00000, 0x0000000085d00000|  0%| F|  |TAMS 0x0000000085c00000, 0x0000000085c00000| Untracked 
|  13|0x0000000085d00000, 0x0000000085d00000, 0x0000000085e00000|  0%| F|  |TAMS 0x0000000085d00000, 0x0000000085d00000| Untracked 
|  14|0x0000000085e00000, 0x0000000085e00000, 0x0000000085f00000|  0%| F|  |TAMS 0x0000000085e00000, 0x0000000085e00000| Untracked 
|  15|0x0000000085f00000, 0x0000000085f00000, 0x0000000086000000|  0%| F|  |TAMS 0x0000000085f00000, 0x0000000085f00000| Untracked 
|  16|0x0000000086000000, 0x0000000086000000, 0x0000000086100000|  0%| F|  |TAMS 0x0000000086000000, 0x0000000086000000| Untracked 
|  17|0x0000000086100000, 0x0000000086100000, 0x0000000086200000|  0%| F|  |TAMS 0x0000000086100000, 0x0000000086100000| Untracked 
|  18|0x0000000086200000, 0x0000000086200000, 0x0000000086300000|  0%| F|  |TAMS 0x0000000086200000, 0x0000000086200000| Untracked 
|  19|0x0000000086300000, 0x0000000086300000, 0x0000000086400000|  0%| F|  |TAMS 0x0000000086300000, 0x0000000086300000| Untracked 
|  20|0x0000000086400000, 0x0000000086400000, 0x0000000086500000|  0%| F|  |TAMS 0x0000000086400000, 0x0000000086400000| Untracked 
|  21|0x0000000086500000, 0x0000000086500000, 0x0000000086600000|  0%| F|  |TAMS 0x0000000086500000, 0x0000000086500000| Untracked 
|  22|0x0000000086600000, 0x0000000086600000, 0x0000000086700000|  0%| F|  |TAMS 0x0000000086600000, 0x0000000086600000| Untracked 
|  23|0x0000000086700000, 0x0000000086700000, 0x0000000086800000|  0%| F|  |TAMS 0x0000000086700000, 0x0000000086700000| Untracked 
|  24|0x0000000086800000, 0x0000000086800000, 0x0000000086900000|  0%| F|  |TAMS 0x0000000086800000, 0x0000000086800000| Untracked 
|  25|0x0000000086900000, 0x0000000086900000, 0x0000000086a00000|  0%| F|  |TAMS 0x0000000086900000, 0x0000000086900000| Untracked 
|  26|0x0000000086a00000, 0x0000000086a00000, 0x0000000086b00000|  0%| F|  |TAMS 0x0000000086a00000, 0x0000000086a00000| Untracked 
|  27|0x0000000086b00000, 0x0000000086b00000, 0x0000000086c00000|  0%| F|  |TAMS 0x0000000086b00000, 0x0000000086b00000| Untracked 
|  28|0x0000000086c00000, 0x0000000086c00000, 0x0000000086d00000|  0%| F|  |TAMS 0x0000000086c00000, 0x0000000086c00000| Untracked 
|  29|0x0000000086d00000, 0x0000000086d00000, 0x0000000086e00000|  0%| F|  |TAMS 0x0000000086d00000, 0x0000000086d00000| Untracked 
|  30|0x0000000086e00000, 0x0000000086e00000, 0x0000000086f00000|  0%| F|  |TAMS 0x0000000086e00000, 0x0000000086e00000| Untracked 
|  31|0x0000000086f00000, 0x0000000086f00000, 0x0000000087000000|  0%| F|  |TAMS 0x0000000086f00000, 0x0000000086f00000| Untracked 
|  32|0x0000000087000000, 0x0000000087000000, 0x0000000087100000|  0%| F|  |TAMS 0x0000000087000000, 0x0000000087000000| Untracked 
|  33|0x0000000087100000, 0x0000000087100000, 0x0000000087200000|  0%| F|  |TAMS 0x0000000087100000, 0x0000000087100000| Untracked 
|  34|0x0000000087200000, 0x0000000087200000, 0x0000000087300000|  0%| F|  |TAMS 0x0000000087200000, 0x0000000087200000| Untracked 
|  35|0x0000000087300000, 0x0000000087300000, 0x0000000087400000|  0%| F|  |TAMS 0x0000000087300000, 0x0000000087300000| Untracked 
|  36|0x0000000087400000, 0x0000000087400000, 0x0000000087500000|  0%| F|  |TAMS 0x0000000087400000, 0x0000000087400000| Untracked 
|  37|0x0000000087500000, 0x0000000087500000, 0x0000000087600000|  0%| F|  |TAMS 0x0000000087500000, 0x0000000087500000| Untracked 
|  38|0x0000000087600000, 0x0000000087600000, 0x0000000087700000|  0%| F|  |TAMS 0x0000000087600000, 0x0000000087600000| Untracked 
|  39|0x0000000087700000, 0x0000000087700000, 0x0000000087800000|  0%| F|  |TAMS 0x0000000087700000, 0x0000000087700000| Untracked 
|  40|0x0000000087800000, 0x0000000087800000, 0x0000000087900000|  0%| F|  |TAMS 0x0000000087800000, 0x0000000087800000| Untracked 
|  41|0x0000000087900000, 0x0000000087900000, 0x0000000087a00000|  0%| F|  |TAMS 0x0000000087900000, 0x0000000087900000| Untracked 
|  42|0x0000000087a00000, 0x0000000087a00000, 0x0000000087b00000|  0%| F|  |TAMS 0x0000000087a00000, 0x0000000087a00000| Untracked 
|  43|0x0000000087b00000, 0x0000000087b00000, 0x0000000087c00000|  0%| F|  |TAMS 0x0000000087b00000, 0x0000000087b00000| Untracked 
|  44|0x0000000087c00000, 0x0000000087c00000, 0x0000000087d00000|  0%| F|  |TAMS 0x0000000087c00000, 0x0000000087c00000| Untracked 
|  45|0x0000000087d00000, 0x0000000087d00000, 0x0000000087e00000|  0%| F|  |TAMS 0x0000000087d00000, 0x0000000087d00000| Untracked 
|  46|0x0000000087e00000, 0x0000000087e00000, 0x0000000087f00000|  0%| F|  |TAMS 0x0000000087e00000, 0x0000000087e00000| Untracked 
|  47|0x0000000087f00000, 0x0000000087f00000, 0x0000000088000000|  0%| F|  |TAMS 0x0000000087f00000, 0x0000000087f00000| Untracked 
|  48|0x0000000088000000, 0x0000000088000000, 0x0000000088100000|  0%| F|  |TAMS 0x0000000088000000, 0x0000000088000000| Untracked 
|  49|0x0000000088100000, 0x0000000088100000, 0x0000000088200000|  0%| F|  |TAMS 0x0000000088100000, 0x0000000088100000| Untracked 
|  50|0x0000000088200000, 0x0000000088200000, 0x0000000088300000|  0%| F|  |TAMS 0x0000000088200000, 0x0000000088200000| Untracked 
|  51|0x0000000088300000, 0x0000000088300000, 0x0000000088400000|  0%| F|  |TAMS 0x0000000088300000, 0x0000000088300000| Untracked 
|  52|0x0000000088400000, 0x0000000088400000, 0x0000000088500000|  0%| F|  |TAMS 0x0000000088400000, 0x0000000088400000| Untracked 
|  53|0x0000000088500000, 0x0000000088500000, 0x0000000088600000|  0%| F|  |TAMS 0x0000000088500000, 0x0000000088500000| Untracked 
|  54|0x0000000088600000, 0x0000000088600000, 0x0000000088700000|  0%| F|  |TAMS 0x0000000088600000, 0x0000000088600000| Untracked 
|  55|0x0000000088700000, 0x000000008872ba18, 0x0000000088800000| 17%| S|CS|TAMS 0x0000000088700000, 0x0000000088700000| Complete 
|  56|0x0000000088800000, 0x0000000088900000, 0x0000000088900000|100%| S|CS|TAMS 0x0000000088800000, 0x0000000088800000| Complete 
|  57|0x0000000088900000, 0x0000000088a00000, 0x0000000088a00000|100%| S|CS|TAMS 0x0000000088900000, 0x0000000088900000| Complete 
|  58|0x0000000088a00000, 0x0000000088b00000, 0x0000000088b00000|100%| S|CS|TAMS 0x0000000088a00000, 0x0000000088a00000| Complete 
|  59|0x0000000088b00000, 0x0000000088c00000, 0x0000000088c00000|100%| S|CS|TAMS 0x0000000088b00000, 0x0000000088b00000| Complete 
|  60|0x0000000088c00000, 0x0000000088d00000, 0x0000000088d00000|100%| S|CS|TAMS 0x0000000088c00000, 0x0000000088c00000| Complete 
|  61|0x0000000088d00000, 0x0000000088e00000, 0x0000000088e00000|100%| S|CS|TAMS 0x0000000088d00000, 0x0000000088d00000| Complete 
|  62|0x0000000088e00000, 0x0000000088f00000, 0x0000000088f00000|100%| S|CS|TAMS 0x0000000088e00000, 0x0000000088e00000| Complete 
|  63|0x0000000088f00000, 0x0000000089000000, 0x0000000089000000|100%| S|CS|TAMS 0x0000000088f00000, 0x0000000088f00000| Complete 
|  64|0x0000000089000000, 0x0000000089100000, 0x0000000089100000|100%| S|CS|TAMS 0x0000000089000000, 0x0000000089000000| Complete 
|  65|0x0000000089100000, 0x0000000089200000, 0x0000000089200000|100%| S|CS|TAMS 0x0000000089100000, 0x0000000089100000| Complete 
|  66|0x0000000089200000, 0x0000000089200000, 0x0000000089300000|  0%| F|  |TAMS 0x0000000089200000, 0x0000000089200000| Untracked 
|  67|0x0000000089300000, 0x0000000089300000, 0x0000000089400000|  0%| F|  |TAMS 0x0000000089300000, 0x0000000089300000| Untracked 
|  68|0x0000000089400000, 0x0000000089400000, 0x0000000089500000|  0%| F|  |TAMS 0x0000000089400000, 0x0000000089400000| Untracked 
|  69|0x0000000089500000, 0x0000000089500000, 0x0000000089600000|  0%| F|  |TAMS 0x0000000089500000, 0x0000000089500000| Untracked 
|  70|0x0000000089600000, 0x0000000089600000, 0x0000000089700000|  0%| F|  |TAMS 0x0000000089600000, 0x0000000089600000| Untracked 
|  71|0x0000000089700000, 0x0000000089700000, 0x0000000089800000|  0%| F|  |TAMS 0x0000000089700000, 0x0000000089700000| Untracked 
|  72|0x0000000089800000, 0x0000000089800000, 0x0000000089900000|  0%| F|  |TAMS 0x0000000089800000, 0x0000000089800000| Untracked 
|  73|0x0000000089900000, 0x0000000089900000, 0x0000000089a00000|  0%| F|  |TAMS 0x0000000089900000, 0x0000000089900000| Untracked 
|  74|0x0000000089a00000, 0x0000000089a00000, 0x0000000089b00000|  0%| F|  |TAMS 0x0000000089a00000, 0x0000000089a00000| Untracked 
|  75|0x0000000089b00000, 0x0000000089b00000, 0x0000000089c00000|  0%| F|  |TAMS 0x0000000089b00000, 0x0000000089b00000| Untracked 
|  76|0x0000000089c00000, 0x0000000089c00000, 0x0000000089d00000|  0%| F|  |TAMS 0x0000000089c00000, 0x0000000089c00000| Untracked 
|  77|0x0000000089d00000, 0x0000000089d00000, 0x0000000089e00000|  0%| F|  |TAMS 0x0000000089d00000, 0x0000000089d00000| Untracked 
|  78|0x0000000089e00000, 0x0000000089e00000, 0x0000000089f00000|  0%| F|  |TAMS 0x0000000089e00000, 0x0000000089e00000| Untracked 
|  79|0x0000000089f00000, 0x0000000089f00000, 0x000000008a000000|  0%| F|  |TAMS 0x0000000089f00000, 0x0000000089f00000| Untracked 
|  80|0x000000008a000000, 0x000000008a000000, 0x000000008a100000|  0%| F|  |TAMS 0x000000008a000000, 0x000000008a000000| Untracked 
|  81|0x000000008a100000, 0x000000008a100000, 0x000000008a200000|  0%| F|  |TAMS 0x000000008a100000, 0x000000008a100000| Untracked 
|  82|0x000000008a200000, 0x000000008a200000, 0x000000008a300000|  0%| F|  |TAMS 0x000000008a200000, 0x000000008a200000| Untracked 
|  83|0x000000008a300000, 0x000000008a300000, 0x000000008a400000|  0%| F|  |TAMS 0x000000008a300000, 0x000000008a300000| Untracked 
|  84|0x000000008a400000, 0x000000008a400000, 0x000000008a500000|  0%| F|  |TAMS 0x000000008a400000, 0x000000008a400000| Untracked 
|  85|0x000000008a500000, 0x000000008a500000, 0x000000008a600000|  0%| F|  |TAMS 0x000000008a500000, 0x000000008a500000| Untracked 
|  86|0x000000008a600000, 0x000000008a600000, 0x000000008a700000|  0%| F|  |TAMS 0x000000008a600000, 0x000000008a600000| Untracked 
|  87|0x000000008a700000, 0x000000008a700000, 0x000000008a800000|  0%| F|  |TAMS 0x000000008a700000, 0x000000008a700000| Untracked 
|  88|0x000000008a800000, 0x000000008a800000, 0x000000008a900000|  0%| F|  |TAMS 0x000000008a800000, 0x000000008a800000| Untracked 
|  89|0x000000008a900000, 0x000000008a900000, 0x000000008aa00000|  0%| F|  |TAMS 0x000000008a900000, 0x000000008a900000| Untracked 
|  90|0x000000008aa00000, 0x000000008aa00000, 0x000000008ab00000|  0%| F|  |TAMS 0x000000008aa00000, 0x000000008aa00000| Untracked 
|  91|0x000000008ab00000, 0x000000008ab00000, 0x000000008ac00000|  0%| F|  |TAMS 0x000000008ab00000, 0x000000008ab00000| Untracked 
|  92|0x000000008ac00000, 0x000000008ac00000, 0x000000008ad00000|  0%| F|  |TAMS 0x000000008ac00000, 0x000000008ac00000| Untracked 
|  93|0x000000008ad00000, 0x000000008ad00000, 0x000000008ae00000|  0%| F|  |TAMS 0x000000008ad00000, 0x000000008ad00000| Untracked 
|  94|0x000000008ae00000, 0x000000008ae00000, 0x000000008af00000|  0%| F|  |TAMS 0x000000008ae00000, 0x000000008ae00000| Untracked 
|  95|0x000000008af00000, 0x000000008af00000, 0x000000008b000000|  0%| F|  |TAMS 0x000000008af00000, 0x000000008af00000| Untracked 
|  96|0x000000008b000000, 0x000000008b000000, 0x000000008b100000|  0%| F|  |TAMS 0x000000008b000000, 0x000000008b000000| Untracked 
|  97|0x000000008b100000, 0x000000008b100000, 0x000000008b200000|  0%| F|  |TAMS 0x000000008b100000, 0x000000008b100000| Untracked 
|  98|0x000000008b200000, 0x000000008b200000, 0x000000008b300000|  0%| F|  |TAMS 0x000000008b200000, 0x000000008b200000| Untracked 
|  99|0x000000008b300000, 0x000000008b300000, 0x000000008b400000|  0%| F|  |TAMS 0x000000008b300000, 0x000000008b300000| Untracked 
| 100|0x000000008b400000, 0x000000008b400000, 0x000000008b500000|  0%| F|  |TAMS 0x000000008b400000, 0x000000008b400000| Untracked 
| 101|0x000000008b500000, 0x000000008b500000, 0x000000008b600000|  0%| F|  |TAMS 0x000000008b500000, 0x000000008b500000| Untracked 
| 102|0x000000008b600000, 0x000000008b600000, 0x000000008b700000|  0%| F|  |TAMS 0x000000008b600000, 0x000000008b600000| Untracked 
| 103|0x000000008b700000, 0x000000008b700000, 0x000000008b800000|  0%| F|  |TAMS 0x000000008b700000, 0x000000008b700000| Untracked 
| 104|0x000000008b800000, 0x000000008b800000, 0x000000008b900000|  0%| F|  |TAMS 0x000000008b800000, 0x000000008b800000| Untracked 
| 105|0x000000008b900000, 0x000000008b900000, 0x000000008ba00000|  0%| F|  |TAMS 0x000000008b900000, 0x000000008b900000| Untracked 
| 106|0x000000008ba00000, 0x000000008ba00000, 0x000000008bb00000|  0%| F|  |TAMS 0x000000008ba00000, 0x000000008ba00000| Untracked 
| 107|0x000000008bb00000, 0x000000008bb00000, 0x000000008bc00000|  0%| F|  |TAMS 0x000000008bb00000, 0x000000008bb00000| Untracked 
| 108|0x000000008bc00000, 0x000000008bc00000, 0x000000008bd00000|  0%| F|  |TAMS 0x000000008bc00000, 0x000000008bc00000| Untracked 
| 109|0x000000008bd00000, 0x000000008bd00000, 0x000000008be00000|  0%| F|  |TAMS 0x000000008bd00000, 0x000000008bd00000| Untracked 
| 110|0x000000008be00000, 0x000000008be00000, 0x000000008bf00000|  0%| F|  |TAMS 0x000000008be00000, 0x000000008be00000| Untracked 
| 111|0x000000008bf00000, 0x000000008bf00000, 0x000000008c000000|  0%| F|  |TAMS 0x000000008bf00000, 0x000000008bf00000| Untracked 
| 112|0x000000008c000000, 0x000000008c000000, 0x000000008c100000|  0%| F|  |TAMS 0x000000008c000000, 0x000000008c000000| Untracked 
| 113|0x000000008c100000, 0x000000008c100800, 0x000000008c200000|  0%| E|  |TAMS 0x000000008c100000, 0x000000008c100000| Complete 
| 114|0x000000008c200000, 0x000000008c300000, 0x000000008c300000|100%| E|CS|TAMS 0x000000008c200000, 0x000000008c200000| Complete 
| 115|0x000000008c300000, 0x000000008c400000, 0x000000008c400000|100%| E|CS|TAMS 0x000000008c300000, 0x000000008c300000| Complete 
| 116|0x000000008c400000, 0x000000008c500000, 0x000000008c500000|100%| E|CS|TAMS 0x000000008c400000, 0x000000008c400000| Complete 
| 117|0x000000008c500000, 0x000000008c600000, 0x000000008c600000|100%| E|CS|TAMS 0x000000008c500000, 0x000000008c500000| Complete 
| 118|0x000000008c600000, 0x000000008c700000, 0x000000008c700000|100%| E|CS|TAMS 0x000000008c600000, 0x000000008c600000| Complete 
| 119|0x000000008c700000, 0x000000008c800000, 0x000000008c800000|100%| E|CS|TAMS 0x000000008c700000, 0x000000008c700000| Complete 
| 120|0x000000008c800000, 0x000000008c900000, 0x000000008c900000|100%| E|CS|TAMS 0x000000008c800000, 0x000000008c800000| Complete 
| 121|0x000000008c900000, 0x000000008ca00000, 0x000000008ca00000|100%| E|CS|TAMS 0x000000008c900000, 0x000000008c900000| Complete 
| 122|0x000000008ca00000, 0x000000008cb00000, 0x000000008cb00000|100%| E|CS|TAMS 0x000000008ca00000, 0x000000008ca00000| Complete 
| 123|0x000000008cb00000, 0x000000008cc00000, 0x000000008cc00000|100%| E|CS|TAMS 0x000000008cb00000, 0x000000008cb00000| Complete 
| 124|0x000000008cc00000, 0x000000008cd00000, 0x000000008cd00000|100%| E|CS|TAMS 0x000000008cc00000, 0x000000008cc00000| Complete 
| 125|0x000000008cd00000, 0x000000008ce00000, 0x000000008ce00000|100%| E|CS|TAMS 0x000000008cd00000, 0x000000008cd00000| Complete 
| 126|0x000000008ce00000, 0x000000008cf00000, 0x000000008cf00000|100%| E|CS|TAMS 0x000000008ce00000, 0x000000008ce00000| Complete 
| 127|0x000000008cf00000, 0x000000008d000000, 0x000000008d000000|100%| E|CS|TAMS 0x000000008cf00000, 0x000000008cf00000| Complete 
| 128|0x000000008d000000, 0x000000008d100000, 0x000000008d100000|100%| E|CS|TAMS 0x000000008d000000, 0x000000008d000000| Complete 
| 129|0x000000008d100000, 0x000000008d200000, 0x000000008d200000|100%| E|CS|TAMS 0x000000008d100000, 0x000000008d100000| Complete 
| 130|0x000000008d200000, 0x000000008d300000, 0x000000008d300000|100%| E|CS|TAMS 0x000000008d200000, 0x000000008d200000| Complete 
| 131|0x000000008d300000, 0x000000008d400000, 0x000000008d400000|100%| E|CS|TAMS 0x000000008d300000, 0x000000008d300000| Complete 
| 132|0x000000008d400000, 0x000000008d500000, 0x000000008d500000|100%| E|CS|TAMS 0x000000008d400000, 0x000000008d400000| Complete 
| 133|0x000000008d500000, 0x000000008d600000, 0x000000008d600000|100%| E|CS|TAMS 0x000000008d500000, 0x000000008d500000| Complete 
| 134|0x000000008d600000, 0x000000008d700000, 0x000000008d700000|100%| E|CS|TAMS 0x000000008d600000, 0x000000008d600000| Complete 
| 135|0x000000008d700000, 0x000000008d800000, 0x000000008d800000|100%| E|CS|TAMS 0x000000008d700000, 0x000000008d700000| Complete 
| 136|0x000000008d800000, 0x000000008d900000, 0x000000008d900000|100%| E|CS|TAMS 0x000000008d800000, 0x000000008d800000| Complete 
| 137|0x000000008d900000, 0x000000008da00000, 0x000000008da00000|100%| E|CS|TAMS 0x000000008d900000, 0x000000008d900000| Complete 
| 138|0x000000008da00000, 0x000000008db00000, 0x000000008db00000|100%| E|CS|TAMS 0x000000008da00000, 0x000000008da00000| Complete 
| 139|0x000000008db00000, 0x000000008dc00000, 0x000000008dc00000|100%| E|CS|TAMS 0x000000008db00000, 0x000000008db00000| Complete 
| 140|0x000000008dc00000, 0x000000008dd00000, 0x000000008dd00000|100%| E|CS|TAMS 0x000000008dc00000, 0x000000008dc00000| Complete 
| 141|0x000000008dd00000, 0x000000008de00000, 0x000000008de00000|100%| E|CS|TAMS 0x000000008dd00000, 0x000000008dd00000| Complete 
| 142|0x000000008de00000, 0x000000008df00000, 0x000000008df00000|100%| E|CS|TAMS 0x000000008de00000, 0x000000008de00000| Complete 
| 143|0x000000008df00000, 0x000000008e000000, 0x000000008e000000|100%| E|CS|TAMS 0x000000008df00000, 0x000000008df00000| Complete 
| 144|0x000000008e000000, 0x000000008e100000, 0x000000008e100000|100%| E|CS|TAMS 0x000000008e000000, 0x000000008e000000| Complete 
| 145|0x000000008e100000, 0x000000008e200000, 0x000000008e200000|100%| E|CS|TAMS 0x000000008e100000, 0x000000008e100000| Complete 
| 146|0x000000008e200000, 0x000000008e300000, 0x000000008e300000|100%| E|CS|TAMS 0x000000008e200000, 0x000000008e200000| Complete 
| 147|0x000000008e300000, 0x000000008e400000, 0x000000008e400000|100%| E|CS|TAMS 0x000000008e300000, 0x000000008e300000| Complete 
| 148|0x000000008e400000, 0x000000008e500000, 0x000000008e500000|100%| E|CS|TAMS 0x000000008e400000, 0x000000008e400000| Complete 
| 149|0x000000008e500000, 0x000000008e600000, 0x000000008e600000|100%| E|CS|TAMS 0x000000008e500000, 0x000000008e500000| Complete 
| 150|0x000000008e600000, 0x000000008e700000, 0x000000008e700000|100%| E|CS|TAMS 0x000000008e600000, 0x000000008e600000| Complete 
| 151|0x000000008e700000, 0x000000008e800000, 0x000000008e800000|100%| E|CS|TAMS 0x000000008e700000, 0x000000008e700000| Complete 
| 152|0x000000008e800000, 0x000000008e900000, 0x000000008e900000|100%| E|CS|TAMS 0x000000008e800000, 0x000000008e800000| Complete 
| 153|0x000000008e900000, 0x000000008ea00000, 0x000000008ea00000|100%| E|CS|TAMS 0x000000008e900000, 0x000000008e900000| Complete 
| 154|0x000000008ea00000, 0x000000008eb00000, 0x000000008eb00000|100%| E|CS|TAMS 0x000000008ea00000, 0x000000008ea00000| Complete 
| 155|0x000000008eb00000, 0x000000008ec00000, 0x000000008ec00000|100%| E|CS|TAMS 0x000000008eb00000, 0x000000008eb00000| Complete 
| 156|0x000000008ec00000, 0x000000008ed00000, 0x000000008ed00000|100%| E|CS|TAMS 0x000000008ec00000, 0x000000008ec00000| Complete 
| 157|0x000000008ed00000, 0x000000008ee00000, 0x000000008ee00000|100%| E|CS|TAMS 0x000000008ed00000, 0x000000008ed00000| Complete 
| 158|0x000000008ee00000, 0x000000008ef00000, 0x000000008ef00000|100%| E|CS|TAMS 0x000000008ee00000, 0x000000008ee00000| Complete 
| 159|0x000000008ef00000, 0x000000008f000000, 0x000000008f000000|100%| E|CS|TAMS 0x000000008ef00000, 0x000000008ef00000| Complete 
| 160|0x000000008f000000, 0x000000008f100000, 0x000000008f100000|100%| E|CS|TAMS 0x000000008f000000, 0x000000008f000000| Complete 
| 161|0x000000008f100000, 0x000000008f200000, 0x000000008f200000|100%| E|CS|TAMS 0x000000008f100000, 0x000000008f100000| Complete 
| 162|0x000000008f200000, 0x000000008f300000, 0x000000008f300000|100%| E|CS|TAMS 0x000000008f200000, 0x000000008f200000| Complete 
| 163|0x000000008f300000, 0x000000008f400000, 0x000000008f400000|100%| E|CS|TAMS 0x000000008f300000, 0x000000008f300000| Complete 
| 164|0x000000008f400000, 0x000000008f500000, 0x000000008f500000|100%| E|CS|TAMS 0x000000008f400000, 0x000000008f400000| Complete 
| 165|0x000000008f500000, 0x000000008f600000, 0x000000008f600000|100%| E|CS|TAMS 0x000000008f500000, 0x000000008f500000| Complete 
|1966|0x00000000ffe00000, 0x00000000ffe47000, 0x00000000fff00000| 27%|OA|  |TAMS 0x00000000ffe47000, 0x00000000ffe00000| Untracked 
|1967|0x00000000fff00000, 0x00000000fff6b000, 0x0000000100000000| 41%|CA|  |TAMS 0x00000000fff6b000, 0x00000000fff00000| Untracked 

Card table byte_map: [0x00007f2ff7850000,0x00007f2ff7c28000] _byte_map_base: 0x00007f2ff7428000

Marking Bits (Prev, Next): (CMBitMap*) 0x00007f3014056ee8, (CMBitMap*) 0x00007f3014056f20
 Prev Bits: [0x00007f2ff55b8000, 0x00007f2ff7478000)
 Next Bits: [0x00007f2ff36f8000, 0x00007f2ff55b8000)

Polling page: 0x00007f3019e74000

Metaspace:

Usage:
  Non-class:     42,49 MB capacity,    41,65 MB ( 98%) used,   701,30 KB (  2%) free+waste,   163,06 KB ( <1%) overhead. 
      Class:      6,59 MB capacity,     6,08 MB ( 92%) used,   444,03 KB (  7%) free+waste,    77,31 KB (  1%) overhead. 
       Both:     49,08 MB capacity,    47,73 MB ( 97%) used,     1,12 MB (  2%) free+waste,   240,38 KB ( <1%) overhead. 

Virtual space:
  Non-class space:       44,00 MB reserved,      42,75 MB ( 97%) committed 
      Class space:        1,00 GB reserved,       6,62 MB ( <1%) committed 
             Both:        1,04 GB reserved,      49,38 MB (  5%) committed 

Chunk freelists:
   Non-Class:  113,00 KB
       Class:  1,00 KB
        Both:  114,00 KB

MaxMetaspaceSize: unlimited
CompressedClassSpaceSize: 1,00 GB

CodeHeap 'non-profiled nmethods': size=120032Kb used=3177Kb max_used=3177Kb free=116854Kb
 bounds [0x00007f3004340000, 0x00007f3004660000, 0x00007f300b878000]
CodeHeap 'profiled nmethods': size=120028Kb used=10417Kb max_used=10417Kb free=109610Kb
 bounds [0x00007f2ffce09000, 0x00007f2ffd839000, 0x00007f3004340000]
CodeHeap 'non-nmethods': size=5700Kb used=1206Kb max_used=1249Kb free=4493Kb
 bounds [0x00007f2ffc878000, 0x00007f2ffcae8000, 0x00007f2ffce09000]
 total_blobs=5458 nmethods=4878 adapters=492
 compilation: enabled
              stopped_count=0, restarted_count=0
 full_count=0

Compilation events (20 events):
Event: 8,294 Thread 0x00007f2fbc85e800 nmethod 4881 0x00007f3004655f10 code [0x00007f3004656180, 0x00007f3004658660]
Event: 8,294 Thread 0x00007f3014196800 nmethod 4904% 0x00007f2ffd828510 code [0x00007f2ffd8288e0, 0x00007f2ffd82b3b0]
Event: 8,294 Thread 0x00007f3014196800 4905   !   3       java.lang.StringCoding::encode (324 bytes)
Event: 8,295 Thread 0x00007f2fbc85e800 4908       4       java.nio.Buffer::nextGetIndex (30 bytes)
Event: 8,296 Thread 0x00007f2fbc85e800 nmethod 4908 0x00007f3004659490 code [0x00007f3004659620, 0x00007f30046596b8]
Event: 8,296 Thread 0x00007f3014196800 nmethod 4905 0x00007f2ffd82c090 code [0x00007f2ffd82c580, 0x00007f2ffd82f350]
Event: 8,296 Thread 0x00007f3014196800 4906       1       org.apache.tomcat.util.http.MimeHeaderField::getName (5 bytes)
Event: 8,296 Thread 0x00007f3014196800 nmethod 4906 0x00007f3004659790 code [0x00007f3004659940, 0x00007f3004659a10]
Event: 8,296 Thread 0x00007f3014196800 4907       3       java.util.Calendar::complete (40 bytes)
Event: 8,297 Thread 0x00007f3014196800 nmethod 4907 0x00007f2ffd830190 code [0x00007f2ffd830360, 0x00007f2ffd830730]
Event: 8,299 Thread 0x00007f3014196800 4909       3       java.lang.invoke.MethodHandles::identity (87 bytes)
Event: 8,300 Thread 0x00007f3014194800 4910       4       org.springframework.core.SerializableTypeWrapper::unwrap (34 bytes)
Event: 8,301 Thread 0x00007f3014196800 nmethod 4909 0x00007f2ffd830810 code [0x00007f2ffd830c20, 0x00007f2ffd832b40]
Event: 8,301 Thread 0x00007f3014196800 4911       3       java.util.HashMap::clear (50 bytes)
Event: 8,301 Thread 0x00007f3014196800 nmethod 4911 0x00007f2ffd833610 code [0x00007f2ffd8337e0, 0x00007f2ffd833bd0]
Event: 8,302 Thread 0x00007f3014194800 nmethod 4910 0x00007f3004659a90 code [0x00007f3004659c60, 0x00007f3004659e30]
Event: 9,000 Thread 0x00007f3014196800 4912       3       java.lang.invoke.VarHandleGuards::guard_LII_Z (70 bytes)
Event: 9,004 Thread 0x00007f3014196800 nmethod 4912 0x00007f2ffd833d10 code [0x00007f2ffd833fc0, 0x00007f2ffd834f60]
Event: 14,000 Thread 0x00007f3014194800 4914       4       java.lang.Thread::interrupted (8 bytes)
Event: 14,001 Thread 0x00007f3014194800 nmethod 4914 0x00007f300465a290 code [0x00007f300465a420, 0x00007f300465a4a8]

GC Heap History (16 events):
Event: 0,385 GC heap before
{Heap before GC invocations=0 (full 0):
 garbage-first heap   total 129024K, used 25288K [0x0000000085000000, 0x0000000100000000)
  region size 1024K, 24 young (24576K), 0 survivors (0K)
 Metaspace       used 1827K, capacity 5271K, committed 5376K, reserved 1056768K
  class space    used 168K, capacity 483K, committed 512K, reserved 1048576K
}
Event: 0,399 GC heap after
{Heap after GC invocations=1 (full 0):
 garbage-first heap   total 129024K, used 2228K [0x0000000085000000, 0x0000000100000000)
  region size 1024K, 2 young (2048K), 2 survivors (2048K)
 Metaspace       used 1827K, capacity 5271K, committed 5376K, reserved 1056768K
  class space    used 168K, capacity 483K, committed 512K, reserved 1048576K
}
Event: 1,454 GC heap before
{Heap before GC invocations=1 (full 0):
 garbage-first heap   total 129024K, used 74932K [0x0000000085000000, 0x0000000100000000)
  region size 1024K, 74 young (75776K), 2 survivors (2048K)
 Metaspace       used 8291K, capacity 9580K, committed 9728K, reserved 1058816K
  class space    used 1032K, capacity 1232K, committed 1280K, reserved 1048576K
}
Event: 1,470 GC heap after
{Heap after GC invocations=2 (full 0):
 garbage-first heap   total 129024K, used 4863K [0x0000000085000000, 0x0000000100000000)
  region size 1024K, 5 young (5120K), 5 survivors (5120K)
 Metaspace       used 8291K, capacity 9580K, committed 9728K, reserved 1058816K
  class space    used 1032K, capacity 1232K, committed 1280K, reserved 1048576K
}
Event: 2,014 GC heap before
{Heap before GC invocations=2 (full 0):
 garbage-first heap   total 129024K, used 74495K [0x0000000085000000, 0x0000000100000000)
  region size 1024K, 74 young (75776K), 5 survivors (5120K)
 Metaspace       used 14812K, capacity 15442K, committed 15744K, reserved 1062912K
  class space    used 1807K, capacity 2062K, committed 2176K, reserved 1048576K
}
Event: 2,025 GC heap after
{Heap after GC invocations=3 (full 0):
 garbage-first heap   total 129024K, used 5988K [0x0000000085000000, 0x0000000100000000)
  region size 1024K, 6 young (6144K), 6 survivors (6144K)
 Metaspace       used 14812K, capacity 15442K, committed 15744K, reserved 1062912K
  class space    used 1807K, capacity 2062K, committed 2176K, reserved 1048576K
}
Event: 2,574 GC heap before
{Heap before GC invocations=3 (full 0):
 garbage-first heap   total 129024K, used 75620K [0x0000000085000000, 0x0000000100000000)
  region size 1024K, 74 young (75776K), 6 survivors (6144K)
 Metaspace       used 18618K, capacity 19350K, committed 19584K, reserved 1067008K
  class space    used 2280K, capacity 2590K, committed 2688K, reserved 1048576K
}
Event: 2,583 GC heap after
{Heap after GC invocations=4 (full 0):
 garbage-first heap   total 129024K, used 7742K [0x0000000085000000, 0x0000000100000000)
  region size 1024K, 7 young (7168K), 7 survivors (7168K)
 Metaspace       used 18618K, capacity 19350K, committed 19584K, reserved 1067008K
  class space    used 2280K, capacity 2590K, committed 2688K, reserved 1048576K
}
Event: 2,829 GC heap before
{Heap before GC invocations=4 (full 0):
 garbage-first heap   total 129024K, used 29246K [0x0000000085000000, 0x0000000100000000)
  region size 1024K, 29 young (29696K), 7 survivors (7168K)
 Metaspace       used 20433K, capacity 21171K, committed 21248K, reserved 1067008K
  class space    used 2514K, capacity 2812K, committed 2816K, reserved 1048576K
}
Event: 2,842 GC heap after
{Heap after GC invocations=5 (full 0):
 garbage-first heap   total 172032K, used 8552K [0x0000000085000000, 0x0000000100000000)
  region size 1024K, 4 young (4096K), 4 survivors (4096K)
 Metaspace       used 20433K, capacity 21171K, committed 21248K, reserved 1067008K
  class space    used 2514K, capacity 2812K, committed 2816K, reserved 1048576K
}
Event: 3,790 GC heap before
{Heap before GC invocations=6 (full 0):
 garbage-first heap   total 172032K, used 104808K [0x0000000085000000, 0x0000000100000000)
  region size 1024K, 98 young (100352K), 4 survivors (4096K)
 Metaspace       used 29308K, capacity 30397K, committed 30592K, reserved 1075200K
  class space    used 3684K, capacity 4128K, committed 4224K, reserved 1048576K
}
Event: 3,800 GC heap after
{Heap after GC invocations=7 (full 0):
 garbage-first heap   total 172032K, used 12037K [0x0000000085000000, 0x0000000100000000)
  region size 1024K, 8 young (8192K), 8 survivors (8192K)
 Metaspace       used 29308K, capacity 30397K, committed 30592K, reserved 1075200K
  class space    used 3684K, capacity 4128K, committed 4224K, reserved 1048576K
}
Event: 4,165 GC heap before
{Heap before GC invocations=7 (full 0):
 garbage-first heap   total 172032K, used 65285K [0x0000000085000000, 0x0000000100000000)
  region size 1024K, 61 young (62464K), 8 survivors (8192K)
 Metaspace       used 34451K, capacity 35504K, committed 35840K, reserved 1081344K
  class space    used 4444K, capacity 4870K, committed 4992K, reserved 1048576K
}
Event: 4,177 GC heap after
{Heap after GC invocations=8 (full 0):
 garbage-first heap   total 172032K, used 13622K [0x0000000085000000, 0x0000000100000000)
  region size 1024K, 8 young (8192K), 8 survivors (8192K)
 Metaspace       used 34451K, capacity 35504K, committed 35840K, reserved 1081344K
  class space    used 4444K, capacity 4870K, committed 4992K, reserved 1048576K
}
Event: 5,491 GC heap before
{Heap before GC invocations=9 (full 0):
 garbage-first heap   total 172032K, used 107830K [0x0000000085000000, 0x0000000100000000)
  region size 1024K, 100 young (102400K), 8 survivors (8192K)
 Metaspace       used 43871K, capacity 45086K, committed 45312K, reserved 1089536K
  class space    used 5638K, capacity 6116K, committed 6144K, reserved 1048576K
}
Event: 5,518 GC heap after
{Heap after GC invocations=10 (full 0):
 garbage-first heap   total 172032K, used 17449K [0x0000000085000000, 0x0000000100000000)
  region size 1024K, 11 young (11264K), 11 survivors (11264K)
 Metaspace       used 43871K, capacity 45086K, committed 45312K, reserved 1089536K
  class space    used 5638K, capacity 6116K, committed 6144K, reserved 1048576K
}

Deoptimization events (20 events):
Event: 5,902 Thread 0x00007f3014016000 DEOPT PACKING pc=0x00007f300440e354 sp=0x00007f301863dcd0
Event: 5,902 Thread 0x00007f3014016000 DEOPT UNPACKING pc=0x00007f2ffc89d925 sp=0x00007f301863dc48 mode 2
Event: 5,903 Thread 0x00007f3014016000 DEOPT PACKING pc=0x00007f2ffd17b974 sp=0x00007f301863db30
Event: 5,903 Thread 0x00007f3014016000 DEOPT UNPACKING pc=0x00007f2ffc89e0ca sp=0x00007f301863d138 mode 3
Event: 5,907 Thread 0x00007f3014016000 Uncommon trap: trap_request=0xfffffff4 fr.pc=0x00007f3004544c44 relative=0x0000000000001c44
Event: 5,907 Thread 0x00007f3014016000 Uncommon trap: reason=null_check action=make_not_entrant pc=0x00007f3004544c44 method=java.lang.Class.getMethodsRecursive(Ljava/lang/String;[Ljava/lang/Class;Z)Ljava/lang/PublicMethods$MethodList; @ 26 c2
Event: 5,907 Thread 0x00007f3014016000 DEOPT PACKING pc=0x00007f3004544c44 sp=0x00007f301863dad0
Event: 5,907 Thread 0x00007f3014016000 DEOPT UNPACKING pc=0x00007f2ffc89d925 sp=0x00007f301863daa8 mode 2
Event: 5,958 Thread 0x00007f3014016000 Uncommon trap: trap_request=0xffffff4d fr.pc=0x00007f3004556f18 relative=0x0000000000000078
Event: 5,958 Thread 0x00007f3014016000 Uncommon trap: reason=unstable_if action=reinterpret pc=0x00007f3004556f18 method=java.lang.Integer.equals(Ljava/lang/Object;)Z @ 18 c2
Event: 5,958 Thread 0x00007f3014016000 DEOPT PACKING pc=0x00007f3004556f18 sp=0x00007f301863e230
Event: 5,958 Thread 0x00007f3014016000 DEOPT UNPACKING pc=0x00007f2ffc89d925 sp=0x00007f301863e1e8 mode 2
Event: 6,021 Thread 0x00007f3014016000 Uncommon trap: trap_request=0xffffff4d fr.pc=0x00007f30044d5e0c relative=0x000000000000006c
Event: 6,021 Thread 0x00007f3014016000 Uncommon trap: reason=unstable_if action=reinterpret pc=0x00007f30044d5e0c method=org.springframework.util.ConcurrentReferenceHashMap$Segment.clear()V @ 7 c2
Event: 6,021 Thread 0x00007f3014016000 DEOPT PACKING pc=0x00007f30044d5e0c sp=0x00007f301863e940
Event: 6,021 Thread 0x00007f3014016000 DEOPT UNPACKING pc=0x00007f2ffc89d925 sp=0x00007f301863e8f0 mode 2
Event: 8,290 Thread 0x00007f301520d800 Uncommon trap: trap_request=0xffffff4d fr.pc=0x00007f30045e21e0 relative=0x00000000000008e0
Event: 8,290 Thread 0x00007f301520d800 Uncommon trap: reason=unstable_if action=reinterpret pc=0x00007f30045e21e0 method=java.lang.StringCoding.encodeUTF8(B[BZ)[B @ 2 c2
Event: 8,290 Thread 0x00007f301520d800 DEOPT PACKING pc=0x00007f30045e21e0 sp=0x00007f2fd026aa70
Event: 8,290 Thread 0x00007f301520d800 DEOPT UNPACKING pc=0x00007f2ffc89d925 sp=0x00007f2fd026a980 mode 2

Classes redefined (0 events):
No events

Internal exceptions (20 events):
Event: 4,942 Thread 0x00007f3014016000 Exception <a 'java/lang/NoSuchMethodError'{0x000000008c732bd8}: 'java.lang.Object java.lang.invoke.DirectMethodHandle$Holder.newInvokeSpecial(java.lang.Object, java.lang.Object, int, java.lang.Object, java.lang.Object)'> (0x000000008c732bd8) thrown at [src/hotspot/share/interpreter/linkResolver.cpp, line 772]
Event: 5,120 Thread 0x00007f3014016000 Exception <a 'java/lang/NoSuchMethodError'{0x000000008a912240}: 'void java.lang.invoke.DirectMethodHandle$Holder.invokeInterface(java.lang.Object, java.lang.Object)'> (0x000000008a912240) thrown at [src/hotspot/share/interpreter/linkResolver.cpp, line 772]
Event: 5,317 Thread 0x00007f3014016000 Exception <a 'java/lang/ClassNotFoundException'{0x0000000089c079e8}: java/lang/ObjectCustomizer> (0x0000000089c079e8) thrown at [src/hotspot/share/classfile/systemDictionary.cpp, line 231]
Event: 5,318 Thread 0x00007f3014016000 Exception <a 'java/lang/ClassNotFoundException'{0x0000000089c2d870}: org/springframework/web/servlet/config/annotation/WebMvcConfigurationSupportCustomizer> (0x0000000089c2d870) thrown at [src/hotspot/share/classfile/systemDictionary.cpp, line 231]
Event: 5,319 Thread 0x00007f3014016000 Exception <a 'java/lang/ClassNotFoundException'{0x0000000089c5ffb8}: org/springframework/web/servlet/config/annotation/DelegatingWebMvcConfigurationCustomizer> (0x0000000089c5ffb8) thrown at [src/hotspot/share/classfile/systemDictionary.cpp, line 231]
Event: 5,320 Thread 0x00007f3014016000 Exception <a 'java/lang/ClassNotFoundException'{0x0000000089c8a7a0}: org/springframework/boot/autoconfigure/web/servlet/WebMvcAutoConfiguration$EnableWebMvcConfigurationCustomizer> (0x0000000089c8a7a0) thrown at [src/hotspot/share/classfile/systemDictionary.cpp, line 231]
Event: 5,322 Thread 0x00007f3014016000 Exception <a 'java/lang/ClassNotFoundException'{0x0000000089cb8880}: org/springframework/context/ResourceLoaderAwareCustomizer> (0x0000000089cb8880) thrown at [src/hotspot/share/classfile/systemDictionary.cpp, line 231]
Event: 5,322 Thread 0x00007f3014016000 Exception <a 'java/lang/ClassNotFoundException'{0x0000000089cd70c0}: org/springframework/beans/factory/AwareCustomizer> (0x0000000089cd70c0) thrown at [src/hotspot/share/classfile/systemDictionary.cpp, line 231]
Event: 5,323 Thread 0x00007f3014016000 Exception <a 'java/lang/ClassNotFoundException'{0x0000000089cf6640}: org/springframework/context/ApplicationContextAwareCustomizer> (0x0000000089cf6640) thrown at [src/hotspot/share/classfile/systemDictionary.cpp, line 231]
Event: 5,323 Thread 0x00007f3014016000 Exception <a 'java/lang/ClassNotFoundException'{0x0000000089b15d30}: org/springframework/beans/factory/AwareCustomizer> (0x0000000089b15d30) thrown at [src/hotspot/share/classfile/systemDictionary.cpp, line 231]
Event: 5,324 Thread 0x00007f3014016000 Exception <a 'java/lang/ClassNotFoundException'{0x0000000089b35288}: org/springframework/web/context/ServletContextAwareCustomizer> (0x0000000089b35288) thrown at [src/hotspot/share/classfile/systemDictionary.cpp, line 231]
Event: 5,324 Thread 0x00007f3014016000 Exception <a 'java/lang/ClassNotFoundException'{0x0000000089b53f30}: org/springframework/beans/factory/AwareCustomizer> (0x0000000089b53f30) thrown at [src/hotspot/share/classfile/systemDictionary.cpp, line 231]
Event: 5,598 Thread 0x00007f3014016000 Exception <a 'java/lang/NoSuchMethodError'{0x000000008efa63a0}: 'void java.lang.invoke.DirectMethodHandle$Holder.invokeVirtual(java.lang.Object, java.lang.Object, int)'> (0x000000008efa63a0) thrown at [src/hotspot/share/interpreter/linkResolver.cpp, line 772]
Event: 5,601 Thread 0x00007f3014016000 Exception <a 'java/lang/NoSuchMethodError'{0x000000008efbfe18}: 'void java.lang.invoke.DirectMethodHandle$Holder.invokeVirtual(java.lang.Object, java.lang.Object, long)'> (0x000000008efbfe18) thrown at [src/hotspot/share/interpreter/linkResolver.cpp, line 772]
Event: 5,806 Thread 0x00007f3014016000 Exception <a 'java/lang/IncompatibleClassChangeError'{0x000000008e4a0b70}: Found class java.lang.Object, but interface was expected> (0x000000008e4a0b70) thrown at [src/hotspot/share/interpreter/linkResolver.cpp, line 839]
Event: 5,907 Thread 0x00007f3014016000 Implicit null exception at 0x00007f3004543095 to 0x00007f3004544c34
Event: 5,975 Thread 0x00007f3014016000 Exception <a 'java/lang/NoSuchMethodError'{0x000000008dbaa860}: 'java.lang.Object java.lang.invoke.DirectMethodHandle$Holder.invokeSpecial(java.lang.Object, java.lang.Object, int, java.lang.Object, int, java.lang.Object)'> (0x000000008dbaa860) thrown at [src/hotspot/share/interpreter/linkResolver.cpp, line 772]
Event: 5,976 Thread 0x00007f3014016000 Exception <a 'java/lang/NoSuchMethodError'{0x000000008dbb1ff0}: 'java.lang.Object java.lang.invoke.DirectMethodHandle$Holder.invokeStatic(java.lang.Object, java.lang.Object, int, java.lang.Object, int)'> (0x000000008dbb1ff0) thrown at [src/hotspot/share/interpreter/linkResolver.cpp, line 772]
Event: 5,976 Thread 0x00007f3014016000 Exception <a 'java/lang/NoSuchMethodError'{0x000000008dbb57d0}: 'java.lang.Object java.lang.invoke.DirectMethodHandle$Holder.invokeSpecial(java.lang.Object, java.lang.Object, java.lang.Object, int, java.lang.Object, int)'> (0x000000008dbb57d0) thrown at [src/hotspot/share/interpreter/linkResolver.cpp, line 772]
Event: 5,977 Thread 0x00007f3014016000 Exception <a 'java/lang/NoSuchMethodError'{0x000000008dbc4568}: 'void java.lang.invoke.DirectMethodHandle$Holder.invokeVirtual(java.lang.Object, java.lang.Object)'> (0x000000008dbc4568) thrown at [src/hotspot/share/interpreter/linkResolver.cpp, line 772]

Events (20 events):
Event: 8,299 Executing VM operation: RevokeBias
Event: 8,299 Executing VM operation: RevokeBias done
Event: 8,300 Executing VM operation: RevokeBias
Event: 8,301 Executing VM operation: RevokeBias done
Event: 9,000 Thread 0x00007f2fbc85e800 Thread exited: 0x00007f2fbc85e800
Event: 10,072 Executing VM operation: RevokeBias
Event: 10,072 Executing VM operation: RevokeBias done
Event: 10,072 Thread 0x00007f2f74001000 Thread exited: 0x00007f2f74001000
Event: 13,459 Executing VM operation: RevokeBias
Event: 13,460 Executing VM operation: RevokeBias done
Event: 13,460 Executing VM operation: RevokeBias
Event: 13,460 Executing VM operation: RevokeBias done
Event: 13,461 loading class org/apache/catalina/webresources/Cache$EvictionOrder
Event: 13,461 loading class org/apache/catalina/webresources/Cache$EvictionOrder done
Event: 13,462 Executing VM operation: RevokeBias
Event: 13,462 Executing VM operation: RevokeBias done
Event: 13,463 loading class org/apache/tomcat/PeriodicEventListener
Event: 13,463 loading class org/apache/tomcat/PeriodicEventListener done
Event: 13,463 Executing VM operation: RevokeBias
Event: 13,464 Executing VM operation: RevokeBias done


Dynamic libraries:
85000000-8f600000 rw-p 00000000 00:00 0 
8f600000-ffe00000 ---p 00000000 00:00 0 
ffe00000-ffe47000 rw-p 01111000 08:02 8526583                            /usr/lib/jvm/java-11-openjdk-amd64/lib/server/classes.jsa
ffe47000-fff00000 rw-p 00000000 00:00 0 
fff00000-fff6b000 rw-p 010a6000 08:02 8526583                            /usr/lib/jvm/java-11-openjdk-amd64/lib/server/classes.jsa
fff6b000-100000000 rw-p 00000000 00:00 0 
800000000-800002000 rwxp 00001000 08:02 8526583                          /usr/lib/jvm/java-11-openjdk-amd64/lib/server/classes.jsa
800002000-8003b9000 rw-p 00003000 08:02 8526583                          /usr/lib/jvm/java-11-openjdk-amd64/lib/server/classes.jsa
8003b9000-800a96000 r--p 003ba000 08:02 8526583                          /usr/lib/jvm/java-11-openjdk-amd64/lib/server/classes.jsa
800a96000-800a97000 rw-p 00a97000 08:02 8526583                          /usr/lib/jvm/java-11-openjdk-amd64/lib/server/classes.jsa
800a97000-8010a5000 r--p 00a98000 08:02 8526583                          /usr/lib/jvm/java-11-openjdk-amd64/lib/server/classes.jsa
840000000-8406a0000 rw-p 00000000 00:00 0 
8406a0000-880000000 ---p 00000000 00:00 0 
559c349f3000-559c349f4000 r--p 00000000 08:02 8519956                    /usr/lib/jvm/java-11-openjdk-amd64/bin/java
559c349f4000-559c349f5000 r-xp 00001000 08:02 8519956                    /usr/lib/jvm/java-11-openjdk-amd64/bin/java
559c349f5000-559c349f6000 r--p 00002000 08:02 8519956                    /usr/lib/jvm/java-11-openjdk-amd64/bin/java
559c349f6000-559c349f7000 r--p 00002000 08:02 8519956                    /usr/lib/jvm/java-11-openjdk-amd64/bin/java
559c349f7000-559c349f8000 rw-p 00003000 08:02 8519956                    /usr/lib/jvm/java-11-openjdk-amd64/bin/java
559c35eb4000-559c35f03000 rw-p 00000000 00:00 0                          [heap]
7f2f38000000-7f2f38029000 rw-p 00000000 00:00 0 
7f2f38029000-7f2f3c000000 ---p 00000000 00:00 0 
7f2f40000000-7f2f40021000 rw-p 00000000 00:00 0 
7f2f40021000-7f2f44000000 ---p 00000000 00:00 0 
7f2f44000000-7f2f44021000 rw-p 00000000 00:00 0 
7f2f44021000-7f2f48000000 ---p 00000000 00:00 0 
7f2f48000000-7f2f48021000 rw-p 00000000 00:00 0 
7f2f48021000-7f2f4c000000 ---p 00000000 00:00 0 
7f2f4c000000-7f2f4c021000 rw-p 00000000 00:00 0 
7f2f4c021000-7f2f50000000 ---p 00000000 00:00 0 
7f2f50000000-7f2f50021000 rw-p 00000000 00:00 0 
7f2f50021000-7f2f54000000 ---p 00000000 00:00 0 
7f2f54000000-7f2f54021000 rw-p 00000000 00:00 0 
7f2f54021000-7f2f58000000 ---p 00000000 00:00 0 
7f2f58000000-7f2f58021000 rw-p 00000000 00:00 0 
7f2f58021000-7f2f5c000000 ---p 00000000 00:00 0 
7f2f5c000000-7f2f5c021000 rw-p 00000000 00:00 0 
7f2f5c021000-7f2f60000000 ---p 00000000 00:00 0 
7f2f60000000-7f2f60021000 rw-p 00000000 00:00 0 
7f2f60021000-7f2f64000000 ---p 00000000 00:00 0 
7f2f64000000-7f2f64021000 rw-p 00000000 00:00 0 
7f2f64021000-7f2f68000000 ---p 00000000 00:00 0 
7f2f6b1f6000-7f2f6b2b6000 rw-p 00000000 00:00 0 
7f2f6b2b6000-7f2f6b3f6000 ---p 00000000 00:00 0 
7f2f6b3f6000-7f2f6b5f6000 rw-p 00000000 00:00 0 
7f2f6b5f6000-7f2f6b5fa000 ---p 00000000 00:00 0 
7f2f6b5fa000-7f2f6b6f7000 rw-p 00000000 00:00 0 
7f2f6b6f7000-7f2f6b6fb000 ---p 00000000 00:00 0 
7f2f6b6fb000-7f2f6b7f8000 rw-p 00000000 00:00 0 
7f2f6b7f8000-7f2f6b7fc000 ---p 00000000 00:00 0 
7f2f6b7fc000-7f2f6b8f9000 rw-p 00000000 00:00 0 
7f2f6b8f9000-7f2f6b8fd000 ---p 00000000 00:00 0 
7f2f6b8fd000-7f2f6b9fa000 rw-p 00000000 00:00 0 
7f2f6b9fa000-7f2f6b9fe000 ---p 00000000 00:00 0 
7f2f6b9fe000-7f2f6bafb000 rw-p 00000000 00:00 0 
7f2f6bafb000-7f2f6baff000 ---p 00000000 00:00 0 
7f2f6baff000-7f2f6bbfc000 rw-p 00000000 00:00 0 
7f2f6bbfc000-7f2f6bc00000 ---p 00000000 00:00 0 
7f2f6bc00000-7f2f6bcfd000 rw-p 00000000 00:00 0 
7f2f6bcfd000-7f2f6bd01000 ---p 00000000 00:00 0 
7f2f6bd01000-7f2f6bdfe000 rw-p 00000000 00:00 0 
7f2f6bdfe000-7f2f6be02000 ---p 00000000 00:00 0 
7f2f6be02000-7f2f6beff000 rw-p 00000000 00:00 0 
7f2f6beff000-7f2f6bf03000 ---p 00000000 00:00 0 
7f2f6bf03000-7f2f6c000000 rw-p 00000000 00:00 0 
7f2f6c000000-7f2f6c021000 rw-p 00000000 00:00 0 
7f2f6c021000-7f2f70000000 ---p 00000000 00:00 0 
7f2f70000000-7f2f702d4000 rw-p 00000000 00:00 0 
7f2f702d4000-7f2f74000000 ---p 00000000 00:00 0 
7f2f74000000-7f2f74021000 rw-p 00000000 00:00 0 
7f2f74021000-7f2f78000000 ---p 00000000 00:00 0 
7f2f78000000-7f2f78021000 rw-p 00000000 00:00 0 
7f2f78021000-7f2f7c000000 ---p 00000000 00:00 0 
7f2f7c000000-7f2f7c021000 rw-p 00000000 00:00 0 
7f2f7c021000-7f2f80000000 ---p 00000000 00:00 0 
7f2f80000000-7f2f80021000 rw-p 00000000 00:00 0 
7f2f80021000-7f2f84000000 ---p 00000000 00:00 0 
7f2f84000000-7f2f84021000 rw-p 00000000 00:00 0 
7f2f84021000-7f2f88000000 ---p 00000000 00:00 0 
7f2f88000000-7f2f88021000 rw-p 00000000 00:00 0 
7f2f88021000-7f2f8c000000 ---p 00000000 00:00 0 
7f2f8c000000-7f2f8c021000 rw-p 00000000 00:00 0 
7f2f8c021000-7f2f90000000 ---p 00000000 00:00 0 
7f2f90000000-7f2f90021000 rw-p 00000000 00:00 0 
7f2f90021000-7f2f94000000 ---p 00000000 00:00 0 
7f2f94000000-7f2f94060000 rw-p 00000000 00:00 0 
7f2f94060000-7f2f98000000 ---p 00000000 00:00 0 
7f2f98000000-7f2f98021000 rw-p 00000000 00:00 0 
7f2f98021000-7f2f9c000000 ---p 00000000 00:00 0 
7f2f9c000000-7f2f9c4ec000 rw-p 00000000 00:00 0 
7f2f9c4ec000-7f2fa0000000 ---p 00000000 00:00 0 
7f2fa0000000-7f2fa0021000 rw-p 00000000 00:00 0 
7f2fa0021000-7f2fa4000000 ---p 00000000 00:00 0 
7f2fa4000000-7f2fa4021000 rw-p 00000000 00:00 0 
7f2fa4021000-7f2fa8000000 ---p 00000000 00:00 0 
7f2fa8000000-7f2fa8021000 rw-p 00000000 00:00 0 
7f2fa8021000-7f2fac000000 ---p 00000000 00:00 0 
7f2fac000000-7f2fad850000 rw-p 00000000 00:00 0 
7f2fad850000-7f2fb0000000 ---p 00000000 00:00 0 
7f2fb0000000-7f2fb14b6000 rw-p 00000000 00:00 0 
7f2fb14b6000-7f2fb4000000 ---p 00000000 00:00 0 
7f2fb4000000-7f2fb4021000 rw-p 00000000 00:00 0 
7f2fb4021000-7f2fb8000000 ---p 00000000 00:00 0 
7f2fb8000000-7f2fb8021000 rw-p 00000000 00:00 0 
7f2fb8021000-7f2fbc000000 ---p 00000000 00:00 0 
7f2fbc000000-7f2fbcdec000 rw-p 00000000 00:00 0 
7f2fbcdec000-7f2fc0000000 ---p 00000000 00:00 0 
7f2fc0000000-7f2fc0021000 rw-p 00000000 00:00 0 
7f2fc0021000-7f2fc4000000 ---p 00000000 00:00 0 
7f2fc4000000-7f2fc4021000 rw-p 00000000 00:00 0 
7f2fc4021000-7f2fc8000000 ---p 00000000 00:00 0 
7f2fc8000000-7f2fc9561000 rw-p 00000000 00:00 0 
7f2fc9561000-7f2fcc000000 ---p 00000000 00:00 0 
7f2fcc000000-7f2fcc021000 rw-p 00000000 00:00 0 
7f2fcc021000-7f2fd0000000 ---p 00000000 00:00 0 
7f2fd006c000-7f2fd0070000 ---p 00000000 00:00 0 
7f2fd0070000-7f2fd016d000 rw-p 00000000 00:00 0 
7f2fd016d000-7f2fd0171000 ---p 00000000 00:00 0 
7f2fd0171000-7f2fd026e000 rw-p 00000000 00:00 0 
7f2fd026e000-7f2fd0272000 ---p 00000000 00:00 0 
7f2fd0272000-7f2fd056f000 rw-p 00000000 00:00 0 
7f2fd056f000-7f2fd076f000 rw-p 00000000 00:00 0 
7f2fd076f000-7f2fd0773000 ---p 00000000 00:00 0 
7f2fd0773000-7f2fd0a70000 rw-p 00000000 00:00 0 
7f2fd0a70000-7f2fd0a74000 ---p 00000000 00:00 0 
7f2fd0a74000-7f2fd0d71000 rw-p 00000000 00:00 0 
7f2fd0d71000-7f2fd0f71000 rw-p 00000000 00:00 0 
7f2fd0f71000-7f2fd1171000 rw-p 00000000 00:00 0 
7f2fd1171000-7f2fd1371000 rw-p 00000000 00:00 0 
7f2fd1371000-7f2fd1372000 ---p 00000000 00:00 0 
7f2fd1372000-7f2fd1473000 rw-p 00000000 00:00 0 
7f2fd1473000-7f2fd1474000 ---p 00000000 00:00 0 
7f2fd1474000-7f2fd1575000 rw-p 00000000 00:00 0 
7f2fd1575000-7f2fd1576000 ---p 00000000 00:00 0 
7f2fd1576000-7f2fd1677000 rw-p 00000000 00:00 0 
7f2fd1677000-7f2fd1678000 ---p 00000000 00:00 0 
7f2fd1678000-7f2fd1979000 rw-p 00000000 00:00 0 
7f2fd1979000-7f2fd197d000 ---p 00000000 00:00 0 
7f2fd197d000-7f2fd1a7a000 rw-p 00000000 00:00 0 
7f2fd1a7a000-7f2fd1a7e000 ---p 00000000 00:00 0 
7f2fd1a7e000-7f2fd1d7b000 rw-p 00000000 00:00 0 
7f2fd1d7b000-7f2fd1f7b000 rw-p 00000000 00:00 0 
7f2fd1f7b000-7f2fd1f7c000 ---p 00000000 00:00 0 
7f2fd1f7c000-7f2fd227d000 rw-p 00000000 00:00 0 
7f2fd227d000-7f2fd247d000 rw-p 00000000 00:00 0 
7f2fd247d000-7f2fd267d000 rw-p 00000000 00:00 0 
7f2fd267d000-7f2fd2681000 ---p 00000000 00:00 0 
7f2fd2681000-7f2fd297e000 rw-p 00000000 00:00 0 
7f2fd297e000-7f2fd2b7e000 rw-p 00000000 00:00 0 
7f2fd2b7e000-7f2fd2b7f000 ---p 00000000 00:00 0 
7f2fd2b7f000-7f2fd2c80000 rw-p 00000000 00:00 0 
7f2fd2c80000-7f2fd2c84000 ---p 00000000 00:00 0 
7f2fd2c84000-7f2fd2f81000 rw-p 00000000 00:00 0 
7f2fd2f81000-7f2fd2f82000 ---p 00000000 00:00 0 
7f2fd2f82000-7f2fd3083000 rw-p 00000000 00:00 0 
7f2fd3083000-7f2fd3084000 ---p 00000000 00:00 0 
7f2fd3084000-7f2fd3185000 rw-p 00000000 00:00 0 
7f2fd3185000-7f2fd3189000 ---p 00000000 00:00 0 
7f2fd3189000-7f2fd3286000 rw-p 00000000 00:00 0 
7f2fd3286000-7f2fd328a000 ---p 00000000 00:00 0 
7f2fd328a000-7f2fd3387000 rw-p 00000000 00:00 0 
7f2fd3387000-7f2fd338b000 ---p 00000000 00:00 0 
7f2fd338b000-7f2fd3488000 rw-p 00000000 00:00 0 
7f2fd3488000-7f2fd3489000 ---p 00000000 00:00 0 
7f2fd3489000-7f2fd358a000 rw-p 00000000 00:00 0 
7f2fd358a000-7f2fd358e000 ---p 00000000 00:00 0 
7f2fd358e000-7f2fd368b000 rw-p 00000000 00:00 0 
7f2fd368b000-7f2fd368f000 ---p 00000000 00:00 0 
7f2fd368f000-7f2fd378c000 rw-p 00000000 00:00 0 
7f2fd378c000-7f2fd3790000 ---p 00000000 00:00 0 
7f2fd3790000-7f2fd388d000 rw-p 00000000 00:00 0 
7f2fd388d000-7f2fd3891000 ---p 00000000 00:00 0 
7f2fd3891000-7f2fd398e000 rw-p 00000000 00:00 0 
7f2fd398e000-7f2fd3992000 ---p 00000000 00:00 0 
7f2fd3992000-7f2fd3a8f000 rw-p 00000000 00:00 0 
7f2fd3a8f000-7f2fd4000000 r--p 00000000 08:02 8390692                    /usr/lib/locale/locale-archive
7f2fd4000000-7f2fd4021000 rw-p 00000000 00:00 0 
7f2fd4021000-7f2fd8000000 ---p 00000000 00:00 0 
7f2fd8000000-7f2fd8021000 rw-p 00000000 00:00 0 
7f2fd8021000-7f2fdc000000 ---p 00000000 00:00 0 
7f2fdc000000-7f2fdc021000 rw-p 00000000 00:00 0 
7f2fdc021000-7f2fe0000000 ---p 00000000 00:00 0 
7f2fe0000000-7f2fe0281000 rw-p 00000000 00:00 0 
7f2fe0281000-7f2fe4000000 ---p 00000000 00:00 0 
7f2fe4000000-7f2fe4021000 rw-p 00000000 00:00 0 
7f2fe4021000-7f2fe8000000 ---p 00000000 00:00 0 
7f2fe8000000-7f2fe8021000 rw-p 00000000 00:00 0 
7f2fe8021000-7f2fec000000 ---p 00000000 00:00 0 
7f2fec000000-7f2fec021000 rw-p 00000000 00:00 0 
7f2fec021000-7f2ff0000000 ---p 00000000 00:00 0 
7f2ff0065000-7f2ff0069000 ---p 00000000 00:00 0 
7f2ff0069000-7f2ff0166000 rw-p 00000000 00:00 0 
7f2ff0166000-7f2ff016a000 ---p 00000000 00:00 0 
7f2ff016a000-7f2ff0267000 rw-p 00000000 00:00 0 
7f2ff0267000-7f2ff0268000 ---p 00000000 00:00 0 
7f2ff0268000-7f2ff0bea000 rw-p 00000000 00:00 0 
7f2ff0bea000-7f2ff0beb000 ---p 00000000 00:00 0 
7f2ff0beb000-7f2ff0cec000 rw-p 00000000 00:00 0 
7f2ff0cec000-7f2ff0ced000 ---p 00000000 00:00 0 
7f2ff0ced000-7f2ff35f6000 rw-p 00000000 00:00 0 
7f2ff35f6000-7f2ff35f7000 ---p 00000000 00:00 0 
7f2ff35f7000-7f2ff3990000 rw-p 00000000 00:00 0 
7f2ff3990000-7f2ff55b0000 ---p 00000000 00:00 0 
7f2ff55b0000-7f2ff5850000 rw-p 00000000 00:00 0 
7f2ff5850000-7f2ff7470000 ---p 00000000 00:00 0 
7f2ff7470000-7f2ff74cb000 rw-p 00000000 00:00 0 
7f2ff74cb000-7f2ff784f000 ---p 00000000 00:00 0 
7f2ff784f000-7f2ff78a3000 rw-p 00000000 00:00 0 
7f2ff78a3000-7f2ff7c27000 ---p 00000000 00:00 0 
7f2ff7c27000-7f2ff7c7b000 rw-p 00000000 00:00 0 
7f2ff7c7b000-7f2ff7fff000 ---p 00000000 00:00 0 
7f2ff7fff000-7f2ff8000000 rw-p 00000000 00:00 0 
7f2ff8000000-7f2ff8021000 rw-p 00000000 00:00 0 
7f2ff8021000-7f2ffc000000 ---p 00000000 00:00 0 
7f2ffc010000-7f2ffc018000 r--p 00000000 08:02 8520875                    /usr/lib/jvm/java-11-openjdk-amd64/lib/libsunec.so
7f2ffc018000-7f2ffc031000 r-xp 00008000 08:02 8520875                    /usr/lib/jvm/java-11-openjdk-amd64/lib/libsunec.so
7f2ffc031000-7f2ffc03b000 r--p 00021000 08:02 8520875                    /usr/lib/jvm/java-11-openjdk-amd64/lib/libsunec.so
7f2ffc03b000-7f2ffc03c000 ---p 0002b000 08:02 8520875                    /usr/lib/jvm/java-11-openjdk-amd64/lib/libsunec.so
7f2ffc03c000-7f2ffc040000 r--p 0002b000 08:02 8520875                    /usr/lib/jvm/java-11-openjdk-amd64/lib/libsunec.so
7f2ffc040000-7f2ffc042000 rw-p 0002f000 08:02 8520875                    /usr/lib/jvm/java-11-openjdk-amd64/lib/libsunec.so
7f2ffc042000-7f2ffc046000 r--p 00000000 08:02 8520868                    /usr/lib/jvm/java-11-openjdk-amd64/lib/libnet.so
7f2ffc046000-7f2ffc055000 r-xp 00004000 08:02 8520868                    /usr/lib/jvm/java-11-openjdk-amd64/lib/libnet.so
7f2ffc055000-7f2ffc059000 r--p 00013000 08:02 8520868                    /usr/lib/jvm/java-11-openjdk-amd64/lib/libnet.so
7f2ffc059000-7f2ffc05a000 r--p 00016000 08:02 8520868                    /usr/lib/jvm/java-11-openjdk-amd64/lib/libnet.so
7f2ffc05a000-7f2ffc05b000 rw-p 00017000 08:02 8520868                    /usr/lib/jvm/java-11-openjdk-amd64/lib/libnet.so
7f2ffc05b000-7f2ffc062000 r--p 00000000 08:02 8520869                    /usr/lib/jvm/java-11-openjdk-amd64/lib/libnio.so
7f2ffc062000-7f2ffc06a000 r-xp 00007000 08:02 8520869                    /usr/lib/jvm/java-11-openjdk-amd64/lib/libnio.so
7f2ffc06a000-7f2ffc06d000 r--p 0000f000 08:02 8520869                    /usr/lib/jvm/java-11-openjdk-amd64/lib/libnio.so
7f2ffc06d000-7f2ffc06e000 r--p 00011000 08:02 8520869                    /usr/lib/jvm/java-11-openjdk-amd64/lib/libnio.so
7f2ffc06e000-7f2ffc06f000 rw-p 00012000 08:02 8520869                    /usr/lib/jvm/java-11-openjdk-amd64/lib/libnio.so
7f2ffc06f000-7f2ffc070000 ---p 00000000 00:00 0 
7f2ffc070000-7f2ffc878000 rw-p 00000000 00:00 0 
7f2ffc878000-7f2ffcae8000 rwxp 00000000 00:00 0 
7f2ffcae8000-7f2ffce09000 ---p 00000000 00:00 0 
7f2ffce09000-7f2ffd839000 rwxp 00000000 00:00 0 
7f2ffd839000-7f3004340000 ---p 00000000 00:00 0 
7f3004340000-7f3004660000 rwxp 00000000 00:00 0 
7f3004660000-7f300b878000 ---p 00000000 00:00 0 
7f300b878000-7f3014000000 r--s 00000000 08:02 8520887                    /usr/lib/jvm/java-11-openjdk-amd64/lib/modules
7f3014000000-7f3015957000 rw-p 00000000 00:00 0 
7f3015957000-7f3018000000 ---p 00000000 00:00 0 
7f3018004000-7f3018005000 r--p 00000000 08:02 8520850                    /usr/lib/jvm/java-11-openjdk-amd64/lib/libextnet.so
7f3018005000-7f3018006000 r-xp 00001000 08:02 8520850                    /usr/lib/jvm/java-11-openjdk-amd64/lib/libextnet.so
7f3018006000-7f3018007000 r--p 00002000 08:02 8520850                    /usr/lib/jvm/java-11-openjdk-amd64/lib/libextnet.so
7f3018007000-7f3018008000 r--p 00002000 08:02 8520850                    /usr/lib/jvm/java-11-openjdk-amd64/lib/libextnet.so
7f3018008000-7f3018009000 rw-p 00003000 08:02 8520850                    /usr/lib/jvm/java-11-openjdk-amd64/lib/libextnet.so
7f3018009000-7f301800b000 r--p 00000000 08:02 8520866                    /usr/lib/jvm/java-11-openjdk-amd64/lib/libmanagement_ext.so
7f301800b000-7f301800e000 r-xp 00002000 08:02 8520866                    /usr/lib/jvm/java-11-openjdk-amd64/lib/libmanagement_ext.so
7f301800e000-7f301800f000 r--p 00005000 08:02 8520866                    /usr/lib/jvm/java-11-openjdk-amd64/lib/libmanagement_ext.so
7f301800f000-7f3018010000 ---p 00006000 08:02 8520866                    /usr/lib/jvm/java-11-openjdk-amd64/lib/libmanagement_ext.so
7f3018010000-7f3018011000 r--p 00006000 08:02 8520866                    /usr/lib/jvm/java-11-openjdk-amd64/lib/libmanagement_ext.so
7f3018011000-7f3018012000 rw-p 00007000 08:02 8520866                    /usr/lib/jvm/java-11-openjdk-amd64/lib/libmanagement_ext.so
7f3018012000-7f30181ed000 rw-p 00000000 00:00 0 
7f30181ed000-7f30181ee000 ---p 00000000 00:00 0 
7f30181ee000-7f30182f6000 rw-p 00000000 00:00 0 
7f30182f6000-7f30183da000 ---p 00000000 00:00 0 
7f30183da000-7f30183ef000 rw-p 00000000 00:00 0 
7f30183ef000-7f30184c5000 ---p 00000000 00:00 0 
7f30184c5000-7f30184ca000 rw-p 00000000 00:00 0 
7f30184ca000-7f30184d1000 ---p 00000000 00:00 0 
7f30184d1000-7f30184d4000 r--p 00000000 08:02 8394178                    /usr/lib/x86_64-linux-gnu/libnss_files-2.31.so
7f30184d4000-7f30184db000 r-xp 00003000 08:02 8394178                    /usr/lib/x86_64-linux-gnu/libnss_files-2.31.so
7f30184db000-7f30184dd000 r--p 0000a000 08:02 8394178                    /usr/lib/x86_64-linux-gnu/libnss_files-2.31.so
7f30184dd000-7f30184de000 r--p 0000b000 08:02 8394178                    /usr/lib/x86_64-linux-gnu/libnss_files-2.31.so
7f30184de000-7f30184df000 rw-p 0000c000 08:02 8394178                    /usr/lib/x86_64-linux-gnu/libnss_files-2.31.so
7f30184df000-7f30184e5000 rw-p 00000000 00:00 0 
7f30184e5000-7f30184e8000 r--p 00000000 08:02 8520864                    /usr/lib/jvm/java-11-openjdk-amd64/lib/libmanagement.so
7f30184e8000-7f30184e9000 r-xp 00003000 08:02 8520864                    /usr/lib/jvm/java-11-openjdk-amd64/lib/libmanagement.so
7f30184e9000-7f30184ea000 r--p 00004000 08:02 8520864                    /usr/lib/jvm/java-11-openjdk-amd64/lib/libmanagement.so
7f30184ea000-7f30184eb000 r--p 00004000 08:02 8520864                    /usr/lib/jvm/java-11-openjdk-amd64/lib/libmanagement.so
7f30184eb000-7f30184ec000 rw-p 00005000 08:02 8520864                    /usr/lib/jvm/java-11-openjdk-amd64/lib/libmanagement.so
7f30184ec000-7f30184ee000 r--p 00000000 08:02 8520885                    /usr/lib/jvm/java-11-openjdk-amd64/lib/libzip.so
7f30184ee000-7f30184f2000 r-xp 00002000 08:02 8520885                    /usr/lib/jvm/java-11-openjdk-amd64/lib/libzip.so
7f30184f2000-7f30184f4000 r--p 00006000 08:02 8520885                    /usr/lib/jvm/java-11-openjdk-amd64/lib/libzip.so
7f30184f4000-7f30184f5000 r--p 00007000 08:02 8520885                    /usr/lib/jvm/java-11-openjdk-amd64/lib/libzip.so
7f30184f5000-7f30184f6000 rw-p 00008000 08:02 8520885                    /usr/lib/jvm/java-11-openjdk-amd64/lib/libzip.so
7f30184f6000-7f30184fe000 rw-s 00000000 08:02 9961567                    /tmp/hsperfdata_jadson/8077
7f30184fe000-7f3018500000 r--p 00000000 08:02 8520860                    /usr/lib/jvm/java-11-openjdk-amd64/lib/libjimage.so
7f3018500000-7f3018503000 r-xp 00002000 08:02 8520860                    /usr/lib/jvm/java-11-openjdk-amd64/lib/libjimage.so
7f3018503000-7f3018504000 r--p 00005000 08:02 8520860                    /usr/lib/jvm/java-11-openjdk-amd64/lib/libjimage.so
7f3018504000-7f3018505000 ---p 00006000 08:02 8520860                    /usr/lib/jvm/java-11-openjdk-amd64/lib/libjimage.so
7f3018505000-7f3018506000 r--p 00006000 08:02 8520860                    /usr/lib/jvm/java-11-openjdk-amd64/lib/libjimage.so
7f3018506000-7f3018507000 rw-p 00007000 08:02 8520860                    /usr/lib/jvm/java-11-openjdk-amd64/lib/libjimage.so
7f3018507000-7f3018515000 r--p 00000000 08:02 8520857                    /usr/lib/jvm/java-11-openjdk-amd64/lib/libjava.so
7f3018515000-7f301852b000 r-xp 0000e000 08:02 8520857                    /usr/lib/jvm/java-11-openjdk-amd64/lib/libjava.so
7f301852b000-7f3018532000 r--p 00024000 08:02 8520857                    /usr/lib/jvm/java-11-openjdk-amd64/lib/libjava.so
7f3018532000-7f3018533000 r--p 0002a000 08:02 8520857                    /usr/lib/jvm/java-11-openjdk-amd64/lib/libjava.so
7f3018533000-7f3018534000 rw-p 0002b000 08:02 8520857                    /usr/lib/jvm/java-11-openjdk-amd64/lib/libjava.so
7f3018534000-7f3018535000 rw-p 00000000 00:00 0 
7f3018535000-7f3018538000 r--p 00000000 08:02 8394208                    /usr/lib/x86_64-linux-gnu/librt-2.31.so
7f3018538000-7f301853c000 r-xp 00003000 08:02 8394208                    /usr/lib/x86_64-linux-gnu/librt-2.31.so
7f301853c000-7f301853d000 r--p 00007000 08:02 8394208                    /usr/lib/x86_64-linux-gnu/librt-2.31.so
7f301853d000-7f301853e000 ---p 00008000 08:02 8394208                    /usr/lib/x86_64-linux-gnu/librt-2.31.so
7f301853e000-7f301853f000 r--p 00008000 08:02 8394208                    /usr/lib/x86_64-linux-gnu/librt-2.31.so
7f301853f000-7f3018540000 rw-p 00009000 08:02 8394208                    /usr/lib/x86_64-linux-gnu/librt-2.31.so
7f3018540000-7f3018544000 ---p 00000000 00:00 0 
7f3018544000-7f3018641000 rw-p 00000000 00:00 0 
7f3018641000-7f3018644000 r--p 00000000 08:02 8394940                    /usr/lib/x86_64-linux-gnu/libgcc_s.so.1
7f3018644000-7f3018656000 r-xp 00003000 08:02 8394940                    /usr/lib/x86_64-linux-gnu/libgcc_s.so.1
7f3018656000-7f301865a000 r--p 00015000 08:02 8394940                    /usr/lib/x86_64-linux-gnu/libgcc_s.so.1
7f301865a000-7f301865b000 r--p 00018000 08:02 8394940                    /usr/lib/x86_64-linux-gnu/libgcc_s.so.1
7f301865b000-7f301865c000 rw-p 00019000 08:02 8394940                    /usr/lib/x86_64-linux-gnu/libgcc_s.so.1
7f301865c000-7f301866b000 r--p 00000000 08:02 8393823                    /usr/lib/x86_64-linux-gnu/libm-2.31.so
7f301866b000-7f3018712000 r-xp 0000f000 08:02 8393823                    /usr/lib/x86_64-linux-gnu/libm-2.31.so
7f3018712000-7f30187a9000 r--p 000b6000 08:02 8393823                    /usr/lib/x86_64-linux-gnu/libm-2.31.so
7f30187a9000-7f30187aa000 r--p 0014c000 08:02 8393823                    /usr/lib/x86_64-linux-gnu/libm-2.31.so
7f30187aa000-7f30187ab000 rw-p 0014d000 08:02 8393823                    /usr/lib/x86_64-linux-gnu/libm-2.31.so
7f30187ab000-7f3018841000 r--p 00000000 08:02 8389090                    /usr/lib/x86_64-linux-gnu/libstdc++.so.6.0.28
7f3018841000-7f3018932000 r-xp 00096000 08:02 8389090                    /usr/lib/x86_64-linux-gnu/libstdc++.so.6.0.28
7f3018932000-7f301897b000 r--p 00187000 08:02 8389090                    /usr/lib/x86_64-linux-gnu/libstdc++.so.6.0.28
7f301897b000-7f301897c000 ---p 001d0000 08:02 8389090                    /usr/lib/x86_64-linux-gnu/libstdc++.so.6.0.28
7f301897c000-7f3018987000 r--p 001d0000 08:02 8389090                    /usr/lib/x86_64-linux-gnu/libstdc++.so.6.0.28
7f3018987000-7f301898a000 rw-p 001db000 08:02 8389090                    /usr/lib/x86_64-linux-gnu/libstdc++.so.6.0.28
7f301898a000-7f301898d000 rw-p 00000000 00:00 0 
7f301898d000-7f3018c07000 r--p 00000000 08:02 8520897                    /usr/lib/jvm/java-11-openjdk-amd64/lib/server/libjvm.so
7f3018c07000-7f301988c000 r-xp 0027a000 08:02 8520897                    /usr/lib/jvm/java-11-openjdk-amd64/lib/server/libjvm.so
7f301988c000-7f3019ae3000 r--p 00eff000 08:02 8520897                    /usr/lib/jvm/java-11-openjdk-amd64/lib/server/libjvm.so
7f3019ae3000-7f3019ba4000 r--p 01155000 08:02 8520897                    /usr/lib/jvm/java-11-openjdk-amd64/lib/server/libjvm.so
7f3019ba4000-7f3019bdf000 rw-p 01216000 08:02 8520897                    /usr/lib/jvm/java-11-openjdk-amd64/lib/server/libjvm.so
7f3019bdf000-7f3019c38000 rw-p 00000000 00:00 0 
7f3019c38000-7f3019c3f000 r--p 00000000 08:02 8394197                    /usr/lib/x86_64-linux-gnu/libpthread-2.31.so
7f3019c3f000-7f3019c50000 r-xp 00007000 08:02 8394197                    /usr/lib/x86_64-linux-gnu/libpthread-2.31.so
7f3019c50000-7f3019c55000 r--p 00018000 08:02 8394197                    /usr/lib/x86_64-linux-gnu/libpthread-2.31.so
7f3019c55000-7f3019c56000 r--p 0001c000 08:02 8394197                    /usr/lib/x86_64-linux-gnu/libpthread-2.31.so
7f3019c56000-7f3019c57000 rw-p 0001d000 08:02 8394197                    /usr/lib/x86_64-linux-gnu/libpthread-2.31.so
7f3019c57000-7f3019c5b000 rw-p 00000000 00:00 0 
7f3019c5b000-7f3019c5c000 r--p 00000000 08:02 8393820                    /usr/lib/x86_64-linux-gnu/libdl-2.31.so
7f3019c5c000-7f3019c5e000 r-xp 00001000 08:02 8393820                    /usr/lib/x86_64-linux-gnu/libdl-2.31.so
7f3019c5e000-7f3019c5f000 r--p 00003000 08:02 8393820                    /usr/lib/x86_64-linux-gnu/libdl-2.31.so
7f3019c5f000-7f3019c60000 r--p 00003000 08:02 8393820                    /usr/lib/x86_64-linux-gnu/libdl-2.31.so
7f3019c60000-7f3019c61000 rw-p 00004000 08:02 8393820                    /usr/lib/x86_64-linux-gnu/libdl-2.31.so
7f3019c61000-7f3019c63000 r--p 00000000 08:02 8391100                    /usr/lib/x86_64-linux-gnu/libz.so.1.2.11
7f3019c63000-7f3019c74000 r-xp 00002000 08:02 8391100                    /usr/lib/x86_64-linux-gnu/libz.so.1.2.11
7f3019c74000-7f3019c7a000 r--p 00013000 08:02 8391100                    /usr/lib/x86_64-linux-gnu/libz.so.1.2.11
7f3019c7a000-7f3019c7b000 ---p 00019000 08:02 8391100                    /usr/lib/x86_64-linux-gnu/libz.so.1.2.11
7f3019c7b000-7f3019c7c000 r--p 00019000 08:02 8391100                    /usr/lib/x86_64-linux-gnu/libz.so.1.2.11
7f3019c7c000-7f3019c7d000 rw-p 0001a000 08:02 8391100                    /usr/lib/x86_64-linux-gnu/libz.so.1.2.11
7f3019c7d000-7f3019ca2000 r--p 00000000 08:02 8393814                    /usr/lib/x86_64-linux-gnu/libc-2.31.so
7f3019ca2000-7f3019e1a000 r-xp 00025000 08:02 8393814                    /usr/lib/x86_64-linux-gnu/libc-2.31.so
7f3019e1a000-7f3019e64000 r--p 0019d000 08:02 8393814                    /usr/lib/x86_64-linux-gnu/libc-2.31.so
7f3019e64000-7f3019e65000 ---p 001e7000 08:02 8393814                    /usr/lib/x86_64-linux-gnu/libc-2.31.so
7f3019e65000-7f3019e68000 r--p 001e7000 08:02 8393814                    /usr/lib/x86_64-linux-gnu/libc-2.31.so
7f3019e68000-7f3019e6b000 rw-p 001ea000 08:02 8393814                    /usr/lib/x86_64-linux-gnu/libc-2.31.so
7f3019e6b000-7f3019e6f000 rw-p 00000000 00:00 0 
7f3019e72000-7f3019e74000 r--s 0000c000 08:02 9189263                    /usr/share/java/java-atk-wrapper.jar
7f3019e74000-7f3019e75000 ---p 00000000 00:00 0 
7f3019e75000-7f3019e76000 r--p 00000000 00:00 0 
7f3019e76000-7f3019e7b000 r--p 00000000 08:02 8520879                    /usr/lib/jvm/java-11-openjdk-amd64/lib/libverify.so
7f3019e7b000-7f3019e82000 r-xp 00005000 08:02 8520879                    /usr/lib/jvm/java-11-openjdk-amd64/lib/libverify.so
7f3019e82000-7f3019e84000 r--p 0000c000 08:02 8520879                    /usr/lib/jvm/java-11-openjdk-amd64/lib/libverify.so
7f3019e84000-7f3019e85000 ---p 0000e000 08:02 8520879                    /usr/lib/jvm/java-11-openjdk-amd64/lib/libverify.so
7f3019e85000-7f3019e87000 r--p 0000e000 08:02 8520879                    /usr/lib/jvm/java-11-openjdk-amd64/lib/libverify.so
7f3019e87000-7f3019e88000 rw-p 00010000 08:02 8520879                    /usr/lib/jvm/java-11-openjdk-amd64/lib/libverify.so
7f3019e88000-7f3019e8b000 r--p 00000000 08:02 8520842                    /usr/lib/jvm/java-11-openjdk-amd64/lib/jli/libjli.so
7f3019e8b000-7f3019e95000 r-xp 00003000 08:02 8520842                    /usr/lib/jvm/java-11-openjdk-amd64/lib/jli/libjli.so
7f3019e95000-7f3019e98000 r--p 0000d000 08:02 8520842                    /usr/lib/jvm/java-11-openjdk-amd64/lib/jli/libjli.so
7f3019e98000-7f3019e99000 ---p 00010000 08:02 8520842                    /usr/lib/jvm/java-11-openjdk-amd64/lib/jli/libjli.so
7f3019e99000-7f3019e9a000 r--p 00010000 08:02 8520842                    /usr/lib/jvm/java-11-openjdk-amd64/lib/jli/libjli.so
7f3019e9a000-7f3019e9b000 rw-p 00011000 08:02 8520842                    /usr/lib/jvm/java-11-openjdk-amd64/lib/jli/libjli.so
7f3019e9b000-7f3019e9d000 rw-p 00000000 00:00 0 
7f3019e9d000-7f3019e9e000 r--p 00000000 08:02 8390785                    /usr/lib/x86_64-linux-gnu/ld-2.31.so
7f3019e9e000-7f3019ec1000 r-xp 00001000 08:02 8390785                    /usr/lib/x86_64-linux-gnu/ld-2.31.so
7f3019ec1000-7f3019ec9000 r--p 00024000 08:02 8390785                    /usr/lib/x86_64-linux-gnu/ld-2.31.so
7f3019eca000-7f3019ecb000 r--p 0002c000 08:02 8390785                    /usr/lib/x86_64-linux-gnu/ld-2.31.so
7f3019ecb000-7f3019ecc000 rw-p 0002d000 08:02 8390785                    /usr/lib/x86_64-linux-gnu/ld-2.31.so
7f3019ecc000-7f3019ecd000 rw-p 00000000 00:00 0 
7ffd0cc41000-7ffd0cc63000 rw-p 00000000 00:00 0                          [stack]
7ffd0cd76000-7ffd0cd7a000 r--p 00000000 00:00 0                          [vvar]
7ffd0cd7a000-7ffd0cd7c000 r-xp 00000000 00:00 0                          [vdso]
ffffffffff600000-ffffffffff601000 --xp 00000000 00:00 0                  [vsyscall]


VM Arguments:
java_command: ./target/demo-0.0.1-SNAPSHOT.jar
java_class_path (initial): ./target/demo-0.0.1-SNAPSHOT.jar
Launcher Type: SUN_STANDARD

[Global flags]
     intx CICompilerCount                          = 4                                         {product} {ergonomic}
     uint ConcGCThreads                            = 2                                         {product} {ergonomic}
     uint G1ConcRefinementThreads                  = 8                                         {product} {ergonomic}
   size_t G1HeapRegionSize                         = 1048576                                   {product} {ergonomic}
    uintx GCDrainStackTargetSize                   = 64                                        {product} {ergonomic}
   size_t InitialHeapSize                          = 130023424                                 {product} {ergonomic}
   size_t MarkStackSize                            = 4194304                                   {product} {ergonomic}
   size_t MaxHeapSize                              = 2063597568                                {product} {ergonomic}
   size_t MaxNewSize                               = 1237319680                                {product} {ergonomic}
   size_t MinHeapDeltaBytes                        = 1048576                                   {product} {ergonomic}
    uintx NonNMethodCodeHeapSize                   = 5836300                                {pd product} {ergonomic}
    uintx NonProfiledCodeHeapSize                  = 122910970                              {pd product} {ergonomic}
    uintx ProfiledCodeHeapSize                     = 122910970                              {pd product} {ergonomic}
    uintx ReservedCodeCacheSize                    = 251658240                              {pd product} {ergonomic}
     bool SegmentedCodeCache                       = true                                      {product} {ergonomic}
     bool UseCompressedClassPointers               = true                                 {lp64_product} {ergonomic}
     bool UseCompressedOops                        = true                                 {lp64_product} {ergonomic}
     bool UseG1GC                                  = true                                      {product} {ergonomic}

Logging:
Log output configuration:
 #0: stdout all=warning uptime,level,tags
 #1: stderr all=off uptime,level,tags

Environment Variables:
PATH=/home/jadson/Projects/repositories/demo/node_modules/.bin:/home/jadson/.deno/bin:/home/jadson/.zinit/polaris/sbin:/home/jadson/.zinit/polaris/bin:/home/jadson/.nvm/versions/node/v15.8.0/bin:/home/jadson/.local/bin:/usr/local/sbin:/usr/local/bin:/usr/sbin:/usr/bin:/sbin:/bin:/usr/games:/usr/local/games:/snap/bin:/home/jadson/.yarn/bin
USERNAME=jadson
SHELL=/usr/bin/zsh
DISPLAY=:0
LANG=en_US.UTF-8
LC_CTYPE=pt_BR.UTF-8

Signal Handlers:
SIGSEGV: [libjvm.so+0xe8ba00], sa_mask[0]=11111111011111111101111111111110, sa_flags=SA_RESTART|SA_SIGINFO
SIGBUS: [libjvm.so+0xe8ba00], sa_mask[0]=11111111011111111101111111111110, sa_flags=SA_RESTART|SA_SIGINFO
SIGFPE: [libjvm.so+0xe8ba00], sa_mask[0]=11111111011111111101111111111110, sa_flags=SA_RESTART|SA_SIGINFO
SIGPIPE: [libjvm.so+0xbd10f0], sa_mask[0]=11111111011111111101111111111110, sa_flags=SA_RESTART|SA_SIGINFO
SIGXFSZ: [libjvm.so+0xbd10f0], sa_mask[0]=11111111011111111101111111111110, sa_flags=SA_RESTART|SA_SIGINFO
SIGILL: [libjvm.so+0xe8ba00], sa_mask[0]=11111111011111111101111111111110, sa_flags=SA_RESTART|SA_SIGINFO
SIGUSR2: [libjvm.so+0xbd0f90], sa_mask[0]=00000000000000000000000000000000, sa_flags=SA_RESTART|SA_SIGINFO
SIGHUP: [libjvm.so+0xbd1430], sa_mask[0]=11111111011111111101111111111110, sa_flags=SA_RESTART|SA_SIGINFO
SIGINT: [libjvm.so+0xbd1430], sa_mask[0]=11111111011111111101111111111110, sa_flags=SA_RESTART|SA_SIGINFO
SIGTERM: [libjvm.so+0xbd1430], sa_mask[0]=11111111011111111101111111111110, sa_flags=SA_RESTART|SA_SIGINFO
SIGQUIT: [libjvm.so+0xbd1430], sa_mask[0]=11111111011111111101111111111110, sa_flags=SA_RESTART|SA_SIGINFO


---------------  S Y S T E M  ---------------

OS:DISTRIB_ID=Ubuntu
DISTRIB_RELEASE=20.04
DISTRIB_CODENAME=focal
DISTRIB_DESCRIPTION="Ubuntu 20.04.2 LTS"
uname:Linux 5.8.0-63-generic #71~20.04.1-Ubuntu SMP Thu Jul 15 17:46:08 UTC 2021 x86_64
OS uptime: 0 days 0:03 hours
libc:glibc 2.31 NPTL 2.31 
rlimit (soft/hard): STACK 8192k/infinity , CORE 0k/infinity , NPROC 31242/31242 , NOFILE 1048576/1048576 , AS infinity/infinity , CPU infinity/infinity , DATA infinity/infinity , FSIZE infinity/infinity , MEMLOCK 65536k/65536k
load average:3,74 2,59 1,08

/proc/meminfo:
MemTotal:        8058248 kB
MemFree:         1305440 kB
MemAvailable:    4224944 kB
Buffers:          242528 kB
Cached:          3073004 kB
SwapCached:            0 kB
Active:          4241940 kB
Inactive:        1812916 kB
Active(anon):    2932860 kB
Inactive(anon):    72088 kB
Active(file):    1309080 kB
Inactive(file):  1740828 kB
Unevictable:      184472 kB
Mlocked:              48 kB
SwapTotal:       2097148 kB
SwapFree:        2097148 kB
Dirty:             39208 kB
Writeback:             0 kB
AnonPages:       2923872 kB
Mapped:           850336 kB
Shmem:            268132 kB
KReclaimable:     178396 kB
Slab:             372784 kB
SReclaimable:     178396 kB
SUnreclaim:       194388 kB
KernelStack:       19144 kB
PageTables:        36536 kB
NFS_Unstable:          0 kB
Bounce:                0 kB
WritebackTmp:          0 kB
CommitLimit:     6126272 kB
Committed_AS:   11927084 kB
VmallocTotal:   34359738367 kB
VmallocUsed:       41948 kB
VmallocChunk:          0 kB
Percpu:             7904 kB
HardwareCorrupted:     0 kB
AnonHugePages:         0 kB
ShmemHugePages:        0 kB
ShmemPmdMapped:        0 kB
FileHugePages:         0 kB
FilePmdMapped:         0 kB
HugePages_Total:       0
HugePages_Free:        0
HugePages_Rsvd:        0
HugePages_Surp:        0
Hugepagesize:       2048 kB
Hugetlb:               0 kB
DirectMap4k:      390772 kB
DirectMap2M:     7905280 kB
DirectMap1G:           0 kB

/sys/kernel/mm/transparent_hugepage/enabled:
always [madvise] never
/sys/kernel/mm/transparent_hugepage/defrag (defrag/compaction efforts parameter):
always defer defer+madvise [madvise] never

Process Memory:
Virtual Size: 6665276K (peak: 13454268K)
Resident Set Size: 349776K (peak: 349860K) (anon: 320224K, file: 29552K, shmem: 0K)
Swapped out: 0K
C-Heap outstanding allocations: 25287K

/proc/sys/kernel/threads-max (system-wide limit on the number of threads):
62484
/proc/sys/vm/max_map_count (maximum number of memory map areas a process may have):
65530
/proc/sys/kernel/pid_max (system-wide limit on number of process identifiers):
4194304

container (cgroup) information:
container_type: cgroupv1
cpu_cpuset_cpus: 0-7
cpu_memory_nodes: 0
active_processor_count: 8
cpu_quota: -1
cpu_period: 100000
cpu_shares: -1
memory_limit_in_bytes: -1
memory_and_swap_limit_in_bytes: -1
memory_soft_limit_in_bytes: -1
memory_usage_in_bytes: 4674719744
memory_max_usage_in_bytes: 4782718976

Steal ticks since vm start: 0
Steal ticks percentage since vm start:  0,000

CPU:total 8 (initial active 8) (4 cores per cpu, 2 threads per core) family 6 model 142 stepping 10 microcode 0xea, cmov, cx8, fxsr, mmx, sse, sse2, sse3, ssse3, sse4.1, sse4.2, popcnt, avx, avx2, aes, clmul, erms, 3dnowpref, lzcnt, ht, tsc, tscinvbit, bmi1, bmi2, adx, fma
CPU Model and flags from /proc/cpuinfo:
model name	: Intel(R) Core(TM) i5-8250U CPU @ 1.60GHz
flags		: fpu vme de pse tsc msr pae mce cx8 apic sep mtrr pge mca cmov pat pse36 clflush dts acpi mmx fxsr sse sse2 ss ht tm pbe syscall nx pdpe1gb rdtscp lm constant_tsc art arch_perfmon pebs bts rep_good nopl xtopology nonstop_tsc cpuid aperfmperf pni pclmulqdq dtes64 monitor ds_cpl vmx est tm2 ssse3 sdbg fma cx16 xtpr pdcm pcid sse4_1 sse4_2 x2apic movbe popcnt tsc_deadline_timer aes xsave avx f16c rdrand lahf_lm abm 3dnowprefetch cpuid_fault invpcid_single pti ssbd ibrs ibpb stibp tpr_shadow vnmi flexpriority ept vpid ept_ad fsgsbase tsc_adjust bmi1 avx2 smep bmi2 erms invpcid mpx rdseed adx smap clflushopt intel_pt xsaveopt xsavec xgetbv1 xsaves dtherm ida arat pln pts hwp hwp_notify hwp_act_window hwp_epp md_clear flush_l1d
Online cpus:
0-7
Offline cpus:

BIOS frequency limitation:
<Not Available>
Frequency switch latency (ns):
0
Available cpu frequencies:
<Not Available>
Current governor:
powersave
Core performance/turbo boost:
<Not Available>

Memory: 4k page, physical 8058248k(1305384k free), swap 2097148k(2097148k free)

vm_info: OpenJDK 64-Bit Server VM (11.0.11+9-Ubuntu-0ubuntu2.20.04) for linux-amd64 JRE (11.0.11+9-Ubuntu-0ubuntu2.20.04), built on Apr 21 2021 09:15:32 by "unknown" with gcc 9.3.0

END.
