#
# A fatal error has been detected by the Java Runtime Environment:
#
#  SIGSEGV (0xb) at pc=0x00007fb095ffefcd, pid=7911, tid=7911
#
# JRE version: OpenJDK Runtime Environment (11.0.11+9) (build 11.0.11+9-Ubuntu-0ubuntu2.20.04)
# Java VM: OpenJDK 64-Bit Server VM (11.0.11+9-Ubuntu-0ubuntu2.20.04, mixed mode, sharing, tiered, compressed oops, g1 gc, linux-amd64)
# Problematic frame:
# V  [libjvm.so+0xbd0fcd]
#
# Core dump will be written. Default location: Core dumps may be processed with "/usr/share/apport/apport %p %s %c %d %P %E" (or dumping to /home/jadson/Projects/repositories/demo/core.7911)
#
# If you would like to submit a bug report, please visit:
#   https://bugs.launchpad.net/ubuntu/+source/openjdk-lts
#

---------------  S U M M A R Y ------------

Command Line: ./target/demo-0.0.1-SNAPSHOT.jar

Host: Intel(R) Core(TM) i5-8250U CPU @ 1.60GHz, 8 cores, 7G, Ubuntu 20.04.2 LTS
Time: Wed Jul 28 20:28:55 2021 -03 elapsed time: 19.276960 seconds (0d 0h 0m 19s)

---------------  T H R E A D  ---------------

Current thread is native thread

Stack: [0x00007ffda9d4f000,0x00007ffdaa54d000],  sp=0x00007ffdaa547580,  free space=8161k
Native frames: (J=compiled Java code, A=aot compiled Java code, j=interpreted, Vv=VM code, C=native code)
V  [libjvm.so+0xbd0fcd]
C  [libc.so.6+0x46210]


siginfo: si_signo: 11 (SIGSEGV), si_code: 1 (SEGV_MAPERR), si_addr: 0x00000000000000d0

Register to memory mapping:

RAX=0x0 is NULL
RBX=
[error occurred during error reporting (printing register info), id 0xb, SIGSEGV (0xb) at pc=0x00007fb096256a2c]

Registers:
RAX=0x0000000000000000, RBX=0x00007fb0966d83c0, RCX=0x00007fb0966e3cd7, RDX=0x00007fb0966d8440
RSP=0x00007ffdaa547580, RBP=0x00007ffdaa547630, RSI=0x00007ffdaa547770, RDI=0x0000000000000001
R8 =0x0000000000000000, R9 =0x00007fb0950e1700, R10=0x0000000000000000, R11=0x0000000000000246
R12=0x00007ffdaa547770, R13=0x00007ffdaa547640, R14=0x0000000000000000, R15=0x00007fb0950e1700
RIP=0x00007fb095ffefcd, EFLAGS=0x0000000000010246, CSGSFS=0x002b000000000033, ERR=0x0000000000000004
  TRAPNO=0x000000000000000e

Top of Stack: (sp=0x00007ffdaa547580)
0x00007ffdaa547580:   00007fb09669b320 0000000000000000
0x00007ffdaa547590:   00007fb09669b3a0 0000000000000000
0x00007ffdaa5475a0:   00007fb09633c8a0 0000000000000000
0x00007ffdaa5475b0:   00007fb09633c820 0000000000000000 

Instructions: (pc=0x00007fb095ffefcd)
0x00007fb095ffeecd:   ff 48 85 c0 74 03 c6 00 00 4c 89 f7 4c 89 fa 4c
0x00007fb095ffeedd:   89 ee e8 3c 92 6a ff 4c 89 e7 e8 a4 95 6a ff 48
0x00007fb095ffeeed:   81 c4 08 01 00 00 5b 41 5c 41 5d 41 5e 41 5f 5d
0x00007fb095ffeefd:   c3 66 90 4c 89 e2 be 00 01 00 00 4c 89 ef e8 f0
0x00007fb095ffef0d:   97 6a ff 48 85 c0 74 ac 48 8d 35 cb 80 3a 00 4c
0x00007fb095ffef1d:   89 ef e8 dc 95 6a ff 48 85 c0 75 17 48 8d 35 cc
0x00007fb095ffef2d:   80 3a 00 4c 89 ef e8 c8 95 6a ff 48 85 c0 74 84
0x00007fb095ffef3d:   0f 1f 00 be 22 00 00 00 4c 89 ef e8 43 96 6a ff
0x00007fb095ffef4d:   48 85 c0 74 26 4c 8d 68 01 be 22 00 00 00 4c 89
0x00007fb095ffef5d:   ef e8 2d 96 6a ff 48 85 c0 0f 85 67 ff ff ff e9
0x00007fb095ffef6d:   65 ff ff ff 0f 1f 80 00 00 00 00 4c 89 ef be 3d
0x00007fb095ffef7d:   00 00 00 e8 0b 96 6a ff 4c 8d 68 01 e9 33 ff ff
0x00007fb095ffef8d:   ff 66 90 f3 0f 1e fa 55 48 89 e5 41 57 41 56 41
0x00007fb095ffef9d:   55 49 89 d5 41 54 49 89 f4 53 48 81 ec 88 00 00
0x00007fb095ffefad:   00 e8 0d 9d 6a ff 44 8b 30 48 89 c3 e8 22 63 25
0x00007fb095ffefbd:   00 41 89 c0 31 c0 45 84 c0 74 05 e8 23 63 25 00
0x00007fb095ffefcd:   48 83 b8 d0 00 00 00 00 74 16 4c 8b b8 70 02 00
0x00007fb095ffefdd:   00 41 8b 87 a8 00 00 00 83 f8 01 74 16 44 89 33
0x00007fb095ffefed:   48 81 c4 88 00 00 00 5b 41 5c 41 5d 41 5e 41 5f
0x00007fb095ffeffd:   5d c3 90 66 49 0f 6e c4 66 49 0f 6e cd ba 02 00
0x00007fb095fff00d:   00 00 be 01 00 00 00 66 0f 6c c1 4d 8d a7 a8 00
0x00007fb095fff01d:   00 00 41 0f 11 87 b0 00 00 00 4c 89 e7 e8 d1 bc
0x00007fb095fff02d:   ff ff 83 f8 02 74 3c 85 c0 75 18 66 0f ef c0 41
0x00007fb095fff03d:   0f 11 87 b0 00 00 00 eb a4 66 2e 0f 1f 84 00 00
0x00007fb095fff04d:   00 00 00 48 8d 05 51 aa 64 00 be d8 11 00 00 48
0x00007fb095fff05d:   8d 3d 75 8a 3a 00 48 8b 00 c6 00 58 e8 f2 af a9
0x00007fb095fff06d:   ff eb c8 4c 8d ad 50 ff ff ff 4c 89 ef e8 a1 98
0x00007fb095fff07d:   6a ff 4c 89 ea 31 f6 31 ff e8 b5 99 6a ff 8b 35
0x00007fb095fff08d:   9f 56 66 00 4c 89 ef e8 57 95 6a ff be 01 00 00
0x00007fb095fff09d:   00 48 8d 3d db a2 6a 00 e8 16 a1 0c 00 66 0f 1f
0x00007fb095fff0ad:   44 00 00 4c 89 ef e8 68 9c 6a ff 31 d2 be 03 00
0x00007fb095fff0bd:   00 00 4c 89 e7 e8 39 bc ff ff 85 c0 75 e5 be 01 


Stack slot to memory mapping:
stack at sp + 0 slots: 
[error occurred during error reporting (inspecting top of stack), id 0xb, SIGSEGV (0xb) at pc=0x00007fb096256a2c]


---------------  P R O C E S S  ---------------

VM state:not at safepoint (normal execution)

VM Mutex/Monitor currently owned by a thread: None

Heap address: 0x0000000085000000, size: 1968 MB, Compressed Oops mode: 32-bit
Narrow klass base: 0x0000000800000000, Narrow klass shift: 3
Compressed class space size: 1073741824 Address: 0x0000000840000000

Heap:
 garbage-first heap   total 169984K, used 71321K [0x0000000085000000, 0x0000000100000000)
  region size 1024K, 65 young (66560K), 10 survivors (10240K)
 Metaspace       used 48859K, capacity 50268K, committed 50560K, reserved 1093632K
  class space    used 6229K, capacity 6751K, committed 6784K, reserved 1048576K
Heap Regions: E=young(eden), S=young(survivor), O=old, HS=humongous(starts), HC=humongous(continues), CS=collection set, F=free, A=archive, TAMS=top-at-mark-start (previous, next)
|   0|0x0000000085000000, 0x0000000085100000, 0x0000000085100000|100%| O|  |TAMS 0x0000000085100000, 0x0000000085000000| Untracked 
|   1|0x0000000085100000, 0x0000000085200000, 0x0000000085200000|100%| O|  |TAMS 0x0000000085200000, 0x0000000085100000| Untracked 
|   2|0x0000000085200000, 0x0000000085300000, 0x0000000085300000|100%| O|  |TAMS 0x0000000085300000, 0x0000000085200000| Untracked 
|   3|0x0000000085300000, 0x0000000085400000, 0x0000000085400000|100%| O|  |TAMS 0x0000000085400000, 0x0000000085300000| Untracked 
|   4|0x0000000085400000, 0x0000000085500000, 0x0000000085500000|100%| O|  |TAMS 0x00000000854a2200, 0x0000000085400000| Untracked 
|   5|0x0000000085500000, 0x0000000085600000, 0x0000000085600000|100%| O|  |TAMS 0x0000000085500000, 0x0000000085500000| Untracked 
|   6|0x0000000085600000, 0x000000008562cc00, 0x0000000085700000| 17%| O|  |TAMS 0x0000000085600000, 0x0000000085600000| Untracked 
|   7|0x0000000085700000, 0x0000000085700000, 0x0000000085800000|  0%| F|  |TAMS 0x0000000085700000, 0x0000000085700000| Untracked 
|   8|0x0000000085800000, 0x0000000085800000, 0x0000000085900000|  0%| F|  |TAMS 0x0000000085800000, 0x0000000085800000| Untracked 
|   9|0x0000000085900000, 0x0000000085900000, 0x0000000085a00000|  0%| F|  |TAMS 0x0000000085900000, 0x0000000085900000| Untracked 
|  10|0x0000000085a00000, 0x0000000085a00000, 0x0000000085b00000|  0%| F|  |TAMS 0x0000000085a00000, 0x0000000085a00000| Untracked 
|  11|0x0000000085b00000, 0x0000000085b00000, 0x0000000085c00000|  0%| F|  |TAMS 0x0000000085b00000, 0x0000000085b00000| Untracked 
|  12|0x0000000085c00000, 0x0000000085c00000, 0x0000000085d00000|  0%| F|  |TAMS 0x0000000085c00000, 0x0000000085c00000| Untracked 
|  13|0x0000000085d00000, 0x0000000085d00000, 0x0000000085e00000|  0%| F|  |TAMS 0x0000000085d00000, 0x0000000085d00000| Untracked 
|  14|0x0000000085e00000, 0x0000000085e00000, 0x0000000085f00000|  0%| F|  |TAMS 0x0000000085e00000, 0x0000000085e00000| Untracked 
|  15|0x0000000085f00000, 0x0000000085f00000, 0x0000000086000000|  0%| F|  |TAMS 0x0000000085f00000, 0x0000000085f00000| Untracked 
|  16|0x0000000086000000, 0x0000000086000000, 0x0000000086100000|  0%| F|  |TAMS 0x0000000086000000, 0x0000000086000000| Untracked 
|  17|0x0000000086100000, 0x0000000086100000, 0x0000000086200000|  0%| F|  |TAMS 0x0000000086100000, 0x0000000086100000| Untracked 
|  18|0x0000000086200000, 0x0000000086200000, 0x0000000086300000|  0%| F|  |TAMS 0x0000000086200000, 0x0000000086200000| Untracked 
|  19|0x0000000086300000, 0x0000000086300000, 0x0000000086400000|  0%| F|  |TAMS 0x0000000086300000, 0x0000000086300000| Untracked 
|  20|0x0000000086400000, 0x0000000086400000, 0x0000000086500000|  0%| F|  |TAMS 0x0000000086400000, 0x0000000086400000| Untracked 
|  21|0x0000000086500000, 0x0000000086500000, 0x0000000086600000|  0%| F|  |TAMS 0x0000000086500000, 0x0000000086500000| Untracked 
|  22|0x0000000086600000, 0x0000000086600000, 0x0000000086700000|  0%| F|  |TAMS 0x0000000086600000, 0x0000000086600000| Untracked 
|  23|0x0000000086700000, 0x0000000086700000, 0x0000000086800000|  0%| F|  |TAMS 0x0000000086700000, 0x0000000086700000| Untracked 
|  24|0x0000000086800000, 0x0000000086800000, 0x0000000086900000|  0%| F|  |TAMS 0x0000000086800000, 0x0000000086800000| Untracked 
|  25|0x0000000086900000, 0x0000000086900000, 0x0000000086a00000|  0%| F|  |TAMS 0x0000000086900000, 0x0000000086900000| Untracked 
|  26|0x0000000086a00000, 0x0000000086a00000, 0x0000000086b00000|  0%| F|  |TAMS 0x0000000086a00000, 0x0000000086a00000| Untracked 
|  27|0x0000000086b00000, 0x0000000086b00000, 0x0000000086c00000|  0%| F|  |TAMS 0x0000000086b00000, 0x0000000086b00000| Untracked 
|  28|0x0000000086c00000, 0x0000000086c00000, 0x0000000086d00000|  0%| F|  |TAMS 0x0000000086c00000, 0x0000000086c00000| Untracked 
|  29|0x0000000086d00000, 0x0000000086d00000, 0x0000000086e00000|  0%| F|  |TAMS 0x0000000086d00000, 0x0000000086d00000| Untracked 
|  30|0x0000000086e00000, 0x0000000086e00000, 0x0000000086f00000|  0%| F|  |TAMS 0x0000000086e00000, 0x0000000086e00000| Untracked 
|  31|0x0000000086f00000, 0x0000000086f00000, 0x0000000087000000|  0%| F|  |TAMS 0x0000000086f00000, 0x0000000086f00000| Untracked 
|  32|0x0000000087000000, 0x0000000087000000, 0x0000000087100000|  0%| F|  |TAMS 0x0000000087000000, 0x0000000087000000| Untracked 
|  33|0x0000000087100000, 0x0000000087100000, 0x0000000087200000|  0%| F|  |TAMS 0x0000000087100000, 0x0000000087100000| Untracked 
|  34|0x0000000087200000, 0x0000000087200000, 0x0000000087300000|  0%| F|  |TAMS 0x0000000087200000, 0x0000000087200000| Untracked 
|  35|0x0000000087300000, 0x0000000087300000, 0x0000000087400000|  0%| F|  |TAMS 0x0000000087300000, 0x0000000087300000| Untracked 
|  36|0x0000000087400000, 0x0000000087400000, 0x0000000087500000|  0%| F|  |TAMS 0x0000000087400000, 0x0000000087400000| Untracked 
|  37|0x0000000087500000, 0x0000000087500000, 0x0000000087600000|  0%| F|  |TAMS 0x0000000087500000, 0x0000000087500000| Untracked 
|  38|0x0000000087600000, 0x0000000087600000, 0x0000000087700000|  0%| F|  |TAMS 0x0000000087600000, 0x0000000087600000| Untracked 
|  39|0x0000000087700000, 0x0000000087700000, 0x0000000087800000|  0%| F|  |TAMS 0x0000000087700000, 0x0000000087700000| Untracked 
|  40|0x0000000087800000, 0x0000000087800000, 0x0000000087900000|  0%| F|  |TAMS 0x0000000087800000, 0x0000000087800000| Untracked 
|  41|0x0000000087900000, 0x0000000087900000, 0x0000000087a00000|  0%| F|  |TAMS 0x0000000087900000, 0x0000000087900000| Untracked 
|  42|0x0000000087a00000, 0x0000000087a00000, 0x0000000087b00000|  0%| F|  |TAMS 0x0000000087a00000, 0x0000000087a00000| Untracked 
|  43|0x0000000087b00000, 0x0000000087b00000, 0x0000000087c00000|  0%| F|  |TAMS 0x0000000087b00000, 0x0000000087b00000| Untracked 
|  44|0x0000000087c00000, 0x0000000087c00000, 0x0000000087d00000|  0%| F|  |TAMS 0x0000000087c00000, 0x0000000087c00000| Untracked 
|  45|0x0000000087d00000, 0x0000000087d00000, 0x0000000087e00000|  0%| F|  |TAMS 0x0000000087d00000, 0x0000000087d00000| Untracked 
|  46|0x0000000087e00000, 0x0000000087e00000, 0x0000000087f00000|  0%| F|  |TAMS 0x0000000087e00000, 0x0000000087e00000| Untracked 
|  47|0x0000000087f00000, 0x0000000087f00000, 0x0000000088000000|  0%| F|  |TAMS 0x0000000087f00000, 0x0000000087f00000| Untracked 
|  48|0x0000000088000000, 0x0000000088000000, 0x0000000088100000|  0%| F|  |TAMS 0x0000000088000000, 0x0000000088000000| Untracked 
|  49|0x0000000088100000, 0x0000000088100000, 0x0000000088200000|  0%| F|  |TAMS 0x0000000088100000, 0x0000000088100000| Untracked 
|  50|0x0000000088200000, 0x0000000088200000, 0x0000000088300000|  0%| F|  |TAMS 0x0000000088200000, 0x0000000088200000| Untracked 
|  51|0x0000000088300000, 0x0000000088300000, 0x0000000088400000|  0%| F|  |TAMS 0x0000000088300000, 0x0000000088300000| Untracked 
|  52|0x0000000088400000, 0x0000000088400000, 0x0000000088500000|  0%| F|  |TAMS 0x0000000088400000, 0x0000000088400000| Untracked 
|  53|0x0000000088500000, 0x0000000088500000, 0x0000000088600000|  0%| F|  |TAMS 0x0000000088500000, 0x0000000088500000| Untracked 
|  54|0x0000000088600000, 0x0000000088600000, 0x0000000088700000|  0%| F|  |TAMS 0x0000000088600000, 0x0000000088600000| Untracked 
|  55|0x0000000088700000, 0x00000000887c7940, 0x0000000088800000| 77%| S|CS|TAMS 0x0000000088700000, 0x0000000088700000| Complete 
|  56|0x0000000088800000, 0x0000000088900000, 0x0000000088900000|100%| S|CS|TAMS 0x0000000088800000, 0x0000000088800000| Complete 
|  57|0x0000000088900000, 0x0000000088a00000, 0x0000000088a00000|100%| S|CS|TAMS 0x0000000088900000, 0x0000000088900000| Complete 
|  58|0x0000000088a00000, 0x0000000088b00000, 0x0000000088b00000|100%| S|CS|TAMS 0x0000000088a00000, 0x0000000088a00000| Complete 
|  59|0x0000000088b00000, 0x0000000088c00000, 0x0000000088c00000|100%| S|CS|TAMS 0x0000000088b00000, 0x0000000088b00000| Complete 
|  60|0x0000000088c00000, 0x0000000088d00000, 0x0000000088d00000|100%| S|CS|TAMS 0x0000000088c00000, 0x0000000088c00000| Complete 
|  61|0x0000000088d00000, 0x0000000088e00000, 0x0000000088e00000|100%| S|CS|TAMS 0x0000000088d00000, 0x0000000088d00000| Complete 
|  62|0x0000000088e00000, 0x0000000088f00000, 0x0000000088f00000|100%| S|CS|TAMS 0x0000000088e00000, 0x0000000088e00000| Complete 
|  63|0x0000000088f00000, 0x0000000089000000, 0x0000000089000000|100%| S|CS|TAMS 0x0000000088f00000, 0x0000000088f00000| Complete 
|  64|0x0000000089000000, 0x0000000089100000, 0x0000000089100000|100%| S|CS|TAMS 0x0000000089000000, 0x0000000089000000| Complete 
|  65|0x0000000089100000, 0x0000000089100000, 0x0000000089200000|  0%| F|  |TAMS 0x0000000089100000, 0x0000000089100000| Untracked 
|  66|0x0000000089200000, 0x0000000089200000, 0x0000000089300000|  0%| F|  |TAMS 0x0000000089200000, 0x0000000089200000| Untracked 
|  67|0x0000000089300000, 0x0000000089300000, 0x0000000089400000|  0%| F|  |TAMS 0x0000000089300000, 0x0000000089300000| Untracked 
|  68|0x0000000089400000, 0x0000000089400000, 0x0000000089500000|  0%| F|  |TAMS 0x0000000089400000, 0x0000000089400000| Untracked 
|  69|0x0000000089500000, 0x0000000089500000, 0x0000000089600000|  0%| F|  |TAMS 0x0000000089500000, 0x0000000089500000| Untracked 
|  70|0x0000000089600000, 0x0000000089600000, 0x0000000089700000|  0%| F|  |TAMS 0x0000000089600000, 0x0000000089600000| Untracked 
|  71|0x0000000089700000, 0x0000000089700000, 0x0000000089800000|  0%| F|  |TAMS 0x0000000089700000, 0x0000000089700000| Untracked 
|  72|0x0000000089800000, 0x0000000089800000, 0x0000000089900000|  0%| F|  |TAMS 0x0000000089800000, 0x0000000089800000| Untracked 
|  73|0x0000000089900000, 0x0000000089900000, 0x0000000089a00000|  0%| F|  |TAMS 0x0000000089900000, 0x0000000089900000| Untracked 
|  74|0x0000000089a00000, 0x0000000089a00000, 0x0000000089b00000|  0%| F|  |TAMS 0x0000000089a00000, 0x0000000089a00000| Untracked 
|  75|0x0000000089b00000, 0x0000000089b00000, 0x0000000089c00000|  0%| F|  |TAMS 0x0000000089b00000, 0x0000000089b00000| Untracked 
|  76|0x0000000089c00000, 0x0000000089c00000, 0x0000000089d00000|  0%| F|  |TAMS 0x0000000089c00000, 0x0000000089c00000| Untracked 
|  77|0x0000000089d00000, 0x0000000089d00000, 0x0000000089e00000|  0%| F|  |TAMS 0x0000000089d00000, 0x0000000089d00000| Untracked 
|  78|0x0000000089e00000, 0x0000000089e00000, 0x0000000089f00000|  0%| F|  |TAMS 0x0000000089e00000, 0x0000000089e00000| Untracked 
|  79|0x0000000089f00000, 0x0000000089f00000, 0x000000008a000000|  0%| F|  |TAMS 0x0000000089f00000, 0x0000000089f00000| Untracked 
|  80|0x000000008a000000, 0x000000008a000000, 0x000000008a100000|  0%| F|  |TAMS 0x000000008a000000, 0x000000008a000000| Untracked 
|  81|0x000000008a100000, 0x000000008a100000, 0x000000008a200000|  0%| F|  |TAMS 0x000000008a100000, 0x000000008a100000| Untracked 
|  82|0x000000008a200000, 0x000000008a200000, 0x000000008a300000|  0%| F|  |TAMS 0x000000008a200000, 0x000000008a200000| Untracked 
|  83|0x000000008a300000, 0x000000008a300000, 0x000000008a400000|  0%| F|  |TAMS 0x000000008a300000, 0x000000008a300000| Untracked 
|  84|0x000000008a400000, 0x000000008a400000, 0x000000008a500000|  0%| F|  |TAMS 0x000000008a400000, 0x000000008a400000| Untracked 
|  85|0x000000008a500000, 0x000000008a500000, 0x000000008a600000|  0%| F|  |TAMS 0x000000008a500000, 0x000000008a500000| Untracked 
|  86|0x000000008a600000, 0x000000008a600000, 0x000000008a700000|  0%| F|  |TAMS 0x000000008a600000, 0x000000008a600000| Untracked 
|  87|0x000000008a700000, 0x000000008a700000, 0x000000008a800000|  0%| F|  |TAMS 0x000000008a700000, 0x000000008a700000| Untracked 
|  88|0x000000008a800000, 0x000000008a800000, 0x000000008a900000|  0%| F|  |TAMS 0x000000008a800000, 0x000000008a800000| Untracked 
|  89|0x000000008a900000, 0x000000008a900000, 0x000000008aa00000|  0%| F|  |TAMS 0x000000008a900000, 0x000000008a900000| Untracked 
|  90|0x000000008aa00000, 0x000000008aa00000, 0x000000008ab00000|  0%| F|  |TAMS 0x000000008aa00000, 0x000000008aa00000| Untracked 
|  91|0x000000008ab00000, 0x000000008ab00000, 0x000000008ac00000|  0%| F|  |TAMS 0x000000008ab00000, 0x000000008ab00000| Untracked 
|  92|0x000000008ac00000, 0x000000008ac00000, 0x000000008ad00000|  0%| F|  |TAMS 0x000000008ac00000, 0x000000008ac00000| Untracked 
|  93|0x000000008ad00000, 0x000000008ad00000, 0x000000008ae00000|  0%| F|  |TAMS 0x000000008ad00000, 0x000000008ad00000| Untracked 
|  94|0x000000008ae00000, 0x000000008ae00000, 0x000000008af00000|  0%| F|  |TAMS 0x000000008ae00000, 0x000000008ae00000| Untracked 
|  95|0x000000008af00000, 0x000000008af00000, 0x000000008b000000|  0%| F|  |TAMS 0x000000008af00000, 0x000000008af00000| Untracked 
|  96|0x000000008b000000, 0x000000008b000000, 0x000000008b100000|  0%| F|  |TAMS 0x000000008b000000, 0x000000008b000000| Untracked 
|  97|0x000000008b100000, 0x000000008b100000, 0x000000008b200000|  0%| F|  |TAMS 0x000000008b100000, 0x000000008b100000| Untracked 
|  98|0x000000008b200000, 0x000000008b200000, 0x000000008b300000|  0%| F|  |TAMS 0x000000008b200000, 0x000000008b200000| Untracked 
|  99|0x000000008b300000, 0x000000008b300000, 0x000000008b400000|  0%| F|  |TAMS 0x000000008b300000, 0x000000008b300000| Untracked 
| 100|0x000000008b400000, 0x000000008b400000, 0x000000008b500000|  0%| F|  |TAMS 0x000000008b400000, 0x000000008b400000| Untracked 
| 101|0x000000008b500000, 0x000000008b500000, 0x000000008b600000|  0%| F|  |TAMS 0x000000008b500000, 0x000000008b500000| Untracked 
| 102|0x000000008b600000, 0x000000008b600000, 0x000000008b700000|  0%| F|  |TAMS 0x000000008b600000, 0x000000008b600000| Untracked 
| 103|0x000000008b700000, 0x000000008b700000, 0x000000008b800000|  0%| F|  |TAMS 0x000000008b700000, 0x000000008b700000| Untracked 
| 104|0x000000008b800000, 0x000000008b800000, 0x000000008b900000|  0%| F|  |TAMS 0x000000008b800000, 0x000000008b800000| Untracked 
| 105|0x000000008b900000, 0x000000008b900000, 0x000000008ba00000|  0%| F|  |TAMS 0x000000008b900000, 0x000000008b900000| Untracked 
| 106|0x000000008ba00000, 0x000000008ba00000, 0x000000008bb00000|  0%| F|  |TAMS 0x000000008ba00000, 0x000000008ba00000| Untracked 
| 107|0x000000008bb00000, 0x000000008bb00000, 0x000000008bc00000|  0%| F|  |TAMS 0x000000008bb00000, 0x000000008bb00000| Untracked 
| 108|0x000000008bc00000, 0x000000008bc00000, 0x000000008bd00000|  0%| F|  |TAMS 0x000000008bc00000, 0x000000008bc00000| Untracked 
| 109|0x000000008bd00000, 0x000000008bd72738, 0x000000008be00000| 44%| E|  |TAMS 0x000000008bd00000, 0x000000008bd00000| Complete 
| 110|0x000000008be00000, 0x000000008bf00000, 0x000000008bf00000|100%| E|CS|TAMS 0x000000008be00000, 0x000000008be00000| Complete 
| 111|0x000000008bf00000, 0x000000008c000000, 0x000000008c000000|100%| E|CS|TAMS 0x000000008bf00000, 0x000000008bf00000| Complete 
| 112|0x000000008c000000, 0x000000008c100000, 0x000000008c100000|100%| E|CS|TAMS 0x000000008c000000, 0x000000008c000000| Complete 
| 113|0x000000008c100000, 0x000000008c200000, 0x000000008c200000|100%| E|CS|TAMS 0x000000008c100000, 0x000000008c100000| Complete 
| 114|0x000000008c200000, 0x000000008c300000, 0x000000008c300000|100%| E|CS|TAMS 0x000000008c200000, 0x000000008c200000| Complete 
| 115|0x000000008c300000, 0x000000008c400000, 0x000000008c400000|100%| E|CS|TAMS 0x000000008c300000, 0x000000008c300000| Complete 
| 116|0x000000008c400000, 0x000000008c500000, 0x000000008c500000|100%| E|CS|TAMS 0x000000008c400000, 0x000000008c400000| Complete 
| 117|0x000000008c500000, 0x000000008c600000, 0x000000008c600000|100%| E|CS|TAMS 0x000000008c500000, 0x000000008c500000| Complete 
| 118|0x000000008c600000, 0x000000008c700000, 0x000000008c700000|100%| E|CS|TAMS 0x000000008c600000, 0x000000008c600000| Complete 
| 119|0x000000008c700000, 0x000000008c800000, 0x000000008c800000|100%| E|CS|TAMS 0x000000008c700000, 0x000000008c700000| Complete 
| 120|0x000000008c800000, 0x000000008c900000, 0x000000008c900000|100%| E|CS|TAMS 0x000000008c800000, 0x000000008c800000| Complete 
| 121|0x000000008c900000, 0x000000008ca00000, 0x000000008ca00000|100%| E|CS|TAMS 0x000000008c900000, 0x000000008c900000| Complete 
| 122|0x000000008ca00000, 0x000000008cb00000, 0x000000008cb00000|100%| E|CS|TAMS 0x000000008ca00000, 0x000000008ca00000| Complete 
| 123|0x000000008cb00000, 0x000000008cc00000, 0x000000008cc00000|100%| E|  |TAMS 0x000000008cb00000, 0x000000008cb00000| Complete 
| 124|0x000000008cc00000, 0x000000008cd00000, 0x000000008cd00000|100%| E|CS|TAMS 0x000000008cc00000, 0x000000008cc00000| Complete 
| 125|0x000000008cd00000, 0x000000008ce00000, 0x000000008ce00000|100%| E|CS|TAMS 0x000000008cd00000, 0x000000008cd00000| Complete 
| 126|0x000000008ce00000, 0x000000008cf00000, 0x000000008cf00000|100%| E|CS|TAMS 0x000000008ce00000, 0x000000008ce00000| Complete 
| 127|0x000000008cf00000, 0x000000008d000000, 0x000000008d000000|100%| E|CS|TAMS 0x000000008cf00000, 0x000000008cf00000| Complete 
| 128|0x000000008d000000, 0x000000008d100000, 0x000000008d100000|100%| E|CS|TAMS 0x000000008d000000, 0x000000008d000000| Complete 
| 129|0x000000008d100000, 0x000000008d200000, 0x000000008d200000|100%| E|CS|TAMS 0x000000008d100000, 0x000000008d100000| Complete 
| 130|0x000000008d200000, 0x000000008d300000, 0x000000008d300000|100%| E|CS|TAMS 0x000000008d200000, 0x000000008d200000| Complete 
| 131|0x000000008d300000, 0x000000008d400000, 0x000000008d400000|100%| E|CS|TAMS 0x000000008d300000, 0x000000008d300000| Complete 
| 132|0x000000008d400000, 0x000000008d500000, 0x000000008d500000|100%| E|CS|TAMS 0x000000008d400000, 0x000000008d400000| Complete 
| 133|0x000000008d500000, 0x000000008d600000, 0x000000008d600000|100%| E|CS|TAMS 0x000000008d500000, 0x000000008d500000| Complete 
| 134|0x000000008d600000, 0x000000008d700000, 0x000000008d700000|100%| E|CS|TAMS 0x000000008d600000, 0x000000008d600000| Complete 
| 135|0x000000008d700000, 0x000000008d800000, 0x000000008d800000|100%| E|CS|TAMS 0x000000008d700000, 0x000000008d700000| Complete 
| 136|0x000000008d800000, 0x000000008d900000, 0x000000008d900000|100%| E|CS|TAMS 0x000000008d800000, 0x000000008d800000| Complete 
| 137|0x000000008d900000, 0x000000008da00000, 0x000000008da00000|100%| E|CS|TAMS 0x000000008d900000, 0x000000008d900000| Complete 
| 138|0x000000008da00000, 0x000000008db00000, 0x000000008db00000|100%| E|CS|TAMS 0x000000008da00000, 0x000000008da00000| Complete 
| 139|0x000000008db00000, 0x000000008dc00000, 0x000000008dc00000|100%| E|CS|TAMS 0x000000008db00000, 0x000000008db00000| Complete 
| 140|0x000000008dc00000, 0x000000008dd00000, 0x000000008dd00000|100%| E|CS|TAMS 0x000000008dc00000, 0x000000008dc00000| Complete 
| 141|0x000000008dd00000, 0x000000008de00000, 0x000000008de00000|100%| E|CS|TAMS 0x000000008dd00000, 0x000000008dd00000| Complete 
| 142|0x000000008de00000, 0x000000008df00000, 0x000000008df00000|100%| E|CS|TAMS 0x000000008de00000, 0x000000008de00000| Complete 
| 143|0x000000008df00000, 0x000000008e000000, 0x000000008e000000|100%| E|CS|TAMS 0x000000008df00000, 0x000000008df00000| Complete 
| 144|0x000000008e000000, 0x000000008e100000, 0x000000008e100000|100%| E|CS|TAMS 0x000000008e000000, 0x000000008e000000| Complete 
| 145|0x000000008e100000, 0x000000008e200000, 0x000000008e200000|100%| E|CS|TAMS 0x000000008e100000, 0x000000008e100000| Complete 
| 146|0x000000008e200000, 0x000000008e300000, 0x000000008e300000|100%| E|CS|TAMS 0x000000008e200000, 0x000000008e200000| Complete 
| 147|0x000000008e300000, 0x000000008e400000, 0x000000008e400000|100%| E|CS|TAMS 0x000000008e300000, 0x000000008e300000| Complete 
| 148|0x000000008e400000, 0x000000008e500000, 0x000000008e500000|100%| E|CS|TAMS 0x000000008e400000, 0x000000008e400000| Complete 
| 149|0x000000008e500000, 0x000000008e600000, 0x000000008e600000|100%| E|CS|TAMS 0x000000008e500000, 0x000000008e500000| Complete 
| 150|0x000000008e600000, 0x000000008e700000, 0x000000008e700000|100%| E|CS|TAMS 0x000000008e600000, 0x000000008e600000| Complete 
| 151|0x000000008e700000, 0x000000008e800000, 0x000000008e800000|100%| E|CS|TAMS 0x000000008e700000, 0x000000008e700000| Complete 
| 152|0x000000008e800000, 0x000000008e900000, 0x000000008e900000|100%| E|CS|TAMS 0x000000008e800000, 0x000000008e800000| Complete 
| 153|0x000000008e900000, 0x000000008ea00000, 0x000000008ea00000|100%| E|CS|TAMS 0x000000008e900000, 0x000000008e900000| Complete 
| 154|0x000000008ea00000, 0x000000008eb00000, 0x000000008eb00000|100%| E|CS|TAMS 0x000000008ea00000, 0x000000008ea00000| Complete 
| 155|0x000000008eb00000, 0x000000008ec00000, 0x000000008ec00000|100%| E|CS|TAMS 0x000000008eb00000, 0x000000008eb00000| Complete 
| 156|0x000000008ec00000, 0x000000008ed00000, 0x000000008ed00000|100%| E|CS|TAMS 0x000000008ec00000, 0x000000008ec00000| Complete 
| 157|0x000000008ed00000, 0x000000008ee00000, 0x000000008ee00000|100%| E|CS|TAMS 0x000000008ed00000, 0x000000008ed00000| Complete 
| 158|0x000000008ee00000, 0x000000008ef00000, 0x000000008ef00000|100%| E|CS|TAMS 0x000000008ee00000, 0x000000008ee00000| Complete 
| 159|0x000000008ef00000, 0x000000008f000000, 0x000000008f000000|100%| E|CS|TAMS 0x000000008ef00000, 0x000000008ef00000| Complete 
| 160|0x000000008f000000, 0x000000008f100000, 0x000000008f100000|100%| E|CS|TAMS 0x000000008f000000, 0x000000008f000000| Complete 
| 161|0x000000008f100000, 0x000000008f200000, 0x000000008f200000|100%| E|CS|TAMS 0x000000008f100000, 0x000000008f100000| Complete 
| 162|0x000000008f200000, 0x000000008f300000, 0x000000008f300000|100%| E|CS|TAMS 0x000000008f200000, 0x000000008f200000| Complete 
| 163|0x000000008f300000, 0x000000008f400000, 0x000000008f400000|100%| E|CS|TAMS 0x000000008f300000, 0x000000008f300000| Complete 
|1966|0x00000000ffe00000, 0x00000000ffe47000, 0x00000000fff00000| 27%|OA|  |TAMS 0x00000000ffe47000, 0x00000000ffe00000| Untracked 
|1967|0x00000000fff00000, 0x00000000fff6b000, 0x0000000100000000| 41%|CA|  |TAMS 0x00000000fff6b000, 0x00000000fff00000| Untracked 

Card table byte_map: [0x00007fb0784a0000,0x00007fb078878000] _byte_map_base: 0x00007fb078078000

Marking Bits (Prev, Next): (CMBitMap*) 0x00007fb090056ee8, (CMBitMap*) 0x00007fb090056f20
 Prev Bits: [0x00007fb072140000, 0x00007fb074000000)
 Next Bits: [0x00007fb070280000, 0x00007fb072140000)

Polling page: 0x00007fb096915000

Metaspace:

Usage:
  Non-class:     42,50 MB capacity,    41,63 MB ( 98%) used,   723,46 KB (  2%) free+waste,   163,06 KB ( <1%) overhead. 
      Class:      6,59 MB capacity,     6,08 MB ( 92%) used,   444,49 KB (  7%) free+waste,    77,31 KB (  1%) overhead. 
       Both:     49,09 MB capacity,    47,71 MB ( 97%) used,     1,14 MB (  2%) free+waste,   240,38 KB ( <1%) overhead. 

Virtual space:
  Non-class space:       44,00 MB reserved,      42,75 MB ( 97%) committed 
      Class space:        1,00 GB reserved,       6,62 MB ( <1%) committed 
             Both:        1,04 GB reserved,      49,38 MB (  5%) committed 

Chunk freelists:
   Non-Class:  71,00 KB
       Class:  1,00 KB
        Both:  72,00 KB

MaxMetaspaceSize: unlimited
CompressedClassSpaceSize: 1,00 GB

CodeHeap 'non-profiled nmethods': size=120032Kb used=3136Kb max_used=3136Kb free=116896Kb
 bounds [0x00007fb080340000, 0x00007fb080650000, 0x00007fb087878000]
CodeHeap 'profiled nmethods': size=120028Kb used=10340Kb max_used=10340Kb free=109687Kb
 bounds [0x00007fb078e09000, 0x00007fb079829000, 0x00007fb080340000]
CodeHeap 'non-nmethods': size=5700Kb used=1207Kb max_used=1246Kb free=4492Kb
 bounds [0x00007fb078878000, 0x00007fb078ae8000, 0x00007fb078e09000]
 total_blobs=5397 nmethods=4817 adapters=492
 compilation: enabled
              stopped_count=0, restarted_count=0
 full_count=0

Compilation events (20 events):
Event: 10,997 Thread 0x00007fb090196800 4869       3       java.util.concurrent.locks.AbstractQueuedSynchronizer::acquire (27 bytes)
Event: 10,997 Thread 0x00007fb090196800 nmethod 4869 0x00007fb07981a590 code [0x00007fb07981a780, 0x00007fb07981ab90]
Event: 11,000 Thread 0x00007fb090196800 4870       1       org.springframework.util.MimeType::getType (5 bytes)
Event: 11,000 Thread 0x00007fb090196800 nmethod 4870 0x00007fb08064f110 code [0x00007fb08064f2c0, 0x00007fb08064f390]
Event: 11,000 Thread 0x00007fb090196800 4871       1       org.springframework.util.MimeType::getSubtype (5 bytes)
Event: 11,001 Thread 0x00007fb090196800 nmethod 4871 0x00007fb08064f410 code [0x00007fb08064f5c0, 0x00007fb08064f690]
Event: 11,001 Thread 0x00007fb090196800 4872       3       org.springframework.util.MimeType::isWildcardType (10 bytes)
Event: 11,001 Thread 0x00007fb090196800 nmethod 4872 0x00007fb07981ad10 code [0x00007fb07981aec0, 0x00007fb07981b0c0]
Event: 11,004 Thread 0x00007fb090196800 4873       3       java.util.Properties$LineReader::readLine (635 bytes)
Event: 11,007 Thread 0x00007fb090196800 nmethod 4873 0x00007fb07981b190 code [0x00007fb07981b540, 0x00007fb07981db90]
Event: 11,007 Thread 0x00007fb090196800 4874       1       org.apache.tomcat.util.http.MimeHeaderField::getName (5 bytes)
Event: 11,007 Thread 0x00007fb090196800 nmethod 4874 0x00007fb08064f710 code [0x00007fb08064f8c0, 0x00007fb08064f990]
Event: 11,007 Thread 0x00007fb090196800 4875       3       java.util.Calendar::complete (40 bytes)
Event: 11,008 Thread 0x00007fb090196800 nmethod 4875 0x00007fb07981e690 code [0x00007fb07981e860, 0x00007fb07981ec30]
Event: 11,013 Thread 0x00007fb090196800 4876       3       java.lang.invoke.MethodHandles::identity (87 bytes)
Event: 11,014 Thread 0x00007fb090194800 4877       4       org.springframework.core.SerializableTypeWrapper::unwrap (34 bytes)
Event: 11,015 Thread 0x00007fb090196800 nmethod 4876 0x00007fb07981ed10 code [0x00007fb07981f120, 0x00007fb079821040]
Event: 11,015 Thread 0x00007fb090196800 4878       3       java.util.HashMap::clear (50 bytes)
Event: 11,015 Thread 0x00007fb090196800 nmethod 4878 0x00007fb079821b10 code [0x00007fb079821ce0, 0x00007fb0798220d0]
Event: 11,016 Thread 0x00007fb090194800 nmethod 4877 0x00007fb08064fa10 code [0x00007fb08064fbe0, 0x00007fb08064fdb0]

GC Heap History (16 events):
Event: 0,422 GC heap before
{Heap before GC invocations=0 (full 0):
 garbage-first heap   total 129024K, used 25288K [0x0000000085000000, 0x0000000100000000)
  region size 1024K, 24 young (24576K), 0 survivors (0K)
 Metaspace       used 1822K, capacity 5271K, committed 5376K, reserved 1056768K
  class space    used 168K, capacity 483K, committed 512K, reserved 1048576K
}
Event: 0,435 GC heap after
{Heap after GC invocations=1 (full 0):
 garbage-first heap   total 129024K, used 2228K [0x0000000085000000, 0x0000000100000000)
  region size 1024K, 2 young (2048K), 2 survivors (2048K)
 Metaspace       used 1822K, capacity 5271K, committed 5376K, reserved 1056768K
  class space    used 168K, capacity 483K, committed 512K, reserved 1048576K
}
Event: 1,495 GC heap before
{Heap before GC invocations=1 (full 0):
 garbage-first heap   total 129024K, used 74932K [0x0000000085000000, 0x0000000100000000)
  region size 1024K, 74 young (75776K), 2 survivors (2048K)
 Metaspace       used 8280K, capacity 9515K, committed 9728K, reserved 1058816K
  class space    used 1031K, capacity 1232K, committed 1280K, reserved 1048576K
}
Event: 1,510 GC heap after
{Heap after GC invocations=2 (full 0):
 garbage-first heap   total 129024K, used 4706K [0x0000000085000000, 0x0000000100000000)
  region size 1024K, 4 young (4096K), 4 survivors (4096K)
 Metaspace       used 8280K, capacity 9515K, committed 9728K, reserved 1058816K
  class space    used 1031K, capacity 1232K, committed 1280K, reserved 1048576K
}
Event: 2,108 GC heap before
{Heap before GC invocations=2 (full 0):
 garbage-first heap   total 129024K, used 75362K [0x0000000085000000, 0x0000000100000000)
  region size 1024K, 74 young (75776K), 4 survivors (4096K)
 Metaspace       used 14489K, capacity 15063K, committed 15360K, reserved 1062912K
  class space    used 1770K, capacity 2018K, committed 2048K, reserved 1048576K
}
Event: 2,124 GC heap after
{Heap after GC invocations=3 (full 0):
 garbage-first heap   total 129024K, used 5832K [0x0000000085000000, 0x0000000100000000)
  region size 1024K, 5 young (5120K), 5 survivors (5120K)
 Metaspace       used 14489K, capacity 15063K, committed 15360K, reserved 1062912K
  class space    used 1770K, capacity 2018K, committed 2048K, reserved 1048576K
}
Event: 2,995 GC heap before
{Heap before GC invocations=3 (full 0):
 garbage-first heap   total 129024K, used 76488K [0x0000000085000000, 0x0000000100000000)
  region size 1024K, 74 young (75776K), 5 survivors (5120K)
 Metaspace       used 18491K, capacity 19238K, committed 19456K, reserved 1067008K
  class space    used 2262K, capacity 2555K, committed 2560K, reserved 1048576K
}
Event: 3,004 GC heap after
{Heap after GC invocations=4 (full 0):
 garbage-first heap   total 129024K, used 7736K [0x0000000085000000, 0x0000000100000000)
  region size 1024K, 7 young (7168K), 7 survivors (7168K)
 Metaspace       used 18491K, capacity 19238K, committed 19456K, reserved 1067008K
  class space    used 2262K, capacity 2555K, committed 2560K, reserved 1048576K
}
Event: 3,275 GC heap before
{Heap before GC invocations=4 (full 0):
 garbage-first heap   total 129024K, used 30264K [0x0000000085000000, 0x0000000100000000)
  region size 1024K, 30 young (30720K), 7 survivors (7168K)
 Metaspace       used 20439K, capacity 21169K, committed 21248K, reserved 1067008K
  class space    used 2519K, capacity 2812K, committed 2816K, reserved 1048576K
}
Event: 3,286 GC heap after
{Heap after GC invocations=5 (full 0):
 garbage-first heap   total 169984K, used 8478K [0x0000000085000000, 0x0000000100000000)
  region size 1024K, 4 young (4096K), 4 survivors (4096K)
 Metaspace       used 20439K, capacity 21169K, committed 21248K, reserved 1067008K
  class space    used 2519K, capacity 2812K, committed 2816K, reserved 1048576K
}
Event: 4,224 GC heap before
{Heap before GC invocations=6 (full 0):
 garbage-first heap   total 169984K, used 97566K [0x0000000085000000, 0x0000000100000000)
  region size 1024K, 91 young (93184K), 4 survivors (4096K)
 Metaspace       used 28891K, capacity 29980K, committed 30208K, reserved 1075200K
  class space    used 3615K, capacity 4032K, committed 4096K, reserved 1048576K
}
Event: 4,233 GC heap after
{Heap after GC invocations=7 (full 0):
 garbage-first heap   total 169984K, used 11862K [0x0000000085000000, 0x0000000100000000)
  region size 1024K, 8 young (8192K), 8 survivors (8192K)
 Metaspace       used 28891K, capacity 29980K, committed 30208K, reserved 1075200K
  class space    used 3615K, capacity 4032K, committed 4096K, reserved 1048576K
}
Event: 4,621 GC heap before
{Heap before GC invocations=7 (full 0):
 garbage-first heap   total 169984K, used 71254K [0x0000000085000000, 0x0000000100000000)
  region size 1024K, 67 young (68608K), 8 survivors (8192K)
 Metaspace       used 34430K, capacity 35503K, committed 35840K, reserved 1081344K
  class space    used 4444K, capacity 4870K, committed 4992K, reserved 1048576K
}
Event: 4,629 GC heap after
{Heap after GC invocations=8 (full 0):
 garbage-first heap   total 169984K, used 13612K [0x0000000085000000, 0x0000000100000000)
  region size 1024K, 8 young (8192K), 8 survivors (8192K)
 Metaspace       used 34430K, capacity 35503K, committed 35840K, reserved 1081344K
  class space    used 4444K, capacity 4870K, committed 4992K, reserved 1048576K
}
Event: 5,511 GC heap before
{Heap before GC invocations=9 (full 0):
 garbage-first heap   total 169984K, used 106796K [0x0000000085000000, 0x0000000100000000)
  region size 1024K, 99 young (101376K), 8 survivors (8192K)
 Metaspace       used 43801K, capacity 44984K, committed 45312K, reserved 1089536K
  class space    used 5629K, capacity 6083K, committed 6144K, reserved 1048576K
}
Event: 5,540 GC heap after
{Heap after GC invocations=10 (full 0):
 garbage-first heap   total 169984K, used 17049K [0x0000000085000000, 0x0000000100000000)
  region size 1024K, 10 young (10240K), 10 survivors (10240K)
 Metaspace       used 43801K, capacity 44984K, committed 45312K, reserved 1089536K
  class space    used 5629K, capacity 6083K, committed 6144K, reserved 1048576K
}

Deoptimization events (20 events):
Event: 5,960 Thread 0x00007fb090016000 Uncommon trap: trap_request=0xffffff6e fr.pc=0x00007fb08061fe3c relative=0x0000000000000c7c
Event: 5,960 Thread 0x00007fb090016000 Uncommon trap: reason=speculate_class_check action=maybe_recompile pc=0x00007fb08061fe3c method=java.lang.reflect.Executable.declaredAnnotations()Ljava/util/Map; @ 23 c2
Event: 5,960 Thread 0x00007fb090016000 DEOPT PACKING pc=0x00007fb08061fe3c sp=0x00007fb0950df050
Event: 5,961 Thread 0x00007fb090016000 DEOPT UNPACKING pc=0x00007fb07889d925 sp=0x00007fb0950defc8 mode 2
Event: 5,966 Thread 0x00007fb090016000 Uncommon trap: trap_request=0xffffff4d fr.pc=0x00007fb080565a18 relative=0x0000000000000078
Event: 5,966 Thread 0x00007fb090016000 Uncommon trap: reason=unstable_if action=reinterpret pc=0x00007fb080565a18 method=java.lang.Integer.equals(Ljava/lang/Object;)Z @ 18 c2
Event: 5,966 Thread 0x00007fb090016000 DEOPT PACKING pc=0x00007fb080565a18 sp=0x00007fb0950df230
Event: 5,966 Thread 0x00007fb090016000 DEOPT UNPACKING pc=0x00007fb07889d925 sp=0x00007fb0950df1e8 mode 2
Event: 5,971 Thread 0x00007fb090016000 Uncommon trap: trap_request=0xffffff4d fr.pc=0x00007fb08061759c relative=0x0000000000002f9c
Event: 5,971 Thread 0x00007fb090016000 Uncommon trap: reason=unstable_if action=reinterpret pc=0x00007fb08061759c method=org.springframework.core.annotation.AnnotationsScanner.isWithoutHierarchy(Ljava/lang/reflect/AnnotatedElement;Lorg/springframework/core/annotation/MergedAnnotations$SearchSt
Event: 5,971 Thread 0x00007fb090016000 DEOPT PACKING pc=0x00007fb08061759c sp=0x00007fb0950df460
Event: 5,971 Thread 0x00007fb090016000 DEOPT UNPACKING pc=0x00007fb07889d925 sp=0x00007fb0950df438 mode 2
Event: 6,024 Thread 0x00007fb090016000 Uncommon trap: trap_request=0xffffff4d fr.pc=0x00007fb0804dcb0c relative=0x000000000000006c
Event: 6,024 Thread 0x00007fb090016000 Uncommon trap: reason=unstable_if action=reinterpret pc=0x00007fb0804dcb0c method=org.springframework.util.ConcurrentReferenceHashMap$Segment.clear()V @ 7 c2
Event: 6,024 Thread 0x00007fb090016000 DEOPT PACKING pc=0x00007fb0804dcb0c sp=0x00007fb0950df940
Event: 6,024 Thread 0x00007fb090016000 DEOPT UNPACKING pc=0x00007fb07889d925 sp=0x00007fb0950df8f0 mode 2
Event: 11,002 Thread 0x00007fb091150800 Uncommon trap: trap_request=0xffffff4d fr.pc=0x00007fb08063aee0 relative=0x00000000000008e0
Event: 11,002 Thread 0x00007fb091150800 Uncommon trap: reason=unstable_if action=reinterpret pc=0x00007fb08063aee0 method=java.lang.StringCoding.encodeUTF8(B[BZ)[B @ 2 c2
Event: 11,002 Thread 0x00007fb091150800 DEOPT PACKING pc=0x00007fb08063aee0 sp=0x00007fb03cbdfa70
Event: 11,002 Thread 0x00007fb091150800 DEOPT UNPACKING pc=0x00007fb07889d925 sp=0x00007fb03cbdf980 mode 2

Classes redefined (0 events):
No events

Internal exceptions (20 events):
Event: 5,036 Thread 0x00007fb090016000 Exception <a 'java/lang/NoSuchMethodError'{0x000000008cb87418}: 'java.lang.Object java.lang.invoke.DirectMethodHandle$Holder.newInvokeSpecial(java.lang.Object, java.lang.Object, int, java.lang.Object, java.lang.Object)'> (0x000000008cb87418) thrown at [src/hotspot/share/interpreter/linkResolver.cpp, line 772]
Event: 5,161 Thread 0x00007fb090016000 Exception <a 'java/lang/NoSuchMethodError'{0x000000008ace8238}: 'void java.lang.invoke.DirectMethodHandle$Holder.invokeInterface(java.lang.Object, java.lang.Object)'> (0x000000008ace8238) thrown at [src/hotspot/share/interpreter/linkResolver.cpp, line 772]
Event: 5,360 Thread 0x00007fb090016000 Exception <a 'java/lang/ClassNotFoundException'{0x0000000089be3378}: java/lang/ObjectCustomizer> (0x0000000089be3378) thrown at [src/hotspot/share/classfile/systemDictionary.cpp, line 231]
Event: 5,361 Thread 0x00007fb090016000 Exception <a 'java/lang/ClassNotFoundException'{0x0000000089a096e8}: org/springframework/web/servlet/config/annotation/WebMvcConfigurationSupportCustomizer> (0x0000000089a096e8) thrown at [src/hotspot/share/classfile/systemDictionary.cpp, line 231]
Event: 5,362 Thread 0x00007fb090016000 Exception <a 'java/lang/ClassNotFoundException'{0x0000000089a3be30}: org/springframework/web/servlet/config/annotation/DelegatingWebMvcConfigurationCustomizer> (0x0000000089a3be30) thrown at [src/hotspot/share/classfile/systemDictionary.cpp, line 231]
Event: 5,363 Thread 0x00007fb090016000 Exception <a 'java/lang/ClassNotFoundException'{0x0000000089a663d8}: org/springframework/boot/autoconfigure/web/servlet/WebMvcAutoConfiguration$EnableWebMvcConfigurationCustomizer> (0x0000000089a663d8) thrown at [src/hotspot/share/classfile/systemDictionary.cpp, line 231]
Event: 5,365 Thread 0x00007fb090016000 Exception <a 'java/lang/ClassNotFoundException'{0x0000000089a94a10}: org/springframework/context/ResourceLoaderAwareCustomizer> (0x0000000089a94a10) thrown at [src/hotspot/share/classfile/systemDictionary.cpp, line 231]
Event: 5,365 Thread 0x00007fb090016000 Exception <a 'java/lang/ClassNotFoundException'{0x0000000089ab3250}: org/springframework/beans/factory/AwareCustomizer> (0x0000000089ab3250) thrown at [src/hotspot/share/classfile/systemDictionary.cpp, line 231]
Event: 5,366 Thread 0x00007fb090016000 Exception <a 'java/lang/ClassNotFoundException'{0x0000000089ad27d0}: org/springframework/context/ApplicationContextAwareCustomizer> (0x0000000089ad27d0) thrown at [src/hotspot/share/classfile/systemDictionary.cpp, line 231]
Event: 5,366 Thread 0x00007fb090016000 Exception <a 'java/lang/ClassNotFoundException'{0x0000000089af19a0}: org/springframework/beans/factory/AwareCustomizer> (0x0000000089af19a0) thrown at [src/hotspot/share/classfile/systemDictionary.cpp, line 231]
Event: 5,367 Thread 0x00007fb090016000 Exception <a 'java/lang/ClassNotFoundException'{0x0000000089911388}: org/springframework/web/context/ServletContextAwareCustomizer> (0x0000000089911388) thrown at [src/hotspot/share/classfile/systemDictionary.cpp, line 231]
Event: 5,367 Thread 0x00007fb090016000 Exception <a 'java/lang/ClassNotFoundException'{0x0000000089930030}: org/springframework/beans/factory/AwareCustomizer> (0x0000000089930030) thrown at [src/hotspot/share/classfile/systemDictionary.cpp, line 231]
Event: 5,624 Thread 0x00007fb090016000 Exception <a 'java/lang/NoSuchMethodError'{0x000000008ec94c28}: 'void java.lang.invoke.DirectMethodHandle$Holder.invokeVirtual(java.lang.Object, java.lang.Object, int)'> (0x000000008ec94c28) thrown at [src/hotspot/share/interpreter/linkResolver.cpp, line 772]
Event: 5,627 Thread 0x00007fb090016000 Exception <a 'java/lang/NoSuchMethodError'{0x000000008ecae6a0}: 'void java.lang.invoke.DirectMethodHandle$Holder.invokeVirtual(java.lang.Object, java.lang.Object, long)'> (0x000000008ecae6a0) thrown at [src/hotspot/share/interpreter/linkResolver.cpp, line 772]
Event: 5,817 Thread 0x00007fb090016000 Exception <a 'java/lang/IncompatibleClassChangeError'{0x000000008e198e40}: Found class java.lang.Object, but interface was expected> (0x000000008e198e40) thrown at [src/hotspot/share/interpreter/linkResolver.cpp, line 839]
Event: 5,914 Thread 0x00007fb090016000 Implicit null exception at 0x00007fb0805d9195 to 0x00007fb0805dad34
Event: 5,983 Thread 0x00007fb090016000 Exception <a 'java/lang/NoSuchMethodError'{0x000000008d8eb488}: 'java.lang.Object java.lang.invoke.DirectMethodHandle$Holder.invokeSpecial(java.lang.Object, java.lang.Object, int, java.lang.Object, int, java.lang.Object)'> (0x000000008d8eb488) thrown at [src/hotspot/share/interpreter/linkResolver.cpp, line 772]
Event: 5,984 Thread 0x00007fb090016000 Exception <a 'java/lang/NoSuchMethodError'{0x000000008d8f2c18}: 'java.lang.Object java.lang.invoke.DirectMethodHandle$Holder.invokeStatic(java.lang.Object, java.lang.Object, int, java.lang.Object, int)'> (0x000000008d8f2c18) thrown at [src/hotspot/share/interpreter/linkResolver.cpp, line 772]
Event: 5,984 Thread 0x00007fb090016000 Exception <a 'java/lang/NoSuchMethodError'{0x000000008d8f63f8}: 'java.lang.Object java.lang.invoke.DirectMethodHandle$Holder.invokeSpecial(java.lang.Object, java.lang.Object, java.lang.Object, int, java.lang.Object, int)'> (0x000000008d8f63f8) thrown at [src/hotspot/share/interpreter/linkResolver.cpp, line 772]
Event: 5,986 Thread 0x00007fb090016000 Exception <a 'java/lang/NoSuchMethodError'{0x000000008d705618}: 'void java.lang.invoke.DirectMethodHandle$Holder.invokeVirtual(java.lang.Object, java.lang.Object)'> (0x000000008d705618) thrown at [src/hotspot/share/interpreter/linkResolver.cpp, line 772]

Events (20 events):
Event: 11,013 loading class java/sql/ResultSet done
Event: 11,013 loading class java/sql/ResultSet
Event: 11,013 loading class java/sql/ResultSet done
Event: 11,013 Executing VM operation: RevokeBias
Event: 11,014 Executing VM operation: RevokeBias done
Event: 11,015 Executing VM operation: RevokeBias
Event: 11,015 Executing VM operation: RevokeBias done
Event: 13,947 Executing VM operation: RevokeBias
Event: 13,947 Executing VM operation: RevokeBias done
Event: 13,947 Executing VM operation: RevokeBias
Event: 13,947 Executing VM operation: RevokeBias done
Event: 13,948 loading class org/apache/catalina/webresources/Cache$EvictionOrder
Event: 13,948 loading class org/apache/catalina/webresources/Cache$EvictionOrder done
Event: 13,950 Executing VM operation: RevokeBias
Event: 13,950 Executing VM operation: RevokeBias done
Event: 13,950 loading class org/apache/tomcat/PeriodicEventListener
Event: 13,950 loading class org/apache/tomcat/PeriodicEventListener done
Event: 13,951 Executing VM operation: RevokeBias
Event: 13,951 Executing VM operation: RevokeBias done
Event: 16,015 Thread 0x00007fb040095800 Thread exited: 0x00007fb040095800


Dynamic libraries:
85000000-8f400000 rw-p 00000000 00:00 0 
8f400000-ffe00000 ---p 00000000 00:00 0 
ffe00000-ffe47000 rw-p 01111000 08:02 8526583                            /usr/lib/jvm/java-11-openjdk-amd64/lib/server/classes.jsa
ffe47000-fff00000 rw-p 00000000 00:00 0 
fff00000-fff6b000 rw-p 010a6000 08:02 8526583                            /usr/lib/jvm/java-11-openjdk-amd64/lib/server/classes.jsa
fff6b000-100000000 rw-p 00000000 00:00 0 
800000000-800002000 rwxp 00001000 08:02 8526583                          /usr/lib/jvm/java-11-openjdk-amd64/lib/server/classes.jsa
800002000-8003b9000 rw-p 00003000 08:02 8526583                          /usr/lib/jvm/java-11-openjdk-amd64/lib/server/classes.jsa
8003b9000-800a96000 r--p 003ba000 08:02 8526583                          /usr/lib/jvm/java-11-openjdk-amd64/lib/server/classes.jsa
800a96000-800a97000 rw-p 00a97000 08:02 8526583                          /usr/lib/jvm/java-11-openjdk-amd64/lib/server/classes.jsa
800a97000-8010a5000 r--p 00a98000 08:02 8526583                          /usr/lib/jvm/java-11-openjdk-amd64/lib/server/classes.jsa
840000000-8406a0000 rw-p 00000000 00:00 0 
8406a0000-880000000 ---p 00000000 00:00 0 
559957528000-559957529000 r--p 00000000 08:02 8519956                    /usr/lib/jvm/java-11-openjdk-amd64/bin/java
559957529000-55995752a000 r-xp 00001000 08:02 8519956                    /usr/lib/jvm/java-11-openjdk-amd64/bin/java
55995752a000-55995752b000 r--p 00002000 08:02 8519956                    /usr/lib/jvm/java-11-openjdk-amd64/bin/java
55995752b000-55995752c000 r--p 00002000 08:02 8519956                    /usr/lib/jvm/java-11-openjdk-amd64/bin/java
55995752c000-55995752d000 rw-p 00003000 08:02 8519956                    /usr/lib/jvm/java-11-openjdk-amd64/bin/java
55995926b000-5599592ba000 rw-p 00000000 00:00 0                          [heap]
7fafb8000000-7fafb8029000 rw-p 00000000 00:00 0 
7fafb8029000-7fafbc000000 ---p 00000000 00:00 0 
7fafbfaff000-7fafbfbbf000 rw-p 00000000 00:00 0 
7fafbfbbf000-7fafbfcff000 ---p 00000000 00:00 0 
7fafbfcff000-7fafbfeff000 rw-p 00000000 00:00 0 
7fafbfeff000-7fafbff03000 ---p 00000000 00:00 0 
7fafbff03000-7fafc0000000 rw-p 00000000 00:00 0 
7fafc0000000-7fafc0021000 rw-p 00000000 00:00 0 
7fafc0021000-7fafc4000000 ---p 00000000 00:00 0 
7fafc4000000-7fafc4021000 rw-p 00000000 00:00 0 
7fafc4021000-7fafc8000000 ---p 00000000 00:00 0 
7fafc8000000-7fafc8021000 rw-p 00000000 00:00 0 
7fafc8021000-7fafcc000000 ---p 00000000 00:00 0 
7fafcc000000-7fafcc021000 rw-p 00000000 00:00 0 
7fafcc021000-7fafd0000000 ---p 00000000 00:00 0 
7fafd0000000-7fafd0021000 rw-p 00000000 00:00 0 
7fafd0021000-7fafd4000000 ---p 00000000 00:00 0 
7fafd4000000-7fafd4021000 rw-p 00000000 00:00 0 
7fafd4021000-7fafd8000000 ---p 00000000 00:00 0 
7fafd8000000-7fafd8021000 rw-p 00000000 00:00 0 
7fafd8021000-7fafdc000000 ---p 00000000 00:00 0 
7fafdc000000-7fafdc021000 rw-p 00000000 00:00 0 
7fafdc021000-7fafe0000000 ---p 00000000 00:00 0 
7fafe0000000-7fafe0021000 rw-p 00000000 00:00 0 
7fafe0021000-7fafe4000000 ---p 00000000 00:00 0 
7fafe4000000-7fafe4021000 rw-p 00000000 00:00 0 
7fafe4021000-7fafe8000000 ---p 00000000 00:00 0 
7fafe8000000-7fafe8021000 rw-p 00000000 00:00 0 
7fafe8021000-7fafec000000 ---p 00000000 00:00 0 
7fafec000000-7fafec45c000 rw-p 00000000 00:00 0 
7fafec45c000-7faff0000000 ---p 00000000 00:00 0 
7faff0000000-7faff0021000 rw-p 00000000 00:00 0 
7faff0021000-7faff4000000 ---p 00000000 00:00 0 
7faff4000000-7faff4021000 rw-p 00000000 00:00 0 
7faff4021000-7faff8000000 ---p 00000000 00:00 0 
7faff8000000-7faff8021000 rw-p 00000000 00:00 0 
7faff8021000-7faffc000000 ---p 00000000 00:00 0 
7faffc000000-7faffc021000 rw-p 00000000 00:00 0 
7faffc021000-7fb000000000 ---p 00000000 00:00 0 
7fb000000000-7fb000021000 rw-p 00000000 00:00 0 
7fb000021000-7fb004000000 ---p 00000000 00:00 0 
7fb004000000-7fb004021000 rw-p 00000000 00:00 0 
7fb004021000-7fb008000000 ---p 00000000 00:00 0 
7fb008000000-7fb008021000 rw-p 00000000 00:00 0 
7fb008021000-7fb00c000000 ---p 00000000 00:00 0 
7fb00c000000-7fb00c021000 rw-p 00000000 00:00 0 
7fb00c021000-7fb010000000 ---p 00000000 00:00 0 
7fb010000000-7fb010021000 rw-p 00000000 00:00 0 
7fb010021000-7fb014000000 ---p 00000000 00:00 0 
7fb014000000-7fb014021000 rw-p 00000000 00:00 0 
7fb014021000-7fb018000000 ---p 00000000 00:00 0 
7fb018000000-7fb0184ce000 rw-p 00000000 00:00 0 
7fb0184ce000-7fb01c000000 ---p 00000000 00:00 0 
7fb01c000000-7fb01c021000 rw-p 00000000 00:00 0 
7fb01c021000-7fb020000000 ---p 00000000 00:00 0 
7fb020000000-7fb020021000 rw-p 00000000 00:00 0 
7fb020021000-7fb024000000 ---p 00000000 00:00 0 
7fb024000000-7fb024021000 rw-p 00000000 00:00 0 
7fb024021000-7fb028000000 ---p 00000000 00:00 0 
7fb028000000-7fb029459000 rw-p 00000000 00:00 0 
7fb029459000-7fb02c000000 ---p 00000000 00:00 0 
7fb02c000000-7fb02d319000 rw-p 00000000 00:00 0 
7fb02d319000-7fb030000000 ---p 00000000 00:00 0 
7fb030000000-7fb030021000 rw-p 00000000 00:00 0 
7fb030021000-7fb034000000 ---p 00000000 00:00 0 
7fb034000000-7fb034021000 rw-p 00000000 00:00 0 
7fb034021000-7fb038000000 ---p 00000000 00:00 0 
7fb038000000-7fb038021000 rw-p 00000000 00:00 0 
7fb038021000-7fb03c000000 ---p 00000000 00:00 0 
7fb03c0d8000-7fb03c0dc000 ---p 00000000 00:00 0 
7fb03c0dc000-7fb03c1d9000 rw-p 00000000 00:00 0 
7fb03c1d9000-7fb03c1dd000 ---p 00000000 00:00 0 
7fb03c1dd000-7fb03c2da000 rw-p 00000000 00:00 0 
7fb03c2da000-7fb03c2de000 ---p 00000000 00:00 0 
7fb03c2de000-7fb03c3db000 rw-p 00000000 00:00 0 
7fb03c3db000-7fb03c3df000 ---p 00000000 00:00 0 
7fb03c3df000-7fb03c4dc000 rw-p 00000000 00:00 0 
7fb03c4dc000-7fb03c4e0000 ---p 00000000 00:00 0 
7fb03c4e0000-7fb03c5dd000 rw-p 00000000 00:00 0 
7fb03c5dd000-7fb03c5e1000 ---p 00000000 00:00 0 
7fb03c5e1000-7fb03c6de000 rw-p 00000000 00:00 0 
7fb03c6de000-7fb03c6e2000 ---p 00000000 00:00 0 
7fb03c6e2000-7fb03c7df000 rw-p 00000000 00:00 0 
7fb03c7df000-7fb03c7e3000 ---p 00000000 00:00 0 
7fb03c7e3000-7fb03c8e0000 rw-p 00000000 00:00 0 
7fb03c8e0000-7fb03c8e4000 ---p 00000000 00:00 0 
7fb03c8e4000-7fb03c9e1000 rw-p 00000000 00:00 0 
7fb03c9e1000-7fb03c9e5000 ---p 00000000 00:00 0 
7fb03c9e5000-7fb03cae2000 rw-p 00000000 00:00 0 
7fb03cae2000-7fb03cae6000 ---p 00000000 00:00 0 
7fb03cae6000-7fb03cbe3000 rw-p 00000000 00:00 0 
7fb03cbe3000-7fb03cbe7000 ---p 00000000 00:00 0 
7fb03cbe7000-7fb03cee4000 rw-p 00000000 00:00 0 
7fb03cee4000-7fb03d0e4000 rw-p 00000000 00:00 0 
7fb03d0e4000-7fb03d0e8000 ---p 00000000 00:00 0 
7fb03d0e8000-7fb03d3e5000 rw-p 00000000 00:00 0 
7fb03d3e5000-7fb03d3e9000 ---p 00000000 00:00 0 
7fb03d3e9000-7fb03d6e6000 rw-p 00000000 00:00 0 
7fb03d6e6000-7fb03d8e6000 rw-p 00000000 00:00 0 
7fb03d8e6000-7fb03dae6000 rw-p 00000000 00:00 0 
7fb03dae6000-7fb03dce6000 rw-p 00000000 00:00 0 
7fb03dce6000-7fb03dce7000 ---p 00000000 00:00 0 
7fb03dce7000-7fb03dde8000 rw-p 00000000 00:00 0 
7fb03dde8000-7fb03dde9000 ---p 00000000 00:00 0 
7fb03dde9000-7fb03deea000 rw-p 00000000 00:00 0 
7fb03deea000-7fb03deeb000 ---p 00000000 00:00 0 
7fb03deeb000-7fb03dfec000 rw-p 00000000 00:00 0 
7fb03dfec000-7fb03dfed000 ---p 00000000 00:00 0 
7fb03dfed000-7fb03e2ee000 rw-p 00000000 00:00 0 
7fb03e2ee000-7fb03e2f2000 ---p 00000000 00:00 0 
7fb03e2f2000-7fb03e3ef000 rw-p 00000000 00:00 0 
7fb03e3ef000-7fb03e3f3000 ---p 00000000 00:00 0 
7fb03e3f3000-7fb03e4f0000 rw-p 00000000 00:00 0 
7fb03e4f0000-7fb03e4f4000 ---p 00000000 00:00 0 
7fb03e4f4000-7fb03e7f1000 rw-p 00000000 00:00 0 
7fb03e7f1000-7fb03e9f1000 rw-p 00000000 00:00 0 
7fb03e9f1000-7fb03e9f2000 ---p 00000000 00:00 0 
7fb03e9f2000-7fb03ecf3000 rw-p 00000000 00:00 0 
7fb03ecf3000-7fb03eef3000 rw-p 00000000 00:00 0 
7fb03eef3000-7fb03f0f3000 rw-p 00000000 00:00 0 
7fb03f0f3000-7fb03f2f3000 rw-p 00000000 00:00 0 
7fb03f2f3000-7fb03f4f3000 rw-p 00000000 00:00 0 
7fb03f4f3000-7fb03f4f4000 ---p 00000000 00:00 0 
7fb03f4f4000-7fb03f5f5000 rw-p 00000000 00:00 0 
7fb03f5f5000-7fb03f5f9000 ---p 00000000 00:00 0 
7fb03f5f9000-7fb03f8f6000 rw-p 00000000 00:00 0 
7fb03f8f6000-7fb03f8f7000 ---p 00000000 00:00 0 
7fb03f8f7000-7fb03f9f8000 rw-p 00000000 00:00 0 
7fb03f9f8000-7fb03f9f9000 ---p 00000000 00:00 0 
7fb03f9f9000-7fb03fafa000 rw-p 00000000 00:00 0 
7fb03fafa000-7fb03fafe000 ---p 00000000 00:00 0 
7fb03fafe000-7fb03fbfb000 rw-p 00000000 00:00 0 
7fb03fbfb000-7fb03fbff000 ---p 00000000 00:00 0 
7fb03fbff000-7fb03fcfc000 rw-p 00000000 00:00 0 
7fb03fcfc000-7fb03fd00000 ---p 00000000 00:00 0 
7fb03fd00000-7fb03fdfd000 rw-p 00000000 00:00 0 
7fb03fdfd000-7fb03fdfe000 ---p 00000000 00:00 0 
7fb03fdfe000-7fb03feff000 rw-p 00000000 00:00 0 
7fb03feff000-7fb03ff03000 ---p 00000000 00:00 0 
7fb03ff03000-7fb040000000 rw-p 00000000 00:00 0 
7fb040000000-7fb041a71000 rw-p 00000000 00:00 0 
7fb041a71000-7fb044000000 ---p 00000000 00:00 0 
7fb044000000-7fb0450a2000 rw-p 00000000 00:00 0 
7fb0450a2000-7fb048000000 ---p 00000000 00:00 0 
7fb048000000-7fb048021000 rw-p 00000000 00:00 0 
7fb048021000-7fb04c000000 ---p 00000000 00:00 0 
7fb04c000000-7fb04c021000 rw-p 00000000 00:00 0 
7fb04c021000-7fb050000000 ---p 00000000 00:00 0 
7fb050000000-7fb050021000 rw-p 00000000 00:00 0 
7fb050021000-7fb054000000 ---p 00000000 00:00 0 
7fb054000000-7fb054021000 rw-p 00000000 00:00 0 
7fb054021000-7fb058000000 ---p 00000000 00:00 0 
7fb058000000-7fb058021000 rw-p 00000000 00:00 0 
7fb058021000-7fb05c000000 ---p 00000000 00:00 0 
7fb05c000000-7fb05c18e000 rw-p 00000000 00:00 0 
7fb05c18e000-7fb060000000 ---p 00000000 00:00 0 
7fb060000000-7fb060021000 rw-p 00000000 00:00 0 
7fb060021000-7fb064000000 ---p 00000000 00:00 0 
7fb064000000-7fb064021000 rw-p 00000000 00:00 0 
7fb064021000-7fb068000000 ---p 00000000 00:00 0 
7fb0680fa000-7fb0680fe000 ---p 00000000 00:00 0 
7fb0680fe000-7fb0681fb000 rw-p 00000000 00:00 0 
7fb0681fb000-7fb0681ff000 ---p 00000000 00:00 0 
7fb0681ff000-7fb0682fc000 rw-p 00000000 00:00 0 
7fb0682fc000-7fb068300000 ---p 00000000 00:00 0 
7fb068300000-7fb0683fd000 rw-p 00000000 00:00 0 
7fb0683fd000-7fb068401000 ---p 00000000 00:00 0 
7fb068401000-7fb0684fe000 rw-p 00000000 00:00 0 
7fb0684fe000-7fb068a6f000 r--p 00000000 08:02 8390692                    /usr/lib/locale/locale-archive
7fb068a6f000-7fb068a73000 ---p 00000000 00:00 0 
7fb068a73000-7fb068b70000 rw-p 00000000 00:00 0 
7fb068b70000-7fb068b74000 ---p 00000000 00:00 0 
7fb068b74000-7fb068c71000 rw-p 00000000 00:00 0 
7fb068c71000-7fb068c72000 ---p 00000000 00:00 0 
7fb068c72000-7fb0695f4000 rw-p 00000000 00:00 0 
7fb0695f4000-7fb0695f5000 ---p 00000000 00:00 0 
7fb0695f5000-7fb0696f6000 rw-p 00000000 00:00 0 
7fb0696f6000-7fb0696f7000 ---p 00000000 00:00 0 
7fb0696f7000-7fb06c000000 rw-p 00000000 00:00 0 
7fb06c000000-7fb06c021000 rw-p 00000000 00:00 0 
7fb06c021000-7fb070000000 ---p 00000000 00:00 0 
7fb07007c000-7fb07007d000 ---p 00000000 00:00 0 
7fb07007d000-7fb07017e000 rw-p 00000000 00:00 0 
7fb07017e000-7fb07017f000 ---p 00000000 00:00 0 
7fb07017f000-7fb070510000 rw-p 00000000 00:00 0 
7fb070510000-7fb072138000 ---p 00000000 00:00 0 
7fb072138000-7fb0723d0000 rw-p 00000000 00:00 0 
7fb0723d0000-7fb073ff8000 ---p 00000000 00:00 0 
7fb073ff8000-7fb074000000 rw-p 00000000 00:00 0 
7fb074000000-7fb074021000 rw-p 00000000 00:00 0 
7fb074021000-7fb078000000 ---p 00000000 00:00 0 
7fb07802d000-7fb078035000 r--p 00000000 08:02 8520875                    /usr/lib/jvm/java-11-openjdk-amd64/lib/libsunec.so
7fb078035000-7fb07804e000 r-xp 00008000 08:02 8520875                    /usr/lib/jvm/java-11-openjdk-amd64/lib/libsunec.so
7fb07804e000-7fb078058000 r--p 00021000 08:02 8520875                    /usr/lib/jvm/java-11-openjdk-amd64/lib/libsunec.so
7fb078058000-7fb078059000 ---p 0002b000 08:02 8520875                    /usr/lib/jvm/java-11-openjdk-amd64/lib/libsunec.so
7fb078059000-7fb07805d000 r--p 0002b000 08:02 8520875                    /usr/lib/jvm/java-11-openjdk-amd64/lib/libsunec.so
7fb07805d000-7fb07805f000 rw-p 0002f000 08:02 8520875                    /usr/lib/jvm/java-11-openjdk-amd64/lib/libsunec.so
7fb07805f000-7fb078060000 r--p 00000000 08:02 8520850                    /usr/lib/jvm/java-11-openjdk-amd64/lib/libextnet.so
7fb078060000-7fb078061000 r-xp 00001000 08:02 8520850                    /usr/lib/jvm/java-11-openjdk-amd64/lib/libextnet.so
7fb078061000-7fb078062000 r--p 00002000 08:02 8520850                    /usr/lib/jvm/java-11-openjdk-amd64/lib/libextnet.so
7fb078062000-7fb078063000 r--p 00002000 08:02 8520850                    /usr/lib/jvm/java-11-openjdk-amd64/lib/libextnet.so
7fb078063000-7fb078064000 rw-p 00003000 08:02 8520850                    /usr/lib/jvm/java-11-openjdk-amd64/lib/libextnet.so
7fb078064000-7fb078066000 r--p 00000000 08:02 8520866                    /usr/lib/jvm/java-11-openjdk-amd64/lib/libmanagement_ext.so
7fb078066000-7fb078069000 r-xp 00002000 08:02 8520866                    /usr/lib/jvm/java-11-openjdk-amd64/lib/libmanagement_ext.so
7fb078069000-7fb07806a000 r--p 00005000 08:02 8520866                    /usr/lib/jvm/java-11-openjdk-amd64/lib/libmanagement_ext.so
7fb07806a000-7fb07806b000 ---p 00006000 08:02 8520866                    /usr/lib/jvm/java-11-openjdk-amd64/lib/libmanagement_ext.so
7fb07806b000-7fb07806c000 r--p 00006000 08:02 8520866                    /usr/lib/jvm/java-11-openjdk-amd64/lib/libmanagement_ext.so
7fb07806c000-7fb07806d000 rw-p 00007000 08:02 8520866                    /usr/lib/jvm/java-11-openjdk-amd64/lib/libmanagement_ext.so
7fb07806d000-7fb07811a000 rw-p 00000000 00:00 0 
7fb07811a000-7fb07849f000 ---p 00000000 00:00 0 
7fb07849f000-7fb0784f2000 rw-p 00000000 00:00 0 
7fb0784f2000-7fb078877000 ---p 00000000 00:00 0 
7fb078877000-7fb078878000 rw-p 00000000 00:00 0 
7fb078878000-7fb078ae8000 rwxp 00000000 00:00 0 
7fb078ae8000-7fb078e09000 ---p 00000000 00:00 0 
7fb078e09000-7fb079829000 rwxp 00000000 00:00 0 
7fb079829000-7fb080340000 ---p 00000000 00:00 0 
7fb080340000-7fb080650000 rwxp 00000000 00:00 0 
7fb080650000-7fb087878000 ---p 00000000 00:00 0 
7fb087878000-7fb090000000 r--s 00000000 08:02 8520887                    /usr/lib/jvm/java-11-openjdk-amd64/lib/modules
7fb090000000-7fb09185a000 rw-p 00000000 00:00 0 
7fb09185a000-7fb094000000 ---p 00000000 00:00 0 
7fb094002000-7fb094006000 r--p 00000000 08:02 8520868                    /usr/lib/jvm/java-11-openjdk-amd64/lib/libnet.so
7fb094006000-7fb094015000 r-xp 00004000 08:02 8520868                    /usr/lib/jvm/java-11-openjdk-amd64/lib/libnet.so
7fb094015000-7fb094019000 r--p 00013000 08:02 8520868                    /usr/lib/jvm/java-11-openjdk-amd64/lib/libnet.so
7fb094019000-7fb09401a000 r--p 00016000 08:02 8520868                    /usr/lib/jvm/java-11-openjdk-amd64/lib/libnet.so
7fb09401a000-7fb09401b000 rw-p 00017000 08:02 8520868                    /usr/lib/jvm/java-11-openjdk-amd64/lib/libnet.so
7fb09401b000-7fb094022000 r--p 00000000 08:02 8520869                    /usr/lib/jvm/java-11-openjdk-amd64/lib/libnio.so
7fb094022000-7fb09402a000 r-xp 00007000 08:02 8520869                    /usr/lib/jvm/java-11-openjdk-amd64/lib/libnio.so
7fb09402a000-7fb09402d000 r--p 0000f000 08:02 8520869                    /usr/lib/jvm/java-11-openjdk-amd64/lib/libnio.so
7fb09402d000-7fb09402e000 r--p 00011000 08:02 8520869                    /usr/lib/jvm/java-11-openjdk-amd64/lib/libnio.so
7fb09402e000-7fb09402f000 rw-p 00012000 08:02 8520869                    /usr/lib/jvm/java-11-openjdk-amd64/lib/libnio.so
7fb09402f000-7fb094100000 rw-p 00000000 00:00 0 
7fb094100000-7fb094485000 ---p 00000000 00:00 0 
7fb094485000-7fb094c8e000 rw-p 00000000 00:00 0 
7fb094c8e000-7fb094c8f000 ---p 00000000 00:00 0 
7fb094c8f000-7fb094d97000 rw-p 00000000 00:00 0 
7fb094d97000-7fb094e7b000 ---p 00000000 00:00 0 
7fb094e7b000-7fb094e90000 rw-p 00000000 00:00 0 
7fb094e90000-7fb094f66000 ---p 00000000 00:00 0 
7fb094f66000-7fb094f6b000 rw-p 00000000 00:00 0 
7fb094f6b000-7fb094f72000 ---p 00000000 00:00 0 
7fb094f72000-7fb094f75000 r--p 00000000 08:02 8394178                    /usr/lib/x86_64-linux-gnu/libnss_files-2.31.so
7fb094f75000-7fb094f7c000 r-xp 00003000 08:02 8394178                    /usr/lib/x86_64-linux-gnu/libnss_files-2.31.so
7fb094f7c000-7fb094f7e000 r--p 0000a000 08:02 8394178                    /usr/lib/x86_64-linux-gnu/libnss_files-2.31.so
7fb094f7e000-7fb094f7f000 r--p 0000b000 08:02 8394178                    /usr/lib/x86_64-linux-gnu/libnss_files-2.31.so
7fb094f7f000-7fb094f80000 rw-p 0000c000 08:02 8394178                    /usr/lib/x86_64-linux-gnu/libnss_files-2.31.so
7fb094f80000-7fb094f86000 rw-p 00000000 00:00 0 
7fb094f86000-7fb094f89000 r--p 00000000 08:02 8520864                    /usr/lib/jvm/java-11-openjdk-amd64/lib/libmanagement.so
7fb094f89000-7fb094f8a000 r-xp 00003000 08:02 8520864                    /usr/lib/jvm/java-11-openjdk-amd64/lib/libmanagement.so
7fb094f8a000-7fb094f8b000 r--p 00004000 08:02 8520864                    /usr/lib/jvm/java-11-openjdk-amd64/lib/libmanagement.so
7fb094f8b000-7fb094f8c000 r--p 00004000 08:02 8520864                    /usr/lib/jvm/java-11-openjdk-amd64/lib/libmanagement.so
7fb094f8c000-7fb094f8d000 rw-p 00005000 08:02 8520864                    /usr/lib/jvm/java-11-openjdk-amd64/lib/libmanagement.so
7fb094f8d000-7fb094f8f000 r--p 00000000 08:02 8520885                    /usr/lib/jvm/java-11-openjdk-amd64/lib/libzip.so
7fb094f8f000-7fb094f93000 r-xp 00002000 08:02 8520885                    /usr/lib/jvm/java-11-openjdk-amd64/lib/libzip.so
7fb094f93000-7fb094f95000 r--p 00006000 08:02 8520885                    /usr/lib/jvm/java-11-openjdk-amd64/lib/libzip.so
7fb094f95000-7fb094f96000 r--p 00007000 08:02 8520885                    /usr/lib/jvm/java-11-openjdk-amd64/lib/libzip.so
7fb094f96000-7fb094f97000 rw-p 00008000 08:02 8520885                    /usr/lib/jvm/java-11-openjdk-amd64/lib/libzip.so
7fb094f97000-7fb094f9f000 rw-s 00000000 08:02 9961567                    /tmp/hsperfdata_jadson/7911
7fb094f9f000-7fb094fa1000 r--p 00000000 08:02 8520860                    /usr/lib/jvm/java-11-openjdk-amd64/lib/libjimage.so
7fb094fa1000-7fb094fa4000 r-xp 00002000 08:02 8520860                    /usr/lib/jvm/java-11-openjdk-amd64/lib/libjimage.so
7fb094fa4000-7fb094fa5000 r--p 00005000 08:02 8520860                    /usr/lib/jvm/java-11-openjdk-amd64/lib/libjimage.so
7fb094fa5000-7fb094fa6000 ---p 00006000 08:02 8520860                    /usr/lib/jvm/java-11-openjdk-amd64/lib/libjimage.so
7fb094fa6000-7fb094fa7000 r--p 00006000 08:02 8520860                    /usr/lib/jvm/java-11-openjdk-amd64/lib/libjimage.so
7fb094fa7000-7fb094fa8000 rw-p 00007000 08:02 8520860                    /usr/lib/jvm/java-11-openjdk-amd64/lib/libjimage.so
7fb094fa8000-7fb094fb6000 r--p 00000000 08:02 8520857                    /usr/lib/jvm/java-11-openjdk-amd64/lib/libjava.so
7fb094fb6000-7fb094fcc000 r-xp 0000e000 08:02 8520857                    /usr/lib/jvm/java-11-openjdk-amd64/lib/libjava.so
7fb094fcc000-7fb094fd3000 r--p 00024000 08:02 8520857                    /usr/lib/jvm/java-11-openjdk-amd64/lib/libjava.so
7fb094fd3000-7fb094fd4000 r--p 0002a000 08:02 8520857                    /usr/lib/jvm/java-11-openjdk-amd64/lib/libjava.so
7fb094fd4000-7fb094fd5000 rw-p 0002b000 08:02 8520857                    /usr/lib/jvm/java-11-openjdk-amd64/lib/libjava.so
7fb094fd5000-7fb094fd6000 rw-p 00000000 00:00 0 
7fb094fd6000-7fb094fd9000 r--p 00000000 08:02 8394208                    /usr/lib/x86_64-linux-gnu/librt-2.31.so
7fb094fd9000-7fb094fdd000 r-xp 00003000 08:02 8394208                    /usr/lib/x86_64-linux-gnu/librt-2.31.so
7fb094fdd000-7fb094fde000 r--p 00007000 08:02 8394208                    /usr/lib/x86_64-linux-gnu/librt-2.31.so
7fb094fde000-7fb094fdf000 ---p 00008000 08:02 8394208                    /usr/lib/x86_64-linux-gnu/librt-2.31.so
7fb094fdf000-7fb094fe0000 r--p 00008000 08:02 8394208                    /usr/lib/x86_64-linux-gnu/librt-2.31.so
7fb094fe0000-7fb094fe1000 rw-p 00009000 08:02 8394208                    /usr/lib/x86_64-linux-gnu/librt-2.31.so
7fb094fe1000-7fb094fe5000 ---p 00000000 00:00 0 
7fb094fe5000-7fb0950e2000 rw-p 00000000 00:00 0 
7fb0950e2000-7fb0950e5000 r--p 00000000 08:02 8394940                    /usr/lib/x86_64-linux-gnu/libgcc_s.so.1
7fb0950e5000-7fb0950f7000 r-xp 00003000 08:02 8394940                    /usr/lib/x86_64-linux-gnu/libgcc_s.so.1
7fb0950f7000-7fb0950fb000 r--p 00015000 08:02 8394940                    /usr/lib/x86_64-linux-gnu/libgcc_s.so.1
7fb0950fb000-7fb0950fc000 r--p 00018000 08:02 8394940                    /usr/lib/x86_64-linux-gnu/libgcc_s.so.1
7fb0950fc000-7fb0950fd000 rw-p 00019000 08:02 8394940                    /usr/lib/x86_64-linux-gnu/libgcc_s.so.1
7fb0950fd000-7fb09510c000 r--p 00000000 08:02 8393823                    /usr/lib/x86_64-linux-gnu/libm-2.31.so
7fb09510c000-7fb0951b3000 r-xp 0000f000 08:02 8393823                    /usr/lib/x86_64-linux-gnu/libm-2.31.so
7fb0951b3000-7fb09524a000 r--p 000b6000 08:02 8393823                    /usr/lib/x86_64-linux-gnu/libm-2.31.so
7fb09524a000-7fb09524b000 r--p 0014c000 08:02 8393823                    /usr/lib/x86_64-linux-gnu/libm-2.31.so
7fb09524b000-7fb09524c000 rw-p 0014d000 08:02 8393823                    /usr/lib/x86_64-linux-gnu/libm-2.31.so
7fb09524c000-7fb0952e2000 r--p 00000000 08:02 8389090                    /usr/lib/x86_64-linux-gnu/libstdc++.so.6.0.28
7fb0952e2000-7fb0953d3000 r-xp 00096000 08:02 8389090                    /usr/lib/x86_64-linux-gnu/libstdc++.so.6.0.28
7fb0953d3000-7fb09541c000 r--p 00187000 08:02 8389090                    /usr/lib/x86_64-linux-gnu/libstdc++.so.6.0.28
7fb09541c000-7fb09541d000 ---p 001d0000 08:02 8389090                    /usr/lib/x86_64-linux-gnu/libstdc++.so.6.0.28
7fb09541d000-7fb095428000 r--p 001d0000 08:02 8389090                    /usr/lib/x86_64-linux-gnu/libstdc++.so.6.0.28
7fb095428000-7fb09542b000 rw-p 001db000 08:02 8389090                    /usr/lib/x86_64-linux-gnu/libstdc++.so.6.0.28
7fb09542b000-7fb09542e000 rw-p 00000000 00:00 0 
7fb09542e000-7fb0956a8000 r--p 00000000 08:02 8520897                    /usr/lib/jvm/java-11-openjdk-amd64/lib/server/libjvm.so
7fb0956a8000-7fb09632d000 r-xp 0027a000 08:02 8520897                    /usr/lib/jvm/java-11-openjdk-amd64/lib/server/libjvm.so
7fb09632d000-7fb096584000 r--p 00eff000 08:02 8520897                    /usr/lib/jvm/java-11-openjdk-amd64/lib/server/libjvm.so
7fb096584000-7fb096645000 r--p 01155000 08:02 8520897                    /usr/lib/jvm/java-11-openjdk-amd64/lib/server/libjvm.so
7fb096645000-7fb096680000 rw-p 01216000 08:02 8520897                    /usr/lib/jvm/java-11-openjdk-amd64/lib/server/libjvm.so
7fb096680000-7fb0966d9000 rw-p 00000000 00:00 0 
7fb0966d9000-7fb0966e0000 r--p 00000000 08:02 8394197                    /usr/lib/x86_64-linux-gnu/libpthread-2.31.so
7fb0966e0000-7fb0966f1000 r-xp 00007000 08:02 8394197                    /usr/lib/x86_64-linux-gnu/libpthread-2.31.so
7fb0966f1000-7fb0966f6000 r--p 00018000 08:02 8394197                    /usr/lib/x86_64-linux-gnu/libpthread-2.31.so
7fb0966f6000-7fb0966f7000 r--p 0001c000 08:02 8394197                    /usr/lib/x86_64-linux-gnu/libpthread-2.31.so
7fb0966f7000-7fb0966f8000 rw-p 0001d000 08:02 8394197                    /usr/lib/x86_64-linux-gnu/libpthread-2.31.so
7fb0966f8000-7fb0966fc000 rw-p 00000000 00:00 0 
7fb0966fc000-7fb0966fd000 r--p 00000000 08:02 8393820                    /usr/lib/x86_64-linux-gnu/libdl-2.31.so
7fb0966fd000-7fb0966ff000 r-xp 00001000 08:02 8393820                    /usr/lib/x86_64-linux-gnu/libdl-2.31.so
7fb0966ff000-7fb096700000 r--p 00003000 08:02 8393820                    /usr/lib/x86_64-linux-gnu/libdl-2.31.so
7fb096700000-7fb096701000 r--p 00003000 08:02 8393820                    /usr/lib/x86_64-linux-gnu/libdl-2.31.so
7fb096701000-7fb096702000 rw-p 00004000 08:02 8393820                    /usr/lib/x86_64-linux-gnu/libdl-2.31.so
7fb096702000-7fb096704000 r--p 00000000 08:02 8391100                    /usr/lib/x86_64-linux-gnu/libz.so.1.2.11
7fb096704000-7fb096715000 r-xp 00002000 08:02 8391100                    /usr/lib/x86_64-linux-gnu/libz.so.1.2.11
7fb096715000-7fb09671b000 r--p 00013000 08:02 8391100                    /usr/lib/x86_64-linux-gnu/libz.so.1.2.11
7fb09671b000-7fb09671c000 ---p 00019000 08:02 8391100                    /usr/lib/x86_64-linux-gnu/libz.so.1.2.11
7fb09671c000-7fb09671d000 r--p 00019000 08:02 8391100                    /usr/lib/x86_64-linux-gnu/libz.so.1.2.11
7fb09671d000-7fb09671e000 rw-p 0001a000 08:02 8391100                    /usr/lib/x86_64-linux-gnu/libz.so.1.2.11
7fb09671e000-7fb096743000 r--p 00000000 08:02 8393814                    /usr/lib/x86_64-linux-gnu/libc-2.31.so
7fb096743000-7fb0968bb000 r-xp 00025000 08:02 8393814                    /usr/lib/x86_64-linux-gnu/libc-2.31.so
7fb0968bb000-7fb096905000 r--p 0019d000 08:02 8393814                    /usr/lib/x86_64-linux-gnu/libc-2.31.so
7fb096905000-7fb096906000 ---p 001e7000 08:02 8393814                    /usr/lib/x86_64-linux-gnu/libc-2.31.so
7fb096906000-7fb096909000 r--p 001e7000 08:02 8393814                    /usr/lib/x86_64-linux-gnu/libc-2.31.so
7fb096909000-7fb09690c000 rw-p 001ea000 08:02 8393814                    /usr/lib/x86_64-linux-gnu/libc-2.31.so
7fb09690c000-7fb096910000 rw-p 00000000 00:00 0 
7fb096913000-7fb096915000 r--s 0000c000 08:02 9189263                    /usr/share/java/java-atk-wrapper.jar
7fb096915000-7fb096916000 ---p 00000000 00:00 0 
7fb096916000-7fb096917000 r--p 00000000 00:00 0 
7fb096917000-7fb09691c000 r--p 00000000 08:02 8520879                    /usr/lib/jvm/java-11-openjdk-amd64/lib/libverify.so
7fb09691c000-7fb096923000 r-xp 00005000 08:02 8520879                    /usr/lib/jvm/java-11-openjdk-amd64/lib/libverify.so
7fb096923000-7fb096925000 r--p 0000c000 08:02 8520879                    /usr/lib/jvm/java-11-openjdk-amd64/lib/libverify.so
7fb096925000-7fb096926000 ---p 0000e000 08:02 8520879                    /usr/lib/jvm/java-11-openjdk-amd64/lib/libverify.so
7fb096926000-7fb096928000 r--p 0000e000 08:02 8520879                    /usr/lib/jvm/java-11-openjdk-amd64/lib/libverify.so
7fb096928000-7fb096929000 rw-p 00010000 08:02 8520879                    /usr/lib/jvm/java-11-openjdk-amd64/lib/libverify.so
7fb096929000-7fb09692c000 r--p 00000000 08:02 8520842                    /usr/lib/jvm/java-11-openjdk-amd64/lib/jli/libjli.so
7fb09692c000-7fb096936000 r-xp 00003000 08:02 8520842                    /usr/lib/jvm/java-11-openjdk-amd64/lib/jli/libjli.so
7fb096936000-7fb096939000 r--p 0000d000 08:02 8520842                    /usr/lib/jvm/java-11-openjdk-amd64/lib/jli/libjli.so
7fb096939000-7fb09693a000 ---p 00010000 08:02 8520842                    /usr/lib/jvm/java-11-openjdk-amd64/lib/jli/libjli.so
7fb09693a000-7fb09693b000 r--p 00010000 08:02 8520842                    /usr/lib/jvm/java-11-openjdk-amd64/lib/jli/libjli.so
7fb09693b000-7fb09693c000 rw-p 00011000 08:02 8520842                    /usr/lib/jvm/java-11-openjdk-amd64/lib/jli/libjli.so
7fb09693c000-7fb09693e000 rw-p 00000000 00:00 0 
7fb09693e000-7fb09693f000 r--p 00000000 08:02 8390785                    /usr/lib/x86_64-linux-gnu/ld-2.31.so
7fb09693f000-7fb096962000 r-xp 00001000 08:02 8390785                    /usr/lib/x86_64-linux-gnu/ld-2.31.so
7fb096962000-7fb09696a000 r--p 00024000 08:02 8390785                    /usr/lib/x86_64-linux-gnu/ld-2.31.so
7fb09696b000-7fb09696c000 r--p 0002c000 08:02 8390785                    /usr/lib/x86_64-linux-gnu/ld-2.31.so
7fb09696c000-7fb09696d000 rw-p 0002d000 08:02 8390785                    /usr/lib/x86_64-linux-gnu/ld-2.31.so
7fb09696d000-7fb09696e000 rw-p 00000000 00:00 0 
7ffdaa52d000-7ffdaa54f000 rw-p 00000000 00:00 0                          [stack]
7ffdaa5a5000-7ffdaa5a9000 r--p 00000000 00:00 0                          [vvar]
7ffdaa5a9000-7ffdaa5ab000 r-xp 00000000 00:00 0                          [vdso]
ffffffffff600000-ffffffffff601000 --xp 00000000 00:00 0                  [vsyscall]


VM Arguments:
java_command: ./target/demo-0.0.1-SNAPSHOT.jar
java_class_path (initial): ./target/demo-0.0.1-SNAPSHOT.jar
Launcher Type: SUN_STANDARD

[Global flags]
     intx CICompilerCount                          = 4                                         {product} {ergonomic}
     uint ConcGCThreads                            = 2                                         {product} {ergonomic}
     uint G1ConcRefinementThreads                  = 8                                         {product} {ergonomic}
   size_t G1HeapRegionSize                         = 1048576                                   {product} {ergonomic}
    uintx GCDrainStackTargetSize                   = 64                                        {product} {ergonomic}
   size_t InitialHeapSize                          = 130023424                                 {product} {ergonomic}
   size_t MarkStackSize                            = 4194304                                   {product} {ergonomic}
   size_t MaxHeapSize                              = 2063597568                                {product} {ergonomic}
   size_t MaxNewSize                               = 1237319680                                {product} {ergonomic}
   size_t MinHeapDeltaBytes                        = 1048576                                   {product} {ergonomic}
    uintx NonNMethodCodeHeapSize                   = 5836300                                {pd product} {ergonomic}
    uintx NonProfiledCodeHeapSize                  = 122910970                              {pd product} {ergonomic}
    uintx ProfiledCodeHeapSize                     = 122910970                              {pd product} {ergonomic}
    uintx ReservedCodeCacheSize                    = 251658240                              {pd product} {ergonomic}
     bool SegmentedCodeCache                       = true                                      {product} {ergonomic}
     bool UseCompressedClassPointers               = true                                 {lp64_product} {ergonomic}
     bool UseCompressedOops                        = true                                 {lp64_product} {ergonomic}
     bool UseG1GC                                  = true                                      {product} {ergonomic}

Logging:
Log output configuration:
 #0: stdout all=warning uptime,level,tags
 #1: stderr all=off uptime,level,tags

Environment Variables:
PATH=/home/jadson/Projects/repositories/demo/node_modules/.bin:/home/jadson/.deno/bin:/home/jadson/.zinit/polaris/sbin:/home/jadson/.zinit/polaris/bin:/home/jadson/.nvm/versions/node/v15.8.0/bin:/home/jadson/.local/bin:/usr/local/sbin:/usr/local/bin:/usr/sbin:/usr/bin:/sbin:/bin:/usr/games:/usr/local/games:/snap/bin:/home/jadson/.yarn/bin
USERNAME=jadson
SHELL=/usr/bin/zsh
DISPLAY=:0
LANG=en_US.UTF-8
LC_CTYPE=pt_BR.UTF-8

Signal Handlers:
SIGSEGV: [libjvm.so+0xe8ba00], sa_mask[0]=11111111011111111101111111111110, sa_flags=SA_RESTART|SA_SIGINFO
SIGBUS: [libjvm.so+0xe8ba00], sa_mask[0]=11111111011111111101111111111110, sa_flags=SA_RESTART|SA_SIGINFO
SIGFPE: [libjvm.so+0xe8ba00], sa_mask[0]=11111111011111111101111111111110, sa_flags=SA_RESTART|SA_SIGINFO
SIGPIPE: [libjvm.so+0xbd10f0], sa_mask[0]=11111111011111111101111111111110, sa_flags=SA_RESTART|SA_SIGINFO
SIGXFSZ: [libjvm.so+0xbd10f0], sa_mask[0]=11111111011111111101111111111110, sa_flags=SA_RESTART|SA_SIGINFO
SIGILL: [libjvm.so+0xe8ba00], sa_mask[0]=11111111011111111101111111111110, sa_flags=SA_RESTART|SA_SIGINFO
SIGUSR2: [libjvm.so+0xbd0f90], sa_mask[0]=00000000000000000000000000000000, sa_flags=SA_RESTART|SA_SIGINFO
SIGHUP: [libjvm.so+0xbd1430], sa_mask[0]=11111111011111111101111111111110, sa_flags=SA_RESTART|SA_SIGINFO
SIGINT: [libjvm.so+0xbd1430], sa_mask[0]=11111111011111111101111111111110, sa_flags=SA_RESTART|SA_SIGINFO
SIGTERM: [libjvm.so+0xbd1430], sa_mask[0]=11111111011111111101111111111110, sa_flags=SA_RESTART|SA_SIGINFO
SIGQUIT: [libjvm.so+0xbd1430], sa_mask[0]=11111111011111111101111111111110, sa_flags=SA_RESTART|SA_SIGINFO


---------------  S Y S T E M  ---------------

OS:DISTRIB_ID=Ubuntu
DISTRIB_RELEASE=20.04
DISTRIB_CODENAME=focal
DISTRIB_DESCRIPTION="Ubuntu 20.04.2 LTS"
uname:Linux 5.8.0-63-generic #71~20.04.1-Ubuntu SMP Thu Jul 15 17:46:08 UTC 2021 x86_64
OS uptime: 0 days 0:02 hours
libc:glibc 2.31 NPTL 2.31 
rlimit (soft/hard): STACK 8192k/infinity , CORE 0k/infinity , NPROC 31242/31242 , NOFILE 1048576/1048576 , AS infinity/infinity , CPU infinity/infinity , DATA infinity/infinity , FSIZE infinity/infinity , MEMLOCK 65536k/65536k
load average:4,14 2,56 1,04

/proc/meminfo:
MemTotal:        8058248 kB
MemFree:         1325752 kB
MemAvailable:    4244856 kB
Buffers:          242296 kB
Cached:          3070692 kB
SwapCached:            0 kB
Active:          4219292 kB
Inactive:        1811000 kB
Active(anon):    2911932 kB
Inactive(anon):    68780 kB
Active(file):    1307360 kB
Inactive(file):  1742220 kB
Unevictable:      185560 kB
Mlocked:              48 kB
SwapTotal:       2097148 kB
SwapFree:        2097148 kB
Dirty:             39640 kB
Writeback:             0 kB
AnonPages:       2903148 kB
Mapped:           850284 kB
Shmem:            265912 kB
KReclaimable:     178324 kB
Slab:             372528 kB
SReclaimable:     178324 kB
SUnreclaim:       194204 kB
KernelStack:       19308 kB
PageTables:        36504 kB
NFS_Unstable:          0 kB
Bounce:                0 kB
WritebackTmp:          0 kB
CommitLimit:     6126272 kB
Committed_AS:   11909352 kB
VmallocTotal:   34359738367 kB
VmallocUsed:       42044 kB
VmallocChunk:          0 kB
Percpu:             7904 kB
HardwareCorrupted:     0 kB
AnonHugePages:         0 kB
ShmemHugePages:        0 kB
ShmemPmdMapped:        0 kB
FileHugePages:         0 kB
FilePmdMapped:         0 kB
HugePages_Total:       0
HugePages_Free:        0
HugePages_Rsvd:        0
HugePages_Surp:        0
Hugepagesize:       2048 kB
Hugetlb:               0 kB
DirectMap4k:      390772 kB
DirectMap2M:     7905280 kB
DirectMap1G:           0 kB

/sys/kernel/mm/transparent_hugepage/enabled:
always [madvise] never
/sys/kernel/mm/transparent_hugepage/defrag (defrag/compaction efforts parameter):
always defer defer+madvise [madvise] never

Process Memory:
Virtual Size: 6665276K (peak: 13454268K)
Resident Set Size: 349456K (peak: 349488K) (anon: 319896K, file: 29560K, shmem: 0K)
Swapped out: 0K
C-Heap outstanding allocations: 25273K

/proc/sys/kernel/threads-max (system-wide limit on the number of threads):
62484
/proc/sys/vm/max_map_count (maximum number of memory map areas a process may have):
65530
/proc/sys/kernel/pid_max (system-wide limit on number of process identifiers):
4194304

container (cgroup) information:
container_type: cgroupv1
cpu_cpuset_cpus: 0-7
cpu_memory_nodes: 0
active_processor_count: 8
cpu_quota: -1
cpu_period: 100000
cpu_shares: -1
memory_limit_in_bytes: -1
memory_and_swap_limit_in_bytes: -1
memory_soft_limit_in_bytes: -1
memory_usage_in_bytes: 4652175360
memory_max_usage_in_bytes: 4782718976

Steal ticks since vm start: 0
Steal ticks percentage since vm start:  0,000

CPU:total 8 (initial active 8) (4 cores per cpu, 2 threads per core) family 6 model 142 stepping 10 microcode 0xea, cmov, cx8, fxsr, mmx, sse, sse2, sse3, ssse3, sse4.1, sse4.2, popcnt, avx, avx2, aes, clmul, erms, 3dnowpref, lzcnt, ht, tsc, tscinvbit, bmi1, bmi2, adx, fma
CPU Model and flags from /proc/cpuinfo:
model name	: Intel(R) Core(TM) i5-8250U CPU @ 1.60GHz
flags		: fpu vme de pse tsc msr pae mce cx8 apic sep mtrr pge mca cmov pat pse36 clflush dts acpi mmx fxsr sse sse2 ss ht tm pbe syscall nx pdpe1gb rdtscp lm constant_tsc art arch_perfmon pebs bts rep_good nopl xtopology nonstop_tsc cpuid aperfmperf pni pclmulqdq dtes64 monitor ds_cpl vmx est tm2 ssse3 sdbg fma cx16 xtpr pdcm pcid sse4_1 sse4_2 x2apic movbe popcnt tsc_deadline_timer aes xsave avx f16c rdrand lahf_lm abm 3dnowprefetch cpuid_fault invpcid_single pti ssbd ibrs ibpb stibp tpr_shadow vnmi flexpriority ept vpid ept_ad fsgsbase tsc_adjust bmi1 avx2 smep bmi2 erms invpcid mpx rdseed adx smap clflushopt intel_pt xsaveopt xsavec xgetbv1 xsaves dtherm ida arat pln pts hwp hwp_notify hwp_act_window hwp_epp md_clear flush_l1d
Online cpus:
0-7
Offline cpus:

BIOS frequency limitation:
<Not Available>
Frequency switch latency (ns):
0
Available cpu frequencies:
<Not Available>
Current governor:
powersave
Core performance/turbo boost:
<Not Available>

Memory: 4k page, physical 8058248k(1325500k free), swap 2097148k(2097148k free)

vm_info: OpenJDK 64-Bit Server VM (11.0.11+9-Ubuntu-0ubuntu2.20.04) for linux-amd64 JRE (11.0.11+9-Ubuntu-0ubuntu2.20.04), built on Apr 21 2021 09:15:32 by "unknown" with gcc 9.3.0

END.
