#
# A fatal error has been detected by the Java Runtime Environment:
#
#  SIGSEGV (0xb) at pc=0x00007f6d8d68cfcd, pid=82407, tid=82407
#
# JRE version: OpenJDK Runtime Environment (11.0.11+9) (build 11.0.11+9-Ubuntu-0ubuntu2.20.04)
# Java VM: OpenJDK 64-Bit Server VM (11.0.11+9-Ubuntu-0ubuntu2.20.04, mixed mode, sharing, tiered, compressed oops, g1 gc, linux-amd64)
# Problematic frame:
# V  [libjvm.so+0xbd0fcd]
#
# Core dump will be written. Default location: Core dumps may be processed with "/usr/share/apport/apport %p %s %c %d %P %E" (or dumping to /home/jadson/Projects/repositories/demo/core.82407)
#
# If you would like to submit a bug report, please visit:
#   https://bugs.launchpad.net/ubuntu/+source/openjdk-lts
#

---------------  S U M M A R Y ------------

Command Line: ./target/demo-0.0.1-SNAPSHOT.jar

Host: Intel(R) Core(TM) i5-8250U CPU @ 1.60GHz, 8 cores, 7G, Ubuntu 20.04.2 LTS
Time: Wed Jul 28 19:42:14 2021 -03 elapsed time: 18.336925 seconds (0d 0h 0m 18s)

---------------  T H R E A D  ---------------

Current thread is native thread

Stack: [0x00007ffe70a2c000,0x00007ffe7122a000],  sp=0x00007ffe71224cc0,  free space=8163k
Native frames: (J=compiled Java code, A=aot compiled Java code, j=interpreted, Vv=VM code, C=native code)
V  [libjvm.so+0xbd0fcd]
C  [libc.so.6+0x46210]


siginfo: si_signo: 11 (SIGSEGV), si_code: 1 (SEGV_MAPERR), si_addr: 0x00000000000000d0

Register to memory mapping:

RAX=0x0 is NULL
RBX=
[error occurred during error reporting (printing register info), id 0xb, SIGSEGV (0xb) at pc=0x00007f6d8d8e4a2c]

Registers:
RAX=0x0000000000000000, RBX=0x00007f6d8dd663c0, RCX=0x00007f6d8dd71cd7, RDX=0x00007f6d8dd66440
RSP=0x00007ffe71224cc0, RBP=0x00007ffe71224d70, RSI=0x00007ffe71224eb0, RDI=0x0000000000000001
R8 =0x0000000000000000, R9 =0x00007f6d8c76f700, R10=0x0000000000000000, R11=0x0000000000000246
R12=0x00007ffe71224eb0, R13=0x00007ffe71224d80, R14=0x0000000000000000, R15=0x00007f6d8c76f700
RIP=0x00007f6d8d68cfcd, EFLAGS=0x0000000000010246, CSGSFS=0x002b000000000033, ERR=0x0000000000000004
  TRAPNO=0x000000000000000e

Top of Stack: (sp=0x00007ffe71224cc0)
0x00007ffe71224cc0:   0000000000000020 0000200000000000
0x00007ffe71224cd0:   0000000000000000 0000000000000000
0x00007ffe71224ce0:   0000000000000000 0000000000000000
0x00007ffe71224cf0:   0000000000000000 0000000000000000 

Instructions: (pc=0x00007f6d8d68cfcd)
0x00007f6d8d68cecd:   ff 48 85 c0 74 03 c6 00 00 4c 89 f7 4c 89 fa 4c
0x00007f6d8d68cedd:   89 ee e8 3c 92 6a ff 4c 89 e7 e8 a4 95 6a ff 48
0x00007f6d8d68ceed:   81 c4 08 01 00 00 5b 41 5c 41 5d 41 5e 41 5f 5d
0x00007f6d8d68cefd:   c3 66 90 4c 89 e2 be 00 01 00 00 4c 89 ef e8 f0
0x00007f6d8d68cf0d:   97 6a ff 48 85 c0 74 ac 48 8d 35 cb 80 3a 00 4c
0x00007f6d8d68cf1d:   89 ef e8 dc 95 6a ff 48 85 c0 75 17 48 8d 35 cc
0x00007f6d8d68cf2d:   80 3a 00 4c 89 ef e8 c8 95 6a ff 48 85 c0 74 84
0x00007f6d8d68cf3d:   0f 1f 00 be 22 00 00 00 4c 89 ef e8 43 96 6a ff
0x00007f6d8d68cf4d:   48 85 c0 74 26 4c 8d 68 01 be 22 00 00 00 4c 89
0x00007f6d8d68cf5d:   ef e8 2d 96 6a ff 48 85 c0 0f 85 67 ff ff ff e9
0x00007f6d8d68cf6d:   65 ff ff ff 0f 1f 80 00 00 00 00 4c 89 ef be 3d
0x00007f6d8d68cf7d:   00 00 00 e8 0b 96 6a ff 4c 8d 68 01 e9 33 ff ff
0x00007f6d8d68cf8d:   ff 66 90 f3 0f 1e fa 55 48 89 e5 41 57 41 56 41
0x00007f6d8d68cf9d:   55 49 89 d5 41 54 49 89 f4 53 48 81 ec 88 00 00
0x00007f6d8d68cfad:   00 e8 0d 9d 6a ff 44 8b 30 48 89 c3 e8 22 63 25
0x00007f6d8d68cfbd:   00 41 89 c0 31 c0 45 84 c0 74 05 e8 23 63 25 00
0x00007f6d8d68cfcd:   48 83 b8 d0 00 00 00 00 74 16 4c 8b b8 70 02 00
0x00007f6d8d68cfdd:   00 41 8b 87 a8 00 00 00 83 f8 01 74 16 44 89 33
0x00007f6d8d68cfed:   48 81 c4 88 00 00 00 5b 41 5c 41 5d 41 5e 41 5f
0x00007f6d8d68cffd:   5d c3 90 66 49 0f 6e c4 66 49 0f 6e cd ba 02 00
0x00007f6d8d68d00d:   00 00 be 01 00 00 00 66 0f 6c c1 4d 8d a7 a8 00
0x00007f6d8d68d01d:   00 00 41 0f 11 87 b0 00 00 00 4c 89 e7 e8 d1 bc
0x00007f6d8d68d02d:   ff ff 83 f8 02 74 3c 85 c0 75 18 66 0f ef c0 41
0x00007f6d8d68d03d:   0f 11 87 b0 00 00 00 eb a4 66 2e 0f 1f 84 00 00
0x00007f6d8d68d04d:   00 00 00 48 8d 05 51 aa 64 00 be d8 11 00 00 48
0x00007f6d8d68d05d:   8d 3d 75 8a 3a 00 48 8b 00 c6 00 58 e8 f2 af a9
0x00007f6d8d68d06d:   ff eb c8 4c 8d ad 50 ff ff ff 4c 89 ef e8 a1 98
0x00007f6d8d68d07d:   6a ff 4c 89 ea 31 f6 31 ff e8 b5 99 6a ff 8b 35
0x00007f6d8d68d08d:   9f 56 66 00 4c 89 ef e8 57 95 6a ff be 01 00 00
0x00007f6d8d68d09d:   00 48 8d 3d db a2 6a 00 e8 16 a1 0c 00 66 0f 1f
0x00007f6d8d68d0ad:   44 00 00 4c 89 ef e8 68 9c 6a ff 31 d2 be 03 00
0x00007f6d8d68d0bd:   00 00 4c 89 e7 e8 39 bc ff ff 85 c0 75 e5 be 01 


Stack slot to memory mapping:
stack at sp + 0 slots: 
[error occurred during error reporting (inspecting top of stack), id 0xb, SIGSEGV (0xb) at pc=0x00007f6d8d8e4a2c]


---------------  P R O C E S S  ---------------

VM state:not at safepoint (normal execution)

VM Mutex/Monitor currently owned by a thread: None

Heap address: 0x0000000085000000, size: 1968 MB, Compressed Oops mode: 32-bit
Narrow klass base: 0x0000000800000000, Narrow klass shift: 3
Compressed class space size: 1073741824 Address: 0x0000000840000000

Heap:
 garbage-first heap   total 177152K, used 68506K [0x0000000085000000, 0x0000000100000000)
  region size 1024K, 62 young (63488K), 11 survivors (11264K)
 Metaspace       used 48852K, capacity 50207K, committed 50560K, reserved 1093632K
  class space    used 6227K, capacity 6751K, committed 6784K, reserved 1048576K
Heap Regions: E=young(eden), S=young(survivor), O=old, HS=humongous(starts), HC=humongous(continues), CS=collection set, F=free, A=archive, TAMS=top-at-mark-start (previous, next)
|   0|0x0000000085000000, 0x0000000085100000, 0x0000000085100000|100%| O|  |TAMS 0x0000000085100000, 0x0000000085000000| Untracked 
|   1|0x0000000085100000, 0x0000000085200000, 0x0000000085200000|100%| O|  |TAMS 0x0000000085200000, 0x0000000085100000| Untracked 
|   2|0x0000000085200000, 0x0000000085300000, 0x0000000085300000|100%| O|  |TAMS 0x0000000085300000, 0x0000000085200000| Untracked 
|   3|0x0000000085300000, 0x0000000085400000, 0x0000000085400000|100%| O|  |TAMS 0x0000000085400000, 0x0000000085300000| Untracked 
|   4|0x0000000085400000, 0x0000000085500000, 0x0000000085500000|100%| O|  |TAMS 0x000000008549b400, 0x0000000085400000| Untracked 
|   5|0x0000000085500000, 0x00000000855dc400, 0x0000000085600000| 86%| O|  |TAMS 0x0000000085500000, 0x0000000085500000| Untracked 
|   6|0x0000000085600000, 0x0000000085600000, 0x0000000085700000|  0%| F|  |TAMS 0x0000000085600000, 0x0000000085600000| Untracked 
|   7|0x0000000085700000, 0x0000000085700000, 0x0000000085800000|  0%| F|  |TAMS 0x0000000085700000, 0x0000000085700000| Untracked 
|   8|0x0000000085800000, 0x0000000085800000, 0x0000000085900000|  0%| F|  |TAMS 0x0000000085800000, 0x0000000085800000| Untracked 
|   9|0x0000000085900000, 0x0000000085900000, 0x0000000085a00000|  0%| F|  |TAMS 0x0000000085900000, 0x0000000085900000| Untracked 
|  10|0x0000000085a00000, 0x0000000085a00000, 0x0000000085b00000|  0%| F|  |TAMS 0x0000000085a00000, 0x0000000085a00000| Untracked 
|  11|0x0000000085b00000, 0x0000000085b00000, 0x0000000085c00000|  0%| F|  |TAMS 0x0000000085b00000, 0x0000000085b00000| Untracked 
|  12|0x0000000085c00000, 0x0000000085c00000, 0x0000000085d00000|  0%| F|  |TAMS 0x0000000085c00000, 0x0000000085c00000| Untracked 
|  13|0x0000000085d00000, 0x0000000085d00000, 0x0000000085e00000|  0%| F|  |TAMS 0x0000000085d00000, 0x0000000085d00000| Untracked 
|  14|0x0000000085e00000, 0x0000000085e00000, 0x0000000085f00000|  0%| F|  |TAMS 0x0000000085e00000, 0x0000000085e00000| Untracked 
|  15|0x0000000085f00000, 0x0000000085f00000, 0x0000000086000000|  0%| F|  |TAMS 0x0000000085f00000, 0x0000000085f00000| Untracked 
|  16|0x0000000086000000, 0x0000000086000000, 0x0000000086100000|  0%| F|  |TAMS 0x0000000086000000, 0x0000000086000000| Untracked 
|  17|0x0000000086100000, 0x0000000086100000, 0x0000000086200000|  0%| F|  |TAMS 0x0000000086100000, 0x0000000086100000| Untracked 
|  18|0x0000000086200000, 0x0000000086200000, 0x0000000086300000|  0%| F|  |TAMS 0x0000000086200000, 0x0000000086200000| Untracked 
|  19|0x0000000086300000, 0x0000000086300000, 0x0000000086400000|  0%| F|  |TAMS 0x0000000086300000, 0x0000000086300000| Untracked 
|  20|0x0000000086400000, 0x0000000086400000, 0x0000000086500000|  0%| F|  |TAMS 0x0000000086400000, 0x0000000086400000| Untracked 
|  21|0x0000000086500000, 0x0000000086500000, 0x0000000086600000|  0%| F|  |TAMS 0x0000000086500000, 0x0000000086500000| Untracked 
|  22|0x0000000086600000, 0x0000000086600000, 0x0000000086700000|  0%| F|  |TAMS 0x0000000086600000, 0x0000000086600000| Untracked 
|  23|0x0000000086700000, 0x0000000086700000, 0x0000000086800000|  0%| F|  |TAMS 0x0000000086700000, 0x0000000086700000| Untracked 
|  24|0x0000000086800000, 0x0000000086800000, 0x0000000086900000|  0%| F|  |TAMS 0x0000000086800000, 0x0000000086800000| Untracked 
|  25|0x0000000086900000, 0x0000000086900000, 0x0000000086a00000|  0%| F|  |TAMS 0x0000000086900000, 0x0000000086900000| Untracked 
|  26|0x0000000086a00000, 0x0000000086a00000, 0x0000000086b00000|  0%| F|  |TAMS 0x0000000086a00000, 0x0000000086a00000| Untracked 
|  27|0x0000000086b00000, 0x0000000086b00000, 0x0000000086c00000|  0%| F|  |TAMS 0x0000000086b00000, 0x0000000086b00000| Untracked 
|  28|0x0000000086c00000, 0x0000000086c00000, 0x0000000086d00000|  0%| F|  |TAMS 0x0000000086c00000, 0x0000000086c00000| Untracked 
|  29|0x0000000086d00000, 0x0000000086d00000, 0x0000000086e00000|  0%| F|  |TAMS 0x0000000086d00000, 0x0000000086d00000| Untracked 
|  30|0x0000000086e00000, 0x0000000086e00000, 0x0000000086f00000|  0%| F|  |TAMS 0x0000000086e00000, 0x0000000086e00000| Untracked 
|  31|0x0000000086f00000, 0x0000000086f00000, 0x0000000087000000|  0%| F|  |TAMS 0x0000000086f00000, 0x0000000086f00000| Untracked 
|  32|0x0000000087000000, 0x0000000087000000, 0x0000000087100000|  0%| F|  |TAMS 0x0000000087000000, 0x0000000087000000| Untracked 
|  33|0x0000000087100000, 0x0000000087100000, 0x0000000087200000|  0%| F|  |TAMS 0x0000000087100000, 0x0000000087100000| Untracked 
|  34|0x0000000087200000, 0x0000000087200000, 0x0000000087300000|  0%| F|  |TAMS 0x0000000087200000, 0x0000000087200000| Untracked 
|  35|0x0000000087300000, 0x0000000087300000, 0x0000000087400000|  0%| F|  |TAMS 0x0000000087300000, 0x0000000087300000| Untracked 
|  36|0x0000000087400000, 0x0000000087400000, 0x0000000087500000|  0%| F|  |TAMS 0x0000000087400000, 0x0000000087400000| Untracked 
|  37|0x0000000087500000, 0x0000000087500000, 0x0000000087600000|  0%| F|  |TAMS 0x0000000087500000, 0x0000000087500000| Untracked 
|  38|0x0000000087600000, 0x0000000087600000, 0x0000000087700000|  0%| F|  |TAMS 0x0000000087600000, 0x0000000087600000| Untracked 
|  39|0x0000000087700000, 0x0000000087700000, 0x0000000087800000|  0%| F|  |TAMS 0x0000000087700000, 0x0000000087700000| Untracked 
|  40|0x0000000087800000, 0x0000000087800000, 0x0000000087900000|  0%| F|  |TAMS 0x0000000087800000, 0x0000000087800000| Untracked 
|  41|0x0000000087900000, 0x0000000087900000, 0x0000000087a00000|  0%| F|  |TAMS 0x0000000087900000, 0x0000000087900000| Untracked 
|  42|0x0000000087a00000, 0x0000000087a00000, 0x0000000087b00000|  0%| F|  |TAMS 0x0000000087a00000, 0x0000000087a00000| Untracked 
|  43|0x0000000087b00000, 0x0000000087b00000, 0x0000000087c00000|  0%| F|  |TAMS 0x0000000087b00000, 0x0000000087b00000| Untracked 
|  44|0x0000000087c00000, 0x0000000087c00000, 0x0000000087d00000|  0%| F|  |TAMS 0x0000000087c00000, 0x0000000087c00000| Untracked 
|  45|0x0000000087d00000, 0x0000000087d00000, 0x0000000087e00000|  0%| F|  |TAMS 0x0000000087d00000, 0x0000000087d00000| Untracked 
|  46|0x0000000087e00000, 0x0000000087e00000, 0x0000000087f00000|  0%| F|  |TAMS 0x0000000087e00000, 0x0000000087e00000| Untracked 
|  47|0x0000000087f00000, 0x0000000087f00000, 0x0000000088000000|  0%| F|  |TAMS 0x0000000087f00000, 0x0000000087f00000| Untracked 
|  48|0x0000000088000000, 0x0000000088000000, 0x0000000088100000|  0%| F|  |TAMS 0x0000000088000000, 0x0000000088000000| Untracked 
|  49|0x0000000088100000, 0x0000000088100000, 0x0000000088200000|  0%| F|  |TAMS 0x0000000088100000, 0x0000000088100000| Untracked 
|  50|0x0000000088200000, 0x0000000088200000, 0x0000000088300000|  0%| F|  |TAMS 0x0000000088200000, 0x0000000088200000| Untracked 
|  51|0x0000000088300000, 0x0000000088300000, 0x0000000088400000|  0%| F|  |TAMS 0x0000000088300000, 0x0000000088300000| Untracked 
|  52|0x0000000088400000, 0x0000000088400000, 0x0000000088500000|  0%| F|  |TAMS 0x0000000088400000, 0x0000000088400000| Untracked 
|  53|0x0000000088500000, 0x0000000088500000, 0x0000000088600000|  0%| F|  |TAMS 0x0000000088500000, 0x0000000088500000| Untracked 
|  54|0x0000000088600000, 0x0000000088600000, 0x0000000088700000|  0%| F|  |TAMS 0x0000000088600000, 0x0000000088600000| Untracked 
|  55|0x0000000088700000, 0x0000000088700000, 0x0000000088800000|  0%| F|  |TAMS 0x0000000088700000, 0x0000000088700000| Untracked 
|  56|0x0000000088800000, 0x0000000088800000, 0x0000000088900000|  0%| F|  |TAMS 0x0000000088800000, 0x0000000088800000| Untracked 
|  57|0x0000000088900000, 0x00000000889584f0, 0x0000000088a00000| 34%| S|CS|TAMS 0x0000000088900000, 0x0000000088900000| Complete 
|  58|0x0000000088a00000, 0x0000000088b00000, 0x0000000088b00000|100%| S|CS|TAMS 0x0000000088a00000, 0x0000000088a00000| Complete 
|  59|0x0000000088b00000, 0x0000000088c00000, 0x0000000088c00000|100%| S|CS|TAMS 0x0000000088b00000, 0x0000000088b00000| Complete 
|  60|0x0000000088c00000, 0x0000000088d00000, 0x0000000088d00000|100%| S|CS|TAMS 0x0000000088c00000, 0x0000000088c00000| Complete 
|  61|0x0000000088d00000, 0x0000000088e00000, 0x0000000088e00000|100%| S|CS|TAMS 0x0000000088d00000, 0x0000000088d00000| Complete 
|  62|0x0000000088e00000, 0x0000000088f00000, 0x0000000088f00000|100%| S|CS|TAMS 0x0000000088e00000, 0x0000000088e00000| Complete 
|  63|0x0000000088f00000, 0x0000000089000000, 0x0000000089000000|100%| S|CS|TAMS 0x0000000088f00000, 0x0000000088f00000| Complete 
|  64|0x0000000089000000, 0x0000000089100000, 0x0000000089100000|100%| S|CS|TAMS 0x0000000089000000, 0x0000000089000000| Complete 
|  65|0x0000000089100000, 0x0000000089200000, 0x0000000089200000|100%| S|CS|TAMS 0x0000000089100000, 0x0000000089100000| Complete 
|  66|0x0000000089200000, 0x0000000089300000, 0x0000000089300000|100%| S|CS|TAMS 0x0000000089200000, 0x0000000089200000| Complete 
|  67|0x0000000089300000, 0x0000000089400000, 0x0000000089400000|100%| S|CS|TAMS 0x0000000089300000, 0x0000000089300000| Complete 
|  68|0x0000000089400000, 0x0000000089400000, 0x0000000089500000|  0%| F|  |TAMS 0x0000000089400000, 0x0000000089400000| Untracked 
|  69|0x0000000089500000, 0x0000000089500000, 0x0000000089600000|  0%| F|  |TAMS 0x0000000089500000, 0x0000000089500000| Untracked 
|  70|0x0000000089600000, 0x0000000089600000, 0x0000000089700000|  0%| F|  |TAMS 0x0000000089600000, 0x0000000089600000| Untracked 
|  71|0x0000000089700000, 0x0000000089700000, 0x0000000089800000|  0%| F|  |TAMS 0x0000000089700000, 0x0000000089700000| Untracked 
|  72|0x0000000089800000, 0x0000000089800000, 0x0000000089900000|  0%| F|  |TAMS 0x0000000089800000, 0x0000000089800000| Untracked 
|  73|0x0000000089900000, 0x0000000089900000, 0x0000000089a00000|  0%| F|  |TAMS 0x0000000089900000, 0x0000000089900000| Untracked 
|  74|0x0000000089a00000, 0x0000000089a00000, 0x0000000089b00000|  0%| F|  |TAMS 0x0000000089a00000, 0x0000000089a00000| Untracked 
|  75|0x0000000089b00000, 0x0000000089b00000, 0x0000000089c00000|  0%| F|  |TAMS 0x0000000089b00000, 0x0000000089b00000| Untracked 
|  76|0x0000000089c00000, 0x0000000089c00000, 0x0000000089d00000|  0%| F|  |TAMS 0x0000000089c00000, 0x0000000089c00000| Untracked 
|  77|0x0000000089d00000, 0x0000000089d00000, 0x0000000089e00000|  0%| F|  |TAMS 0x0000000089d00000, 0x0000000089d00000| Untracked 
|  78|0x0000000089e00000, 0x0000000089e00000, 0x0000000089f00000|  0%| F|  |TAMS 0x0000000089e00000, 0x0000000089e00000| Untracked 
|  79|0x0000000089f00000, 0x0000000089f00000, 0x000000008a000000|  0%| F|  |TAMS 0x0000000089f00000, 0x0000000089f00000| Untracked 
|  80|0x000000008a000000, 0x000000008a000000, 0x000000008a100000|  0%| F|  |TAMS 0x000000008a000000, 0x000000008a000000| Untracked 
|  81|0x000000008a100000, 0x000000008a100000, 0x000000008a200000|  0%| F|  |TAMS 0x000000008a100000, 0x000000008a100000| Untracked 
|  82|0x000000008a200000, 0x000000008a200000, 0x000000008a300000|  0%| F|  |TAMS 0x000000008a200000, 0x000000008a200000| Untracked 
|  83|0x000000008a300000, 0x000000008a300000, 0x000000008a400000|  0%| F|  |TAMS 0x000000008a300000, 0x000000008a300000| Untracked 
|  84|0x000000008a400000, 0x000000008a400000, 0x000000008a500000|  0%| F|  |TAMS 0x000000008a400000, 0x000000008a400000| Untracked 
|  85|0x000000008a500000, 0x000000008a500000, 0x000000008a600000|  0%| F|  |TAMS 0x000000008a500000, 0x000000008a500000| Untracked 
|  86|0x000000008a600000, 0x000000008a600000, 0x000000008a700000|  0%| F|  |TAMS 0x000000008a600000, 0x000000008a600000| Untracked 
|  87|0x000000008a700000, 0x000000008a700000, 0x000000008a800000|  0%| F|  |TAMS 0x000000008a700000, 0x000000008a700000| Untracked 
|  88|0x000000008a800000, 0x000000008a800000, 0x000000008a900000|  0%| F|  |TAMS 0x000000008a800000, 0x000000008a800000| Untracked 
|  89|0x000000008a900000, 0x000000008a900000, 0x000000008aa00000|  0%| F|  |TAMS 0x000000008a900000, 0x000000008a900000| Untracked 
|  90|0x000000008aa00000, 0x000000008aa00000, 0x000000008ab00000|  0%| F|  |TAMS 0x000000008aa00000, 0x000000008aa00000| Untracked 
|  91|0x000000008ab00000, 0x000000008ab00000, 0x000000008ac00000|  0%| F|  |TAMS 0x000000008ab00000, 0x000000008ab00000| Untracked 
|  92|0x000000008ac00000, 0x000000008ac00000, 0x000000008ad00000|  0%| F|  |TAMS 0x000000008ac00000, 0x000000008ac00000| Untracked 
|  93|0x000000008ad00000, 0x000000008ad00000, 0x000000008ae00000|  0%| F|  |TAMS 0x000000008ad00000, 0x000000008ad00000| Untracked 
|  94|0x000000008ae00000, 0x000000008ae00000, 0x000000008af00000|  0%| F|  |TAMS 0x000000008ae00000, 0x000000008ae00000| Untracked 
|  95|0x000000008af00000, 0x000000008af00000, 0x000000008b000000|  0%| F|  |TAMS 0x000000008af00000, 0x000000008af00000| Untracked 
|  96|0x000000008b000000, 0x000000008b000000, 0x000000008b100000|  0%| F|  |TAMS 0x000000008b000000, 0x000000008b000000| Untracked 
|  97|0x000000008b100000, 0x000000008b100000, 0x000000008b200000|  0%| F|  |TAMS 0x000000008b100000, 0x000000008b100000| Untracked 
|  98|0x000000008b200000, 0x000000008b200000, 0x000000008b300000|  0%| F|  |TAMS 0x000000008b200000, 0x000000008b200000| Untracked 
|  99|0x000000008b300000, 0x000000008b300000, 0x000000008b400000|  0%| F|  |TAMS 0x000000008b300000, 0x000000008b300000| Untracked 
| 100|0x000000008b400000, 0x000000008b400000, 0x000000008b500000|  0%| F|  |TAMS 0x000000008b400000, 0x000000008b400000| Untracked 
| 101|0x000000008b500000, 0x000000008b500000, 0x000000008b600000|  0%| F|  |TAMS 0x000000008b500000, 0x000000008b500000| Untracked 
| 102|0x000000008b600000, 0x000000008b600000, 0x000000008b700000|  0%| F|  |TAMS 0x000000008b600000, 0x000000008b600000| Untracked 
| 103|0x000000008b700000, 0x000000008b700000, 0x000000008b800000|  0%| F|  |TAMS 0x000000008b700000, 0x000000008b700000| Untracked 
| 104|0x000000008b800000, 0x000000008b800000, 0x000000008b900000|  0%| F|  |TAMS 0x000000008b800000, 0x000000008b800000| Untracked 
| 105|0x000000008b900000, 0x000000008b900000, 0x000000008ba00000|  0%| F|  |TAMS 0x000000008b900000, 0x000000008b900000| Untracked 
| 106|0x000000008ba00000, 0x000000008ba00000, 0x000000008bb00000|  0%| F|  |TAMS 0x000000008ba00000, 0x000000008ba00000| Untracked 
| 107|0x000000008bb00000, 0x000000008bb00000, 0x000000008bc00000|  0%| F|  |TAMS 0x000000008bb00000, 0x000000008bb00000| Untracked 
| 108|0x000000008bc00000, 0x000000008bc00000, 0x000000008bd00000|  0%| F|  |TAMS 0x000000008bc00000, 0x000000008bc00000| Untracked 
| 109|0x000000008bd00000, 0x000000008bd00000, 0x000000008be00000|  0%| F|  |TAMS 0x000000008bd00000, 0x000000008bd00000| Untracked 
| 110|0x000000008be00000, 0x000000008be00000, 0x000000008bf00000|  0%| F|  |TAMS 0x000000008be00000, 0x000000008be00000| Untracked 
| 111|0x000000008bf00000, 0x000000008bf00000, 0x000000008c000000|  0%| F|  |TAMS 0x000000008bf00000, 0x000000008bf00000| Untracked 
| 112|0x000000008c000000, 0x000000008c000000, 0x000000008c100000|  0%| F|  |TAMS 0x000000008c000000, 0x000000008c000000| Untracked 
| 113|0x000000008c100000, 0x000000008c100000, 0x000000008c200000|  0%| F|  |TAMS 0x000000008c100000, 0x000000008c100000| Untracked 
| 114|0x000000008c200000, 0x000000008c200000, 0x000000008c300000|  0%| F|  |TAMS 0x000000008c200000, 0x000000008c200000| Untracked 
| 115|0x000000008c300000, 0x000000008c300000, 0x000000008c400000|  0%| F|  |TAMS 0x000000008c300000, 0x000000008c300000| Untracked 
| 116|0x000000008c400000, 0x000000008c400000, 0x000000008c500000|  0%| F|  |TAMS 0x000000008c400000, 0x000000008c400000| Untracked 
| 117|0x000000008c500000, 0x000000008c500000, 0x000000008c600000|  0%| F|  |TAMS 0x000000008c500000, 0x000000008c500000| Untracked 
| 118|0x000000008c600000, 0x000000008c600000, 0x000000008c700000|  0%| F|  |TAMS 0x000000008c600000, 0x000000008c600000| Untracked 
| 119|0x000000008c700000, 0x000000008c700000, 0x000000008c800000|  0%| F|  |TAMS 0x000000008c700000, 0x000000008c700000| Untracked 
| 120|0x000000008c800000, 0x000000008c883a08, 0x000000008c900000| 51%| E|  |TAMS 0x000000008c800000, 0x000000008c800000| Complete 
| 121|0x000000008c900000, 0x000000008ca00000, 0x000000008ca00000|100%| E|CS|TAMS 0x000000008c900000, 0x000000008c900000| Complete 
| 122|0x000000008ca00000, 0x000000008cb00000, 0x000000008cb00000|100%| E|CS|TAMS 0x000000008ca00000, 0x000000008ca00000| Complete 
| 123|0x000000008cb00000, 0x000000008cc00000, 0x000000008cc00000|100%| E|CS|TAMS 0x000000008cb00000, 0x000000008cb00000| Complete 
| 124|0x000000008cc00000, 0x000000008cd00000, 0x000000008cd00000|100%| E|CS|TAMS 0x000000008cc00000, 0x000000008cc00000| Complete 
| 125|0x000000008cd00000, 0x000000008ce00000, 0x000000008ce00000|100%| E|CS|TAMS 0x000000008cd00000, 0x000000008cd00000| Complete 
| 126|0x000000008ce00000, 0x000000008cf00000, 0x000000008cf00000|100%| E|CS|TAMS 0x000000008ce00000, 0x000000008ce00000| Complete 
| 127|0x000000008cf00000, 0x000000008d000000, 0x000000008d000000|100%| E|CS|TAMS 0x000000008cf00000, 0x000000008cf00000| Complete 
| 128|0x000000008d000000, 0x000000008d100000, 0x000000008d100000|100%| E|CS|TAMS 0x000000008d000000, 0x000000008d000000| Complete 
| 129|0x000000008d100000, 0x000000008d200000, 0x000000008d200000|100%| E|CS|TAMS 0x000000008d100000, 0x000000008d100000| Complete 
| 130|0x000000008d200000, 0x000000008d300000, 0x000000008d300000|100%| E|CS|TAMS 0x000000008d200000, 0x000000008d200000| Complete 
| 131|0x000000008d300000, 0x000000008d400000, 0x000000008d400000|100%| E|CS|TAMS 0x000000008d300000, 0x000000008d300000| Complete 
| 132|0x000000008d400000, 0x000000008d500000, 0x000000008d500000|100%| E|CS|TAMS 0x000000008d400000, 0x000000008d400000| Complete 
| 133|0x000000008d500000, 0x000000008d600000, 0x000000008d600000|100%| E|CS|TAMS 0x000000008d500000, 0x000000008d500000| Complete 
| 134|0x000000008d600000, 0x000000008d700000, 0x000000008d700000|100%| E|CS|TAMS 0x000000008d600000, 0x000000008d600000| Complete 
| 135|0x000000008d700000, 0x000000008d800000, 0x000000008d800000|100%| E|CS|TAMS 0x000000008d700000, 0x000000008d700000| Complete 
| 136|0x000000008d800000, 0x000000008d900000, 0x000000008d900000|100%| E|CS|TAMS 0x000000008d800000, 0x000000008d800000| Complete 
| 137|0x000000008d900000, 0x000000008da00000, 0x000000008da00000|100%| E|CS|TAMS 0x000000008d900000, 0x000000008d900000| Complete 
| 138|0x000000008da00000, 0x000000008db00000, 0x000000008db00000|100%| E|CS|TAMS 0x000000008da00000, 0x000000008da00000| Complete 
| 139|0x000000008db00000, 0x000000008dc00000, 0x000000008dc00000|100%| E|CS|TAMS 0x000000008db00000, 0x000000008db00000| Complete 
| 140|0x000000008dc00000, 0x000000008dd00000, 0x000000008dd00000|100%| E|CS|TAMS 0x000000008dc00000, 0x000000008dc00000| Complete 
| 141|0x000000008dd00000, 0x000000008de00000, 0x000000008de00000|100%| E|CS|TAMS 0x000000008dd00000, 0x000000008dd00000| Complete 
| 142|0x000000008de00000, 0x000000008df00000, 0x000000008df00000|100%| E|CS|TAMS 0x000000008de00000, 0x000000008de00000| Complete 
| 143|0x000000008df00000, 0x000000008e000000, 0x000000008e000000|100%| E|CS|TAMS 0x000000008df00000, 0x000000008df00000| Complete 
| 144|0x000000008e000000, 0x000000008e100000, 0x000000008e100000|100%| E|CS|TAMS 0x000000008e000000, 0x000000008e000000| Complete 
| 145|0x000000008e100000, 0x000000008e200000, 0x000000008e200000|100%| E|CS|TAMS 0x000000008e100000, 0x000000008e100000| Complete 
| 146|0x000000008e200000, 0x000000008e300000, 0x000000008e300000|100%| E|CS|TAMS 0x000000008e200000, 0x000000008e200000| Complete 
| 147|0x000000008e300000, 0x000000008e400000, 0x000000008e400000|100%| E|CS|TAMS 0x000000008e300000, 0x000000008e300000| Complete 
| 148|0x000000008e400000, 0x000000008e500000, 0x000000008e500000|100%| E|CS|TAMS 0x000000008e400000, 0x000000008e400000| Complete 
| 149|0x000000008e500000, 0x000000008e600000, 0x000000008e600000|100%| E|CS|TAMS 0x000000008e500000, 0x000000008e500000| Complete 
| 150|0x000000008e600000, 0x000000008e700000, 0x000000008e700000|100%| E|CS|TAMS 0x000000008e600000, 0x000000008e600000| Complete 
| 151|0x000000008e700000, 0x000000008e800000, 0x000000008e800000|100%| E|CS|TAMS 0x000000008e700000, 0x000000008e700000| Complete 
| 152|0x000000008e800000, 0x000000008e900000, 0x000000008e900000|100%| E|CS|TAMS 0x000000008e800000, 0x000000008e800000| Complete 
| 153|0x000000008e900000, 0x000000008ea00000, 0x000000008ea00000|100%| E|CS|TAMS 0x000000008e900000, 0x000000008e900000| Complete 
| 154|0x000000008ea00000, 0x000000008eb00000, 0x000000008eb00000|100%| E|CS|TAMS 0x000000008ea00000, 0x000000008ea00000| Complete 
| 155|0x000000008eb00000, 0x000000008ec00000, 0x000000008ec00000|100%| E|CS|TAMS 0x000000008eb00000, 0x000000008eb00000| Complete 
| 156|0x000000008ec00000, 0x000000008ed00000, 0x000000008ed00000|100%| E|CS|TAMS 0x000000008ec00000, 0x000000008ec00000| Complete 
| 157|0x000000008ed00000, 0x000000008ee00000, 0x000000008ee00000|100%| E|CS|TAMS 0x000000008ed00000, 0x000000008ed00000| Complete 
| 158|0x000000008ee00000, 0x000000008ef00000, 0x000000008ef00000|100%| E|CS|TAMS 0x000000008ee00000, 0x000000008ee00000| Complete 
| 159|0x000000008ef00000, 0x000000008f000000, 0x000000008f000000|100%| E|CS|TAMS 0x000000008ef00000, 0x000000008ef00000| Complete 
| 160|0x000000008f000000, 0x000000008f100000, 0x000000008f100000|100%| E|CS|TAMS 0x000000008f000000, 0x000000008f000000| Complete 
| 161|0x000000008f100000, 0x000000008f200000, 0x000000008f200000|100%| E|CS|TAMS 0x000000008f100000, 0x000000008f100000| Complete 
| 162|0x000000008f200000, 0x000000008f300000, 0x000000008f300000|100%| E|CS|TAMS 0x000000008f200000, 0x000000008f200000| Complete 
| 163|0x000000008f300000, 0x000000008f400000, 0x000000008f400000|100%| E|CS|TAMS 0x000000008f300000, 0x000000008f300000| Complete 
| 164|0x000000008f400000, 0x000000008f500000, 0x000000008f500000|100%| E|CS|TAMS 0x000000008f400000, 0x000000008f400000| Complete 
| 165|0x000000008f500000, 0x000000008f600000, 0x000000008f600000|100%| E|CS|TAMS 0x000000008f500000, 0x000000008f500000| Complete 
| 166|0x000000008f600000, 0x000000008f700000, 0x000000008f700000|100%| E|CS|TAMS 0x000000008f600000, 0x000000008f600000| Complete 
| 167|0x000000008f700000, 0x000000008f800000, 0x000000008f800000|100%| E|CS|TAMS 0x000000008f700000, 0x000000008f700000| Complete 
| 168|0x000000008f800000, 0x000000008f900000, 0x000000008f900000|100%| E|CS|TAMS 0x000000008f800000, 0x000000008f800000| Complete 
| 169|0x000000008f900000, 0x000000008fa00000, 0x000000008fa00000|100%| E|CS|TAMS 0x000000008f900000, 0x000000008f900000| Complete 
| 170|0x000000008fa00000, 0x000000008fb00000, 0x000000008fb00000|100%| E|CS|TAMS 0x000000008fa00000, 0x000000008fa00000| Complete 
|1966|0x00000000ffe00000, 0x00000000ffe47000, 0x00000000fff00000| 27%|OA|  |TAMS 0x00000000ffe47000, 0x00000000ffe00000| Untracked 
|1967|0x00000000fff00000, 0x00000000fff6b000, 0x0000000100000000| 41%|CA|  |TAMS 0x00000000fff6b000, 0x00000000fff00000| Untracked 

Card table byte_map: [0x00007f6d6b850000,0x00007f6d6bc28000] _byte_map_base: 0x00007f6d6b428000

Marking Bits (Prev, Next): (CMBitMap*) 0x00007f6d88056ee8, (CMBitMap*) 0x00007f6d88056f20
 Prev Bits: [0x00007f6d695b8000, 0x00007f6d6b478000)
 Next Bits: [0x00007f6d676f8000, 0x00007f6d695b8000)

Polling page: 0x00007f6d8dfa3000

Metaspace:

Usage:
  Non-class:     42,44 MB capacity,    41,63 MB ( 98%) used,   667,59 KB (  2%) free+waste,   163,19 KB ( <1%) overhead. 
      Class:      6,59 MB capacity,     6,08 MB ( 92%) used,   446,08 KB (  7%) free+waste,    77,31 KB (  1%) overhead. 
       Both:     49,03 MB capacity,    47,71 MB ( 97%) used,     1,09 MB (  2%) free+waste,   240,50 KB ( <1%) overhead. 

Virtual space:
  Non-class space:       44,00 MB reserved,      42,75 MB ( 97%) committed 
      Class space:        1,00 GB reserved,       6,62 MB ( <1%) committed 
             Both:        1,04 GB reserved,      49,38 MB (  5%) committed 

Chunk freelists:
   Non-Class:  96,00 KB
       Class:  1,00 KB
        Both:  97,00 KB

MaxMetaspaceSize: unlimited
CompressedClassSpaceSize: 1,00 GB

CodeHeap 'non-profiled nmethods': size=120032Kb used=2488Kb max_used=2488Kb free=117544Kb
 bounds [0x00007f6d78340000, 0x00007f6d785b0000, 0x00007f6d7f878000]
CodeHeap 'profiled nmethods': size=120028Kb used=9215Kb max_used=9215Kb free=110812Kb
 bounds [0x00007f6d70e09000, 0x00007f6d71709000, 0x00007f6d78340000]
CodeHeap 'non-nmethods': size=5700Kb used=1207Kb max_used=1242Kb free=4492Kb
 bounds [0x00007f6d70878000, 0x00007f6d70ae8000, 0x00007f6d70e09000]
 total_blobs=5217 nmethods=4637 adapters=492
 compilation: enabled
              stopped_count=0, restarted_count=0
 full_count=0

Compilation events (20 events):
Event: 12,823 Thread 0x00007f6d88196800 nmethod 4748 0x00007f6d71705b10 code [0x00007f6d71705d00, 0x00007f6d71706190]
Event: 12,823 Thread 0x00007f6d88196800 4749       3       java.util.regex.Pattern::nextEscaped (19 bytes)
Event: 12,823 Thread 0x00007f6d88196800 nmethod 4749 0x00007f6d71706390 code [0x00007f6d71706540, 0x00007f6d71706690]
Event: 12,830 Thread 0x00007f6d88196800 4752       1       org.springframework.util.MimeType::getType (5 bytes)
Event: 12,831 Thread 0x00007f6d88196800 nmethod 4752 0x00007f6d785a7010 code [0x00007f6d785a71c0, 0x00007f6d785a7290]
Event: 12,831 Thread 0x00007f6d88196800 4753       1       org.springframework.util.MimeType::getSubtype (5 bytes)
Event: 12,831 Thread 0x00007f6d88196800 nmethod 4753 0x00007f6d785a7310 code [0x00007f6d785a74c0, 0x00007f6d785a7590]
Event: 12,831 Thread 0x00007f6d88196800 4754       2       org.springframework.util.MimeType::isWildcardType (10 bytes)
Event: 12,831 Thread 0x00007f6d88196800 nmethod 4754 0x00007f6d71706790 code [0x00007f6d71706940, 0x00007f6d71706a80]
Event: 12,838 Thread 0x00007f6d88196800 4756       1       org.apache.tomcat.util.http.MimeHeaderField::getName (5 bytes)
Event: 12,838 Thread 0x00007f6d88196800 nmethod 4756 0x00007f6d785a7610 code [0x00007f6d785a77c0, 0x00007f6d785a7890]
Event: 12,839 Thread 0x00007f6d88196800 4757       2       java.util.Calendar::complete (40 bytes)
Event: 12,839 Thread 0x00007f6d88196800 nmethod 4757 0x00007f6d71706b10 code [0x00007f6d71706ce0, 0x00007f6d71706e90]
Event: 12,845 Thread 0x00007f6d88196800 4758       2       java.lang.invoke.MethodHandles::identity (87 bytes)
Event: 12,847 Thread 0x00007f6d88196800 nmethod 4758 0x00007f6d71706f90 code [0x00007f6d71707280, 0x00007f6d71708200]
Event: 12,848 Thread 0x00007f6d88196800 4759       2       java.util.HashMap::clear (50 bytes)
Event: 12,848 Thread 0x00007f6d88196800 nmethod 4759 0x00007f6d71708a10 code [0x00007f6d71708bc0, 0x00007f6d71708d90]
Event: 12,947 Thread 0x00007f6d88194800 nmethod 4736 0x00007f6d785a7910 code [0x00007f6d785a7c80, 0x00007f6d785aa220]
Event: 12,947 Thread 0x00007f6d88194800 4755       4       java.util.Properties$LineReader::readLine (635 bytes)
Event: 13,011 Thread 0x00007f6d88194800 nmethod 4755 0x00007f6d785ab910 code [0x00007f6d785abb80, 0x00007f6d785ad2b0]

GC Heap History (16 events):
Event: 0,431 GC heap before
{Heap before GC invocations=0 (full 0):
 garbage-first heap   total 129024K, used 25288K [0x0000000085000000, 0x0000000100000000)
  region size 1024K, 24 young (24576K), 0 survivors (0K)
 Metaspace       used 1815K, capacity 5271K, committed 5376K, reserved 1056768K
  class space    used 168K, capacity 483K, committed 512K, reserved 1048576K
}
Event: 0,445 GC heap after
{Heap after GC invocations=1 (full 0):
 garbage-first heap   total 129024K, used 2240K [0x0000000085000000, 0x0000000100000000)
  region size 1024K, 2 young (2048K), 2 survivors (2048K)
 Metaspace       used 1815K, capacity 5271K, committed 5376K, reserved 1056768K
  class space    used 168K, capacity 483K, committed 512K, reserved 1048576K
}
Event: 1,510 GC heap before
{Heap before GC invocations=1 (full 0):
 garbage-first heap   total 129024K, used 74944K [0x0000000085000000, 0x0000000100000000)
  region size 1024K, 74 young (75776K), 2 survivors (2048K)
 Metaspace       used 8293K, capacity 9578K, committed 9728K, reserved 1058816K
  class space    used 1032K, capacity 1232K, committed 1280K, reserved 1048576K
}
Event: 1,527 GC heap after
{Heap after GC invocations=2 (full 0):
 garbage-first heap   total 129024K, used 4808K [0x0000000085000000, 0x0000000100000000)
  region size 1024K, 4 young (4096K), 4 survivors (4096K)
 Metaspace       used 8293K, capacity 9578K, committed 9728K, reserved 1058816K
  class space    used 1032K, capacity 1232K, committed 1280K, reserved 1048576K
}
Event: 1,984 GC heap before
{Heap before GC invocations=2 (full 0):
 garbage-first heap   total 129024K, used 75464K [0x0000000085000000, 0x0000000100000000)
  region size 1024K, 74 young (75776K), 4 survivors (4096K)
 Metaspace       used 14264K, capacity 14843K, committed 15104K, reserved 1062912K
  class space    used 1748K, capacity 1950K, committed 2048K, reserved 1048576K
}
Event: 1,999 GC heap after
{Heap after GC invocations=3 (full 0):
 garbage-first heap   total 129024K, used 5990K [0x0000000085000000, 0x0000000100000000)
  region size 1024K, 6 young (6144K), 6 survivors (6144K)
 Metaspace       used 14264K, capacity 14843K, committed 15104K, reserved 1062912K
  class space    used 1748K, capacity 1950K, committed 2048K, reserved 1048576K
}
Event: 2,746 GC heap before
{Heap before GC invocations=3 (full 0):
 garbage-first heap   total 129024K, used 75622K [0x0000000085000000, 0x0000000100000000)
  region size 1024K, 74 young (75776K), 6 survivors (6144K)
 Metaspace       used 17433K, capacity 18143K, committed 18304K, reserved 1064960K
  class space    used 2133K, capacity 2428K, committed 2432K, reserved 1048576K
}
Event: 2,763 GC heap after
{Heap after GC invocations=4 (full 0):
 garbage-first heap   total 129024K, used 7452K [0x0000000085000000, 0x0000000100000000)
  region size 1024K, 7 young (7168K), 7 survivors (7168K)
 Metaspace       used 17433K, capacity 18143K, committed 18304K, reserved 1064960K
  class space    used 2133K, capacity 2428K, committed 2432K, reserved 1048576K
}
Event: 3,384 GC heap before
{Heap before GC invocations=4 (full 0):
 garbage-first heap   total 129024K, used 40220K [0x0000000085000000, 0x0000000100000000)
  region size 1024K, 40 young (40960K), 7 survivors (7168K)
 Metaspace       used 20413K, capacity 21168K, committed 21248K, reserved 1067008K
  class space    used 2517K, capacity 2812K, committed 2816K, reserved 1048576K
}
Event: 3,413 GC heap after
{Heap after GC invocations=5 (full 0):
 garbage-first heap   total 177152K, used 8340K [0x0000000085000000, 0x0000000100000000)
  region size 1024K, 4 young (4096K), 4 survivors (4096K)
 Metaspace       used 20413K, capacity 21168K, committed 21248K, reserved 1067008K
  class space    used 2517K, capacity 2812K, committed 2816K, reserved 1048576K
}
Event: 5,039 GC heap before
{Heap before GC invocations=6 (full 0):
 garbage-first heap   total 177152K, used 104596K [0x0000000085000000, 0x0000000100000000)
  region size 1024K, 98 young (100352K), 4 survivors (4096K)
 Metaspace       used 29264K, capacity 30362K, committed 30464K, reserved 1075200K
  class space    used 3678K, capacity 4096K, committed 4096K, reserved 1048576K
}
Event: 5,055 GC heap after
{Heap after GC invocations=7 (full 0):
 garbage-first heap   total 177152K, used 11939K [0x0000000085000000, 0x0000000100000000)
  region size 1024K, 8 young (8192K), 8 survivors (8192K)
 Metaspace       used 29264K, capacity 30362K, committed 30464K, reserved 1075200K
  class space    used 3678K, capacity 4096K, committed 4096K, reserved 1048576K
}
Event: 5,710 GC heap before
{Heap before GC invocations=7 (full 0):
 garbage-first heap   total 177152K, used 65187K [0x0000000085000000, 0x0000000100000000)
  region size 1024K, 61 young (62464K), 8 survivors (8192K)
 Metaspace       used 34454K, capacity 35501K, committed 35840K, reserved 1081344K
  class space    used 4450K, capacity 4870K, committed 4992K, reserved 1048576K
}
Event: 5,734 GC heap after
{Heap after GC invocations=8 (full 0):
 garbage-first heap   total 177152K, used 13392K [0x0000000085000000, 0x0000000100000000)
  region size 1024K, 8 young (8192K), 8 survivors (8192K)
 Metaspace       used 34454K, capacity 35501K, committed 35840K, reserved 1081344K
  class space    used 4450K, capacity 4870K, committed 4992K, reserved 1048576K
}
Event: 7,282 GC heap before
{Heap before GC invocations=9 (full 0):
 garbage-first heap   total 177152K, used 110672K [0x0000000085000000, 0x0000000100000000)
  region size 1024K, 103 young (105472K), 8 survivors (8192K)
 Metaspace       used 44063K, capacity 45280K, committed 45568K, reserved 1089536K
  class space    used 5660K, capacity 6117K, committed 6144K, reserved 1048576K
}
Event: 7,306 GC heap after
{Heap after GC invocations=10 (full 0):
 garbage-first heap   total 177152K, used 17306K [0x0000000085000000, 0x0000000100000000)
  region size 1024K, 11 young (11264K), 11 survivors (11264K)
 Metaspace       used 44063K, capacity 45280K, committed 45568K, reserved 1089536K
  class space    used 5660K, capacity 6117K, committed 6144K, reserved 1048576K
}

Deoptimization events (20 events):
Event: 7,784 Thread 0x00007f6d88016000 Uncommon trap: trap_request=0xffffff4d fr.pc=0x00007f6d78489d0c relative=0x000000000000006c
Event: 7,784 Thread 0x00007f6d88016000 Uncommon trap: reason=unstable_if action=reinterpret pc=0x00007f6d78489d0c method=org.springframework.util.ConcurrentReferenceHashMap$Segment.clear()V @ 7 c2
Event: 7,784 Thread 0x00007f6d88016000 DEOPT PACKING pc=0x00007f6d78489d0c sp=0x00007f6d8c76d940
Event: 7,784 Thread 0x00007f6d88016000 DEOPT UNPACKING pc=0x00007f6d7089d925 sp=0x00007f6d8c76d8f0 mode 2
Event: 12,778 Thread 0x00007f6d88a1d800 Uncommon trap: trap_request=0xffffff7e fr.pc=0x00007f6d78587f40 relative=0x0000000000000380
Event: 12,778 Thread 0x00007f6d88a1d800 Uncommon trap: reason=predicate action=maybe_recompile pc=0x00007f6d78587f40 method=java.util.AbstractCollection.toArray([Ljava/lang/Object;)[Ljava/lang/Object; @ 43 c2
Event: 12,778 Thread 0x00007f6d88a1d800 DEOPT PACKING pc=0x00007f6d78587f40 sp=0x00007f6d4446cb50
Event: 12,778 Thread 0x00007f6d88a1d800 DEOPT UNPACKING pc=0x00007f6d7089d925 sp=0x00007f6d4446cb08 mode 2
Event: 14,431 Thread 0x00007f6d8936c000 Uncommon trap: trap_request=0xffffffd6 fr.pc=0x00007f6d785a6bd0 relative=0x0000000000000370
Event: 14,431 Thread 0x00007f6d8936c000 Uncommon trap: reason=array_check action=maybe_recompile pc=0x00007f6d785a6bd0 method=java.util.AbstractCollection.toArray([Ljava/lang/Object;)[Ljava/lang/Object; @ 116 c2
Event: 14,431 Thread 0x00007f6d8936c000 DEOPT PACKING pc=0x00007f6d785a6bd0 sp=0x00007f6d4697e560
Event: 14,431 Thread 0x00007f6d8936c000 DEOPT UNPACKING pc=0x00007f6d7089d925 sp=0x00007f6d4697e510 mode 2
Event: 14,431 Thread 0x00007f6d8936c000 Uncommon trap: trap_request=0xffffffd6 fr.pc=0x00007f6d785a6bd0 relative=0x0000000000000370
Event: 14,431 Thread 0x00007f6d8936c000 Uncommon trap: reason=array_check action=maybe_recompile pc=0x00007f6d785a6bd0 method=java.util.AbstractCollection.toArray([Ljava/lang/Object;)[Ljava/lang/Object; @ 116 c2
Event: 14,431 Thread 0x00007f6d8936c000 DEOPT PACKING pc=0x00007f6d785a6bd0 sp=0x00007f6d4697e4c0
Event: 14,431 Thread 0x00007f6d8936c000 DEOPT UNPACKING pc=0x00007f6d7089d925 sp=0x00007f6d4697e470 mode 2
Event: 14,433 Thread 0x00007f6d8936c000 Uncommon trap: trap_request=0xffffffd6 fr.pc=0x00007f6d785a6bd0 relative=0x0000000000000370
Event: 14,433 Thread 0x00007f6d8936c000 Uncommon trap: reason=array_check action=maybe_recompile pc=0x00007f6d785a6bd0 method=java.util.AbstractCollection.toArray([Ljava/lang/Object;)[Ljava/lang/Object; @ 116 c2
Event: 14,433 Thread 0x00007f6d8936c000 DEOPT PACKING pc=0x00007f6d785a6bd0 sp=0x00007f6d4697e420
Event: 14,433 Thread 0x00007f6d8936c000 DEOPT UNPACKING pc=0x00007f6d7089d925 sp=0x00007f6d4697e3d0 mode 2

Classes redefined (0 events):
No events

Internal exceptions (20 events):
Event: 6,432 Thread 0x00007f6d88016000 Exception <a 'java/lang/NoSuchMethodError'{0x000000008e4fab20}: 'java.lang.Object java.lang.invoke.DirectMethodHandle$Holder.invokeStaticInit(java.lang.Object, java.lang.Object, java.lang.Object, java.lang.Object)'> (0x000000008e4fab20) thrown at [src/hotspot/share/interpreter/linkResolver.cpp, line 772]
Event: 6,656 Thread 0x00007f6d88016000 Exception <a 'java/lang/NoSuchMethodError'{0x000000008cc138a0}: 'java.lang.Object java.lang.invoke.DirectMethodHandle$Holder.newInvokeSpecial(java.lang.Object, java.lang.Object, int, java.lang.Object, java.lang.Object)'> (0x000000008cc138a0) thrown at [src/hotspot/share/interpreter/linkResolver.cpp, line 772]
Event: 6,838 Thread 0x00007f6d88016000 Exception <a 'java/lang/NoSuchMethodError'{0x000000008afe4858}: 'void java.lang.invoke.DirectMethodHandle$Holder.invokeInterface(java.lang.Object, java.lang.Object)'> (0x000000008afe4858) thrown at [src/hotspot/share/interpreter/linkResolver.cpp, line 772]
Event: 7,034 Thread 0x00007f6d88016000 Exception <a 'java/lang/ClassNotFoundException'{0x000000008a254448}: java/lang/ObjectCustomizer> (0x000000008a254448) thrown at [src/hotspot/share/classfile/systemDictionary.cpp, line 231]
Event: 7,035 Thread 0x00007f6d88016000 Exception <a 'java/lang/ClassNotFoundException'{0x000000008a27a2d0}: org/springframework/web/servlet/config/annotation/WebMvcConfigurationSupportCustomizer> (0x000000008a27a2d0) thrown at [src/hotspot/share/classfile/systemDictionary.cpp, line 231]
Event: 7,037 Thread 0x00007f6d88016000 Exception <a 'java/lang/ClassNotFoundException'{0x000000008a2acc58}: org/springframework/web/servlet/config/annotation/DelegatingWebMvcConfigurationCustomizer> (0x000000008a2acc58) thrown at [src/hotspot/share/classfile/systemDictionary.cpp, line 231]
Event: 7,039 Thread 0x00007f6d88016000 Exception <a 'java/lang/ClassNotFoundException'{0x000000008a2d7200}: org/springframework/boot/autoconfigure/web/servlet/WebMvcAutoConfiguration$EnableWebMvcConfigurationCustomizer> (0x000000008a2d7200) thrown at [src/hotspot/share/classfile/systemDictionary.cpp, line 231]
Event: 7,041 Thread 0x00007f6d88016000 Exception <a 'java/lang/ClassNotFoundException'{0x000000008a105798}: org/springframework/context/ResourceLoaderAwareCustomizer> (0x000000008a105798) thrown at [src/hotspot/share/classfile/systemDictionary.cpp, line 231]
Event: 7,042 Thread 0x00007f6d88016000 Exception <a 'java/lang/ClassNotFoundException'{0x000000008a123fd8}: org/springframework/beans/factory/AwareCustomizer> (0x000000008a123fd8) thrown at [src/hotspot/share/classfile/systemDictionary.cpp, line 231]
Event: 7,043 Thread 0x00007f6d88016000 Exception <a 'java/lang/ClassNotFoundException'{0x000000008a143558}: org/springframework/context/ApplicationContextAwareCustomizer> (0x000000008a143558) thrown at [src/hotspot/share/classfile/systemDictionary.cpp, line 231]
Event: 7,044 Thread 0x00007f6d88016000 Exception <a 'java/lang/ClassNotFoundException'{0x000000008a162728}: org/springframework/beans/factory/AwareCustomizer> (0x000000008a162728) thrown at [src/hotspot/share/classfile/systemDictionary.cpp, line 231]
Event: 7,044 Thread 0x00007f6d88016000 Exception <a 'java/lang/ClassNotFoundException'{0x000000008a181f00}: org/springframework/web/context/ServletContextAwareCustomizer> (0x000000008a181f00) thrown at [src/hotspot/share/classfile/systemDictionary.cpp, line 231]
Event: 7,045 Thread 0x00007f6d88016000 Exception <a 'java/lang/ClassNotFoundException'{0x000000008a1a0ba8}: org/springframework/beans/factory/AwareCustomizer> (0x000000008a1a0ba8) thrown at [src/hotspot/share/classfile/systemDictionary.cpp, line 231]
Event: 7,341 Thread 0x00007f6d88016000 Exception <a 'java/lang/NoSuchMethodError'{0x000000008f8d7880}: 'void java.lang.invoke.DirectMethodHandle$Holder.invokeVirtual(java.lang.Object, java.lang.Object, int)'> (0x000000008f8d7880) thrown at [src/hotspot/share/interpreter/linkResolver.cpp, line 772]
Event: 7,343 Thread 0x00007f6d88016000 Exception <a 'java/lang/NoSuchMethodError'{0x000000008f8f12f8}: 'void java.lang.invoke.DirectMethodHandle$Holder.invokeVirtual(java.lang.Object, java.lang.Object, long)'> (0x000000008f8f12f8) thrown at [src/hotspot/share/interpreter/linkResolver.cpp, line 772]
Event: 7,528 Thread 0x00007f6d88016000 Exception <a 'java/lang/IncompatibleClassChangeError'{0x000000008edd6670}: Found class java.lang.Object, but interface was expected> (0x000000008edd6670) thrown at [src/hotspot/share/interpreter/linkResolver.cpp, line 839]
Event: 7,749 Thread 0x00007f6d88016000 Exception <a 'java/lang/NoSuchMethodError'{0x000000008e4da458}: 'java.lang.Object java.lang.invoke.DirectMethodHandle$Holder.invokeSpecial(java.lang.Object, java.lang.Object, int, java.lang.Object, int, java.lang.Object)'> (0x000000008e4da458) thrown at [src/hotspot/share/interpreter/linkResolver.cpp, line 772]
Event: 7,749 Thread 0x00007f6d88016000 Exception <a 'java/lang/NoSuchMethodError'{0x000000008e4e1be8}: 'java.lang.Object java.lang.invoke.DirectMethodHandle$Holder.invokeStatic(java.lang.Object, java.lang.Object, int, java.lang.Object, int)'> (0x000000008e4e1be8) thrown at [src/hotspot/share/interpreter/linkResolver.cpp, line 772]
Event: 7,750 Thread 0x00007f6d88016000 Exception <a 'java/lang/NoSuchMethodError'{0x000000008e4e53c8}: 'java.lang.Object java.lang.invoke.DirectMethodHandle$Holder.invokeSpecial(java.lang.Object, java.lang.Object, java.lang.Object, int, java.lang.Object, int)'> (0x000000008e4e53c8) thrown at [src/hotspot/share/interpreter/linkResolver.cpp, line 772]
Event: 7,752 Thread 0x00007f6d88016000 Exception <a 'java/lang/NoSuchMethodError'{0x000000008e4f41a0}: 'void java.lang.invoke.DirectMethodHandle$Holder.invokeVirtual(java.lang.Object, java.lang.Object)'> (0x000000008e4f41a0) thrown at [src/hotspot/share/interpreter/linkResolver.cpp, line 772]

Events (20 events):
Event: 12,845 loading class java/sql/ResultSet
Event: 12,845 loading class java/sql/ResultSet done
Event: 12,845 loading class java/sql/ResultSet
Event: 12,845 loading class java/sql/ResultSet done
Event: 12,846 Executing VM operation: RevokeBias
Event: 12,846 Executing VM operation: RevokeBias done
Event: 12,848 Executing VM operation: RevokeBias
Event: 12,848 Executing VM operation: RevokeBias done
Event: 14,430 Executing VM operation: RevokeBias
Event: 14,430 Executing VM operation: RevokeBias done
Event: 14,431 Executing VM operation: RevokeBias
Event: 14,431 Executing VM operation: RevokeBias done
Event: 14,431 loading class org/apache/catalina/webresources/Cache$EvictionOrder
Event: 14,431 loading class org/apache/catalina/webresources/Cache$EvictionOrder done
Event: 14,433 Executing VM operation: RevokeBias
Event: 14,433 Executing VM operation: RevokeBias done
Event: 14,433 loading class org/apache/tomcat/PeriodicEventListener
Event: 14,433 loading class org/apache/tomcat/PeriodicEventListener done
Event: 14,434 Executing VM operation: RevokeBias
Event: 14,434 Executing VM operation: RevokeBias done


Dynamic libraries:
85000000-8fb00000 rw-p 00000000 00:00 0 
8fb00000-ffe00000 ---p 00000000 00:00 0 
ffe00000-ffe47000 rw-p 01111000 08:02 8526583                            /usr/lib/jvm/java-11-openjdk-amd64/lib/server/classes.jsa
ffe47000-fff00000 rw-p 00000000 00:00 0 
fff00000-fff6b000 rw-p 010a6000 08:02 8526583                            /usr/lib/jvm/java-11-openjdk-amd64/lib/server/classes.jsa
fff6b000-100000000 rw-p 00000000 00:00 0 
800000000-800002000 rwxp 00001000 08:02 8526583                          /usr/lib/jvm/java-11-openjdk-amd64/lib/server/classes.jsa
800002000-8003b9000 rw-p 00003000 08:02 8526583                          /usr/lib/jvm/java-11-openjdk-amd64/lib/server/classes.jsa
8003b9000-800a96000 r--p 003ba000 08:02 8526583                          /usr/lib/jvm/java-11-openjdk-amd64/lib/server/classes.jsa
800a96000-800a97000 rw-p 00a97000 08:02 8526583                          /usr/lib/jvm/java-11-openjdk-amd64/lib/server/classes.jsa
800a97000-8010a5000 r--p 00a98000 08:02 8526583                          /usr/lib/jvm/java-11-openjdk-amd64/lib/server/classes.jsa
840000000-8406a0000 rw-p 00000000 00:00 0 
8406a0000-880000000 ---p 00000000 00:00 0 
555910032000-555910033000 r--p 00000000 08:02 8519956                    /usr/lib/jvm/java-11-openjdk-amd64/bin/java
555910033000-555910034000 r-xp 00001000 08:02 8519956                    /usr/lib/jvm/java-11-openjdk-amd64/bin/java
555910034000-555910035000 r--p 00002000 08:02 8519956                    /usr/lib/jvm/java-11-openjdk-amd64/bin/java
555910035000-555910036000 r--p 00002000 08:02 8519956                    /usr/lib/jvm/java-11-openjdk-amd64/bin/java
555910036000-555910037000 rw-p 00003000 08:02 8519956                    /usr/lib/jvm/java-11-openjdk-amd64/bin/java
55591167b000-5559116ca000 rw-p 00000000 00:00 0                          [heap]
7f6cb0000000-7f6cb00d1000 rw-p 00000000 00:00 0 
7f6cb00d1000-7f6cb4000000 ---p 00000000 00:00 0 
7f6cb8000000-7f6cb8021000 rw-p 00000000 00:00 0 
7f6cb8021000-7f6cbc000000 ---p 00000000 00:00 0 
7f6cbc000000-7f6cbc021000 rw-p 00000000 00:00 0 
7f6cbc021000-7f6cc0000000 ---p 00000000 00:00 0 
7f6cc0000000-7f6cc0021000 rw-p 00000000 00:00 0 
7f6cc0021000-7f6cc4000000 ---p 00000000 00:00 0 
7f6cc4000000-7f6cc4021000 rw-p 00000000 00:00 0 
7f6cc4021000-7f6cc8000000 ---p 00000000 00:00 0 
7f6cc8000000-7f6cc8021000 rw-p 00000000 00:00 0 
7f6cc8021000-7f6ccc000000 ---p 00000000 00:00 0 
7f6ccc000000-7f6ccc021000 rw-p 00000000 00:00 0 
7f6ccc021000-7f6cd0000000 ---p 00000000 00:00 0 
7f6cd0000000-7f6cd0021000 rw-p 00000000 00:00 0 
7f6cd0021000-7f6cd4000000 ---p 00000000 00:00 0 
7f6cd73f8000-7f6cd74b8000 rw-p 00000000 00:00 0 
7f6cd74b8000-7f6cd75f8000 ---p 00000000 00:00 0 
7f6cd75f8000-7f6cd77f8000 rw-p 00000000 00:00 0 
7f6cd77f8000-7f6cd77fc000 ---p 00000000 00:00 0 
7f6cd77fc000-7f6cd78f9000 rw-p 00000000 00:00 0 
7f6cd78f9000-7f6cd78fd000 ---p 00000000 00:00 0 
7f6cd78fd000-7f6cd79fa000 rw-p 00000000 00:00 0 
7f6cd79fa000-7f6cd79fe000 ---p 00000000 00:00 0 
7f6cd79fe000-7f6cd7afb000 rw-p 00000000 00:00 0 
7f6cd7afb000-7f6cd7aff000 ---p 00000000 00:00 0 
7f6cd7aff000-7f6cd7bfc000 rw-p 00000000 00:00 0 
7f6cd7bfc000-7f6cd7c00000 ---p 00000000 00:00 0 
7f6cd7c00000-7f6cd7cfd000 rw-p 00000000 00:00 0 
7f6cd7cfd000-7f6cd7d01000 ---p 00000000 00:00 0 
7f6cd7d01000-7f6cd7dfe000 rw-p 00000000 00:00 0 
7f6cd7dfe000-7f6cd7e02000 ---p 00000000 00:00 0 
7f6cd7e02000-7f6cd7eff000 rw-p 00000000 00:00 0 
7f6cd7eff000-7f6cd7f03000 ---p 00000000 00:00 0 
7f6cd7f03000-7f6cd8000000 rw-p 00000000 00:00 0 
7f6cd8000000-7f6cd8021000 rw-p 00000000 00:00 0 
7f6cd8021000-7f6cdc000000 ---p 00000000 00:00 0 
7f6cdc000000-7f6cdc021000 rw-p 00000000 00:00 0 
7f6cdc021000-7f6ce0000000 ---p 00000000 00:00 0 
7f6ce0000000-7f6ce0434000 rw-p 00000000 00:00 0 
7f6ce0434000-7f6ce4000000 ---p 00000000 00:00 0 
7f6ce4000000-7f6ce4021000 rw-p 00000000 00:00 0 
7f6ce4021000-7f6ce8000000 ---p 00000000 00:00 0 
7f6ce8000000-7f6ce8021000 rw-p 00000000 00:00 0 
7f6ce8021000-7f6cec000000 ---p 00000000 00:00 0 
7f6cec000000-7f6cec021000 rw-p 00000000 00:00 0 
7f6cec021000-7f6cf0000000 ---p 00000000 00:00 0 
7f6cf0000000-7f6cf0021000 rw-p 00000000 00:00 0 
7f6cf0021000-7f6cf4000000 ---p 00000000 00:00 0 
7f6cf4000000-7f6cf4021000 rw-p 00000000 00:00 0 
7f6cf4021000-7f6cf8000000 ---p 00000000 00:00 0 
7f6cf8000000-7f6cf8021000 rw-p 00000000 00:00 0 
7f6cf8021000-7f6cfc000000 ---p 00000000 00:00 0 
7f6cfc000000-7f6cfc021000 rw-p 00000000 00:00 0 
7f6cfc021000-7f6d00000000 ---p 00000000 00:00 0 
7f6d00000000-7f6d00021000 rw-p 00000000 00:00 0 
7f6d00021000-7f6d04000000 ---p 00000000 00:00 0 
7f6d04000000-7f6d04021000 rw-p 00000000 00:00 0 
7f6d04021000-7f6d08000000 ---p 00000000 00:00 0 
7f6d08000000-7f6d08021000 rw-p 00000000 00:00 0 
7f6d08021000-7f6d0c000000 ---p 00000000 00:00 0 
7f6d0c000000-7f6d0c021000 rw-p 00000000 00:00 0 
7f6d0c021000-7f6d10000000 ---p 00000000 00:00 0 
7f6d10000000-7f6d10021000 rw-p 00000000 00:00 0 
7f6d10021000-7f6d14000000 ---p 00000000 00:00 0 
7f6d14000000-7f6d1407d000 rw-p 00000000 00:00 0 
7f6d1407d000-7f6d18000000 ---p 00000000 00:00 0 
7f6d18000000-7f6d18021000 rw-p 00000000 00:00 0 
7f6d18021000-7f6d1c000000 ---p 00000000 00:00 0 
7f6d1c000000-7f6d1c45b000 rw-p 00000000 00:00 0 
7f6d1c45b000-7f6d20000000 ---p 00000000 00:00 0 
7f6d20000000-7f6d2154a000 rw-p 00000000 00:00 0 
7f6d2154a000-7f6d24000000 ---p 00000000 00:00 0 
7f6d24000000-7f6d24021000 rw-p 00000000 00:00 0 
7f6d24021000-7f6d28000000 ---p 00000000 00:00 0 
7f6d28000000-7f6d28021000 rw-p 00000000 00:00 0 
7f6d28021000-7f6d2c000000 ---p 00000000 00:00 0 
7f6d2c000000-7f6d2c021000 rw-p 00000000 00:00 0 
7f6d2c021000-7f6d30000000 ---p 00000000 00:00 0 
7f6d30000000-7f6d30822000 rw-p 00000000 00:00 0 
7f6d30822000-7f6d34000000 ---p 00000000 00:00 0 
7f6d34000000-7f6d34021000 rw-p 00000000 00:00 0 
7f6d34021000-7f6d38000000 ---p 00000000 00:00 0 
7f6d38000000-7f6d38021000 rw-p 00000000 00:00 0 
7f6d38021000-7f6d3c000000 ---p 00000000 00:00 0 
7f6d3c000000-7f6d3d4a2000 rw-p 00000000 00:00 0 
7f6d3d4a2000-7f6d40000000 ---p 00000000 00:00 0 
7f6d40000000-7f6d40021000 rw-p 00000000 00:00 0 
7f6d40021000-7f6d44000000 ---p 00000000 00:00 0 
7f6d4406c000-7f6d44070000 ---p 00000000 00:00 0 
7f6d44070000-7f6d4416d000 rw-p 00000000 00:00 0 
7f6d4416d000-7f6d44171000 ---p 00000000 00:00 0 
7f6d44171000-7f6d4426e000 rw-p 00000000 00:00 0 
7f6d4426e000-7f6d44272000 ---p 00000000 00:00 0 
7f6d44272000-7f6d4436f000 rw-p 00000000 00:00 0 
7f6d4436f000-7f6d44373000 ---p 00000000 00:00 0 
7f6d44373000-7f6d44470000 rw-p 00000000 00:00 0 
7f6d44470000-7f6d44474000 ---p 00000000 00:00 0 
7f6d44474000-7f6d44771000 rw-p 00000000 00:00 0 
7f6d44771000-7f6d44971000 rw-p 00000000 00:00 0 
7f6d44971000-7f6d44975000 ---p 00000000 00:00 0 
7f6d44975000-7f6d44c72000 rw-p 00000000 00:00 0 
7f6d44c72000-7f6d44c76000 ---p 00000000 00:00 0 
7f6d44c76000-7f6d44f73000 rw-p 00000000 00:00 0 
7f6d44f73000-7f6d45173000 rw-p 00000000 00:00 0 
7f6d45173000-7f6d45373000 rw-p 00000000 00:00 0 
7f6d45373000-7f6d45573000 rw-p 00000000 00:00 0 
7f6d45573000-7f6d45574000 ---p 00000000 00:00 0 
7f6d45574000-7f6d45675000 rw-p 00000000 00:00 0 
7f6d45675000-7f6d45676000 ---p 00000000 00:00 0 
7f6d45676000-7f6d45777000 rw-p 00000000 00:00 0 
7f6d45777000-7f6d45778000 ---p 00000000 00:00 0 
7f6d45778000-7f6d45879000 rw-p 00000000 00:00 0 
7f6d45879000-7f6d4587a000 ---p 00000000 00:00 0 
7f6d4587a000-7f6d45b7b000 rw-p 00000000 00:00 0 
7f6d45b7b000-7f6d45b7f000 ---p 00000000 00:00 0 
7f6d45b7f000-7f6d45c7c000 rw-p 00000000 00:00 0 
7f6d45c7c000-7f6d45c80000 ---p 00000000 00:00 0 
7f6d45c80000-7f6d45f7d000 rw-p 00000000 00:00 0 
7f6d45f7d000-7f6d4617d000 rw-p 00000000 00:00 0 
7f6d4617d000-7f6d4617e000 ---p 00000000 00:00 0 
7f6d4617e000-7f6d4647f000 rw-p 00000000 00:00 0 
7f6d4647f000-7f6d4667f000 rw-p 00000000 00:00 0 
7f6d4667f000-7f6d4687f000 rw-p 00000000 00:00 0 
7f6d4687f000-7f6d46883000 ---p 00000000 00:00 0 
7f6d46883000-7f6d46b80000 rw-p 00000000 00:00 0 
7f6d46b80000-7f6d46d80000 rw-p 00000000 00:00 0 
7f6d46d80000-7f6d46d81000 ---p 00000000 00:00 0 
7f6d46d81000-7f6d46e82000 rw-p 00000000 00:00 0 
7f6d46e82000-7f6d46e86000 ---p 00000000 00:00 0 
7f6d46e86000-7f6d47183000 rw-p 00000000 00:00 0 
7f6d47183000-7f6d47184000 ---p 00000000 00:00 0 
7f6d47184000-7f6d47285000 rw-p 00000000 00:00 0 
7f6d47285000-7f6d47286000 ---p 00000000 00:00 0 
7f6d47286000-7f6d47387000 rw-p 00000000 00:00 0 
7f6d47387000-7f6d4738b000 ---p 00000000 00:00 0 
7f6d4738b000-7f6d47488000 rw-p 00000000 00:00 0 
7f6d47488000-7f6d4748c000 ---p 00000000 00:00 0 
7f6d4748c000-7f6d47589000 rw-p 00000000 00:00 0 
7f6d47589000-7f6d4758a000 ---p 00000000 00:00 0 
7f6d4758a000-7f6d4768b000 rw-p 00000000 00:00 0 
7f6d4768b000-7f6d4768f000 ---p 00000000 00:00 0 
7f6d4768f000-7f6d4778c000 rw-p 00000000 00:00 0 
7f6d4778c000-7f6d47790000 ---p 00000000 00:00 0 
7f6d47790000-7f6d4788d000 rw-p 00000000 00:00 0 
7f6d4788d000-7f6d47891000 ---p 00000000 00:00 0 
7f6d47891000-7f6d4798e000 rw-p 00000000 00:00 0 
7f6d4798e000-7f6d47992000 ---p 00000000 00:00 0 
7f6d47992000-7f6d47a8f000 rw-p 00000000 00:00 0 
7f6d47a8f000-7f6d48000000 r--p 00000000 08:02 8390692                    /usr/lib/locale/locale-archive
7f6d48000000-7f6d48021000 rw-p 00000000 00:00 0 
7f6d48021000-7f6d4c000000 ---p 00000000 00:00 0 
7f6d4c000000-7f6d4c021000 rw-p 00000000 00:00 0 
7f6d4c021000-7f6d50000000 ---p 00000000 00:00 0 
7f6d50000000-7f6d50021000 rw-p 00000000 00:00 0 
7f6d50021000-7f6d54000000 ---p 00000000 00:00 0 
7f6d54000000-7f6d543a2000 rw-p 00000000 00:00 0 
7f6d543a2000-7f6d58000000 ---p 00000000 00:00 0 
7f6d58000000-7f6d58021000 rw-p 00000000 00:00 0 
7f6d58021000-7f6d5c000000 ---p 00000000 00:00 0 
7f6d5c000000-7f6d5c021000 rw-p 00000000 00:00 0 
7f6d5c021000-7f6d60000000 ---p 00000000 00:00 0 
7f6d60000000-7f6d60021000 rw-p 00000000 00:00 0 
7f6d60021000-7f6d64000000 ---p 00000000 00:00 0 
7f6d6409c000-7f6d640a4000 r--p 00000000 08:02 8520875                    /usr/lib/jvm/java-11-openjdk-amd64/lib/libsunec.so
7f6d640a4000-7f6d640bd000 r-xp 00008000 08:02 8520875                    /usr/lib/jvm/java-11-openjdk-amd64/lib/libsunec.so
7f6d640bd000-7f6d640c7000 r--p 00021000 08:02 8520875                    /usr/lib/jvm/java-11-openjdk-amd64/lib/libsunec.so
7f6d640c7000-7f6d640c8000 ---p 0002b000 08:02 8520875                    /usr/lib/jvm/java-11-openjdk-amd64/lib/libsunec.so
7f6d640c8000-7f6d640cc000 r--p 0002b000 08:02 8520875                    /usr/lib/jvm/java-11-openjdk-amd64/lib/libsunec.so
7f6d640cc000-7f6d640ce000 rw-p 0002f000 08:02 8520875                    /usr/lib/jvm/java-11-openjdk-amd64/lib/libsunec.so
7f6d640ce000-7f6d640d2000 r--p 00000000 08:02 8520868                    /usr/lib/jvm/java-11-openjdk-amd64/lib/libnet.so
7f6d640d2000-7f6d640e1000 r-xp 00004000 08:02 8520868                    /usr/lib/jvm/java-11-openjdk-amd64/lib/libnet.so
7f6d640e1000-7f6d640e5000 r--p 00013000 08:02 8520868                    /usr/lib/jvm/java-11-openjdk-amd64/lib/libnet.so
7f6d640e5000-7f6d640e6000 r--p 00016000 08:02 8520868                    /usr/lib/jvm/java-11-openjdk-amd64/lib/libnet.so
7f6d640e6000-7f6d640e7000 rw-p 00017000 08:02 8520868                    /usr/lib/jvm/java-11-openjdk-amd64/lib/libnet.so
7f6d640e7000-7f6d640eb000 ---p 00000000 00:00 0 
7f6d640eb000-7f6d641e8000 rw-p 00000000 00:00 0 
7f6d641e8000-7f6d641ec000 ---p 00000000 00:00 0 
7f6d641ec000-7f6d642e9000 rw-p 00000000 00:00 0 
7f6d642e9000-7f6d642ed000 ---p 00000000 00:00 0 
7f6d642ed000-7f6d643ea000 rw-p 00000000 00:00 0 
7f6d643ea000-7f6d643eb000 ---p 00000000 00:00 0 
7f6d643eb000-7f6d64cec000 rw-p 00000000 00:00 0 
7f6d64cec000-7f6d64ced000 ---p 00000000 00:00 0 
7f6d64ced000-7f6d64dee000 rw-p 00000000 00:00 0 
7f6d64dee000-7f6d64def000 ---p 00000000 00:00 0 
7f6d64def000-7f6d679a4000 rw-p 00000000 00:00 0 
7f6d679a4000-7f6d695b0000 ---p 00000000 00:00 0 
7f6d695b0000-7f6d69864000 rw-p 00000000 00:00 0 
7f6d69864000-7f6d6b470000 ---p 00000000 00:00 0 
7f6d6b470000-7f6d6b4ce000 rw-p 00000000 00:00 0 
7f6d6b4ce000-7f6d6b84f000 ---p 00000000 00:00 0 
7f6d6b84f000-7f6d6b8a6000 rw-p 00000000 00:00 0 
7f6d6b8a6000-7f6d6bc27000 ---p 00000000 00:00 0 
7f6d6bc27000-7f6d6bc7e000 rw-p 00000000 00:00 0 
7f6d6bc7e000-7f6d6bfff000 ---p 00000000 00:00 0 
7f6d6bfff000-7f6d6c000000 rw-p 00000000 00:00 0 
7f6d6c000000-7f6d6c021000 rw-p 00000000 00:00 0 
7f6d6c021000-7f6d70000000 ---p 00000000 00:00 0 
7f6d7000b000-7f6d7000d000 r--p 00000000 08:02 8520866                    /usr/lib/jvm/java-11-openjdk-amd64/lib/libmanagement_ext.so
7f6d7000d000-7f6d70010000 r-xp 00002000 08:02 8520866                    /usr/lib/jvm/java-11-openjdk-amd64/lib/libmanagement_ext.so
7f6d70010000-7f6d70011000 r--p 00005000 08:02 8520866                    /usr/lib/jvm/java-11-openjdk-amd64/lib/libmanagement_ext.so
7f6d70011000-7f6d70012000 ---p 00006000 08:02 8520866                    /usr/lib/jvm/java-11-openjdk-amd64/lib/libmanagement_ext.so
7f6d70012000-7f6d70013000 r--p 00006000 08:02 8520866                    /usr/lib/jvm/java-11-openjdk-amd64/lib/libmanagement_ext.so
7f6d70013000-7f6d70014000 rw-p 00007000 08:02 8520866                    /usr/lib/jvm/java-11-openjdk-amd64/lib/libmanagement_ext.so
7f6d70014000-7f6d700f0000 rw-p 00000000 00:00 0 
7f6d700f0000-7f6d700f1000 ---p 00000000 00:00 0 
7f6d700f1000-7f6d701f2000 rw-p 00000000 00:00 0 
7f6d701f2000-7f6d701f3000 ---p 00000000 00:00 0 
7f6d701f3000-7f6d70878000 rw-p 00000000 00:00 0 
7f6d70878000-7f6d70ae8000 rwxp 00000000 00:00 0 
7f6d70ae8000-7f6d70e09000 ---p 00000000 00:00 0 
7f6d70e09000-7f6d71709000 rwxp 00000000 00:00 0 
7f6d71709000-7f6d78340000 ---p 00000000 00:00 0 
7f6d78340000-7f6d785b0000 rwxp 00000000 00:00 0 
7f6d785b0000-7f6d7f878000 ---p 00000000 00:00 0 
7f6d7f878000-7f6d88000000 r--s 00000000 08:02 8520887                    /usr/lib/jvm/java-11-openjdk-amd64/lib/modules
7f6d88000000-7f6d8995f000 rw-p 00000000 00:00 0 
7f6d8995f000-7f6d8c000000 ---p 00000000 00:00 0 
7f6d8c000000-7f6d8c001000 r--p 00000000 08:02 8520850                    /usr/lib/jvm/java-11-openjdk-amd64/lib/libextnet.so
7f6d8c001000-7f6d8c002000 r-xp 00001000 08:02 8520850                    /usr/lib/jvm/java-11-openjdk-amd64/lib/libextnet.so
7f6d8c002000-7f6d8c003000 r--p 00002000 08:02 8520850                    /usr/lib/jvm/java-11-openjdk-amd64/lib/libextnet.so
7f6d8c003000-7f6d8c004000 r--p 00002000 08:02 8520850                    /usr/lib/jvm/java-11-openjdk-amd64/lib/libextnet.so
7f6d8c004000-7f6d8c005000 rw-p 00003000 08:02 8520850                    /usr/lib/jvm/java-11-openjdk-amd64/lib/libextnet.so
7f6d8c005000-7f6d8c00c000 r--p 00000000 08:02 8520869                    /usr/lib/jvm/java-11-openjdk-amd64/lib/libnio.so
7f6d8c00c000-7f6d8c014000 r-xp 00007000 08:02 8520869                    /usr/lib/jvm/java-11-openjdk-amd64/lib/libnio.so
7f6d8c014000-7f6d8c017000 r--p 0000f000 08:02 8520869                    /usr/lib/jvm/java-11-openjdk-amd64/lib/libnio.so
7f6d8c017000-7f6d8c018000 r--p 00011000 08:02 8520869                    /usr/lib/jvm/java-11-openjdk-amd64/lib/libnio.so
7f6d8c018000-7f6d8c019000 rw-p 00012000 08:02 8520869                    /usr/lib/jvm/java-11-openjdk-amd64/lib/libnio.so
7f6d8c019000-7f6d8c31c000 rw-p 00000000 00:00 0 
7f6d8c31c000-7f6d8c31d000 ---p 00000000 00:00 0 
7f6d8c31d000-7f6d8c423000 rw-p 00000000 00:00 0 
7f6d8c423000-7f6d8c509000 ---p 00000000 00:00 0 
7f6d8c509000-7f6d8c51b000 rw-p 00000000 00:00 0 
7f6d8c51b000-7f6d8c5f4000 ---p 00000000 00:00 0 
7f6d8c5f4000-7f6d8c5f9000 rw-p 00000000 00:00 0 
7f6d8c5f9000-7f6d8c600000 ---p 00000000 00:00 0 
7f6d8c600000-7f6d8c603000 r--p 00000000 08:02 8394178                    /usr/lib/x86_64-linux-gnu/libnss_files-2.31.so
7f6d8c603000-7f6d8c60a000 r-xp 00003000 08:02 8394178                    /usr/lib/x86_64-linux-gnu/libnss_files-2.31.so
7f6d8c60a000-7f6d8c60c000 r--p 0000a000 08:02 8394178                    /usr/lib/x86_64-linux-gnu/libnss_files-2.31.so
7f6d8c60c000-7f6d8c60d000 r--p 0000b000 08:02 8394178                    /usr/lib/x86_64-linux-gnu/libnss_files-2.31.so
7f6d8c60d000-7f6d8c60e000 rw-p 0000c000 08:02 8394178                    /usr/lib/x86_64-linux-gnu/libnss_files-2.31.so
7f6d8c60e000-7f6d8c614000 rw-p 00000000 00:00 0 
7f6d8c614000-7f6d8c617000 r--p 00000000 08:02 8520864                    /usr/lib/jvm/java-11-openjdk-amd64/lib/libmanagement.so
7f6d8c617000-7f6d8c618000 r-xp 00003000 08:02 8520864                    /usr/lib/jvm/java-11-openjdk-amd64/lib/libmanagement.so
7f6d8c618000-7f6d8c619000 r--p 00004000 08:02 8520864                    /usr/lib/jvm/java-11-openjdk-amd64/lib/libmanagement.so
7f6d8c619000-7f6d8c61a000 r--p 00004000 08:02 8520864                    /usr/lib/jvm/java-11-openjdk-amd64/lib/libmanagement.so
7f6d8c61a000-7f6d8c61b000 rw-p 00005000 08:02 8520864                    /usr/lib/jvm/java-11-openjdk-amd64/lib/libmanagement.so
7f6d8c61b000-7f6d8c61d000 r--p 00000000 08:02 8520885                    /usr/lib/jvm/java-11-openjdk-amd64/lib/libzip.so
7f6d8c61d000-7f6d8c621000 r-xp 00002000 08:02 8520885                    /usr/lib/jvm/java-11-openjdk-amd64/lib/libzip.so
7f6d8c621000-7f6d8c623000 r--p 00006000 08:02 8520885                    /usr/lib/jvm/java-11-openjdk-amd64/lib/libzip.so
7f6d8c623000-7f6d8c624000 r--p 00007000 08:02 8520885                    /usr/lib/jvm/java-11-openjdk-amd64/lib/libzip.so
7f6d8c624000-7f6d8c625000 rw-p 00008000 08:02 8520885                    /usr/lib/jvm/java-11-openjdk-amd64/lib/libzip.so
7f6d8c625000-7f6d8c62d000 rw-s 00000000 08:02 9962831                    /tmp/hsperfdata_jadson/82407
7f6d8c62d000-7f6d8c62f000 r--p 00000000 08:02 8520860                    /usr/lib/jvm/java-11-openjdk-amd64/lib/libjimage.so
7f6d8c62f000-7f6d8c632000 r-xp 00002000 08:02 8520860                    /usr/lib/jvm/java-11-openjdk-amd64/lib/libjimage.so
7f6d8c632000-7f6d8c633000 r--p 00005000 08:02 8520860                    /usr/lib/jvm/java-11-openjdk-amd64/lib/libjimage.so
7f6d8c633000-7f6d8c634000 ---p 00006000 08:02 8520860                    /usr/lib/jvm/java-11-openjdk-amd64/lib/libjimage.so
7f6d8c634000-7f6d8c635000 r--p 00006000 08:02 8520860                    /usr/lib/jvm/java-11-openjdk-amd64/lib/libjimage.so
7f6d8c635000-7f6d8c636000 rw-p 00007000 08:02 8520860                    /usr/lib/jvm/java-11-openjdk-amd64/lib/libjimage.so
7f6d8c636000-7f6d8c644000 r--p 00000000 08:02 8520857                    /usr/lib/jvm/java-11-openjdk-amd64/lib/libjava.so
7f6d8c644000-7f6d8c65a000 r-xp 0000e000 08:02 8520857                    /usr/lib/jvm/java-11-openjdk-amd64/lib/libjava.so
7f6d8c65a000-7f6d8c661000 r--p 00024000 08:02 8520857                    /usr/lib/jvm/java-11-openjdk-amd64/lib/libjava.so
7f6d8c661000-7f6d8c662000 r--p 0002a000 08:02 8520857                    /usr/lib/jvm/java-11-openjdk-amd64/lib/libjava.so
7f6d8c662000-7f6d8c663000 rw-p 0002b000 08:02 8520857                    /usr/lib/jvm/java-11-openjdk-amd64/lib/libjava.so
7f6d8c663000-7f6d8c664000 rw-p 00000000 00:00 0 
7f6d8c664000-7f6d8c667000 r--p 00000000 08:02 8394208                    /usr/lib/x86_64-linux-gnu/librt-2.31.so
7f6d8c667000-7f6d8c66b000 r-xp 00003000 08:02 8394208                    /usr/lib/x86_64-linux-gnu/librt-2.31.so
7f6d8c66b000-7f6d8c66c000 r--p 00007000 08:02 8394208                    /usr/lib/x86_64-linux-gnu/librt-2.31.so
7f6d8c66c000-7f6d8c66d000 ---p 00008000 08:02 8394208                    /usr/lib/x86_64-linux-gnu/librt-2.31.so
7f6d8c66d000-7f6d8c66e000 r--p 00008000 08:02 8394208                    /usr/lib/x86_64-linux-gnu/librt-2.31.so
7f6d8c66e000-7f6d8c66f000 rw-p 00009000 08:02 8394208                    /usr/lib/x86_64-linux-gnu/librt-2.31.so
7f6d8c66f000-7f6d8c673000 ---p 00000000 00:00 0 
7f6d8c673000-7f6d8c770000 rw-p 00000000 00:00 0 
7f6d8c770000-7f6d8c773000 r--p 00000000 08:02 8394940                    /usr/lib/x86_64-linux-gnu/libgcc_s.so.1
7f6d8c773000-7f6d8c785000 r-xp 00003000 08:02 8394940                    /usr/lib/x86_64-linux-gnu/libgcc_s.so.1
7f6d8c785000-7f6d8c789000 r--p 00015000 08:02 8394940                    /usr/lib/x86_64-linux-gnu/libgcc_s.so.1
7f6d8c789000-7f6d8c78a000 r--p 00018000 08:02 8394940                    /usr/lib/x86_64-linux-gnu/libgcc_s.so.1
7f6d8c78a000-7f6d8c78b000 rw-p 00019000 08:02 8394940                    /usr/lib/x86_64-linux-gnu/libgcc_s.so.1
7f6d8c78b000-7f6d8c79a000 r--p 00000000 08:02 8393823                    /usr/lib/x86_64-linux-gnu/libm-2.31.so
7f6d8c79a000-7f6d8c841000 r-xp 0000f000 08:02 8393823                    /usr/lib/x86_64-linux-gnu/libm-2.31.so
7f6d8c841000-7f6d8c8d8000 r--p 000b6000 08:02 8393823                    /usr/lib/x86_64-linux-gnu/libm-2.31.so
7f6d8c8d8000-7f6d8c8d9000 r--p 0014c000 08:02 8393823                    /usr/lib/x86_64-linux-gnu/libm-2.31.so
7f6d8c8d9000-7f6d8c8da000 rw-p 0014d000 08:02 8393823                    /usr/lib/x86_64-linux-gnu/libm-2.31.so
7f6d8c8da000-7f6d8c970000 r--p 00000000 08:02 8389090                    /usr/lib/x86_64-linux-gnu/libstdc++.so.6.0.28
7f6d8c970000-7f6d8ca61000 r-xp 00096000 08:02 8389090                    /usr/lib/x86_64-linux-gnu/libstdc++.so.6.0.28
7f6d8ca61000-7f6d8caaa000 r--p 00187000 08:02 8389090                    /usr/lib/x86_64-linux-gnu/libstdc++.so.6.0.28
7f6d8caaa000-7f6d8caab000 ---p 001d0000 08:02 8389090                    /usr/lib/x86_64-linux-gnu/libstdc++.so.6.0.28
7f6d8caab000-7f6d8cab6000 r--p 001d0000 08:02 8389090                    /usr/lib/x86_64-linux-gnu/libstdc++.so.6.0.28
7f6d8cab6000-7f6d8cab9000 rw-p 001db000 08:02 8389090                    /usr/lib/x86_64-linux-gnu/libstdc++.so.6.0.28
7f6d8cab9000-7f6d8cabc000 rw-p 00000000 00:00 0 
7f6d8cabc000-7f6d8cd36000 r--p 00000000 08:02 8520897                    /usr/lib/jvm/java-11-openjdk-amd64/lib/server/libjvm.so
7f6d8cd36000-7f6d8d9bb000 r-xp 0027a000 08:02 8520897                    /usr/lib/jvm/java-11-openjdk-amd64/lib/server/libjvm.so
7f6d8d9bb000-7f6d8dc12000 r--p 00eff000 08:02 8520897                    /usr/lib/jvm/java-11-openjdk-amd64/lib/server/libjvm.so
7f6d8dc12000-7f6d8dcd3000 r--p 01155000 08:02 8520897                    /usr/lib/jvm/java-11-openjdk-amd64/lib/server/libjvm.so
7f6d8dcd3000-7f6d8dd0e000 rw-p 01216000 08:02 8520897                    /usr/lib/jvm/java-11-openjdk-amd64/lib/server/libjvm.so
7f6d8dd0e000-7f6d8dd67000 rw-p 00000000 00:00 0 
7f6d8dd67000-7f6d8dd6e000 r--p 00000000 08:02 8394197                    /usr/lib/x86_64-linux-gnu/libpthread-2.31.so
7f6d8dd6e000-7f6d8dd7f000 r-xp 00007000 08:02 8394197                    /usr/lib/x86_64-linux-gnu/libpthread-2.31.so
7f6d8dd7f000-7f6d8dd84000 r--p 00018000 08:02 8394197                    /usr/lib/x86_64-linux-gnu/libpthread-2.31.so
7f6d8dd84000-7f6d8dd85000 r--p 0001c000 08:02 8394197                    /usr/lib/x86_64-linux-gnu/libpthread-2.31.so
7f6d8dd85000-7f6d8dd86000 rw-p 0001d000 08:02 8394197                    /usr/lib/x86_64-linux-gnu/libpthread-2.31.so
7f6d8dd86000-7f6d8dd8a000 rw-p 00000000 00:00 0 
7f6d8dd8a000-7f6d8dd8b000 r--p 00000000 08:02 8393820                    /usr/lib/x86_64-linux-gnu/libdl-2.31.so
7f6d8dd8b000-7f6d8dd8d000 r-xp 00001000 08:02 8393820                    /usr/lib/x86_64-linux-gnu/libdl-2.31.so
7f6d8dd8d000-7f6d8dd8e000 r--p 00003000 08:02 8393820                    /usr/lib/x86_64-linux-gnu/libdl-2.31.so
7f6d8dd8e000-7f6d8dd8f000 r--p 00003000 08:02 8393820                    /usr/lib/x86_64-linux-gnu/libdl-2.31.so
7f6d8dd8f000-7f6d8dd90000 rw-p 00004000 08:02 8393820                    /usr/lib/x86_64-linux-gnu/libdl-2.31.so
7f6d8dd90000-7f6d8dd92000 r--p 00000000 08:02 8391100                    /usr/lib/x86_64-linux-gnu/libz.so.1.2.11
7f6d8dd92000-7f6d8dda3000 r-xp 00002000 08:02 8391100                    /usr/lib/x86_64-linux-gnu/libz.so.1.2.11
7f6d8dda3000-7f6d8dda9000 r--p 00013000 08:02 8391100                    /usr/lib/x86_64-linux-gnu/libz.so.1.2.11
7f6d8dda9000-7f6d8ddaa000 ---p 00019000 08:02 8391100                    /usr/lib/x86_64-linux-gnu/libz.so.1.2.11
7f6d8ddaa000-7f6d8ddab000 r--p 00019000 08:02 8391100                    /usr/lib/x86_64-linux-gnu/libz.so.1.2.11
7f6d8ddab000-7f6d8ddac000 rw-p 0001a000 08:02 8391100                    /usr/lib/x86_64-linux-gnu/libz.so.1.2.11
7f6d8ddac000-7f6d8ddd1000 r--p 00000000 08:02 8393814                    /usr/lib/x86_64-linux-gnu/libc-2.31.so
7f6d8ddd1000-7f6d8df49000 r-xp 00025000 08:02 8393814                    /usr/lib/x86_64-linux-gnu/libc-2.31.so
7f6d8df49000-7f6d8df93000 r--p 0019d000 08:02 8393814                    /usr/lib/x86_64-linux-gnu/libc-2.31.so
7f6d8df93000-7f6d8df94000 ---p 001e7000 08:02 8393814                    /usr/lib/x86_64-linux-gnu/libc-2.31.so
7f6d8df94000-7f6d8df97000 r--p 001e7000 08:02 8393814                    /usr/lib/x86_64-linux-gnu/libc-2.31.so
7f6d8df97000-7f6d8df9a000 rw-p 001ea000 08:02 8393814                    /usr/lib/x86_64-linux-gnu/libc-2.31.so
7f6d8df9a000-7f6d8df9e000 rw-p 00000000 00:00 0 
7f6d8dfa1000-7f6d8dfa3000 r--s 0000c000 08:02 9189263                    /usr/share/java/java-atk-wrapper.jar
7f6d8dfa3000-7f6d8dfa4000 ---p 00000000 00:00 0 
7f6d8dfa4000-7f6d8dfa5000 r--p 00000000 00:00 0 
7f6d8dfa5000-7f6d8dfaa000 r--p 00000000 08:02 8520879                    /usr/lib/jvm/java-11-openjdk-amd64/lib/libverify.so
7f6d8dfaa000-7f6d8dfb1000 r-xp 00005000 08:02 8520879                    /usr/lib/jvm/java-11-openjdk-amd64/lib/libverify.so
7f6d8dfb1000-7f6d8dfb3000 r--p 0000c000 08:02 8520879                    /usr/lib/jvm/java-11-openjdk-amd64/lib/libverify.so
7f6d8dfb3000-7f6d8dfb4000 ---p 0000e000 08:02 8520879                    /usr/lib/jvm/java-11-openjdk-amd64/lib/libverify.so
7f6d8dfb4000-7f6d8dfb6000 r--p 0000e000 08:02 8520879                    /usr/lib/jvm/java-11-openjdk-amd64/lib/libverify.so
7f6d8dfb6000-7f6d8dfb7000 rw-p 00010000 08:02 8520879                    /usr/lib/jvm/java-11-openjdk-amd64/lib/libverify.so
7f6d8dfb7000-7f6d8dfba000 r--p 00000000 08:02 8520842                    /usr/lib/jvm/java-11-openjdk-amd64/lib/jli/libjli.so
7f6d8dfba000-7f6d8dfc4000 r-xp 00003000 08:02 8520842                    /usr/lib/jvm/java-11-openjdk-amd64/lib/jli/libjli.so
7f6d8dfc4000-7f6d8dfc7000 r--p 0000d000 08:02 8520842                    /usr/lib/jvm/java-11-openjdk-amd64/lib/jli/libjli.so
7f6d8dfc7000-7f6d8dfc8000 ---p 00010000 08:02 8520842                    /usr/lib/jvm/java-11-openjdk-amd64/lib/jli/libjli.so
7f6d8dfc8000-7f6d8dfc9000 r--p 00010000 08:02 8520842                    /usr/lib/jvm/java-11-openjdk-amd64/lib/jli/libjli.so
7f6d8dfc9000-7f6d8dfca000 rw-p 00011000 08:02 8520842                    /usr/lib/jvm/java-11-openjdk-amd64/lib/jli/libjli.so
7f6d8dfca000-7f6d8dfcc000 rw-p 00000000 00:00 0 
7f6d8dfcc000-7f6d8dfcd000 r--p 00000000 08:02 8390785                    /usr/lib/x86_64-linux-gnu/ld-2.31.so
7f6d8dfcd000-7f6d8dff0000 r-xp 00001000 08:02 8390785                    /usr/lib/x86_64-linux-gnu/ld-2.31.so
7f6d8dff0000-7f6d8dff8000 r--p 00024000 08:02 8390785                    /usr/lib/x86_64-linux-gnu/ld-2.31.so
7f6d8dff9000-7f6d8dffa000 r--p 0002c000 08:02 8390785                    /usr/lib/x86_64-linux-gnu/ld-2.31.so
7f6d8dffa000-7f6d8dffb000 rw-p 0002d000 08:02 8390785                    /usr/lib/x86_64-linux-gnu/ld-2.31.so
7f6d8dffb000-7f6d8dffc000 rw-p 00000000 00:00 0 
7ffe7120a000-7ffe7122c000 rw-p 00000000 00:00 0                          [stack]
7ffe713ec000-7ffe713f0000 r--p 00000000 00:00 0                          [vvar]
7ffe713f0000-7ffe713f2000 r-xp 00000000 00:00 0                          [vdso]
ffffffffff600000-ffffffffff601000 --xp 00000000 00:00 0                  [vsyscall]


VM Arguments:
java_command: ./target/demo-0.0.1-SNAPSHOT.jar
java_class_path (initial): ./target/demo-0.0.1-SNAPSHOT.jar
Launcher Type: SUN_STANDARD

[Global flags]
     intx CICompilerCount                          = 4                                         {product} {ergonomic}
     uint ConcGCThreads                            = 2                                         {product} {ergonomic}
     uint G1ConcRefinementThreads                  = 8                                         {product} {ergonomic}
   size_t G1HeapRegionSize                         = 1048576                                   {product} {ergonomic}
    uintx GCDrainStackTargetSize                   = 64                                        {product} {ergonomic}
   size_t InitialHeapSize                          = 130023424                                 {product} {ergonomic}
   size_t MarkStackSize                            = 4194304                                   {product} {ergonomic}
   size_t MaxHeapSize                              = 2063597568                                {product} {ergonomic}
   size_t MaxNewSize                               = 1237319680                                {product} {ergonomic}
   size_t MinHeapDeltaBytes                        = 1048576                                   {product} {ergonomic}
    uintx NonNMethodCodeHeapSize                   = 5836300                                {pd product} {ergonomic}
    uintx NonProfiledCodeHeapSize                  = 122910970                              {pd product} {ergonomic}
    uintx ProfiledCodeHeapSize                     = 122910970                              {pd product} {ergonomic}
    uintx ReservedCodeCacheSize                    = 251658240                              {pd product} {ergonomic}
     bool SegmentedCodeCache                       = true                                      {product} {ergonomic}
     bool UseCompressedClassPointers               = true                                 {lp64_product} {ergonomic}
     bool UseCompressedOops                        = true                                 {lp64_product} {ergonomic}
     bool UseG1GC                                  = true                                      {product} {ergonomic}

Logging:
Log output configuration:
 #0: stdout all=warning uptime,level,tags
 #1: stderr all=off uptime,level,tags

Environment Variables:
PATH=/home/jadson/Projects/repositories/demo/node_modules/.bin:/home/jadson/.deno/bin:/home/jadson/.zinit/polaris/sbin:/home/jadson/.zinit/polaris/bin:/home/jadson/.nvm/versions/node/v15.8.0/bin:/home/jadson/.local/bin:/usr/local/sbin:/usr/local/bin:/usr/sbin:/usr/bin:/sbin:/bin:/usr/games:/usr/local/games:/snap/bin:/home/jadson/.yarn/bin
USERNAME=jadson
SHELL=/usr/bin/zsh
DISPLAY=:0
LANG=en_US.UTF-8
LC_CTYPE=pt_BR.UTF-8

Signal Handlers:
SIGSEGV: [libjvm.so+0xe8ba00], sa_mask[0]=11111111011111111101111111111110, sa_flags=SA_RESTART|SA_SIGINFO
SIGBUS: [libjvm.so+0xe8ba00], sa_mask[0]=11111111011111111101111111111110, sa_flags=SA_RESTART|SA_SIGINFO
SIGFPE: [libjvm.so+0xe8ba00], sa_mask[0]=11111111011111111101111111111110, sa_flags=SA_RESTART|SA_SIGINFO
SIGPIPE: [libjvm.so+0xbd10f0], sa_mask[0]=11111111011111111101111111111110, sa_flags=SA_RESTART|SA_SIGINFO
SIGXFSZ: [libjvm.so+0xbd10f0], sa_mask[0]=11111111011111111101111111111110, sa_flags=SA_RESTART|SA_SIGINFO
SIGILL: [libjvm.so+0xe8ba00], sa_mask[0]=11111111011111111101111111111110, sa_flags=SA_RESTART|SA_SIGINFO
SIGUSR2: [libjvm.so+0xbd0f90], sa_mask[0]=00000000000000000000000000000000, sa_flags=SA_RESTART|SA_SIGINFO
SIGHUP: [libjvm.so+0xbd1430], sa_mask[0]=11111111011111111101111111111110, sa_flags=SA_RESTART|SA_SIGINFO
SIGINT: [libjvm.so+0xbd1430], sa_mask[0]=11111111011111111101111111111110, sa_flags=SA_RESTART|SA_SIGINFO
SIGTERM: [libjvm.so+0xbd1430], sa_mask[0]=11111111011111111101111111111110, sa_flags=SA_RESTART|SA_SIGINFO
SIGQUIT: [libjvm.so+0xbd1430], sa_mask[0]=11111111011111111101111111111110, sa_flags=SA_RESTART|SA_SIGINFO


---------------  S Y S T E M  ---------------

OS:DISTRIB_ID=Ubuntu
DISTRIB_RELEASE=20.04
DISTRIB_CODENAME=focal
DISTRIB_DESCRIPTION="Ubuntu 20.04.2 LTS"
uname:Linux 5.8.0-63-generic #71~20.04.1-Ubuntu SMP Thu Jul 15 17:46:08 UTC 2021 x86_64
OS uptime: 2 days 0:47 hours
libc:glibc 2.31 NPTL 2.31 
rlimit (soft/hard): STACK 8192k/infinity , CORE 0k/infinity , NPROC 31242/31242 , NOFILE 1048576/1048576 , AS infinity/infinity , CPU infinity/infinity , DATA infinity/infinity , FSIZE infinity/infinity , MEMLOCK 65536k/65536k
load average:10,86 5,26 3,48

/proc/meminfo:
MemTotal:        8058248 kB
MemFree:          132824 kB
MemAvailable:    2628576 kB
Buffers:          520244 kB
Cached:          2448868 kB
SwapCached:         5672 kB
Active:          5539388 kB
Inactive:        1684992 kB
Active(anon):    3892704 kB
Inactive(anon):   780756 kB
Active(file):    1646684 kB
Inactive(file):   904236 kB
Unevictable:       63520 kB
Mlocked:             112 kB
SwapTotal:       2097148 kB
SwapFree:        1901460 kB
Dirty:             38536 kB
Writeback:             0 kB
AnonPages:       4316028 kB
Mapped:           823308 kB
Shmem:            423716 kB
KReclaimable:     253632 kB
Slab:             480072 kB
SReclaimable:     253632 kB
SUnreclaim:       226440 kB
KernelStack:       21216 kB
PageTables:        43768 kB
NFS_Unstable:          0 kB
Bounce:                0 kB
WritebackTmp:          0 kB
CommitLimit:     6126272 kB
Committed_AS:   14091832 kB
VmallocTotal:   34359738367 kB
VmallocUsed:       44496 kB
VmallocChunk:          0 kB
Percpu:             9888 kB
HardwareCorrupted:     0 kB
AnonHugePages:      4096 kB
ShmemHugePages:        0 kB
ShmemPmdMapped:        0 kB
FileHugePages:         0 kB
FilePmdMapped:         0 kB
HugePages_Total:       0
HugePages_Free:        0
HugePages_Rsvd:        0
HugePages_Surp:        0
Hugepagesize:       2048 kB
Hugetlb:               0 kB
DirectMap4k:      661108 kB
DirectMap2M:     7634944 kB
DirectMap1G:           0 kB

/sys/kernel/mm/transparent_hugepage/enabled:
always [madvise] never
/sys/kernel/mm/transparent_hugepage/defrag (defrag/compaction efforts parameter):
always defer defer+madvise [madvise] never

Process Memory:
Virtual Size: 6598712K (peak: 13454268K)
Resident Set Size: 328264K (peak: 328264K) (anon: 298760K, file: 29504K, shmem: 0K)
Swapped out: 0K
C-Heap outstanding allocations: 24838K

/proc/sys/kernel/threads-max (system-wide limit on the number of threads):
62484
/proc/sys/vm/max_map_count (maximum number of memory map areas a process may have):
65530
/proc/sys/kernel/pid_max (system-wide limit on number of process identifiers):
4194304

container (cgroup) information:
container_type: cgroupv1
cpu_cpuset_cpus: 0-7
cpu_memory_nodes: 0
active_processor_count: 8
cpu_quota: -1
cpu_period: 100000
cpu_shares: -1
memory_limit_in_bytes: -1
memory_and_swap_limit_in_bytes: -1
memory_soft_limit_in_bytes: -1
memory_usage_in_bytes: 5713616896
memory_max_usage_in_bytes: 6611283968

Steal ticks since vm start: 0
Steal ticks percentage since vm start:  0,000

CPU:total 8 (initial active 8) (4 cores per cpu, 2 threads per core) family 6 model 142 stepping 10 microcode 0xea, cmov, cx8, fxsr, mmx, sse, sse2, sse3, ssse3, sse4.1, sse4.2, popcnt, avx, avx2, aes, clmul, erms, 3dnowpref, lzcnt, ht, tsc, tscinvbit, bmi1, bmi2, adx, fma
CPU Model and flags from /proc/cpuinfo:
model name	: Intel(R) Core(TM) i5-8250U CPU @ 1.60GHz
flags		: fpu vme de pse tsc msr pae mce cx8 apic sep mtrr pge mca cmov pat pse36 clflush dts acpi mmx fxsr sse sse2 ss ht tm pbe syscall nx pdpe1gb rdtscp lm constant_tsc art arch_perfmon pebs bts rep_good nopl xtopology nonstop_tsc cpuid aperfmperf pni pclmulqdq dtes64 monitor ds_cpl vmx est tm2 ssse3 sdbg fma cx16 xtpr pdcm pcid sse4_1 sse4_2 x2apic movbe popcnt tsc_deadline_timer aes xsave avx f16c rdrand lahf_lm abm 3dnowprefetch cpuid_fault invpcid_single pti ssbd ibrs ibpb stibp tpr_shadow vnmi flexpriority ept vpid ept_ad fsgsbase tsc_adjust bmi1 avx2 smep bmi2 erms invpcid mpx rdseed adx smap clflushopt intel_pt xsaveopt xsavec xgetbv1 xsaves dtherm ida arat pln pts hwp hwp_notify hwp_act_window hwp_epp md_clear flush_l1d
Online cpus:
0-7
Offline cpus:

BIOS frequency limitation:
<Not Available>
Frequency switch latency (ns):
0
Available cpu frequencies:
<Not Available>
Current governor:
powersave
Core performance/turbo boost:
<Not Available>

Memory: 4k page, physical 8058248k(132572k free), swap 2097148k(1901460k free)

vm_info: OpenJDK 64-Bit Server VM (11.0.11+9-Ubuntu-0ubuntu2.20.04) for linux-amd64 JRE (11.0.11+9-Ubuntu-0ubuntu2.20.04), built on Apr 21 2021 09:15:32 by "unknown" with gcc 9.3.0

END.
