#
# A fatal error has been detected by the Java Runtime Environment:
#
#  SIGSEGV (0xb) at pc=0x00007fc356bc1fcd, pid=83525, tid=83525
#
# JRE version: OpenJDK Runtime Environment (11.0.11+9) (build 11.0.11+9-Ubuntu-0ubuntu2.20.04)
# Java VM: OpenJDK 64-Bit Server VM (11.0.11+9-Ubuntu-0ubuntu2.20.04, mixed mode, sharing, tiered, compressed oops, g1 gc, linux-amd64)
# Problematic frame:
# V  [libjvm.so+0xbd0fcd]
#
# Core dump will be written. Default location: Core dumps may be processed with "/usr/share/apport/apport %p %s %c %d %P %E" (or dumping to /home/jadson/Projects/repositories/demo/core.83525)
#
# If you would like to submit a bug report, please visit:
#   https://bugs.launchpad.net/ubuntu/+source/openjdk-lts
#

---------------  S U M M A R Y ------------

Command Line: ./target/demo-0.0.1-SNAPSHOT.jar

Host: Intel(R) Core(TM) i5-8250U CPU @ 1.60GHz, 8 cores, 7G, Ubuntu 20.04.2 LTS
Time: Wed Jul 28 19:43:43 2021 -03 elapsed time: 7.252680 seconds (0d 0h 0m 7s)

---------------  T H R E A D  ---------------

Current thread is native thread

Stack: [0x00007ffc6c066000,0x00007ffc6c864000],  sp=0x00007ffc6c85e880,  free space=8162k
Native frames: (J=compiled Java code, A=aot compiled Java code, j=interpreted, Vv=VM code, C=native code)
V  [libjvm.so+0xbd0fcd]
C  [libc.so.6+0x46210]


siginfo: si_signo: 11 (SIGSEGV), si_code: 1 (SEGV_MAPERR), si_addr: 0x00000000000000d0

Register to memory mapping:

RAX=0x0 is NULL
RBX=
[error occurred during error reporting (printing register info), id 0xb, SIGSEGV (0xb) at pc=0x00007fc356e19a2c]

Registers:
RAX=0x0000000000000000, RBX=0x00007fc35729b3c0, RCX=0x00007fc3572a6cd7, RDX=0x00007fc35729b440
RSP=0x00007ffc6c85e880, RBP=0x00007ffc6c85e930, RSI=0x00007ffc6c85ea70, RDI=0x0000000000000001
R8 =0x0000000000000000, R9 =0x00007fc355ca4700, R10=0x0000000000000000, R11=0x0000000000000246
R12=0x00007ffc6c85ea70, R13=0x00007ffc6c85e940, R14=0x0000000000000000, R15=0x00007fc355ca4700
RIP=0x00007fc356bc1fcd, EFLAGS=0x0000000000010246, CSGSFS=0x002b000000000033, ERR=0x0000000000000004
  TRAPNO=0x000000000000000e

Top of Stack: (sp=0x00007ffc6c85e880)
0x00007ffc6c85e880:   0000000000000020 0000200000000000
0x00007ffc6c85e890:   0000000000000000 0000000000000000
0x00007ffc6c85e8a0:   0000000000000000 0000000000000000
0x00007ffc6c85e8b0:   0000000000000000 0000000000000000 

Instructions: (pc=0x00007fc356bc1fcd)
0x00007fc356bc1ecd:   ff 48 85 c0 74 03 c6 00 00 4c 89 f7 4c 89 fa 4c
0x00007fc356bc1edd:   89 ee e8 3c 92 6a ff 4c 89 e7 e8 a4 95 6a ff 48
0x00007fc356bc1eed:   81 c4 08 01 00 00 5b 41 5c 41 5d 41 5e 41 5f 5d
0x00007fc356bc1efd:   c3 66 90 4c 89 e2 be 00 01 00 00 4c 89 ef e8 f0
0x00007fc356bc1f0d:   97 6a ff 48 85 c0 74 ac 48 8d 35 cb 80 3a 00 4c
0x00007fc356bc1f1d:   89 ef e8 dc 95 6a ff 48 85 c0 75 17 48 8d 35 cc
0x00007fc356bc1f2d:   80 3a 00 4c 89 ef e8 c8 95 6a ff 48 85 c0 74 84
0x00007fc356bc1f3d:   0f 1f 00 be 22 00 00 00 4c 89 ef e8 43 96 6a ff
0x00007fc356bc1f4d:   48 85 c0 74 26 4c 8d 68 01 be 22 00 00 00 4c 89
0x00007fc356bc1f5d:   ef e8 2d 96 6a ff 48 85 c0 0f 85 67 ff ff ff e9
0x00007fc356bc1f6d:   65 ff ff ff 0f 1f 80 00 00 00 00 4c 89 ef be 3d
0x00007fc356bc1f7d:   00 00 00 e8 0b 96 6a ff 4c 8d 68 01 e9 33 ff ff
0x00007fc356bc1f8d:   ff 66 90 f3 0f 1e fa 55 48 89 e5 41 57 41 56 41
0x00007fc356bc1f9d:   55 49 89 d5 41 54 49 89 f4 53 48 81 ec 88 00 00
0x00007fc356bc1fad:   00 e8 0d 9d 6a ff 44 8b 30 48 89 c3 e8 22 63 25
0x00007fc356bc1fbd:   00 41 89 c0 31 c0 45 84 c0 74 05 e8 23 63 25 00
0x00007fc356bc1fcd:   48 83 b8 d0 00 00 00 00 74 16 4c 8b b8 70 02 00
0x00007fc356bc1fdd:   00 41 8b 87 a8 00 00 00 83 f8 01 74 16 44 89 33
0x00007fc356bc1fed:   48 81 c4 88 00 00 00 5b 41 5c 41 5d 41 5e 41 5f
0x00007fc356bc1ffd:   5d c3 90 66 49 0f 6e c4 66 49 0f 6e cd ba 02 00
0x00007fc356bc200d:   00 00 be 01 00 00 00 66 0f 6c c1 4d 8d a7 a8 00
0x00007fc356bc201d:   00 00 41 0f 11 87 b0 00 00 00 4c 89 e7 e8 d1 bc
0x00007fc356bc202d:   ff ff 83 f8 02 74 3c 85 c0 75 18 66 0f ef c0 41
0x00007fc356bc203d:   0f 11 87 b0 00 00 00 eb a4 66 2e 0f 1f 84 00 00
0x00007fc356bc204d:   00 00 00 48 8d 05 51 aa 64 00 be d8 11 00 00 48
0x00007fc356bc205d:   8d 3d 75 8a 3a 00 48 8b 00 c6 00 58 e8 f2 af a9
0x00007fc356bc206d:   ff eb c8 4c 8d ad 50 ff ff ff 4c 89 ef e8 a1 98
0x00007fc356bc207d:   6a ff 4c 89 ea 31 f6 31 ff e8 b5 99 6a ff 8b 35
0x00007fc356bc208d:   9f 56 66 00 4c 89 ef e8 57 95 6a ff be 01 00 00
0x00007fc356bc209d:   00 48 8d 3d db a2 6a 00 e8 16 a1 0c 00 66 0f 1f
0x00007fc356bc20ad:   44 00 00 4c 89 ef e8 68 9c 6a ff 31 d2 be 03 00
0x00007fc356bc20bd:   00 00 4c 89 e7 e8 39 bc ff ff 85 c0 75 e5 be 01 


Stack slot to memory mapping:
stack at sp + 0 slots: 
[error occurred during error reporting (inspecting top of stack), id 0xb, SIGSEGV (0xb) at pc=0x00007fc356e19a2c]


---------------  P R O C E S S  ---------------

VM state:not at safepoint (normal execution)

VM Mutex/Monitor currently owned by a thread: None

Heap address: 0x0000000085000000, size: 1968 MB, Compressed Oops mode: 32-bit
Narrow klass base: 0x0000000800000000, Narrow klass shift: 3
Compressed class space size: 1073741824 Address: 0x0000000840000000

Heap:
 garbage-first heap   total 165888K, used 53050K [0x0000000085000000, 0x0000000100000000)
  region size 1024K, 46 young (47104K), 10 survivors (10240K)
 Metaspace       used 46056K, capacity 47351K, committed 47484K, reserved 1089536K
  class space    used 5936K, capacity 6439K, committed 6528K, reserved 1048576K
Heap Regions: E=young(eden), S=young(survivor), O=old, HS=humongous(starts), HC=humongous(continues), CS=collection set, F=free, A=archive, TAMS=top-at-mark-start (previous, next)
|   0|0x0000000085000000, 0x0000000085100000, 0x0000000085100000|100%| O|  |TAMS 0x0000000085100000, 0x0000000085000000| Untracked 
|   1|0x0000000085100000, 0x0000000085200000, 0x0000000085200000|100%| O|  |TAMS 0x0000000085200000, 0x0000000085100000| Untracked 
|   2|0x0000000085200000, 0x0000000085300000, 0x0000000085300000|100%| O|  |TAMS 0x0000000085300000, 0x0000000085200000| Untracked 
|   3|0x0000000085300000, 0x0000000085400000, 0x0000000085400000|100%| O|  |TAMS 0x0000000085400000, 0x0000000085300000| Untracked 
|   4|0x0000000085400000, 0x0000000085500000, 0x0000000085500000|100%| O|  |TAMS 0x0000000085479a00, 0x0000000085400000| Untracked 
|   5|0x0000000085500000, 0x0000000085600000, 0x0000000085600000|100%| O|  |TAMS 0x0000000085500000, 0x0000000085500000| Untracked 
|   6|0x0000000085600000, 0x000000008561c800, 0x0000000085700000| 11%| O|  |TAMS 0x0000000085600000, 0x0000000085600000| Untracked 
|   7|0x0000000085700000, 0x0000000085700000, 0x0000000085800000|  0%| F|  |TAMS 0x0000000085700000, 0x0000000085700000| Untracked 
|   8|0x0000000085800000, 0x0000000085800000, 0x0000000085900000|  0%| F|  |TAMS 0x0000000085800000, 0x0000000085800000| Untracked 
|   9|0x0000000085900000, 0x0000000085900000, 0x0000000085a00000|  0%| F|  |TAMS 0x0000000085900000, 0x0000000085900000| Untracked 
|  10|0x0000000085a00000, 0x0000000085a00000, 0x0000000085b00000|  0%| F|  |TAMS 0x0000000085a00000, 0x0000000085a00000| Untracked 
|  11|0x0000000085b00000, 0x0000000085b00000, 0x0000000085c00000|  0%| F|  |TAMS 0x0000000085b00000, 0x0000000085b00000| Untracked 
|  12|0x0000000085c00000, 0x0000000085c00000, 0x0000000085d00000|  0%| F|  |TAMS 0x0000000085c00000, 0x0000000085c00000| Untracked 
|  13|0x0000000085d00000, 0x0000000085d00000, 0x0000000085e00000|  0%| F|  |TAMS 0x0000000085d00000, 0x0000000085d00000| Untracked 
|  14|0x0000000085e00000, 0x0000000085e00000, 0x0000000085f00000|  0%| F|  |TAMS 0x0000000085e00000, 0x0000000085e00000| Untracked 
|  15|0x0000000085f00000, 0x0000000085f00000, 0x0000000086000000|  0%| F|  |TAMS 0x0000000085f00000, 0x0000000085f00000| Untracked 
|  16|0x0000000086000000, 0x0000000086000000, 0x0000000086100000|  0%| F|  |TAMS 0x0000000086000000, 0x0000000086000000| Untracked 
|  17|0x0000000086100000, 0x0000000086100000, 0x0000000086200000|  0%| F|  |TAMS 0x0000000086100000, 0x0000000086100000| Untracked 
|  18|0x0000000086200000, 0x0000000086200000, 0x0000000086300000|  0%| F|  |TAMS 0x0000000086200000, 0x0000000086200000| Untracked 
|  19|0x0000000086300000, 0x0000000086300000, 0x0000000086400000|  0%| F|  |TAMS 0x0000000086300000, 0x0000000086300000| Untracked 
|  20|0x0000000086400000, 0x0000000086400000, 0x0000000086500000|  0%| F|  |TAMS 0x0000000086400000, 0x0000000086400000| Untracked 
|  21|0x0000000086500000, 0x0000000086500000, 0x0000000086600000|  0%| F|  |TAMS 0x0000000086500000, 0x0000000086500000| Untracked 
|  22|0x0000000086600000, 0x0000000086600000, 0x0000000086700000|  0%| F|  |TAMS 0x0000000086600000, 0x0000000086600000| Untracked 
|  23|0x0000000086700000, 0x0000000086700000, 0x0000000086800000|  0%| F|  |TAMS 0x0000000086700000, 0x0000000086700000| Untracked 
|  24|0x0000000086800000, 0x0000000086800000, 0x0000000086900000|  0%| F|  |TAMS 0x0000000086800000, 0x0000000086800000| Untracked 
|  25|0x0000000086900000, 0x0000000086900000, 0x0000000086a00000|  0%| F|  |TAMS 0x0000000086900000, 0x0000000086900000| Untracked 
|  26|0x0000000086a00000, 0x0000000086a00000, 0x0000000086b00000|  0%| F|  |TAMS 0x0000000086a00000, 0x0000000086a00000| Untracked 
|  27|0x0000000086b00000, 0x0000000086b00000, 0x0000000086c00000|  0%| F|  |TAMS 0x0000000086b00000, 0x0000000086b00000| Untracked 
|  28|0x0000000086c00000, 0x0000000086c00000, 0x0000000086d00000|  0%| F|  |TAMS 0x0000000086c00000, 0x0000000086c00000| Untracked 
|  29|0x0000000086d00000, 0x0000000086d00000, 0x0000000086e00000|  0%| F|  |TAMS 0x0000000086d00000, 0x0000000086d00000| Untracked 
|  30|0x0000000086e00000, 0x0000000086e00000, 0x0000000086f00000|  0%| F|  |TAMS 0x0000000086e00000, 0x0000000086e00000| Untracked 
|  31|0x0000000086f00000, 0x0000000086f00000, 0x0000000087000000|  0%| F|  |TAMS 0x0000000086f00000, 0x0000000086f00000| Untracked 
|  32|0x0000000087000000, 0x0000000087000000, 0x0000000087100000|  0%| F|  |TAMS 0x0000000087000000, 0x0000000087000000| Untracked 
|  33|0x0000000087100000, 0x0000000087100000, 0x0000000087200000|  0%| F|  |TAMS 0x0000000087100000, 0x0000000087100000| Untracked 
|  34|0x0000000087200000, 0x0000000087200000, 0x0000000087300000|  0%| F|  |TAMS 0x0000000087200000, 0x0000000087200000| Untracked 
|  35|0x0000000087300000, 0x0000000087300000, 0x0000000087400000|  0%| F|  |TAMS 0x0000000087300000, 0x0000000087300000| Untracked 
|  36|0x0000000087400000, 0x0000000087400000, 0x0000000087500000|  0%| F|  |TAMS 0x0000000087400000, 0x0000000087400000| Untracked 
|  37|0x0000000087500000, 0x0000000087500000, 0x0000000087600000|  0%| F|  |TAMS 0x0000000087500000, 0x0000000087500000| Untracked 
|  38|0x0000000087600000, 0x0000000087600000, 0x0000000087700000|  0%| F|  |TAMS 0x0000000087600000, 0x0000000087600000| Untracked 
|  39|0x0000000087700000, 0x0000000087700000, 0x0000000087800000|  0%| F|  |TAMS 0x0000000087700000, 0x0000000087700000| Untracked 
|  40|0x0000000087800000, 0x0000000087800000, 0x0000000087900000|  0%| F|  |TAMS 0x0000000087800000, 0x0000000087800000| Untracked 
|  41|0x0000000087900000, 0x0000000087900000, 0x0000000087a00000|  0%| F|  |TAMS 0x0000000087900000, 0x0000000087900000| Untracked 
|  42|0x0000000087a00000, 0x0000000087a00000, 0x0000000087b00000|  0%| F|  |TAMS 0x0000000087a00000, 0x0000000087a00000| Untracked 
|  43|0x0000000087b00000, 0x0000000087b00000, 0x0000000087c00000|  0%| F|  |TAMS 0x0000000087b00000, 0x0000000087b00000| Untracked 
|  44|0x0000000087c00000, 0x0000000087c00000, 0x0000000087d00000|  0%| F|  |TAMS 0x0000000087c00000, 0x0000000087c00000| Untracked 
|  45|0x0000000087d00000, 0x0000000087d00000, 0x0000000087e00000|  0%| F|  |TAMS 0x0000000087d00000, 0x0000000087d00000| Untracked 
|  46|0x0000000087e00000, 0x0000000087e00000, 0x0000000087f00000|  0%| F|  |TAMS 0x0000000087e00000, 0x0000000087e00000| Untracked 
|  47|0x0000000087f00000, 0x0000000087f00000, 0x0000000088000000|  0%| F|  |TAMS 0x0000000087f00000, 0x0000000087f00000| Untracked 
|  48|0x0000000088000000, 0x0000000088000000, 0x0000000088100000|  0%| F|  |TAMS 0x0000000088000000, 0x0000000088000000| Untracked 
|  49|0x0000000088100000, 0x0000000088100000, 0x0000000088200000|  0%| F|  |TAMS 0x0000000088100000, 0x0000000088100000| Untracked 
|  50|0x0000000088200000, 0x0000000088200000, 0x0000000088300000|  0%| F|  |TAMS 0x0000000088200000, 0x0000000088200000| Untracked 
|  51|0x0000000088300000, 0x0000000088300000, 0x0000000088400000|  0%| F|  |TAMS 0x0000000088300000, 0x0000000088300000| Untracked 
|  52|0x0000000088400000, 0x0000000088400000, 0x0000000088500000|  0%| F|  |TAMS 0x0000000088400000, 0x0000000088400000| Untracked 
|  53|0x0000000088500000, 0x0000000088600000, 0x0000000088600000|100%| S|CS|TAMS 0x0000000088500000, 0x0000000088500000| Complete 
|  54|0x0000000088600000, 0x0000000088700000, 0x0000000088700000|100%| S|CS|TAMS 0x0000000088600000, 0x0000000088600000| Complete 
|  55|0x0000000088700000, 0x0000000088800000, 0x0000000088800000|100%| S|CS|TAMS 0x0000000088700000, 0x0000000088700000| Complete 
|  56|0x0000000088800000, 0x0000000088900000, 0x0000000088900000|100%| S|CS|TAMS 0x0000000088800000, 0x0000000088800000| Complete 
|  57|0x0000000088900000, 0x0000000088a00000, 0x0000000088a00000|100%| S|CS|TAMS 0x0000000088900000, 0x0000000088900000| Complete 
|  58|0x0000000088a00000, 0x0000000088b00000, 0x0000000088b00000|100%| S|CS|TAMS 0x0000000088a00000, 0x0000000088a00000| Complete 
|  59|0x0000000088b00000, 0x0000000088c00000, 0x0000000088c00000|100%| S|CS|TAMS 0x0000000088b00000, 0x0000000088b00000| Complete 
|  60|0x0000000088c00000, 0x0000000088d00000, 0x0000000088d00000|100%| S|CS|TAMS 0x0000000088c00000, 0x0000000088c00000| Complete 
|  61|0x0000000088d00000, 0x0000000088e00000, 0x0000000088e00000|100%| S|CS|TAMS 0x0000000088d00000, 0x0000000088d00000| Complete 
|  62|0x0000000088e00000, 0x0000000088f00000, 0x0000000088f00000|100%| S|CS|TAMS 0x0000000088e00000, 0x0000000088e00000| Complete 
|  63|0x0000000088f00000, 0x0000000088f00000, 0x0000000089000000|  0%| F|  |TAMS 0x0000000088f00000, 0x0000000088f00000| Untracked 
|  64|0x0000000089000000, 0x0000000089000000, 0x0000000089100000|  0%| F|  |TAMS 0x0000000089000000, 0x0000000089000000| Untracked 
|  65|0x0000000089100000, 0x0000000089100000, 0x0000000089200000|  0%| F|  |TAMS 0x0000000089100000, 0x0000000089100000| Untracked 
|  66|0x0000000089200000, 0x0000000089200000, 0x0000000089300000|  0%| F|  |TAMS 0x0000000089200000, 0x0000000089200000| Untracked 
|  67|0x0000000089300000, 0x0000000089300000, 0x0000000089400000|  0%| F|  |TAMS 0x0000000089300000, 0x0000000089300000| Untracked 
|  68|0x0000000089400000, 0x0000000089400000, 0x0000000089500000|  0%| F|  |TAMS 0x0000000089400000, 0x0000000089400000| Untracked 
|  69|0x0000000089500000, 0x0000000089500000, 0x0000000089600000|  0%| F|  |TAMS 0x0000000089500000, 0x0000000089500000| Untracked 
|  70|0x0000000089600000, 0x0000000089600000, 0x0000000089700000|  0%| F|  |TAMS 0x0000000089600000, 0x0000000089600000| Untracked 
|  71|0x0000000089700000, 0x0000000089700000, 0x0000000089800000|  0%| F|  |TAMS 0x0000000089700000, 0x0000000089700000| Untracked 
|  72|0x0000000089800000, 0x0000000089800000, 0x0000000089900000|  0%| F|  |TAMS 0x0000000089800000, 0x0000000089800000| Untracked 
|  73|0x0000000089900000, 0x0000000089900000, 0x0000000089a00000|  0%| F|  |TAMS 0x0000000089900000, 0x0000000089900000| Untracked 
|  74|0x0000000089a00000, 0x0000000089a00000, 0x0000000089b00000|  0%| F|  |TAMS 0x0000000089a00000, 0x0000000089a00000| Untracked 
|  75|0x0000000089b00000, 0x0000000089b00000, 0x0000000089c00000|  0%| F|  |TAMS 0x0000000089b00000, 0x0000000089b00000| Untracked 
|  76|0x0000000089c00000, 0x0000000089c00000, 0x0000000089d00000|  0%| F|  |TAMS 0x0000000089c00000, 0x0000000089c00000| Untracked 
|  77|0x0000000089d00000, 0x0000000089d00000, 0x0000000089e00000|  0%| F|  |TAMS 0x0000000089d00000, 0x0000000089d00000| Untracked 
|  78|0x0000000089e00000, 0x0000000089e00000, 0x0000000089f00000|  0%| F|  |TAMS 0x0000000089e00000, 0x0000000089e00000| Untracked 
|  79|0x0000000089f00000, 0x0000000089f00000, 0x000000008a000000|  0%| F|  |TAMS 0x0000000089f00000, 0x0000000089f00000| Untracked 
|  80|0x000000008a000000, 0x000000008a000000, 0x000000008a100000|  0%| F|  |TAMS 0x000000008a000000, 0x000000008a000000| Untracked 
|  81|0x000000008a100000, 0x000000008a100000, 0x000000008a200000|  0%| F|  |TAMS 0x000000008a100000, 0x000000008a100000| Untracked 
|  82|0x000000008a200000, 0x000000008a200000, 0x000000008a300000|  0%| F|  |TAMS 0x000000008a200000, 0x000000008a200000| Untracked 
|  83|0x000000008a300000, 0x000000008a300000, 0x000000008a400000|  0%| F|  |TAMS 0x000000008a300000, 0x000000008a300000| Untracked 
|  84|0x000000008a400000, 0x000000008a400000, 0x000000008a500000|  0%| F|  |TAMS 0x000000008a400000, 0x000000008a400000| Untracked 
|  85|0x000000008a500000, 0x000000008a500000, 0x000000008a600000|  0%| F|  |TAMS 0x000000008a500000, 0x000000008a500000| Untracked 
|  86|0x000000008a600000, 0x000000008a600000, 0x000000008a700000|  0%| F|  |TAMS 0x000000008a600000, 0x000000008a600000| Untracked 
|  87|0x000000008a700000, 0x000000008a700000, 0x000000008a800000|  0%| F|  |TAMS 0x000000008a700000, 0x000000008a700000| Untracked 
|  88|0x000000008a800000, 0x000000008a800000, 0x000000008a900000|  0%| F|  |TAMS 0x000000008a800000, 0x000000008a800000| Untracked 
|  89|0x000000008a900000, 0x000000008a900000, 0x000000008aa00000|  0%| F|  |TAMS 0x000000008a900000, 0x000000008a900000| Untracked 
|  90|0x000000008aa00000, 0x000000008aa00000, 0x000000008ab00000|  0%| F|  |TAMS 0x000000008aa00000, 0x000000008aa00000| Untracked 
|  91|0x000000008ab00000, 0x000000008ab00000, 0x000000008ac00000|  0%| F|  |TAMS 0x000000008ab00000, 0x000000008ab00000| Untracked 
|  92|0x000000008ac00000, 0x000000008ac00000, 0x000000008ad00000|  0%| F|  |TAMS 0x000000008ac00000, 0x000000008ac00000| Untracked 
|  93|0x000000008ad00000, 0x000000008ad00000, 0x000000008ae00000|  0%| F|  |TAMS 0x000000008ad00000, 0x000000008ad00000| Untracked 
|  94|0x000000008ae00000, 0x000000008ae00000, 0x000000008af00000|  0%| F|  |TAMS 0x000000008ae00000, 0x000000008ae00000| Untracked 
|  95|0x000000008af00000, 0x000000008af00000, 0x000000008b000000|  0%| F|  |TAMS 0x000000008af00000, 0x000000008af00000| Untracked 
|  96|0x000000008b000000, 0x000000008b000000, 0x000000008b100000|  0%| F|  |TAMS 0x000000008b000000, 0x000000008b000000| Untracked 
|  97|0x000000008b100000, 0x000000008b100000, 0x000000008b200000|  0%| F|  |TAMS 0x000000008b100000, 0x000000008b100000| Untracked 
|  98|0x000000008b200000, 0x000000008b200000, 0x000000008b300000|  0%| F|  |TAMS 0x000000008b200000, 0x000000008b200000| Untracked 
|  99|0x000000008b300000, 0x000000008b300000, 0x000000008b400000|  0%| F|  |TAMS 0x000000008b300000, 0x000000008b300000| Untracked 
| 100|0x000000008b400000, 0x000000008b400000, 0x000000008b500000|  0%| F|  |TAMS 0x000000008b400000, 0x000000008b400000| Untracked 
| 101|0x000000008b500000, 0x000000008b500000, 0x000000008b600000|  0%| F|  |TAMS 0x000000008b500000, 0x000000008b500000| Untracked 
| 102|0x000000008b600000, 0x000000008b600000, 0x000000008b700000|  0%| F|  |TAMS 0x000000008b600000, 0x000000008b600000| Untracked 
| 103|0x000000008b700000, 0x000000008b700000, 0x000000008b800000|  0%| F|  |TAMS 0x000000008b700000, 0x000000008b700000| Untracked 
| 104|0x000000008b800000, 0x000000008b800000, 0x000000008b900000|  0%| F|  |TAMS 0x000000008b800000, 0x000000008b800000| Untracked 
| 105|0x000000008b900000, 0x000000008b900000, 0x000000008ba00000|  0%| F|  |TAMS 0x000000008b900000, 0x000000008b900000| Untracked 
| 106|0x000000008ba00000, 0x000000008ba00000, 0x000000008bb00000|  0%| F|  |TAMS 0x000000008ba00000, 0x000000008ba00000| Untracked 
| 107|0x000000008bb00000, 0x000000008bb00000, 0x000000008bc00000|  0%| F|  |TAMS 0x000000008bb00000, 0x000000008bb00000| Untracked 
| 108|0x000000008bc00000, 0x000000008bc00000, 0x000000008bd00000|  0%| F|  |TAMS 0x000000008bc00000, 0x000000008bc00000| Untracked 
| 109|0x000000008bd00000, 0x000000008bd00000, 0x000000008be00000|  0%| F|  |TAMS 0x000000008bd00000, 0x000000008bd00000| Untracked 
| 110|0x000000008be00000, 0x000000008be00000, 0x000000008bf00000|  0%| F|  |TAMS 0x000000008be00000, 0x000000008be00000| Untracked 
| 111|0x000000008bf00000, 0x000000008bf00000, 0x000000008c000000|  0%| F|  |TAMS 0x000000008bf00000, 0x000000008bf00000| Untracked 
| 112|0x000000008c000000, 0x000000008c000000, 0x000000008c100000|  0%| F|  |TAMS 0x000000008c000000, 0x000000008c000000| Untracked 
| 113|0x000000008c100000, 0x000000008c100000, 0x000000008c200000|  0%| F|  |TAMS 0x000000008c100000, 0x000000008c100000| Untracked 
| 114|0x000000008c200000, 0x000000008c200000, 0x000000008c300000|  0%| F|  |TAMS 0x000000008c200000, 0x000000008c200000| Untracked 
| 115|0x000000008c300000, 0x000000008c300000, 0x000000008c400000|  0%| F|  |TAMS 0x000000008c300000, 0x000000008c300000| Untracked 
| 116|0x000000008c400000, 0x000000008c400000, 0x000000008c500000|  0%| F|  |TAMS 0x000000008c400000, 0x000000008c400000| Untracked 
| 117|0x000000008c500000, 0x000000008c500000, 0x000000008c600000|  0%| F|  |TAMS 0x000000008c500000, 0x000000008c500000| Untracked 
| 118|0x000000008c600000, 0x000000008c600000, 0x000000008c700000|  0%| F|  |TAMS 0x000000008c600000, 0x000000008c600000| Untracked 
| 119|0x000000008c700000, 0x000000008c700000, 0x000000008c800000|  0%| F|  |TAMS 0x000000008c700000, 0x000000008c700000| Untracked 
| 120|0x000000008c800000, 0x000000008c800000, 0x000000008c900000|  0%| F|  |TAMS 0x000000008c800000, 0x000000008c800000| Untracked 
| 121|0x000000008c900000, 0x000000008c900000, 0x000000008ca00000|  0%| F|  |TAMS 0x000000008c900000, 0x000000008c900000| Untracked 
| 122|0x000000008ca00000, 0x000000008ca00000, 0x000000008cb00000|  0%| F|  |TAMS 0x000000008ca00000, 0x000000008ca00000| Untracked 
| 123|0x000000008cb00000, 0x000000008cb00000, 0x000000008cc00000|  0%| F|  |TAMS 0x000000008cb00000, 0x000000008cb00000| Untracked 
| 124|0x000000008cc00000, 0x000000008cd00000, 0x000000008cd00000|100%| E|  |TAMS 0x000000008cc00000, 0x000000008cc00000| Complete 
| 125|0x000000008cd00000, 0x000000008ce00000, 0x000000008ce00000|100%| E|CS|TAMS 0x000000008cd00000, 0x000000008cd00000| Complete 
| 126|0x000000008ce00000, 0x000000008cf00000, 0x000000008cf00000|100%| E|CS|TAMS 0x000000008ce00000, 0x000000008ce00000| Complete 
| 127|0x000000008cf00000, 0x000000008d000000, 0x000000008d000000|100%| E|CS|TAMS 0x000000008cf00000, 0x000000008cf00000| Complete 
| 128|0x000000008d000000, 0x000000008d100000, 0x000000008d100000|100%| E|CS|TAMS 0x000000008d000000, 0x000000008d000000| Complete 
| 129|0x000000008d100000, 0x000000008d200000, 0x000000008d200000|100%| E|CS|TAMS 0x000000008d100000, 0x000000008d100000| Complete 
| 130|0x000000008d200000, 0x000000008d300000, 0x000000008d300000|100%| E|CS|TAMS 0x000000008d200000, 0x000000008d200000| Complete 
| 131|0x000000008d300000, 0x000000008d400000, 0x000000008d400000|100%| E|CS|TAMS 0x000000008d300000, 0x000000008d300000| Complete 
| 132|0x000000008d400000, 0x000000008d500000, 0x000000008d500000|100%| E|CS|TAMS 0x000000008d400000, 0x000000008d400000| Complete 
| 133|0x000000008d500000, 0x000000008d600000, 0x000000008d600000|100%| E|CS|TAMS 0x000000008d500000, 0x000000008d500000| Complete 
| 134|0x000000008d600000, 0x000000008d700000, 0x000000008d700000|100%| E|CS|TAMS 0x000000008d600000, 0x000000008d600000| Complete 
| 135|0x000000008d700000, 0x000000008d800000, 0x000000008d800000|100%| E|CS|TAMS 0x000000008d700000, 0x000000008d700000| Complete 
| 136|0x000000008d800000, 0x000000008d900000, 0x000000008d900000|100%| E|CS|TAMS 0x000000008d800000, 0x000000008d800000| Complete 
| 137|0x000000008d900000, 0x000000008da00000, 0x000000008da00000|100%| E|CS|TAMS 0x000000008d900000, 0x000000008d900000| Complete 
| 138|0x000000008da00000, 0x000000008db00000, 0x000000008db00000|100%| E|CS|TAMS 0x000000008da00000, 0x000000008da00000| Complete 
| 139|0x000000008db00000, 0x000000008dc00000, 0x000000008dc00000|100%| E|CS|TAMS 0x000000008db00000, 0x000000008db00000| Complete 
| 140|0x000000008dc00000, 0x000000008dd00000, 0x000000008dd00000|100%| E|CS|TAMS 0x000000008dc00000, 0x000000008dc00000| Complete 
| 141|0x000000008dd00000, 0x000000008de00000, 0x000000008de00000|100%| E|CS|TAMS 0x000000008dd00000, 0x000000008dd00000| Complete 
| 142|0x000000008de00000, 0x000000008df00000, 0x000000008df00000|100%| E|CS|TAMS 0x000000008de00000, 0x000000008de00000| Complete 
| 143|0x000000008df00000, 0x000000008e000000, 0x000000008e000000|100%| E|CS|TAMS 0x000000008df00000, 0x000000008df00000| Complete 
| 144|0x000000008e000000, 0x000000008e100000, 0x000000008e100000|100%| E|CS|TAMS 0x000000008e000000, 0x000000008e000000| Complete 
| 145|0x000000008e100000, 0x000000008e200000, 0x000000008e200000|100%| E|CS|TAMS 0x000000008e100000, 0x000000008e100000| Complete 
| 146|0x000000008e200000, 0x000000008e300000, 0x000000008e300000|100%| E|CS|TAMS 0x000000008e200000, 0x000000008e200000| Complete 
| 147|0x000000008e300000, 0x000000008e400000, 0x000000008e400000|100%| E|CS|TAMS 0x000000008e300000, 0x000000008e300000| Complete 
| 148|0x000000008e400000, 0x000000008e500000, 0x000000008e500000|100%| E|CS|TAMS 0x000000008e400000, 0x000000008e400000| Complete 
| 149|0x000000008e500000, 0x000000008e600000, 0x000000008e600000|100%| E|CS|TAMS 0x000000008e500000, 0x000000008e500000| Complete 
| 150|0x000000008e600000, 0x000000008e700000, 0x000000008e700000|100%| E|CS|TAMS 0x000000008e600000, 0x000000008e600000| Complete 
| 151|0x000000008e700000, 0x000000008e800000, 0x000000008e800000|100%| E|CS|TAMS 0x000000008e700000, 0x000000008e700000| Complete 
| 152|0x000000008e800000, 0x000000008e900000, 0x000000008e900000|100%| E|CS|TAMS 0x000000008e800000, 0x000000008e800000| Complete 
| 153|0x000000008e900000, 0x000000008ea00000, 0x000000008ea00000|100%| E|CS|TAMS 0x000000008e900000, 0x000000008e900000| Complete 
| 154|0x000000008ea00000, 0x000000008eb00000, 0x000000008eb00000|100%| E|CS|TAMS 0x000000008ea00000, 0x000000008ea00000| Complete 
| 155|0x000000008eb00000, 0x000000008ec00000, 0x000000008ec00000|100%| E|CS|TAMS 0x000000008eb00000, 0x000000008eb00000| Complete 
| 156|0x000000008ec00000, 0x000000008ed00000, 0x000000008ed00000|100%| E|CS|TAMS 0x000000008ec00000, 0x000000008ec00000| Complete 
| 157|0x000000008ed00000, 0x000000008ee00000, 0x000000008ee00000|100%| E|CS|TAMS 0x000000008ed00000, 0x000000008ed00000| Complete 
| 158|0x000000008ee00000, 0x000000008ef00000, 0x000000008ef00000|100%| E|CS|TAMS 0x000000008ee00000, 0x000000008ee00000| Complete 
| 159|0x000000008ef00000, 0x000000008f000000, 0x000000008f000000|100%| E|CS|TAMS 0x000000008ef00000, 0x000000008ef00000| Complete 
|1966|0x00000000ffe00000, 0x00000000ffe47000, 0x00000000fff00000| 27%|OA|  |TAMS 0x00000000ffe47000, 0x00000000ffe00000| Untracked 
|1967|0x00000000fff00000, 0x00000000fff6b000, 0x0000000100000000| 41%|CA|  |TAMS 0x00000000fff6b000, 0x00000000fff00000| Untracked 

Card table byte_map: [0x00007fc354899000,0x00007fc354c71000] _byte_map_base: 0x00007fc354471000

Marking Bits (Prev, Next): (CMBitMap*) 0x00007fc350056ee8, (CMBitMap*) 0x00007fc350056f20
 Prev Bits: [0x00007fc332140000, 0x00007fc334000000)
 Next Bits: [0x00007fc330280000, 0x00007fc332140000)

Polling page: 0x00007fc3574d8000

Metaspace:

Usage:
  Non-class:     39,95 MB capacity,    39,18 MB ( 98%) used,   634,28 KB (  2%) free+waste,   157,75 KB ( <1%) overhead. 
      Class:      6,29 MB capacity,     5,80 MB ( 92%) used,   427,62 KB (  7%) free+waste,    75,25 KB (  1%) overhead. 
       Both:     46,24 MB capacity,    44,98 MB ( 97%) used,     1,04 MB (  2%) free+waste,   233,00 KB ( <1%) overhead. 

Virtual space:
  Non-class space:       40,00 MB reserved,      40,00 MB (>99%) committed 
      Class space:        1,00 GB reserved,       6,38 MB ( <1%) committed 
             Both:        1,04 GB reserved,      46,37 MB (  4%) committed 

Chunk freelists:
   Non-Class:  32,00 KB
       Class:  0 bytes
        Both:  32,00 KB

MaxMetaspaceSize: unlimited
CompressedClassSpaceSize: 1,00 GB

CodeHeap 'non-profiled nmethods': size=120032Kb used=2741Kb max_used=2741Kb free=117290Kb
 bounds [0x00007fc340340000, 0x00007fc3405f0000, 0x00007fc347878000]
CodeHeap 'profiled nmethods': size=120028Kb used=9876Kb max_used=9876Kb free=110151Kb
 bounds [0x00007fc338e09000, 0x00007fc3397b9000, 0x00007fc340340000]
CodeHeap 'non-nmethods': size=5700Kb used=1199Kb max_used=1246Kb free=4500Kb
 bounds [0x00007fc338878000, 0x00007fc338ae8000, 0x00007fc338e09000]
 total_blobs=5233 nmethods=4665 adapters=480
 compilation: enabled
              stopped_count=0, restarted_count=0
 full_count=0

Compilation events (20 events):
Event: 6,414 Thread 0x00007fc350196800 nmethod 4725 0x00007fc3397ad610 code [0x00007fc3397ad7c0, 0x00007fc3397ad900]
Event: 6,414 Thread 0x00007fc350196800 4726       2       org.springframework.core.OrderComparator::getOrder (111 bytes)
Event: 6,415 Thread 0x00007fc350196800 nmethod 4726 0x00007fc3397ad990 code [0x00007fc3397adba0, 0x00007fc3397adf10]
Event: 6,466 Thread 0x00007fc350194800 

Event: 6,466 Thread 0x00007fc350194800 4580       4       java.util.HashSet::add (20 bytes)
Event: 6,468 Thread 0x00007fc350194800 nmethod 4580 0x00007fc3405e3310 code [0x00007fc3405e34c0, 0x00007fc3405e35b8]
Event: 6,468 Thread 0x00007fc350194800 4723       4       sun.nio.fs.NativeBuffer::release (5 bytes)
Event: 6,475 Thread 0x00007fc350194800 nmethod 4723 0x00007fc3405e3710 code [0x00007fc3405e3900, 0x00007fc3405e3d28]
Event: 6,475 Thread 0x00007fc350194800 4719       4       java.util.TreeMap::successor (66 bytes)
Event: 6,477 Thread 0x00007fc350194800 nmethod 4719 0x00007fc3405e4090 code [0x00007fc3405e4220, 0x00007fc3405e42d8]
Event: 6,477 Thread 0x00007fc350194800 4545       4       org.springframework.core.annotation.AnnotationsScanner::getDeclaredAnnotations (166 bytes)
Event: 6,482 Thread 0x00007fc30406d000 nmethod 4702 0x00007fc3405e4410 code [0x00007fc3405e4780, 0x00007fc3405e6ac0]
Event: 6,482 Thread 0x00007fc30406d000 4537       4       java.lang.Class::annotationData (44 bytes)
Event: 6,499 Thread 0x00007fc30406d000 nmethod 4537 0x00007fc3405e8010 code [0x00007fc3405e8240, 0x00007fc3405e8ae0]
Event: 6,499 Thread 0x00007fc30406d000 4587       4       org.springframework.core.annotation.AnnotationFilter::matches (11 bytes)
Event: 6,508 Thread 0x00007fc30406d000 nmethod 4587 0x00007fc3405e9310 code [0x00007fc3405e94c0, 0x00007fc3405e9828]
Event: 6,508 Thread 0x00007fc30406d000 4538       4       java.lang.Class::getDeclaredAnnotations (11 bytes)
Event: 6,524 Thread 0x00007fc30406d000 nmethod 4538 0x00007fc3405e9b10 code [0x00007fc3405e9d20, 0x00007fc3405ea548]
Event: 6,559 Thread 0x00007fc350194800 nmethod 4545 0x00007fc3405eaa10 code [0x00007fc3405ead00, 0x00007fc3405ec600]
Event: 6,650 Thread 0x00007fc304b1e000 


GC Heap History (16 events):
Event: 0,447 GC heap before
{Heap before GC invocations=0 (full 0):
 garbage-first heap   total 129024K, used 25288K [0x0000000085000000, 0x0000000100000000)
  region size 1024K, 24 young (24576K), 0 survivors (0K)
 Metaspace       used 1821K, capacity 5271K, committed 5376K, reserved 1056768K
  class space    used 168K, capacity 483K, committed 512K, reserved 1048576K
}
Event: 0,460 GC heap after
{Heap after GC invocations=1 (full 0):
 garbage-first heap   total 129024K, used 2224K [0x0000000085000000, 0x0000000100000000)
  region size 1024K, 2 young (2048K), 2 survivors (2048K)
 Metaspace       used 1821K, capacity 5271K, committed 5376K, reserved 1056768K
  class space    used 168K, capacity 483K, committed 512K, reserved 1048576K
}
Event: 1,267 GC heap before
{Heap before GC invocations=1 (full 0):
 garbage-first heap   total 129024K, used 74928K [0x0000000085000000, 0x0000000100000000)
  region size 1024K, 74 young (75776K), 2 survivors (2048K)
 Metaspace       used 8259K, capacity 9515K, committed 9728K, reserved 1058816K
  class space    used 1031K, capacity 1232K, committed 1280K, reserved 1048576K
}
Event: 1,275 GC heap after
{Heap after GC invocations=2 (full 0):
 garbage-first heap   total 129024K, used 4790K [0x0000000085000000, 0x0000000100000000)
  region size 1024K, 4 young (4096K), 4 survivors (4096K)
 Metaspace       used 8259K, capacity 9515K, committed 9728K, reserved 1058816K
  class space    used 1031K, capacity 1232K, committed 1280K, reserved 1048576K
}
Event: 1,534 GC heap before
{Heap before GC invocations=2 (full 0):
 garbage-first heap   total 129024K, used 75446K [0x0000000085000000, 0x0000000100000000)
  region size 1024K, 74 young (75776K), 4 survivors (4096K)
 Metaspace       used 14113K, capacity 14828K, committed 15104K, reserved 1062912K
  class space    used 1739K, capacity 1948K, committed 2048K, reserved 1048576K
}
Event: 1,541 GC heap after
{Heap after GC invocations=3 (full 0):
 garbage-first heap   total 129024K, used 5740K [0x0000000085000000, 0x0000000100000000)
  region size 1024K, 5 young (5120K), 5 survivors (5120K)
 Metaspace       used 14113K, capacity 14828K, committed 15104K, reserved 1062912K
  class space    used 1739K, capacity 1948K, committed 2048K, reserved 1048576K
}
Event: 2,159 GC heap before
{Heap before GC invocations=3 (full 0):
 garbage-first heap   total 129024K, used 75372K [0x0000000085000000, 0x0000000100000000)
  region size 1024K, 74 young (75776K), 5 survivors (5120K)
 Metaspace       used 18019K, capacity 18776K, committed 18944K, reserved 1064960K
  class space    used 2206K, capacity 2486K, committed 2560K, reserved 1048576K
}
Event: 2,172 GC heap after
{Heap after GC invocations=4 (full 0):
 garbage-first heap   total 129024K, used 7721K [0x0000000085000000, 0x0000000100000000)
  region size 1024K, 7 young (7168K), 7 survivors (7168K)
 Metaspace       used 18019K, capacity 18776K, committed 18944K, reserved 1064960K
  class space    used 2206K, capacity 2486K, committed 2560K, reserved 1048576K
}
Event: 2,484 GC heap before
{Heap before GC invocations=4 (full 0):
 garbage-first heap   total 129024K, used 35369K [0x0000000085000000, 0x0000000100000000)
  region size 1024K, 35 young (35840K), 7 survivors (7168K)
 Metaspace       used 20486K, capacity 21234K, committed 21248K, reserved 1067008K
  class space    used 2528K, capacity 2812K, committed 2816K, reserved 1048576K
}
Event: 2,497 GC heap after
{Heap after GC invocations=5 (full 0):
 garbage-first heap   total 165888K, used 8263K [0x0000000085000000, 0x0000000100000000)
  region size 1024K, 6 young (6144K), 6 survivors (6144K)
 Metaspace       used 20486K, capacity 21234K, committed 21248K, reserved 1067008K
  class space    used 2528K, capacity 2812K, committed 2816K, reserved 1048576K
}
Event: 3,676 GC heap before
{Heap before GC invocations=6 (full 0):
 garbage-first heap   total 165888K, used 100423K [0x0000000085000000, 0x0000000100000000)
  region size 1024K, 96 young (98304K), 6 survivors (6144K)
 Metaspace       used 29098K, capacity 30142K, committed 30460K, reserved 1075200K
  class space    used 3642K, capacity 4064K, committed 4096K, reserved 1048576K
}
Event: 3,688 GC heap after
{Heap after GC invocations=7 (full 0):
 garbage-first heap   total 165888K, used 12064K [0x0000000085000000, 0x0000000100000000)
  region size 1024K, 10 young (10240K), 10 survivors (10240K)
 Metaspace       used 29098K, capacity 30142K, committed 30460K, reserved 1075200K
  class space    used 3642K, capacity 4064K, committed 4096K, reserved 1048576K
}
Event: 4,356 GC heap before
{Heap before GC invocations=7 (full 0):
 garbage-first heap   total 165888K, used 69408K [0x0000000085000000, 0x0000000100000000)
  region size 1024K, 67 young (68608K), 10 survivors (10240K)
 Metaspace       used 34557K, capacity 35633K, committed 35964K, reserved 1081344K
  class space    used 4458K, capacity 4870K, committed 4992K, reserved 1048576K
}
Event: 4,379 GC heap after
{Heap after GC invocations=8 (full 0):
 garbage-first heap   total 165888K, used 13308K [0x0000000085000000, 0x0000000100000000)
  region size 1024K, 8 young (8192K), 8 survivors (8192K)
 Metaspace       used 34557K, capacity 35633K, committed 35964K, reserved 1081344K
  class space    used 4458K, capacity 4870K, committed 4992K, reserved 1048576K
}
Event: 5,749 GC heap before
{Heap before GC invocations=9 (full 0):
 garbage-first heap   total 165888K, used 104444K [0x0000000085000000, 0x0000000100000000)
  region size 1024K, 97 young (99328K), 8 survivors (8192K)
 Metaspace       used 43691K, capacity 44914K, committed 45308K, reserved 1089536K
  class space    used 5622K, capacity 6080K, committed 6144K, reserved 1048576K
}
Event: 5,770 GC heap after
{Heap after GC invocations=10 (full 0):
 garbage-first heap   total 165888K, used 17210K [0x0000000085000000, 0x0000000100000000)
  region size 1024K, 10 young (10240K), 10 survivors (10240K)
 Metaspace       used 43691K, capacity 44914K, committed 45308K, reserved 1089536K
  class space    used 5622K, capacity 6080K, committed 6144K, reserved 1048576K
}

Deoptimization events (20 events):
Event: 6,325 Thread 0x00007fc350016000 Uncommon trap: trap_request=0xffffffd6 fr.pc=0x00007fc3405dcbd0 relative=0x0000000000000370
Event: 6,325 Thread 0x00007fc350016000 Uncommon trap: reason=array_check action=maybe_recompile pc=0x00007fc3405dcbd0 method=java.util.AbstractCollection.toArray([Ljava/lang/Object;)[Ljava/lang/Object; @ 116 c2
Event: 6,325 Thread 0x00007fc350016000 DEOPT PACKING pc=0x00007fc3405dcbd0 sp=0x00007fc355ca1e40
Event: 6,325 Thread 0x00007fc350016000 DEOPT UNPACKING pc=0x00007fc33889d925 sp=0x00007fc355ca1de0 mode 2
Event: 6,325 Thread 0x00007fc350016000 Uncommon trap: trap_request=0xffffffd6 fr.pc=0x00007fc3405dcbd0 relative=0x0000000000000370
Event: 6,325 Thread 0x00007fc350016000 Uncommon trap: reason=array_check action=maybe_recompile pc=0x00007fc3405dcbd0 method=java.util.AbstractCollection.toArray([Ljava/lang/Object;)[Ljava/lang/Object; @ 116 c2
Event: 6,325 Thread 0x00007fc350016000 DEOPT PACKING pc=0x00007fc3405dcbd0 sp=0x00007fc355ca1e40
Event: 6,325 Thread 0x00007fc350016000 DEOPT UNPACKING pc=0x00007fc33889d925 sp=0x00007fc355ca1de0 mode 2
Event: 6,325 Thread 0x00007fc350016000 Uncommon trap: trap_request=0xffffffd6 fr.pc=0x00007fc3405dcbd0 relative=0x0000000000000370
Event: 6,325 Thread 0x00007fc350016000 Uncommon trap: reason=array_check action=maybe_recompile pc=0x00007fc3405dcbd0 method=java.util.AbstractCollection.toArray([Ljava/lang/Object;)[Ljava/lang/Object; @ 116 c2
Event: 6,325 Thread 0x00007fc350016000 DEOPT PACKING pc=0x00007fc3405dcbd0 sp=0x00007fc355ca1e40
Event: 6,325 Thread 0x00007fc350016000 DEOPT UNPACKING pc=0x00007fc33889d925 sp=0x00007fc355ca1de0 mode 2
Event: 6,347 Thread 0x00007fc350016000 Uncommon trap: trap_request=0xffffff4d fr.pc=0x00007fc340527f98 relative=0x0000000000000078
Event: 6,347 Thread 0x00007fc350016000 Uncommon trap: reason=unstable_if action=reinterpret pc=0x00007fc340527f98 method=java.lang.Integer.equals(Ljava/lang/Object;)Z @ 18 c2
Event: 6,347 Thread 0x00007fc350016000 DEOPT PACKING pc=0x00007fc340527f98 sp=0x00007fc355ca2230
Event: 6,347 Thread 0x00007fc350016000 DEOPT UNPACKING pc=0x00007fc33889d925 sp=0x00007fc355ca21e8 mode 2
Event: 6,403 Thread 0x00007fc350016000 Uncommon trap: trap_request=0xffffff4d fr.pc=0x00007fc34049970c relative=0x000000000000006c
Event: 6,403 Thread 0x00007fc350016000 Uncommon trap: reason=unstable_if action=reinterpret pc=0x00007fc34049970c method=org.springframework.util.ConcurrentReferenceHashMap$Segment.clear()V @ 7 c2
Event: 6,403 Thread 0x00007fc350016000 DEOPT PACKING pc=0x00007fc34049970c sp=0x00007fc355ca2940
Event: 6,403 Thread 0x00007fc350016000 DEOPT UNPACKING pc=0x00007fc33889d925 sp=0x00007fc355ca28f0 mode 2

Classes redefined (0 events):
No events

Internal exceptions (20 events):
Event: 5,635 Thread 0x00007fc350016000 Exception <a 'java/lang/ClassNotFoundException'{0x00000000896016d0}: org/springframework/context/ApplicationContextAwareCustomizer> (0x00000000896016d0) thrown at [src/hotspot/share/classfile/systemDictionary.cpp, line 231]
Event: 5,636 Thread 0x00007fc350016000 Exception <a 'java/lang/ClassNotFoundException'{0x00000000896208a0}: org/springframework/beans/factory/AwareCustomizer> (0x00000000896208a0) thrown at [src/hotspot/share/classfile/systemDictionary.cpp, line 231]
Event: 5,636 Thread 0x00007fc350016000 Exception <a 'java/lang/ClassNotFoundException'{0x000000008963fdf8}: org/springframework/web/context/ServletContextAwareCustomizer> (0x000000008963fdf8) thrown at [src/hotspot/share/classfile/systemDictionary.cpp, line 231]
Event: 5,637 Thread 0x00007fc350016000 Exception <a 'java/lang/ClassNotFoundException'{0x000000008965eaa0}: org/springframework/beans/factory/AwareCustomizer> (0x000000008965eaa0) thrown at [src/hotspot/share/classfile/systemDictionary.cpp, line 231]
Event: 5,645 Thread 0x00007fc350016000 Exception <a 'java/io/IOException'{0x000000008968bfb0}> (0x000000008968bfb0) thrown at [src/hotspot/share/prims/jni.cpp, line 615]
Event: 5,645 Thread 0x00007fc350016000 Exception <a 'java/io/IOException'{0x000000008968c810}> (0x000000008968c810) thrown at [src/hotspot/share/prims/jni.cpp, line 615]
Event: 5,894 Thread 0x00007fc350016000 Exception <a 'java/lang/NoSuchMethodError'{0x000000008e7aa3f0}: 'void java.lang.invoke.DirectMethodHandle$Holder.invokeVirtual(java.lang.Object, java.lang.Object, int)'> (0x000000008e7aa3f0) thrown at [src/hotspot/share/interpreter/linkResolver.cpp, line 772]
Event: 5,897 Thread 0x00007fc350016000 Exception <a 'java/lang/NoSuchMethodError'{0x000000008e7c3e68}: 'void java.lang.invoke.DirectMethodHandle$Holder.invokeVirtual(java.lang.Object, java.lang.Object, long)'> (0x000000008e7c3e68) thrown at [src/hotspot/share/interpreter/linkResolver.cpp, line 772]
Event: 5,899 Thread 0x00007fc350016000 Exception <a 'java/io/IOException'{0x000000008e7dd290}> (0x000000008e7dd290) thrown at [src/hotspot/share/prims/jni.cpp, line 615]
Event: 5,899 Thread 0x00007fc350016000 Exception <a 'java/io/IOException'{0x000000008e7ddaf0}> (0x000000008e7ddaf0) thrown at [src/hotspot/share/prims/jni.cpp, line 615]
Event: 6,133 Thread 0x00007fc350016000 Exception <a 'java/lang/IncompatibleClassChangeError'{0x000000008dcbfb28}: Found class java.lang.Object, but interface was expected> (0x000000008dcbfb28) thrown at [src/hotspot/share/interpreter/linkResolver.cpp, line 839]
Event: 6,275 Thread 0x00007fc350016000 Implicit null exception at 0x00007fc34051c695 to 0x00007fc34051e238
Event: 6,368 Thread 0x00007fc350016000 Exception <a 'java/lang/NoSuchMethodError'{0x000000008d3eeb48}: 'java.lang.Object java.lang.invoke.DirectMethodHandle$Holder.invokeSpecial(java.lang.Object, java.lang.Object, int, java.lang.Object, int, java.lang.Object)'> (0x000000008d3eeb48) thrown at [src/hotspot/share/interpreter/linkResolver.cpp, line 772]
Event: 6,369 Thread 0x00007fc350016000 Exception <a 'java/lang/NoSuchMethodError'{0x000000008d3f62d8}: 'java.lang.Object java.lang.invoke.DirectMethodHandle$Holder.invokeStatic(java.lang.Object, java.lang.Object, int, java.lang.Object, int)'> (0x000000008d3f62d8) thrown at [src/hotspot/share/interpreter/linkResolver.cpp, line 772]
Event: 6,369 Thread 0x00007fc350016000 Exception <a 'java/lang/NoSuchMethodError'{0x000000008d3f9ab8}: 'java.lang.Object java.lang.invoke.DirectMethodHandle$Holder.invokeSpecial(java.lang.Object, java.lang.Object, java.lang.Object, int, java.lang.Object, int)'> (0x000000008d3f9ab8) thrown at [src/hotspot/share/interpreter/linkResolver.cpp, line 772]
Event: 6,370 Thread 0x00007fc350016000 Exception <a 'java/lang/NoSuchMethodError'{0x000000008d208ee8}: 'void java.lang.invoke.DirectMethodHandle$Holder.invokeVirtual(java.lang.Object, java.lang.Object)'> (0x000000008d208ee8) thrown at [src/hotspot/share/interpreter/linkResolver.cpp, line 772]
Event: 6,393 Thread 0x00007fc350016000 Exception <a 'java/io/IOException'{0x000000008d0d2f20}> (0x000000008d0d2f20) thrown at [src/hotspot/share/prims/jni.cpp, line 615]
Event: 6,393 Thread 0x00007fc350016000 Exception <a 'java/io/IOException'{0x000000008d0d34d8}> (0x000000008d0d34d8) thrown at [src/hotspot/share/prims/jni.cpp, line 615]
Event: 6,410 Thread 0x00007fc350016000 Exception <a 'java/io/IOException'{0x000000008cc4aae0}> (0x000000008cc4aae0) thrown at [src/hotspot/share/prims/jni.cpp, line 615]
Event: 6,410 Thread 0x00007fc350016000 Exception <a 'java/io/IOException'{0x000000008cc4adf0}> (0x000000008cc4adf0) thrown at [src/hotspot/share/prims/jni.cpp, line 615]

Events (20 events):
Event: 6,406 loading class org/springframework/context/support/LiveBeansViewMBean done
Event: 6,408 loading class org/springframework/util/ConcurrentReferenceHashMap$EntrySet
Event: 6,408 loading class org/springframework/util/ConcurrentReferenceHashMap$EntrySet done
Event: 6,408 loading class org/springframework/util/ConcurrentReferenceHashMap$EntryIterator
Event: 6,408 loading class org/springframework/util/ConcurrentReferenceHashMap$EntryIterator done
Event: 6,410 loading class org/springframework/context/ConfigurableApplicationContext
Event: 6,410 loading class org/springframework/context/ConfigurableApplicationContext done
Event: 6,410 loading class org/springframework/context/ConfigurableApplicationContext
Event: 6,410 loading class org/springframework/context/ConfigurableApplicationContext done
Event: 6,412 loading class org/springframework/boot/ApplicationRunner
Event: 6,412 loading class org/springframework/boot/ApplicationRunner done
Event: 6,412 loading class org/springframework/boot/CommandLineRunner
Event: 6,412 loading class org/springframework/boot/CommandLineRunner done
Event: 6,413 loading class org/springframework/context/ConfigurableApplicationContext
Event: 6,413 loading class org/springframework/context/ConfigurableApplicationContext done
Event: 6,413 loading class org/springframework/context/ConfigurableApplicationContext
Event: 6,413 loading class org/springframework/context/ConfigurableApplicationContext done
Event: 6,414 Thread 0x00007fc350016000 Thread exited: 0x00007fc350016000
Event: 6,414 Protecting memory [0x00007fc355ba4000,0x00007fc355ba8000] with protection modes 0
Event: 6,414 Thread 0x00007fc350016000 Thread added: 0x00007fc350016000


Dynamic libraries:
85000000-8f000000 rw-p 00000000 00:00 0 
8f000000-ffe00000 ---p 00000000 00:00 0 
ffe00000-ffe47000 rw-p 01111000 08:02 8526583                            /usr/lib/jvm/java-11-openjdk-amd64/lib/server/classes.jsa
ffe47000-fff00000 rw-p 00000000 00:00 0 
fff00000-fff6b000 rw-p 010a6000 08:02 8526583                            /usr/lib/jvm/java-11-openjdk-amd64/lib/server/classes.jsa
fff6b000-100000000 rw-p 00000000 00:00 0 
800000000-800002000 rwxp 00001000 08:02 8526583                          /usr/lib/jvm/java-11-openjdk-amd64/lib/server/classes.jsa
800002000-8003b9000 rw-p 00003000 08:02 8526583                          /usr/lib/jvm/java-11-openjdk-amd64/lib/server/classes.jsa
8003b9000-800a96000 r--p 003ba000 08:02 8526583                          /usr/lib/jvm/java-11-openjdk-amd64/lib/server/classes.jsa
800a96000-800a97000 rw-p 00a97000 08:02 8526583                          /usr/lib/jvm/java-11-openjdk-amd64/lib/server/classes.jsa
800a97000-8010a5000 r--p 00a98000 08:02 8526583                          /usr/lib/jvm/java-11-openjdk-amd64/lib/server/classes.jsa
840000000-840660000 rw-p 00000000 00:00 0 
840660000-880000000 ---p 00000000 00:00 0 
558ac2e71000-558ac2e72000 r--p 00000000 08:02 8519956                    /usr/lib/jvm/java-11-openjdk-amd64/bin/java
558ac2e72000-558ac2e73000 r-xp 00001000 08:02 8519956                    /usr/lib/jvm/java-11-openjdk-amd64/bin/java
558ac2e73000-558ac2e74000 r--p 00002000 08:02 8519956                    /usr/lib/jvm/java-11-openjdk-amd64/bin/java
558ac2e74000-558ac2e75000 r--p 00002000 08:02 8519956                    /usr/lib/jvm/java-11-openjdk-amd64/bin/java
558ac2e75000-558ac2e76000 rw-p 00003000 08:02 8519956                    /usr/lib/jvm/java-11-openjdk-amd64/bin/java
558ac3e78000-558ac3ec7000 rw-p 00000000 00:00 0                          [heap]
7fc27c000000-7fc27c021000 rw-p 00000000 00:00 0 
7fc27c021000-7fc280000000 ---p 00000000 00:00 0 
7fc280000000-7fc280021000 rw-p 00000000 00:00 0 
7fc280021000-7fc284000000 ---p 00000000 00:00 0 
7fc284000000-7fc284021000 rw-p 00000000 00:00 0 
7fc284021000-7fc288000000 ---p 00000000 00:00 0 
7fc288000000-7fc288021000 rw-p 00000000 00:00 0 
7fc288021000-7fc28c000000 ---p 00000000 00:00 0 
7fc28c000000-7fc28c021000 rw-p 00000000 00:00 0 
7fc28c021000-7fc290000000 ---p 00000000 00:00 0 
7fc290000000-7fc290021000 rw-p 00000000 00:00 0 
7fc290021000-7fc294000000 ---p 00000000 00:00 0 
7fc294000000-7fc294021000 rw-p 00000000 00:00 0 
7fc294021000-7fc298000000 ---p 00000000 00:00 0 
7fc298000000-7fc298021000 rw-p 00000000 00:00 0 
7fc298021000-7fc29c000000 ---p 00000000 00:00 0 
7fc29c000000-7fc29c021000 rw-p 00000000 00:00 0 
7fc29c021000-7fc2a0000000 ---p 00000000 00:00 0 
7fc2a0000000-7fc2a0021000 rw-p 00000000 00:00 0 
7fc2a0021000-7fc2a4000000 ---p 00000000 00:00 0 
7fc2a4000000-7fc2a4021000 rw-p 00000000 00:00 0 
7fc2a4021000-7fc2a8000000 ---p 00000000 00:00 0 
7fc2a8000000-7fc2a8021000 rw-p 00000000 00:00 0 
7fc2a8021000-7fc2ac000000 ---p 00000000 00:00 0 
7fc2ac000000-7fc2ac021000 rw-p 00000000 00:00 0 
7fc2ac021000-7fc2b0000000 ---p 00000000 00:00 0 
7fc2b0000000-7fc2b0021000 rw-p 00000000 00:00 0 
7fc2b0021000-7fc2b4000000 ---p 00000000 00:00 0 
7fc2b4000000-7fc2b4021000 rw-p 00000000 00:00 0 
7fc2b4021000-7fc2b8000000 ---p 00000000 00:00 0 
7fc2b8000000-7fc2b8021000 rw-p 00000000 00:00 0 
7fc2b8021000-7fc2bc000000 ---p 00000000 00:00 0 
7fc2bc000000-7fc2bc021000 rw-p 00000000 00:00 0 
7fc2bc021000-7fc2c0000000 ---p 00000000 00:00 0 
7fc2c0000000-7fc2c0021000 rw-p 00000000 00:00 0 
7fc2c0021000-7fc2c4000000 ---p 00000000 00:00 0 
7fc2c4000000-7fc2c4021000 rw-p 00000000 00:00 0 
7fc2c4021000-7fc2c8000000 ---p 00000000 00:00 0 
7fc2c8000000-7fc2c8021000 rw-p 00000000 00:00 0 
7fc2c8021000-7fc2cc000000 ---p 00000000 00:00 0 
7fc2cc000000-7fc2cc021000 rw-p 00000000 00:00 0 
7fc2cc021000-7fc2d0000000 ---p 00000000 00:00 0 
7fc2d0000000-7fc2d0021000 rw-p 00000000 00:00 0 
7fc2d0021000-7fc2d4000000 ---p 00000000 00:00 0 
7fc2d4000000-7fc2d4021000 rw-p 00000000 00:00 0 
7fc2d4021000-7fc2d8000000 ---p 00000000 00:00 0 
7fc2d8000000-7fc2d8021000 rw-p 00000000 00:00 0 
7fc2d8021000-7fc2dc000000 ---p 00000000 00:00 0 
7fc2dcbe6000-7fc2dcbea000 ---p 00000000 00:00 0 
7fc2dcbea000-7fc2dcce7000 rw-p 00000000 00:00 0 
7fc2dcce7000-7fc2dcceb000 ---p 00000000 00:00 0 
7fc2dcceb000-7fc2dcde8000 rw-p 00000000 00:00 0 
7fc2dcde8000-7fc2dcdec000 ---p 00000000 00:00 0 
7fc2dcdec000-7fc2dcee9000 rw-p 00000000 00:00 0 
7fc2dcee9000-7fc2dceed000 ---p 00000000 00:00 0 
7fc2dceed000-7fc2dcfea000 rw-p 00000000 00:00 0 
7fc2dcfea000-7fc2dcfee000 ---p 00000000 00:00 0 
7fc2dcfee000-7fc2dd0eb000 rw-p 00000000 00:00 0 
7fc2dd0eb000-7fc2dd0ef000 ---p 00000000 00:00 0 
7fc2dd0ef000-7fc2dd1ec000 rw-p 00000000 00:00 0 
7fc2dd1ec000-7fc2dd1f0000 ---p 00000000 00:00 0 
7fc2dd1f0000-7fc2dd2ed000 rw-p 00000000 00:00 0 
7fc2dd2ed000-7fc2dd2f1000 ---p 00000000 00:00 0 
7fc2dd2f1000-7fc2dd3ee000 rw-p 00000000 00:00 0 
7fc2dd3ee000-7fc2dd3f2000 ---p 00000000 00:00 0 
7fc2dd3f2000-7fc2dd4ef000 rw-p 00000000 00:00 0 
7fc2dd4ef000-7fc2dd4f3000 ---p 00000000 00:00 0 
7fc2dd4f3000-7fc2dd5f0000 rw-p 00000000 00:00 0 
7fc2dd5f0000-7fc2dd5f4000 ---p 00000000 00:00 0 
7fc2dd5f4000-7fc2dd6f1000 rw-p 00000000 00:00 0 
7fc2dd6f1000-7fc2dd6f5000 ---p 00000000 00:00 0 
7fc2dd6f5000-7fc2dd7f2000 rw-p 00000000 00:00 0 
7fc2dd7f2000-7fc2dd7f6000 ---p 00000000 00:00 0 
7fc2dd7f6000-7fc2ddaf3000 rw-p 00000000 00:00 0 
7fc2ddaf3000-7fc2ddcf3000 rw-p 00000000 00:00 0 
7fc2ddcf3000-7fc2ddcf7000 ---p 00000000 00:00 0 
7fc2ddcf7000-7fc2ddff4000 rw-p 00000000 00:00 0 
7fc2ddff4000-7fc2ddff8000 ---p 00000000 00:00 0 
7fc2ddff8000-7fc2de2f5000 rw-p 00000000 00:00 0 
7fc2de2f5000-7fc2de4f5000 rw-p 00000000 00:00 0 
7fc2de4f5000-7fc2de6f5000 rw-p 00000000 00:00 0 
7fc2de6f5000-7fc2de8f5000 rw-p 00000000 00:00 0 
7fc2de8f5000-7fc2de8f6000 ---p 00000000 00:00 0 
7fc2de8f6000-7fc2de9f7000 rw-p 00000000 00:00 0 
7fc2de9f7000-7fc2de9f8000 ---p 00000000 00:00 0 
7fc2de9f8000-7fc2deaf9000 rw-p 00000000 00:00 0 
7fc2deaf9000-7fc2deafa000 ---p 00000000 00:00 0 
7fc2deafa000-7fc2debfb000 rw-p 00000000 00:00 0 
7fc2debfb000-7fc2debfc000 ---p 00000000 00:00 0 
7fc2debfc000-7fc2deefd000 rw-p 00000000 00:00 0 
7fc2deefd000-7fc2def01000 ---p 00000000 00:00 0 
7fc2def01000-7fc2deffe000 rw-p 00000000 00:00 0 
7fc2deffe000-7fc2df002000 ---p 00000000 00:00 0 
7fc2df002000-7fc2df0ff000 rw-p 00000000 00:00 0 
7fc2df0ff000-7fc2df103000 ---p 00000000 00:00 0 
7fc2df103000-7fc2df400000 rw-p 00000000 00:00 0 
7fc2df400000-7fc2df600000 rw-p 00000000 00:00 0 
7fc2df600000-7fc2df7ff000 rw-p 00000000 00:00 0 
7fc2df7ff000-7fc2df800000 ---p 00000000 00:00 0 
7fc2df800000-7fc2dfa00000 rw-p 00000000 00:00 0 
7fc2dfa00000-7fc2dfc00000 rw-p 00000000 00:00 0 
7fc2dfc00000-7fc2dfe00000 rw-p 00000000 00:00 0 
7fc2dfe00000-7fc2e0000000 rw-p 00000000 00:00 0 
7fc2e0000000-7fc2e0021000 rw-p 00000000 00:00 0 
7fc2e0021000-7fc2e4000000 ---p 00000000 00:00 0 
7fc2e4000000-7fc2e44ec000 rw-p 00000000 00:00 0 
7fc2e44ec000-7fc2e8000000 ---p 00000000 00:00 0 
7fc2e8000000-7fc2e9a6c000 rw-p 00000000 00:00 0 
7fc2e9a6c000-7fc2ec000000 ---p 00000000 00:00 0 
7fc2ec000000-7fc2ec021000 rw-p 00000000 00:00 0 
7fc2ec021000-7fc2f0000000 ---p 00000000 00:00 0 
7fc2f0000000-7fc2f0021000 rw-p 00000000 00:00 0 
7fc2f0021000-7fc2f4000000 ---p 00000000 00:00 0 
7fc2f4000000-7fc2f560c000 rw-p 00000000 00:00 0 
7fc2f560c000-7fc2f8000000 ---p 00000000 00:00 0 
7fc2f8000000-7fc2f8021000 rw-p 00000000 00:00 0 
7fc2f8021000-7fc2fc000000 ---p 00000000 00:00 0 
7fc2fc000000-7fc2fc021000 rw-p 00000000 00:00 0 
7fc2fc021000-7fc300000000 ---p 00000000 00:00 0 
7fc300000000-7fc301a1f000 rw-p 00000000 00:00 0 
7fc301a1f000-7fc304000000 ---p 00000000 00:00 0 
7fc304000000-7fc304b72000 rw-p 00000000 00:00 0 
7fc304b72000-7fc308000000 ---p 00000000 00:00 0 
7fc308000000-7fc308021000 rw-p 00000000 00:00 0 
7fc308021000-7fc30c000000 ---p 00000000 00:00 0 
7fc30c000000-7fc30c021000 rw-p 00000000 00:00 0 
7fc30c021000-7fc310000000 ---p 00000000 00:00 0 
7fc310000000-7fc310021000 rw-p 00000000 00:00 0 
7fc310021000-7fc314000000 ---p 00000000 00:00 0 
7fc314000000-7fc314021000 rw-p 00000000 00:00 0 
7fc314021000-7fc318000000 ---p 00000000 00:00 0 
7fc318000000-7fc318021000 rw-p 00000000 00:00 0 
7fc318021000-7fc31c000000 ---p 00000000 00:00 0 
7fc31c000000-7fc31c1b3000 rw-p 00000000 00:00 0 
7fc31c1b3000-7fc320000000 ---p 00000000 00:00 0 
7fc320000000-7fc320021000 rw-p 00000000 00:00 0 
7fc320021000-7fc324000000 ---p 00000000 00:00 0 
7fc324000000-7fc324021000 rw-p 00000000 00:00 0 
7fc324021000-7fc328000000 ---p 00000000 00:00 0 
7fc32807a000-7fc32807b000 ---p 00000000 00:00 0 
7fc32807b000-7fc32817c000 rw-p 00000000 00:00 0 
7fc32817c000-7fc32817d000 ---p 00000000 00:00 0 
7fc32817d000-7fc32827e000 rw-p 00000000 00:00 0 
7fc32827e000-7fc328282000 ---p 00000000 00:00 0 
7fc328282000-7fc32857f000 rw-p 00000000 00:00 0 
7fc32857f000-7fc328580000 ---p 00000000 00:00 0 
7fc328580000-7fc328681000 rw-p 00000000 00:00 0 
7fc328681000-7fc328682000 ---p 00000000 00:00 0 
7fc328682000-7fc328783000 rw-p 00000000 00:00 0 
7fc328783000-7fc328787000 ---p 00000000 00:00 0 
7fc328787000-7fc328884000 rw-p 00000000 00:00 0 
7fc328884000-7fc328888000 ---p 00000000 00:00 0 
7fc328888000-7fc328985000 rw-p 00000000 00:00 0 
7fc328985000-7fc328989000 ---p 00000000 00:00 0 
7fc328989000-7fc328a86000 rw-p 00000000 00:00 0 
7fc328a86000-7fc328a87000 ---p 00000000 00:00 0 
7fc328a87000-7fc328b88000 rw-p 00000000 00:00 0 
7fc328b88000-7fc328b8c000 ---p 00000000 00:00 0 
7fc328b8c000-7fc328c89000 rw-p 00000000 00:00 0 
7fc328c89000-7fc328c8d000 ---p 00000000 00:00 0 
7fc328c8d000-7fc328d8a000 rw-p 00000000 00:00 0 
7fc328d8a000-7fc328d8e000 ---p 00000000 00:00 0 
7fc328d8e000-7fc328e8b000 rw-p 00000000 00:00 0 
7fc328e8b000-7fc328e8f000 ---p 00000000 00:00 0 
7fc328e8f000-7fc328f8c000 rw-p 00000000 00:00 0 
7fc328f8c000-7fc328f90000 ---p 00000000 00:00 0 
7fc328f90000-7fc32908d000 rw-p 00000000 00:00 0 
7fc32908d000-7fc3295fe000 r--p 00000000 08:02 8390692                    /usr/lib/locale/locale-archive
7fc3295fe000-7fc329602000 ---p 00000000 00:00 0 
7fc329602000-7fc3296ff000 rw-p 00000000 00:00 0 
7fc3296ff000-7fc329703000 ---p 00000000 00:00 0 
7fc329703000-7fc32c000000 rw-p 00000000 00:00 0 
7fc32c000000-7fc32c021000 rw-p 00000000 00:00 0 
7fc32c021000-7fc330000000 ---p 00000000 00:00 0 
7fc3300cb000-7fc3300d3000 r--p 00000000 08:02 8520875                    /usr/lib/jvm/java-11-openjdk-amd64/lib/libsunec.so
7fc3300d3000-7fc3300ec000 r-xp 00008000 08:02 8520875                    /usr/lib/jvm/java-11-openjdk-amd64/lib/libsunec.so
7fc3300ec000-7fc3300f6000 r--p 00021000 08:02 8520875                    /usr/lib/jvm/java-11-openjdk-amd64/lib/libsunec.so
7fc3300f6000-7fc3300f7000 ---p 0002b000 08:02 8520875                    /usr/lib/jvm/java-11-openjdk-amd64/lib/libsunec.so
7fc3300f7000-7fc3300fb000 r--p 0002b000 08:02 8520875                    /usr/lib/jvm/java-11-openjdk-amd64/lib/libsunec.so
7fc3300fb000-7fc3300fd000 rw-p 0002f000 08:02 8520875                    /usr/lib/jvm/java-11-openjdk-amd64/lib/libsunec.so
7fc3300fd000-7fc3300fe000 ---p 00000000 00:00 0 
7fc3300fe000-7fc330500000 rw-p 00000000 00:00 0 
7fc330500000-7fc332138000 ---p 00000000 00:00 0 
7fc332138000-7fc3323c0000 rw-p 00000000 00:00 0 
7fc3323c0000-7fc333ff8000 ---p 00000000 00:00 0 
7fc333ff8000-7fc334000000 rw-p 00000000 00:00 0 
7fc334000000-7fc334021000 rw-p 00000000 00:00 0 
7fc334021000-7fc338000000 ---p 00000000 00:00 0 
7fc338013000-7fc33806e000 rw-p 00000000 00:00 0 
7fc33806e000-7fc33806f000 ---p 00000000 00:00 0 
7fc33806f000-7fc338170000 rw-p 00000000 00:00 0 
7fc338170000-7fc338171000 ---p 00000000 00:00 0 
7fc338171000-7fc338878000 rw-p 00000000 00:00 0 
7fc338878000-7fc338ae8000 rwxp 00000000 00:00 0 
7fc338ae8000-7fc338e09000 ---p 00000000 00:00 0 
7fc338e09000-7fc3397b9000 rwxp 00000000 00:00 0 
7fc3397b9000-7fc340340000 ---p 00000000 00:00 0 
7fc340340000-7fc3405f0000 rwxp 00000000 00:00 0 
7fc3405f0000-7fc347878000 ---p 00000000 00:00 0 
7fc347878000-7fc350000000 r--s 00000000 08:02 8520887                    /usr/lib/jvm/java-11-openjdk-amd64/lib/modules
7fc350000000-7fc351878000 rw-p 00000000 00:00 0 
7fc351878000-7fc354000000 ---p 00000000 00:00 0 
7fc354001000-7fc354002000 r--p 00000000 08:02 8520850                    /usr/lib/jvm/java-11-openjdk-amd64/lib/libextnet.so
7fc354002000-7fc354003000 r-xp 00001000 08:02 8520850                    /usr/lib/jvm/java-11-openjdk-amd64/lib/libextnet.so
7fc354003000-7fc354004000 r--p 00002000 08:02 8520850                    /usr/lib/jvm/java-11-openjdk-amd64/lib/libextnet.so
7fc354004000-7fc354005000 r--p 00002000 08:02 8520850                    /usr/lib/jvm/java-11-openjdk-amd64/lib/libextnet.so
7fc354005000-7fc354006000 rw-p 00003000 08:02 8520850                    /usr/lib/jvm/java-11-openjdk-amd64/lib/libextnet.so
7fc354006000-7fc354008000 r--p 00000000 08:02 8520866                    /usr/lib/jvm/java-11-openjdk-amd64/lib/libmanagement_ext.so
7fc354008000-7fc35400b000 r-xp 00002000 08:02 8520866                    /usr/lib/jvm/java-11-openjdk-amd64/lib/libmanagement_ext.so
7fc35400b000-7fc35400c000 r--p 00005000 08:02 8520866                    /usr/lib/jvm/java-11-openjdk-amd64/lib/libmanagement_ext.so
7fc35400c000-7fc35400d000 ---p 00006000 08:02 8520866                    /usr/lib/jvm/java-11-openjdk-amd64/lib/libmanagement_ext.so
7fc35400d000-7fc35400e000 r--p 00006000 08:02 8520866                    /usr/lib/jvm/java-11-openjdk-amd64/lib/libmanagement_ext.so
7fc35400e000-7fc35400f000 rw-p 00007000 08:02 8520866                    /usr/lib/jvm/java-11-openjdk-amd64/lib/libmanagement_ext.so
7fc35400f000-7fc354013000 r--p 00000000 08:02 8520868                    /usr/lib/jvm/java-11-openjdk-amd64/lib/libnet.so
7fc354013000-7fc354022000 r-xp 00004000 08:02 8520868                    /usr/lib/jvm/java-11-openjdk-amd64/lib/libnet.so
7fc354022000-7fc354026000 r--p 00013000 08:02 8520868                    /usr/lib/jvm/java-11-openjdk-amd64/lib/libnet.so
7fc354026000-7fc354027000 r--p 00016000 08:02 8520868                    /usr/lib/jvm/java-11-openjdk-amd64/lib/libnet.so
7fc354027000-7fc354028000 rw-p 00017000 08:02 8520868                    /usr/lib/jvm/java-11-openjdk-amd64/lib/libnet.so
7fc354028000-7fc35402f000 r--p 00000000 08:02 8520869                    /usr/lib/jvm/java-11-openjdk-amd64/lib/libnio.so
7fc35402f000-7fc354037000 r-xp 00007000 08:02 8520869                    /usr/lib/jvm/java-11-openjdk-amd64/lib/libnio.so
7fc354037000-7fc35403a000 r--p 0000f000 08:02 8520869                    /usr/lib/jvm/java-11-openjdk-amd64/lib/libnio.so
7fc35403a000-7fc35403b000 r--p 00011000 08:02 8520869                    /usr/lib/jvm/java-11-openjdk-amd64/lib/libnio.so
7fc35403b000-7fc35403c000 rw-p 00012000 08:02 8520869                    /usr/lib/jvm/java-11-openjdk-amd64/lib/libnio.so
7fc35403c000-7fc35423e000 rw-p 00000000 00:00 0 
7fc35423e000-7fc35423f000 ---p 00000000 00:00 0 
7fc35423f000-7fc354340000 rw-p 00000000 00:00 0 
7fc354340000-7fc354341000 ---p 00000000 00:00 0 
7fc354341000-7fc354511000 rw-p 00000000 00:00 0 
7fc354511000-7fc354898000 ---p 00000000 00:00 0 
7fc354898000-7fc3548e9000 rw-p 00000000 00:00 0 
7fc3548e9000-7fc354c70000 ---p 00000000 00:00 0 
7fc354c70000-7fc354cc1000 rw-p 00000000 00:00 0 
7fc354cc1000-7fc355048000 ---p 00000000 00:00 0 
7fc355048000-7fc355851000 rw-p 00000000 00:00 0 
7fc355851000-7fc355852000 ---p 00000000 00:00 0 
7fc355852000-7fc355959000 rw-p 00000000 00:00 0 
7fc355959000-7fc355a3e000 ---p 00000000 00:00 0 
7fc355a3e000-7fc355a52000 rw-p 00000000 00:00 0 
7fc355a52000-7fc355b29000 ---p 00000000 00:00 0 
7fc355b29000-7fc355b2e000 rw-p 00000000 00:00 0 
7fc355b2e000-7fc355b35000 ---p 00000000 00:00 0 
7fc355b35000-7fc355b38000 r--p 00000000 08:02 8394178                    /usr/lib/x86_64-linux-gnu/libnss_files-2.31.so
7fc355b38000-7fc355b3f000 r-xp 00003000 08:02 8394178                    /usr/lib/x86_64-linux-gnu/libnss_files-2.31.so
7fc355b3f000-7fc355b41000 r--p 0000a000 08:02 8394178                    /usr/lib/x86_64-linux-gnu/libnss_files-2.31.so
7fc355b41000-7fc355b42000 r--p 0000b000 08:02 8394178                    /usr/lib/x86_64-linux-gnu/libnss_files-2.31.so
7fc355b42000-7fc355b43000 rw-p 0000c000 08:02 8394178                    /usr/lib/x86_64-linux-gnu/libnss_files-2.31.so
7fc355b43000-7fc355b49000 rw-p 00000000 00:00 0 
7fc355b49000-7fc355b4c000 r--p 00000000 08:02 8520864                    /usr/lib/jvm/java-11-openjdk-amd64/lib/libmanagement.so
7fc355b4c000-7fc355b4d000 r-xp 00003000 08:02 8520864                    /usr/lib/jvm/java-11-openjdk-amd64/lib/libmanagement.so
7fc355b4d000-7fc355b4e000 r--p 00004000 08:02 8520864                    /usr/lib/jvm/java-11-openjdk-amd64/lib/libmanagement.so
7fc355b4e000-7fc355b4f000 r--p 00004000 08:02 8520864                    /usr/lib/jvm/java-11-openjdk-amd64/lib/libmanagement.so
7fc355b4f000-7fc355b50000 rw-p 00005000 08:02 8520864                    /usr/lib/jvm/java-11-openjdk-amd64/lib/libmanagement.so
7fc355b50000-7fc355b52000 r--p 00000000 08:02 8520885                    /usr/lib/jvm/java-11-openjdk-amd64/lib/libzip.so
7fc355b52000-7fc355b56000 r-xp 00002000 08:02 8520885                    /usr/lib/jvm/java-11-openjdk-amd64/lib/libzip.so
7fc355b56000-7fc355b58000 r--p 00006000 08:02 8520885                    /usr/lib/jvm/java-11-openjdk-amd64/lib/libzip.so
7fc355b58000-7fc355b59000 r--p 00007000 08:02 8520885                    /usr/lib/jvm/java-11-openjdk-amd64/lib/libzip.so
7fc355b59000-7fc355b5a000 rw-p 00008000 08:02 8520885                    /usr/lib/jvm/java-11-openjdk-amd64/lib/libzip.so
7fc355b5a000-7fc355b62000 rw-s 00000000 08:02 9961981                    /tmp/hsperfdata_jadson/83525
7fc355b62000-7fc355b64000 r--p 00000000 08:02 8520860                    /usr/lib/jvm/java-11-openjdk-amd64/lib/libjimage.so
7fc355b64000-7fc355b67000 r-xp 00002000 08:02 8520860                    /usr/lib/jvm/java-11-openjdk-amd64/lib/libjimage.so
7fc355b67000-7fc355b68000 r--p 00005000 08:02 8520860                    /usr/lib/jvm/java-11-openjdk-amd64/lib/libjimage.so
7fc355b68000-7fc355b69000 ---p 00006000 08:02 8520860                    /usr/lib/jvm/java-11-openjdk-amd64/lib/libjimage.so
7fc355b69000-7fc355b6a000 r--p 00006000 08:02 8520860                    /usr/lib/jvm/java-11-openjdk-amd64/lib/libjimage.so
7fc355b6a000-7fc355b6b000 rw-p 00007000 08:02 8520860                    /usr/lib/jvm/java-11-openjdk-amd64/lib/libjimage.so
7fc355b6b000-7fc355b79000 r--p 00000000 08:02 8520857                    /usr/lib/jvm/java-11-openjdk-amd64/lib/libjava.so
7fc355b79000-7fc355b8f000 r-xp 0000e000 08:02 8520857                    /usr/lib/jvm/java-11-openjdk-amd64/lib/libjava.so
7fc355b8f000-7fc355b96000 r--p 00024000 08:02 8520857                    /usr/lib/jvm/java-11-openjdk-amd64/lib/libjava.so
7fc355b96000-7fc355b97000 r--p 0002a000 08:02 8520857                    /usr/lib/jvm/java-11-openjdk-amd64/lib/libjava.so
7fc355b97000-7fc355b98000 rw-p 0002b000 08:02 8520857                    /usr/lib/jvm/java-11-openjdk-amd64/lib/libjava.so
7fc355b98000-7fc355b99000 rw-p 00000000 00:00 0 
7fc355b99000-7fc355b9c000 r--p 00000000 08:02 8394208                    /usr/lib/x86_64-linux-gnu/librt-2.31.so
7fc355b9c000-7fc355ba0000 r-xp 00003000 08:02 8394208                    /usr/lib/x86_64-linux-gnu/librt-2.31.so
7fc355ba0000-7fc355ba1000 r--p 00007000 08:02 8394208                    /usr/lib/x86_64-linux-gnu/librt-2.31.so
7fc355ba1000-7fc355ba2000 ---p 00008000 08:02 8394208                    /usr/lib/x86_64-linux-gnu/librt-2.31.so
7fc355ba2000-7fc355ba3000 r--p 00008000 08:02 8394208                    /usr/lib/x86_64-linux-gnu/librt-2.31.so
7fc355ba3000-7fc355ba4000 rw-p 00009000 08:02 8394208                    /usr/lib/x86_64-linux-gnu/librt-2.31.so
7fc355ba4000-7fc355ba8000 ---p 00000000 00:00 0 
7fc355ba8000-7fc355ca5000 rw-p 00000000 00:00 0 
7fc355ca5000-7fc355ca8000 r--p 00000000 08:02 8394940                    /usr/lib/x86_64-linux-gnu/libgcc_s.so.1
7fc355ca8000-7fc355cba000 r-xp 00003000 08:02 8394940                    /usr/lib/x86_64-linux-gnu/libgcc_s.so.1
7fc355cba000-7fc355cbe000 r--p 00015000 08:02 8394940                    /usr/lib/x86_64-linux-gnu/libgcc_s.so.1
7fc355cbe000-7fc355cbf000 r--p 00018000 08:02 8394940                    /usr/lib/x86_64-linux-gnu/libgcc_s.so.1
7fc355cbf000-7fc355cc0000 rw-p 00019000 08:02 8394940                    /usr/lib/x86_64-linux-gnu/libgcc_s.so.1
7fc355cc0000-7fc355ccf000 r--p 00000000 08:02 8393823                    /usr/lib/x86_64-linux-gnu/libm-2.31.so
7fc355ccf000-7fc355d76000 r-xp 0000f000 08:02 8393823                    /usr/lib/x86_64-linux-gnu/libm-2.31.so
7fc355d76000-7fc355e0d000 r--p 000b6000 08:02 8393823                    /usr/lib/x86_64-linux-gnu/libm-2.31.so
7fc355e0d000-7fc355e0e000 r--p 0014c000 08:02 8393823                    /usr/lib/x86_64-linux-gnu/libm-2.31.so
7fc355e0e000-7fc355e0f000 rw-p 0014d000 08:02 8393823                    /usr/lib/x86_64-linux-gnu/libm-2.31.so
7fc355e0f000-7fc355ea5000 r--p 00000000 08:02 8389090                    /usr/lib/x86_64-linux-gnu/libstdc++.so.6.0.28
7fc355ea5000-7fc355f96000 r-xp 00096000 08:02 8389090                    /usr/lib/x86_64-linux-gnu/libstdc++.so.6.0.28
7fc355f96000-7fc355fdf000 r--p 00187000 08:02 8389090                    /usr/lib/x86_64-linux-gnu/libstdc++.so.6.0.28
7fc355fdf000-7fc355fe0000 ---p 001d0000 08:02 8389090                    /usr/lib/x86_64-linux-gnu/libstdc++.so.6.0.28
7fc355fe0000-7fc355feb000 r--p 001d0000 08:02 8389090                    /usr/lib/x86_64-linux-gnu/libstdc++.so.6.0.28
7fc355feb000-7fc355fee000 rw-p 001db000 08:02 8389090                    /usr/lib/x86_64-linux-gnu/libstdc++.so.6.0.28
7fc355fee000-7fc355ff1000 rw-p 00000000 00:00 0 
7fc355ff1000-7fc35626b000 r--p 00000000 08:02 8520897                    /usr/lib/jvm/java-11-openjdk-amd64/lib/server/libjvm.so
7fc35626b000-7fc356ef0000 r-xp 0027a000 08:02 8520897                    /usr/lib/jvm/java-11-openjdk-amd64/lib/server/libjvm.so
7fc356ef0000-7fc357147000 r--p 00eff000 08:02 8520897                    /usr/lib/jvm/java-11-openjdk-amd64/lib/server/libjvm.so
7fc357147000-7fc357208000 r--p 01155000 08:02 8520897                    /usr/lib/jvm/java-11-openjdk-amd64/lib/server/libjvm.so
7fc357208000-7fc357243000 rw-p 01216000 08:02 8520897                    /usr/lib/jvm/java-11-openjdk-amd64/lib/server/libjvm.so
7fc357243000-7fc35729c000 rw-p 00000000 00:00 0 
7fc35729c000-7fc3572a3000 r--p 00000000 08:02 8394197                    /usr/lib/x86_64-linux-gnu/libpthread-2.31.so
7fc3572a3000-7fc3572b4000 r-xp 00007000 08:02 8394197                    /usr/lib/x86_64-linux-gnu/libpthread-2.31.so
7fc3572b4000-7fc3572b9000 r--p 00018000 08:02 8394197                    /usr/lib/x86_64-linux-gnu/libpthread-2.31.so
7fc3572b9000-7fc3572ba000 r--p 0001c000 08:02 8394197                    /usr/lib/x86_64-linux-gnu/libpthread-2.31.so
7fc3572ba000-7fc3572bb000 rw-p 0001d000 08:02 8394197                    /usr/lib/x86_64-linux-gnu/libpthread-2.31.so
7fc3572bb000-7fc3572bf000 rw-p 00000000 00:00 0 
7fc3572bf000-7fc3572c0000 r--p 00000000 08:02 8393820                    /usr/lib/x86_64-linux-gnu/libdl-2.31.so
7fc3572c0000-7fc3572c2000 r-xp 00001000 08:02 8393820                    /usr/lib/x86_64-linux-gnu/libdl-2.31.so
7fc3572c2000-7fc3572c3000 r--p 00003000 08:02 8393820                    /usr/lib/x86_64-linux-gnu/libdl-2.31.so
7fc3572c3000-7fc3572c4000 r--p 00003000 08:02 8393820                    /usr/lib/x86_64-linux-gnu/libdl-2.31.so
7fc3572c4000-7fc3572c5000 rw-p 00004000 08:02 8393820                    /usr/lib/x86_64-linux-gnu/libdl-2.31.so
7fc3572c5000-7fc3572c7000 r--p 00000000 08:02 8391100                    /usr/lib/x86_64-linux-gnu/libz.so.1.2.11
7fc3572c7000-7fc3572d8000 r-xp 00002000 08:02 8391100                    /usr/lib/x86_64-linux-gnu/libz.so.1.2.11
7fc3572d8000-7fc3572de000 r--p 00013000 08:02 8391100                    /usr/lib/x86_64-linux-gnu/libz.so.1.2.11
7fc3572de000-7fc3572df000 ---p 00019000 08:02 8391100                    /usr/lib/x86_64-linux-gnu/libz.so.1.2.11
7fc3572df000-7fc3572e0000 r--p 00019000 08:02 8391100                    /usr/lib/x86_64-linux-gnu/libz.so.1.2.11
7fc3572e0000-7fc3572e1000 rw-p 0001a000 08:02 8391100                    /usr/lib/x86_64-linux-gnu/libz.so.1.2.11
7fc3572e1000-7fc357306000 r--p 00000000 08:02 8393814                    /usr/lib/x86_64-linux-gnu/libc-2.31.so
7fc357306000-7fc35747e000 r-xp 00025000 08:02 8393814                    /usr/lib/x86_64-linux-gnu/libc-2.31.so
7fc35747e000-7fc3574c8000 r--p 0019d000 08:02 8393814                    /usr/lib/x86_64-linux-gnu/libc-2.31.so
7fc3574c8000-7fc3574c9000 ---p 001e7000 08:02 8393814                    /usr/lib/x86_64-linux-gnu/libc-2.31.so
7fc3574c9000-7fc3574cc000 r--p 001e7000 08:02 8393814                    /usr/lib/x86_64-linux-gnu/libc-2.31.so
7fc3574cc000-7fc3574cf000 rw-p 001ea000 08:02 8393814                    /usr/lib/x86_64-linux-gnu/libc-2.31.so
7fc3574cf000-7fc3574d3000 rw-p 00000000 00:00 0 
7fc3574d6000-7fc3574d8000 r--s 0000c000 08:02 9189263                    /usr/share/java/java-atk-wrapper.jar
7fc3574d8000-7fc3574d9000 ---p 00000000 00:00 0 
7fc3574d9000-7fc3574da000 r--p 00000000 00:00 0 
7fc3574da000-7fc3574df000 r--p 00000000 08:02 8520879                    /usr/lib/jvm/java-11-openjdk-amd64/lib/libverify.so
7fc3574df000-7fc3574e6000 r-xp 00005000 08:02 8520879                    /usr/lib/jvm/java-11-openjdk-amd64/lib/libverify.so
7fc3574e6000-7fc3574e8000 r--p 0000c000 08:02 8520879                    /usr/lib/jvm/java-11-openjdk-amd64/lib/libverify.so
7fc3574e8000-7fc3574e9000 ---p 0000e000 08:02 8520879                    /usr/lib/jvm/java-11-openjdk-amd64/lib/libverify.so
7fc3574e9000-7fc3574eb000 r--p 0000e000 08:02 8520879                    /usr/lib/jvm/java-11-openjdk-amd64/lib/libverify.so
7fc3574eb000-7fc3574ec000 rw-p 00010000 08:02 8520879                    /usr/lib/jvm/java-11-openjdk-amd64/lib/libverify.so
7fc3574ec000-7fc3574ef000 r--p 00000000 08:02 8520842                    /usr/lib/jvm/java-11-openjdk-amd64/lib/jli/libjli.so
7fc3574ef000-7fc3574f9000 r-xp 00003000 08:02 8520842                    /usr/lib/jvm/java-11-openjdk-amd64/lib/jli/libjli.so
7fc3574f9000-7fc3574fc000 r--p 0000d000 08:02 8520842                    /usr/lib/jvm/java-11-openjdk-amd64/lib/jli/libjli.so
7fc3574fc000-7fc3574fd000 ---p 00010000 08:02 8520842                    /usr/lib/jvm/java-11-openjdk-amd64/lib/jli/libjli.so
7fc3574fd000-7fc3574fe000 r--p 00010000 08:02 8520842                    /usr/lib/jvm/java-11-openjdk-amd64/lib/jli/libjli.so
7fc3574fe000-7fc3574ff000 rw-p 00011000 08:02 8520842                    /usr/lib/jvm/java-11-openjdk-amd64/lib/jli/libjli.so
7fc3574ff000-7fc357501000 rw-p 00000000 00:00 0 
7fc357501000-7fc357502000 r--p 00000000 08:02 8390785                    /usr/lib/x86_64-linux-gnu/ld-2.31.so
7fc357502000-7fc357525000 r-xp 00001000 08:02 8390785                    /usr/lib/x86_64-linux-gnu/ld-2.31.so
7fc357525000-7fc35752d000 r--p 00024000 08:02 8390785                    /usr/lib/x86_64-linux-gnu/ld-2.31.so
7fc35752e000-7fc35752f000 r--p 0002c000 08:02 8390785                    /usr/lib/x86_64-linux-gnu/ld-2.31.so
7fc35752f000-7fc357530000 rw-p 0002d000 08:02 8390785                    /usr/lib/x86_64-linux-gnu/ld-2.31.so
7fc357530000-7fc357531000 rw-p 00000000 00:00 0 
7ffc6c844000-7ffc6c866000 rw-p 00000000 00:00 0                          [stack]
7ffc6c977000-7ffc6c97b000 r--p 00000000 00:00 0                          [vvar]
7ffc6c97b000-7ffc6c97d000 r-xp 00000000 00:00 0                          [vdso]
ffffffffff600000-ffffffffff601000 --xp 00000000 00:00 0                  [vsyscall]


VM Arguments:
java_command: ./target/demo-0.0.1-SNAPSHOT.jar
java_class_path (initial): ./target/demo-0.0.1-SNAPSHOT.jar
Launcher Type: SUN_STANDARD

[Global flags]
     intx CICompilerCount                          = 4                                         {product} {ergonomic}
     uint ConcGCThreads                            = 2                                         {product} {ergonomic}
     uint G1ConcRefinementThreads                  = 8                                         {product} {ergonomic}
   size_t G1HeapRegionSize                         = 1048576                                   {product} {ergonomic}
    uintx GCDrainStackTargetSize                   = 64                                        {product} {ergonomic}
   size_t InitialHeapSize                          = 130023424                                 {product} {ergonomic}
   size_t MarkStackSize                            = 4194304                                   {product} {ergonomic}
   size_t MaxHeapSize                              = 2063597568                                {product} {ergonomic}
   size_t MaxNewSize                               = 1237319680                                {product} {ergonomic}
   size_t MinHeapDeltaBytes                        = 1048576                                   {product} {ergonomic}
    uintx NonNMethodCodeHeapSize                   = 5836300                                {pd product} {ergonomic}
    uintx NonProfiledCodeHeapSize                  = 122910970                              {pd product} {ergonomic}
    uintx ProfiledCodeHeapSize                     = 122910970                              {pd product} {ergonomic}
    uintx ReservedCodeCacheSize                    = 251658240                              {pd product} {ergonomic}
     bool SegmentedCodeCache                       = true                                      {product} {ergonomic}
     bool UseCompressedClassPointers               = true                                 {lp64_product} {ergonomic}
     bool UseCompressedOops                        = true                                 {lp64_product} {ergonomic}
     bool UseG1GC                                  = true                                      {product} {ergonomic}

Logging:
Log output configuration:
 #0: stdout all=warning uptime,level,tags
 #1: stderr all=off uptime,level,tags

Environment Variables:
PATH=/home/jadson/Projects/repositories/demo/node_modules/.bin:/home/jadson/.deno/bin:/home/jadson/.zinit/polaris/sbin:/home/jadson/.zinit/polaris/bin:/home/jadson/.nvm/versions/node/v15.8.0/bin:/home/jadson/.local/bin:/usr/local/sbin:/usr/local/bin:/usr/sbin:/usr/bin:/sbin:/bin:/usr/games:/usr/local/games:/snap/bin:/home/jadson/.yarn/bin
USERNAME=jadson
SHELL=/usr/bin/zsh
DISPLAY=:0
LANG=en_US.UTF-8
LC_CTYPE=pt_BR.UTF-8

Signal Handlers:
SIGSEGV: [libjvm.so+0xe8ba00], sa_mask[0]=11111111011111111101111111111110, sa_flags=SA_RESTART|SA_SIGINFO
SIGBUS: [libjvm.so+0xe8ba00], sa_mask[0]=11111111011111111101111111111110, sa_flags=SA_RESTART|SA_SIGINFO
SIGFPE: [libjvm.so+0xe8ba00], sa_mask[0]=11111111011111111101111111111110, sa_flags=SA_RESTART|SA_SIGINFO
SIGPIPE: [libjvm.so+0xbd10f0], sa_mask[0]=11111111011111111101111111111110, sa_flags=SA_RESTART|SA_SIGINFO
SIGXFSZ: [libjvm.so+0xbd10f0], sa_mask[0]=11111111011111111101111111111110, sa_flags=SA_RESTART|SA_SIGINFO
SIGILL: [libjvm.so+0xe8ba00], sa_mask[0]=11111111011111111101111111111110, sa_flags=SA_RESTART|SA_SIGINFO
SIGUSR2: [libjvm.so+0xbd0f90], sa_mask[0]=00000000000000000000000000000000, sa_flags=SA_RESTART|SA_SIGINFO
SIGHUP: [libjvm.so+0xbd1430], sa_mask[0]=11111111011111111101111111111110, sa_flags=SA_RESTART|SA_SIGINFO
SIGINT: [libjvm.so+0xbd1430], sa_mask[0]=11111111011111111101111111111110, sa_flags=SA_RESTART|SA_SIGINFO
SIGTERM: [libjvm.so+0xbd1430], sa_mask[0]=11111111011111111101111111111110, sa_flags=SA_RESTART|SA_SIGINFO
SIGQUIT: [libjvm.so+0xbd1430], sa_mask[0]=11111111011111111101111111111110, sa_flags=SA_RESTART|SA_SIGINFO


---------------  S Y S T E M  ---------------

OS:DISTRIB_ID=Ubuntu
DISTRIB_RELEASE=20.04
DISTRIB_CODENAME=focal
DISTRIB_DESCRIPTION="Ubuntu 20.04.2 LTS"
uname:Linux 5.8.0-63-generic #71~20.04.1-Ubuntu SMP Thu Jul 15 17:46:08 UTC 2021 x86_64
OS uptime: 2 days 0:48 hours
libc:glibc 2.31 NPTL 2.31 
rlimit (soft/hard): STACK 8192k/infinity , CORE 0k/infinity , NPROC 31242/31242 , NOFILE 1048576/1048576 , AS infinity/infinity , CPU infinity/infinity , DATA infinity/infinity , FSIZE infinity/infinity , MEMLOCK 65536k/65536k
load average:16,74 10,70 5,72

/proc/meminfo:
MemTotal:        8058248 kB
MemFree:         1274552 kB
MemAvailable:    3100824 kB
Buffers:          249848 kB
Cached:          2107820 kB
SwapCached:         6628 kB
Active:          4799144 kB
Inactive:        1340252 kB
Active(anon):    3439616 kB
Inactive(anon):   767956 kB
Active(file):    1359528 kB
Inactive(file):   572296 kB
Unevictable:       60148 kB
Mlocked:             112 kB
SwapTotal:       2097148 kB
SwapFree:        1854356 kB
Dirty:              1524 kB
Writeback:             0 kB
AnonPages:       3837800 kB
Mapped:           731764 kB
Shmem:            433648 kB
KReclaimable:     203248 kB
Slab:             426052 kB
SReclaimable:     203248 kB
SUnreclaim:       222804 kB
KernelStack:       21292 kB
PageTables:        42088 kB
NFS_Unstable:          0 kB
Bounce:                0 kB
WritebackTmp:          0 kB
CommitLimit:     6126272 kB
Committed_AS:   13797888 kB
VmallocTotal:   34359738367 kB
VmallocUsed:       44488 kB
VmallocChunk:          0 kB
Percpu:             9888 kB
HardwareCorrupted:     0 kB
AnonHugePages:      2048 kB
ShmemHugePages:        0 kB
ShmemPmdMapped:        0 kB
FileHugePages:         0 kB
FilePmdMapped:         0 kB
HugePages_Total:       0
HugePages_Free:        0
HugePages_Rsvd:        0
HugePages_Surp:        0
Hugepagesize:       2048 kB
Hugetlb:               0 kB
DirectMap4k:      661108 kB
DirectMap2M:     7634944 kB
DirectMap1G:           0 kB

/sys/kernel/mm/transparent_hugepage/enabled:
always [madvise] never
/sys/kernel/mm/transparent_hugepage/defrag (defrag/compaction efforts parameter):
always defer defer+madvise [madvise] never

Process Memory:
Virtual Size: 6661180K (peak: 13454268K)
Resident Set Size: 343840K (peak: 343840K) (anon: 314064K, file: 29776K, shmem: 0K)
Swapped out: 0K
C-Heap outstanding allocations: 74231K

/proc/sys/kernel/threads-max (system-wide limit on the number of threads):
62484
/proc/sys/vm/max_map_count (maximum number of memory map areas a process may have):
65530
/proc/sys/kernel/pid_max (system-wide limit on number of process identifiers):
4194304

container (cgroup) information:
container_type: cgroupv1
cpu_cpuset_cpus: 0-7
cpu_memory_nodes: 0
active_processor_count: 8
cpu_quota: -1
cpu_period: 100000
cpu_shares: -1
memory_limit_in_bytes: -1
memory_and_swap_limit_in_bytes: -1
memory_soft_limit_in_bytes: -1
memory_usage_in_bytes: 5001531392
memory_max_usage_in_bytes: 6611283968

Steal ticks since vm start: 0
Steal ticks percentage since vm start:  0,000

CPU:total 8 (initial active 8) (4 cores per cpu, 2 threads per core) family 6 model 142 stepping 10 microcode 0xea, cmov, cx8, fxsr, mmx, sse, sse2, sse3, ssse3, sse4.1, sse4.2, popcnt, avx, avx2, aes, clmul, erms, 3dnowpref, lzcnt, ht, tsc, tscinvbit, bmi1, bmi2, adx, fma
CPU Model and flags from /proc/cpuinfo:
model name	: Intel(R) Core(TM) i5-8250U CPU @ 1.60GHz
flags		: fpu vme de pse tsc msr pae mce cx8 apic sep mtrr pge mca cmov pat pse36 clflush dts acpi mmx fxsr sse sse2 ss ht tm pbe syscall nx pdpe1gb rdtscp lm constant_tsc art arch_perfmon pebs bts rep_good nopl xtopology nonstop_tsc cpuid aperfmperf pni pclmulqdq dtes64 monitor ds_cpl vmx est tm2 ssse3 sdbg fma cx16 xtpr pdcm pcid sse4_1 sse4_2 x2apic movbe popcnt tsc_deadline_timer aes xsave avx f16c rdrand lahf_lm abm 3dnowprefetch cpuid_fault invpcid_single pti ssbd ibrs ibpb stibp tpr_shadow vnmi flexpriority ept vpid ept_ad fsgsbase tsc_adjust bmi1 avx2 smep bmi2 erms invpcid mpx rdseed adx smap clflushopt intel_pt xsaveopt xsavec xgetbv1 xsaves dtherm ida arat pln pts hwp hwp_notify hwp_act_window hwp_epp md_clear flush_l1d
Online cpus:
0-7
Offline cpus:

BIOS frequency limitation:
<Not Available>
Frequency switch latency (ns):
0
Available cpu frequencies:
<Not Available>
Current governor:
powersave
Core performance/turbo boost:
<Not Available>

Memory: 4k page, physical 8058248k(1273136k free), swap 2097148k(1854356k free)

vm_info: OpenJDK 64-Bit Server VM (11.0.11+9-Ubuntu-0ubuntu2.20.04) for linux-amd64 JRE (11.0.11+9-Ubuntu-0ubuntu2.20.04), built on Apr 21 2021 09:15:32 by "unknown" with gcc 9.3.0

END.
